<?xml version="1.0" encoding="UTF-8"?>
<testsuite name="pageDemo" tests="1" skipped="0" failures="0" errors="0" timestamp="2022-04-26T21:57:30" hostname="DESKTOP-4PA18HQ" time="16.68">
  <properties/>
  <testcase name="Enter data to register" classname="pageDemo" time="16.68"/>
  <system-out><![CDATA[]]></system-out>
  <system-err><![CDATA[[Test worker] WARN net.thucydides.core.steps.BaseStepListener - stepStarted: net.thucydides.core.steps.ExecutedStepDescription@53f1d487
[Test worker] WARN net.thucydides.core.steps.BaseStepListener - stepStarted: net.thucydides.core.steps.ExecutedStepDescription@58508f7
[Test worker] WARN net.thucydides.core.steps.BaseStepListener - stepStarted: net.thucydides.core.steps.ExecutedStepDescription@7a3779f7
abr 26, 2022 4:57:30 PM org.openqa.selenium.remote.DesiredCapabilities chrome
INFORMACIÓN: Using `new ChromeOptions()` is preferred to `DesiredCapabilities.chrome()`
[Test worker] INFO net.serenitybdd.core.webdriver.driverproviders.ProvideNewDriver - Instantiating driver
[Test worker] INFO net.serenitybdd.core.webdriver.driverproviders.ProvideNewDriver - Driver capabilities: Capabilities {acceptInsecureCerts: false, browserName: chrome, chrome.switches: --start-maximized, goog:chromeOptions: {args: [--start-maximized], extensions: []}, loggingPrefs: org.openqa.selenium.logging..., platform: ANY, version: }
Starting ChromeDriver 100.0.4896.60 (6a5d10861ce8de5fce22564658033b43cb7de047-refs/branch-heads/4896@{#875}) on port 49097
Only local connections are allowed.
Please see https://chromedriver.chromium.org/security-considerations for suggestions on keeping ChromeDriver safe.
ChromeDriver was started successfully.
abr 26, 2022 4:57:33 PM org.openqa.selenium.remote.ProtocolHandshake createSession
INFORMACIÓN: Detected dialect: W3C
[Test worker] WARN net.thucydides.core.steps.BaseStepListener - stepFinished: current outcome:Enter data to register:Given tania wants to register in demo automation testing [Tania ruiz sanchez open up [Tania Ruiz Sanchez opens the Demo automation page]]
[Test worker] WARN net.thucydides.core.steps.BaseStepListener - stepFinished: current outcome:Enter data to register:Given tania wants to register in demo automation testing [Tania ruiz sanchez open up [Tania Ruiz Sanchez opens the Demo automation page]]
[Test worker] WARN net.thucydides.core.steps.BaseStepListener - stepStarted: net.thucydides.core.steps.ExecutedStepDescription@19dbae8f
[Test worker] WARN net.thucydides.core.steps.BaseStepListener - stepStarted: net.thucydides.core.steps.ExecutedStepDescription@58fa007f
[Test worker] WARN net.thucydides.core.steps.BaseStepListener - stepFinished: current outcome:Enter data to register:Given tania wants to register in demo automation testing [Tania ruiz sanchez open up [Tania Ruiz Sanchez opens the Demo automation page], Tania ruiz sanchez register [Tania Ruiz Sanchez clicks on where we write the first name]]
[Test worker] WARN net.thucydides.core.steps.BaseStepListener - stepStarted: net.thucydides.core.steps.ExecutedStepDescription@25febd7
[Test worker] WARN net.thucydides.core.steps.BaseStepListener - stepFinished: current outcome:Enter data to register:Given tania wants to register in demo automation testing [Tania ruiz sanchez open up [Tania Ruiz Sanchez opens the Demo automation page], Tania ruiz sanchez register [Tania Ruiz Sanchez clicks on where we write the first name, Tania Ruiz Sanchez enters 'Tania' into where we write the first name]]
[Test worker] WARN net.thucydides.core.steps.BaseStepListener - stepStarted: net.thucydides.core.steps.ExecutedStepDescription@5a67d10c
[Test worker] WARN net.thucydides.core.steps.BaseStepListener - stepFinished: current outcome:Enter data to register:Given tania wants to register in demo automation testing [Tania ruiz sanchez open up [Tania Ruiz Sanchez opens the Demo automation page], Tania ruiz sanchez register [Tania Ruiz Sanchez clicks on where we write the first name, Tania Ruiz Sanchez enters 'Tania' into where we write the first name, Tania Ruiz Sanchez enters 'Ruiz' into Where we write the last name]]
[Test worker] WARN net.thucydides.core.steps.BaseStepListener - stepStarted: net.thucydides.core.steps.ExecutedStepDescription@679039cd
[Test worker] WARN net.thucydides.core.steps.BaseStepListener - stepFinished: current outcome:Enter data to register:Given tania wants to register in demo automation testing [Tania ruiz sanchez open up [Tania Ruiz Sanchez opens the Demo automation page], Tania ruiz sanchez register [Tania Ruiz Sanchez clicks on where we write the first name, Tania Ruiz Sanchez enters 'Tania' into where we write the first name, Tania Ruiz Sanchez enters 'Ruiz' into Where we write the last name, Tania Ruiz Sanchez enters 'Av Japon No 3-55' into Where we write the address]]
[Test worker] WARN net.thucydides.core.steps.BaseStepListener - stepStarted: net.thucydides.core.steps.ExecutedStepDescription@4262fb86
[Test worker] WARN net.thucydides.core.steps.BaseStepListener - stepFinished: current outcome:Enter data to register:Given tania wants to register in demo automation testing [Tania ruiz sanchez open up [Tania Ruiz Sanchez opens the Demo automation page], Tania ruiz sanchez register [Tania Ruiz Sanchez clicks on where we write the first name, Tania Ruiz Sanchez enters 'Tania' into where we write the first name, Tania Ruiz Sanchez enters 'Ruiz' into Where we write the last name, Tania Ruiz Sanchez enters 'Av Japon No 3-55' into Where we write the address, Tania Ruiz Sanchez enters 'tania123@hotmail.com' into Where we write the email]]
[Test worker] WARN net.thucydides.core.steps.BaseStepListener - stepFinished: current outcome:Enter data to register:Given tania wants to register in demo automation testing [Tania ruiz sanchez open up [Tania Ruiz Sanchez opens the Demo automation page], Tania ruiz sanchez register [Tania Ruiz Sanchez clicks on where we write the first name, Tania Ruiz Sanchez enters 'Tania' into where we write the first name, Tania Ruiz Sanchez enters 'Ruiz' into Where we write the last name, Tania Ruiz Sanchez enters 'Av Japon No 3-55' into Where we write the address, Tania Ruiz Sanchez enters 'tania123@hotmail.com' into Where we write the email]]
[Test worker] WARN net.thucydides.core.steps.BaseStepListener - stepFinished: current outcome:Enter data to register:Given tania wants to register in demo automation testing [Tania ruiz sanchez open up [Tania Ruiz Sanchez opens the Demo automation page], Tania ruiz sanchez register [Tania Ruiz Sanchez clicks on where we write the first name, Tania Ruiz Sanchez enters 'Tania' into where we write the first name, Tania Ruiz Sanchez enters 'Ruiz' into Where we write the last name, Tania Ruiz Sanchez enters 'Av Japon No 3-55' into Where we write the address, Tania Ruiz Sanchez enters 'tania123@hotmail.com' into Where we write the email]]
[Test worker] WARN net.thucydides.core.steps.BaseStepListener - stepStarted: net.thucydides.core.steps.ExecutedStepDescription@55942386
[Test worker] WARN net.thucydides.core.steps.BaseStepListener - stepFinished: current outcome:Enter data to register:Given tania wants to register in demo automation testing [Tania ruiz sanchez open up [Tania Ruiz Sanchez opens the Demo automation page], Tania ruiz sanchez register [Tania Ruiz Sanchez clicks on where we write the first name, Tania Ruiz Sanchez enters 'Tania' into where we write the first name, Tania Ruiz Sanchez enters 'Ruiz' into Where we write the last name, Tania Ruiz Sanchez enters 'Av Japon No 3-55' into Where we write the address, Tania Ruiz Sanchez enters 'tania123@hotmail.com' into Where we write the email]], When she enters the data in the form
[Test worker] WARN net.thucydides.core.steps.BaseStepListener - stepStarted: net.thucydides.core.steps.ExecutedStepDescription@21c4605a
[Test worker] WARN net.thucydides.core.steps.BaseStepListener - stepFinished: current outcome:Enter data to register:Given tania wants to register in demo automation testing [Tania ruiz sanchez open up [Tania Ruiz Sanchez opens the Demo automation page], Tania ruiz sanchez register [Tania Ruiz Sanchez clicks on where we write the first name, Tania Ruiz Sanchez enters 'Tania' into where we write the first name, Tania Ruiz Sanchez enters 'Ruiz' into Where we write the last name, Tania Ruiz Sanchez enters 'Av Japon No 3-55' into Where we write the address, Tania Ruiz Sanchez enters 'tania123@hotmail.com' into Where we write the email]], When she enters the data in the form, Then she loads the information in the submit button
[Test worker] WARN net.thucydides.core.steps.BaseStepListener - testFinished: Enter data to register:Given tania wants to register in demo automation testing [Tania ruiz sanchez open up [Tania Ruiz Sanchez opens the Demo automation page], Tania ruiz sanchez register [Tania Ruiz Sanchez clicks on where we write the first name, Tania Ruiz Sanchez enters 'Tania' into where we write the first name, Tania Ruiz Sanchez enters 'Ruiz' into Where we write the last name, Tania Ruiz Sanchez enters 'Av Japon No 3-55' into Where we write the address, Tania Ruiz Sanchez enters 'tania123@hotmail.com' into Where we write the email]], When she enters the data in the form, Then she loads the information in the submit button
[Test worker] WARN net.thucydides.core.steps.BaseStepListener - TestOutcomes: [Enter data to register:Given tania wants to register in demo automation testing [Tania ruiz sanchez open up [Tania Ruiz Sanchez opens the Demo automation page], Tania ruiz sanchez register [Tania Ruiz Sanchez clicks on where we write the first name, Tania Ruiz Sanchez enters 'Tania' into where we write the first name, Tania Ruiz Sanchez enters 'Ruiz' into Where we write the last name, Tania Ruiz Sanchez enters 'Av Japon No 3-55' into Where we write the address, Tania Ruiz Sanchez enters 'tania123@hotmail.com' into Where we write the email]], When she enters the data in the form, Then she loads the information in the submit button]
[Test worker] WARN net.thucydides.core.steps.BaseStepListener - Final testOutcomes: [Enter data to register:Given tania wants to register in demo automation testing [Tania ruiz sanchez open up [Tania Ruiz Sanchez opens the Demo automation page], Tania ruiz sanchez register [Tania Ruiz Sanchez clicks on where we write the first name, Tania Ruiz Sanchez enters 'Tania' into where we write the first name, Tania Ruiz Sanchez enters 'Ruiz' into Where we write the last name, Tania Ruiz Sanchez enters 'Av Japon No 3-55' into Where we write the address, Tania Ruiz Sanchez enters 'tania123@hotmail.com' into Where we write the email]], When she enters the data in the form, Then she loads the information in the submit button]
[Test worker] INFO net.thucydides.core.steps.ConsoleLoggingListener - 
        __    _____ _____ ____ _____   ____   _    ____  ____  _____ ____  
  _     \ \  |_   _| ____/ ___|_   _| |  _ \ / \  / ___|/ ___|| ____|  _ \ 
 (_)_____| |   | | |  _| \___ \ | |   | |_) / _ \ \___ \\___ \|  _| | | | |
  _|_____| |   | | | |___ ___) || |   |  __/ ___ \ ___) |___) | |___| |_| |
 (_)     | |   |_| |_____|____/ |_|   |_| /_/   \_\____/|____/|_____|____/ 
        /_/                                                                

TEST PASSED: Enter data to register
----------------------------------------------------------------------------
]]></system-err>
</testsuite>
