<?xml version="1.0" encoding="UTF-8"?>
<testsuite name="pageDemo" tests="2" skipped="0" failures="0" errors="0" timestamp="2022-04-28T02:38:31" hostname="DESKTOP-4PA18HQ" time="32.763">
  <properties/>
  <testcase name="Enter data to register" classname="pageDemo" time="17.08"/>
  <testcase name="Enter data to register" classname="pageDemo" time="15.676"/>
  <system-out><![CDATA[]]></system-out>
  <system-err><![CDATA[[Test worker] WARN net.thucydides.core.steps.BaseStepListener - stepStarted: net.thucydides.core.steps.ExecutedStepDescription@7b104182
[Test worker] WARN net.thucydides.core.steps.BaseStepListener - stepStarted: net.thucydides.core.steps.ExecutedStepDescription@728e7887
[Test worker] WARN net.thucydides.core.steps.BaseStepListener - stepStarted: net.thucydides.core.steps.ExecutedStepDescription@4f65ffc1
abr 27, 2022 9:38:31 PM org.openqa.selenium.remote.DesiredCapabilities chrome
INFORMACIÓN: Using `new ChromeOptions()` is preferred to `DesiredCapabilities.chrome()`
[Test worker] INFO net.serenitybdd.core.webdriver.driverproviders.ProvideNewDriver - Instantiating driver
[Test worker] INFO net.serenitybdd.core.webdriver.driverproviders.ProvideNewDriver - Driver capabilities: Capabilities {acceptInsecureCerts: false, browserName: chrome, chrome.switches: --start-maximized, goog:chromeOptions: {args: [--start-maximized], extensions: []}, loggingPrefs: org.openqa.selenium.logging..., platform: ANY, version: }
Starting ChromeDriver 100.0.4896.60 (6a5d10861ce8de5fce22564658033b43cb7de047-refs/branch-heads/4896@{#875}) on port 39003
Only local connections are allowed.
Please see https://chromedriver.chromium.org/security-considerations for suggestions on keeping ChromeDriver safe.
ChromeDriver was started successfully.
abr 27, 2022 9:38:34 PM org.openqa.selenium.remote.ProtocolHandshake createSession
INFORMACIÓN: Detected dialect: W3C
[Test worker] WARN net.thucydides.core.steps.BaseStepListener - stepFinished: current outcome:Enter data to register:Example: {firstname=Tania, lastname=Ruiz, address=Av Japon, email=tania@hotmail.com, phone=3103900118, year=1995, month=April, day=10, password1=Tania123*, password2=Tania123*} [Given tania wants to register in demo automation testing [Tania ruiz sanchez open up [Tania Ruiz Sanchez opens the Demo automation page]]]
[Test worker] WARN net.thucydides.core.steps.BaseStepListener - stepFinished: current outcome:Enter data to register:Example: {firstname=Tania, lastname=Ruiz, address=Av Japon, email=tania@hotmail.com, phone=3103900118, year=1995, month=April, day=10, password1=Tania123*, password2=Tania123*} [Given tania wants to register in demo automation testing [Tania ruiz sanchez open up [Tania Ruiz Sanchez opens the Demo automation page]]]
[Test worker] WARN net.thucydides.core.steps.BaseStepListener - stepFinished: current outcome:Enter data to register:Example: {firstname=Tania, lastname=Ruiz, address=Av Japon, email=tania@hotmail.com, phone=3103900118, year=1995, month=April, day=10, password1=Tania123*, password2=Tania123*} [Given tania wants to register in demo automation testing [Tania ruiz sanchez open up [Tania Ruiz Sanchez opens the Demo automation page]]]
[Test worker] WARN net.thucydides.core.steps.BaseStepListener - stepStarted: net.thucydides.core.steps.ExecutedStepDescription@f6af602
[Test worker] WARN net.thucydides.core.steps.BaseStepListener - stepStarted: net.thucydides.core.steps.ExecutedStepDescription@62c1670b
[Test worker] WARN net.thucydides.core.steps.BaseStepListener - stepStarted: net.thucydides.core.steps.ExecutedStepDescription@7110236d
[Test worker] WARN net.thucydides.core.steps.BaseStepListener - stepFinished: current outcome:Enter data to register:Example: {firstname=Tania, lastname=Ruiz, address=Av Japon, email=tania@hotmail.com, phone=3103900118, year=1995, month=April, day=10, password1=Tania123*, password2=Tania123*} [Given tania wants to register in demo automation testing [Tania ruiz sanchez open up [Tania Ruiz Sanchez opens the Demo automation page]], When she enters the data in the form
| firstname | lastname | address | email | phone | year | month | day | password1 | password2 |
| Tania | Ruiz | Av Japon | tania@hotmail.com | 3103900118 | 1995 | April | 10 | Tania123* | Tania123* | [Tania ruiz sanchez register [Tania Ruiz Sanchez clicks on where we write the first name]]]
[Test worker] WARN net.thucydides.core.steps.BaseStepListener - stepStarted: net.thucydides.core.steps.ExecutedStepDescription@cd2514d
[Test worker] WARN net.thucydides.core.steps.BaseStepListener - stepFinished: current outcome:Enter data to register:Example: {firstname=Tania, lastname=Ruiz, address=Av Japon, email=tania@hotmail.com, phone=3103900118, year=1995, month=April, day=10, password1=Tania123*, password2=Tania123*} [Given tania wants to register in demo automation testing [Tania ruiz sanchez open up [Tania Ruiz Sanchez opens the Demo automation page]], When she enters the data in the form
| firstname | lastname | address | email | phone | year | month | day | password1 | password2 |
| Tania | Ruiz | Av Japon | tania@hotmail.com | 3103900118 | 1995 | April | 10 | Tania123* | Tania123* | [Tania ruiz sanchez register [Tania Ruiz Sanchez clicks on where we write the first name, Tania Ruiz Sanchez enters 'Tania' into where we write the first name]]]
[Test worker] WARN net.thucydides.core.steps.BaseStepListener - stepStarted: net.thucydides.core.steps.ExecutedStepDescription@3f48b704
[Test worker] WARN net.thucydides.core.steps.BaseStepListener - stepFinished: current outcome:Enter data to register:Example: {firstname=Tania, lastname=Ruiz, address=Av Japon, email=tania@hotmail.com, phone=3103900118, year=1995, month=April, day=10, password1=Tania123*, password2=Tania123*} [Given tania wants to register in demo automation testing [Tania ruiz sanchez open up [Tania Ruiz Sanchez opens the Demo automation page]], When she enters the data in the form
| firstname | lastname | address | email | phone | year | month | day | password1 | password2 |
| Tania | Ruiz | Av Japon | tania@hotmail.com | 3103900118 | 1995 | April | 10 | Tania123* | Tania123* | [Tania ruiz sanchez register [Tania Ruiz Sanchez clicks on where we write the first name, Tania Ruiz Sanchez enters 'Tania' into where we write the first name, Tania Ruiz Sanchez enters 'Ruiz' into Where we write the last name]]]
[Test worker] WARN net.thucydides.core.steps.BaseStepListener - stepStarted: net.thucydides.core.steps.ExecutedStepDescription@34f3215d
[Test worker] WARN net.thucydides.core.steps.BaseStepListener - stepFinished: current outcome:Enter data to register:Example: {firstname=Tania, lastname=Ruiz, address=Av Japon, email=tania@hotmail.com, phone=3103900118, year=1995, month=April, day=10, password1=Tania123*, password2=Tania123*} [Given tania wants to register in demo automation testing [Tania ruiz sanchez open up [Tania Ruiz Sanchez opens the Demo automation page]], When she enters the data in the form
| firstname | lastname | address | email | phone | year | month | day | password1 | password2 |
| Tania | Ruiz | Av Japon | tania@hotmail.com | 3103900118 | 1995 | April | 10 | Tania123* | Tania123* | [Tania ruiz sanchez register [Tania Ruiz Sanchez clicks on where we write the first name, Tania Ruiz Sanchez enters 'Tania' into where we write the first name, Tania Ruiz Sanchez enters 'Ruiz' into Where we write the last name, Tania Ruiz Sanchez enters 'Av Japon' into Where we write the address]]]
[Test worker] WARN net.thucydides.core.steps.BaseStepListener - stepStarted: net.thucydides.core.steps.ExecutedStepDescription@3b4eefac
[Test worker] WARN net.thucydides.core.steps.BaseStepListener - stepFinished: current outcome:Enter data to register:Example: {firstname=Tania, lastname=Ruiz, address=Av Japon, email=tania@hotmail.com, phone=3103900118, year=1995, month=April, day=10, password1=Tania123*, password2=Tania123*} [Given tania wants to register in demo automation testing [Tania ruiz sanchez open up [Tania Ruiz Sanchez opens the Demo automation page]], When she enters the data in the form
| firstname | lastname | address | email | phone | year | month | day | password1 | password2 |
| Tania | Ruiz | Av Japon | tania@hotmail.com | 3103900118 | 1995 | April | 10 | Tania123* | Tania123* | [Tania ruiz sanchez register [Tania Ruiz Sanchez clicks on where we write the first name, Tania Ruiz Sanchez enters 'Tania' into where we write the first name, Tania Ruiz Sanchez enters 'Ruiz' into Where we write the last name, Tania Ruiz Sanchez enters 'Av Japon' into Where we write the address, Tania Ruiz Sanchez enters 'tania@hotmail.com' into Where we write the email]]]
[Test worker] WARN net.thucydides.core.steps.BaseStepListener - stepStarted: net.thucydides.core.steps.ExecutedStepDescription@242e6de8
[Test worker] WARN net.thucydides.core.steps.BaseStepListener - stepFinished: current outcome:Enter data to register:Example: {firstname=Tania, lastname=Ruiz, address=Av Japon, email=tania@hotmail.com, phone=3103900118, year=1995, month=April, day=10, password1=Tania123*, password2=Tania123*} [Given tania wants to register in demo automation testing [Tania ruiz sanchez open up [Tania Ruiz Sanchez opens the Demo automation page]], When she enters the data in the form
| firstname | lastname | address | email | phone | year | month | day | password1 | password2 |
| Tania | Ruiz | Av Japon | tania@hotmail.com | 3103900118 | 1995 | April | 10 | Tania123* | Tania123* | [Tania ruiz sanchez register [Tania Ruiz Sanchez clicks on where we write the first name, Tania Ruiz Sanchez enters 'Tania' into where we write the first name, Tania Ruiz Sanchez enters 'Ruiz' into Where we write the last name, Tania Ruiz Sanchez enters 'Av Japon' into Where we write the address, Tania Ruiz Sanchez enters 'tania@hotmail.com' into Where we write the email, Tania Ruiz Sanchez enters '3103900118' into Where we write the phone]]]
[Test worker] WARN net.thucydides.core.steps.BaseStepListener - stepStarted: net.thucydides.core.steps.ExecutedStepDescription@2c9a007a
[Test worker] WARN net.thucydides.core.steps.BaseStepListener - stepFinished: current outcome:Enter data to register:Example: {firstname=Tania, lastname=Ruiz, address=Av Japon, email=tania@hotmail.com, phone=3103900118, year=1995, month=April, day=10, password1=Tania123*, password2=Tania123*} [Given tania wants to register in demo automation testing [Tania ruiz sanchez open up [Tania Ruiz Sanchez opens the Demo automation page]], When she enters the data in the form
| firstname | lastname | address | email | phone | year | month | day | password1 | password2 |
| Tania | Ruiz | Av Japon | tania@hotmail.com | 3103900118 | 1995 | April | 10 | Tania123* | Tania123* | [Tania ruiz sanchez register [Tania Ruiz Sanchez clicks on where we write the first name, Tania Ruiz Sanchez enters 'Tania' into where we write the first name, Tania Ruiz Sanchez enters 'Ruiz' into Where we write the last name, Tania Ruiz Sanchez enters 'Av Japon' into Where we write the address, Tania Ruiz Sanchez enters 'tania@hotmail.com' into Where we write the email, Tania Ruiz Sanchez enters '3103900118' into Where we write the phone, Tania Ruiz Sanchez clicks on where you select the gender]]]
[Test worker] WARN net.thucydides.core.steps.BaseStepListener - stepStarted: net.thucydides.core.steps.ExecutedStepDescription@34d444f6
[Test worker] WARN net.thucydides.core.steps.BaseStepListener - stepFinished: current outcome:Enter data to register:Example: {firstname=Tania, lastname=Ruiz, address=Av Japon, email=tania@hotmail.com, phone=3103900118, year=1995, month=April, day=10, password1=Tania123*, password2=Tania123*} [Given tania wants to register in demo automation testing [Tania ruiz sanchez open up [Tania Ruiz Sanchez opens the Demo automation page]], When she enters the data in the form
| firstname | lastname | address | email | phone | year | month | day | password1 | password2 |
| Tania | Ruiz | Av Japon | tania@hotmail.com | 3103900118 | 1995 | April | 10 | Tania123* | Tania123* | [Tania ruiz sanchez register [Tania Ruiz Sanchez clicks on where we write the first name, Tania Ruiz Sanchez enters 'Tania' into where we write the first name, Tania Ruiz Sanchez enters 'Ruiz' into Where we write the last name, Tania Ruiz Sanchez enters 'Av Japon' into Where we write the address, Tania Ruiz Sanchez enters 'tania@hotmail.com' into Where we write the email, Tania Ruiz Sanchez enters '3103900118' into Where we write the phone, Tania Ruiz Sanchez clicks on where you select the gender, Tania Ruiz Sanchez clicks on where you select the hobbies]]]
[Test worker] WARN net.thucydides.core.steps.BaseStepListener - stepStarted: net.thucydides.core.steps.ExecutedStepDescription@37e626fa
[Test worker] WARN net.thucydides.core.steps.BaseStepListener - stepFinished: current outcome:Enter data to register:Example: {firstname=Tania, lastname=Ruiz, address=Av Japon, email=tania@hotmail.com, phone=3103900118, year=1995, month=April, day=10, password1=Tania123*, password2=Tania123*} [Given tania wants to register in demo automation testing [Tania ruiz sanchez open up [Tania Ruiz Sanchez opens the Demo automation page]], When she enters the data in the form
| firstname | lastname | address | email | phone | year | month | day | password1 | password2 |
| Tania | Ruiz | Av Japon | tania@hotmail.com | 3103900118 | 1995 | April | 10 | Tania123* | Tania123* | [Tania ruiz sanchez register [Tania Ruiz Sanchez clicks on where we write the first name, Tania Ruiz Sanchez enters 'Tania' into where we write the first name, Tania Ruiz Sanchez enters 'Ruiz' into Where we write the last name, Tania Ruiz Sanchez enters 'Av Japon' into Where we write the address, Tania Ruiz Sanchez enters 'tania@hotmail.com' into Where we write the email, Tania Ruiz Sanchez enters '3103900118' into Where we write the phone, Tania Ruiz Sanchez clicks on where you select the gender, Tania Ruiz Sanchez clicks on where you select the hobbies, Tania Ruiz Sanchez clicks on where do you click on language]]]
[Test worker] WARN net.thucydides.core.steps.BaseStepListener - stepStarted: net.thucydides.core.steps.ExecutedStepDescription@42e85766
[Test worker] WARN net.thucydides.core.steps.BaseStepListener - stepFinished: current outcome:Enter data to register:Example: {firstname=Tania, lastname=Ruiz, address=Av Japon, email=tania@hotmail.com, phone=3103900118, year=1995, month=April, day=10, password1=Tania123*, password2=Tania123*} [Given tania wants to register in demo automation testing [Tania ruiz sanchez open up [Tania Ruiz Sanchez opens the Demo automation page]], When she enters the data in the form
| firstname | lastname | address | email | phone | year | month | day | password1 | password2 |
| Tania | Ruiz | Av Japon | tania@hotmail.com | 3103900118 | 1995 | April | 10 | Tania123* | Tania123* | [Tania ruiz sanchez register [Tania Ruiz Sanchez clicks on where we write the first name, Tania Ruiz Sanchez enters 'Tania' into where we write the first name, Tania Ruiz Sanchez enters 'Ruiz' into Where we write the last name, Tania Ruiz Sanchez enters 'Av Japon' into Where we write the address, Tania Ruiz Sanchez enters 'tania@hotmail.com' into Where we write the email, Tania Ruiz Sanchez enters '3103900118' into Where we write the phone, Tania Ruiz Sanchez clicks on where you select the gender, Tania Ruiz Sanchez clicks on where you select the hobbies, Tania Ruiz Sanchez clicks on where do you click on language, Tania Ruiz Sanchez clicks on where you select on language]]]
[Test worker] WARN net.thucydides.core.steps.BaseStepListener - stepStarted: net.thucydides.core.steps.ExecutedStepDescription@663cdb09
[Test worker] WARN net.thucydides.core.steps.BaseStepListener - stepFinished: current outcome:Enter data to register:Example: {firstname=Tania, lastname=Ruiz, address=Av Japon, email=tania@hotmail.com, phone=3103900118, year=1995, month=April, day=10, password1=Tania123*, password2=Tania123*} [Given tania wants to register in demo automation testing [Tania ruiz sanchez open up [Tania Ruiz Sanchez opens the Demo automation page]], When she enters the data in the form
| firstname | lastname | address | email | phone | year | month | day | password1 | password2 |
| Tania | Ruiz | Av Japon | tania@hotmail.com | 3103900118 | 1995 | April | 10 | Tania123* | Tania123* | [Tania ruiz sanchez register [Tania Ruiz Sanchez clicks on where we write the first name, Tania Ruiz Sanchez enters 'Tania' into where we write the first name, Tania Ruiz Sanchez enters 'Ruiz' into Where we write the last name, Tania Ruiz Sanchez enters 'Av Japon' into Where we write the address, Tania Ruiz Sanchez enters 'tania@hotmail.com' into Where we write the email, Tania Ruiz Sanchez enters '3103900118' into Where we write the phone, Tania Ruiz Sanchez clicks on where you select the gender, Tania Ruiz Sanchez clicks on where you select the hobbies, Tania Ruiz Sanchez clicks on where do you click on language, Tania Ruiz Sanchez clicks on where you select on language, Tania Ruiz Sanchez clicks on where you select on language]]]
[Test worker] WARN net.thucydides.core.steps.BaseStepListener - stepStarted: net.thucydides.core.steps.ExecutedStepDescription@15f9d1ed
[Test worker] WARN net.thucydides.core.steps.BaseStepListener - stepFinished: current outcome:Enter data to register:Example: {firstname=Tania, lastname=Ruiz, address=Av Japon, email=tania@hotmail.com, phone=3103900118, year=1995, month=April, day=10, password1=Tania123*, password2=Tania123*} [Given tania wants to register in demo automation testing [Tania ruiz sanchez open up [Tania Ruiz Sanchez opens the Demo automation page]], When she enters the data in the form
| firstname | lastname | address | email | phone | year | month | day | password1 | password2 |
| Tania | Ruiz | Av Japon | tania@hotmail.com | 3103900118 | 1995 | April | 10 | Tania123* | Tania123* | [Tania ruiz sanchez register [Tania Ruiz Sanchez clicks on where we write the first name, Tania Ruiz Sanchez enters 'Tania' into where we write the first name, Tania Ruiz Sanchez enters 'Ruiz' into Where we write the last name, Tania Ruiz Sanchez enters 'Av Japon' into Where we write the address, Tania Ruiz Sanchez enters 'tania@hotmail.com' into Where we write the email, Tania Ruiz Sanchez enters '3103900118' into Where we write the phone, Tania Ruiz Sanchez clicks on where you select the gender, Tania Ruiz Sanchez clicks on where you select the hobbies, Tania Ruiz Sanchez clicks on where do you click on language, Tania Ruiz Sanchez clicks on where you select on language, Tania Ruiz Sanchez clicks on where you select on language, Tania Ruiz Sanchez clicks on Click outside]]]
[Test worker] WARN net.thucydides.core.steps.BaseStepListener - stepStarted: net.thucydides.core.steps.ExecutedStepDescription@269e2671
[Test worker] WARN net.thucydides.core.steps.BaseStepListener - stepFinished: current outcome:Enter data to register:Example: {firstname=Tania, lastname=Ruiz, address=Av Japon, email=tania@hotmail.com, phone=3103900118, year=1995, month=April, day=10, password1=Tania123*, password2=Tania123*} [Given tania wants to register in demo automation testing [Tania ruiz sanchez open up [Tania Ruiz Sanchez opens the Demo automation page]], When she enters the data in the form
| firstname | lastname | address | email | phone | year | month | day | password1 | password2 |
| Tania | Ruiz | Av Japon | tania@hotmail.com | 3103900118 | 1995 | April | 10 | Tania123* | Tania123* | [Tania ruiz sanchez register [Tania Ruiz Sanchez clicks on where we write the first name, Tania Ruiz Sanchez enters 'Tania' into where we write the first name, Tania Ruiz Sanchez enters 'Ruiz' into Where we write the last name, Tania Ruiz Sanchez enters 'Av Japon' into Where we write the address, Tania Ruiz Sanchez enters 'tania@hotmail.com' into Where we write the email, Tania Ruiz Sanchez enters '3103900118' into Where we write the phone, Tania Ruiz Sanchez clicks on where you select the gender, Tania Ruiz Sanchez clicks on where you select the hobbies, Tania Ruiz Sanchez clicks on where do you click on language, Tania Ruiz Sanchez clicks on where you select on language, Tania Ruiz Sanchez clicks on where you select on language, Tania Ruiz Sanchez clicks on Click outside, Tania Ruiz Sanchez clicks on where do you click on skills]]]
[Test worker] WARN net.thucydides.core.steps.BaseStepListener - stepStarted: net.thucydides.core.steps.ExecutedStepDescription@62059c98
[Test worker] WARN net.thucydides.core.steps.BaseStepListener - stepFinished: current outcome:Enter data to register:Example: {firstname=Tania, lastname=Ruiz, address=Av Japon, email=tania@hotmail.com, phone=3103900118, year=1995, month=April, day=10, password1=Tania123*, password2=Tania123*} [Given tania wants to register in demo automation testing [Tania ruiz sanchez open up [Tania Ruiz Sanchez opens the Demo automation page]], When she enters the data in the form
| firstname | lastname | address | email | phone | year | month | day | password1 | password2 |
| Tania | Ruiz | Av Japon | tania@hotmail.com | 3103900118 | 1995 | April | 10 | Tania123* | Tania123* | [Tania ruiz sanchez register [Tania Ruiz Sanchez clicks on where we write the first name, Tania Ruiz Sanchez enters 'Tania' into where we write the first name, Tania Ruiz Sanchez enters 'Ruiz' into Where we write the last name, Tania Ruiz Sanchez enters 'Av Japon' into Where we write the address, Tania Ruiz Sanchez enters 'tania@hotmail.com' into Where we write the email, Tania Ruiz Sanchez enters '3103900118' into Where we write the phone, Tania Ruiz Sanchez clicks on where you select the gender, Tania Ruiz Sanchez clicks on where you select the hobbies, Tania Ruiz Sanchez clicks on where do you click on language, Tania Ruiz Sanchez clicks on where you select on language, Tania Ruiz Sanchez clicks on where you select on language, Tania Ruiz Sanchez clicks on Click outside, Tania Ruiz Sanchez clicks on where do you click on skills, Tania Ruiz Sanchez clicks on where you select the skills]]]
[Test worker] WARN net.thucydides.core.steps.BaseStepListener - stepStarted: net.thucydides.core.steps.ExecutedStepDescription@5e0642c9
[Test worker] WARN net.thucydides.core.steps.BaseStepListener - stepFinished: current outcome:Enter data to register:Example: {firstname=Tania, lastname=Ruiz, address=Av Japon, email=tania@hotmail.com, phone=3103900118, year=1995, month=April, day=10, password1=Tania123*, password2=Tania123*} [Given tania wants to register in demo automation testing [Tania ruiz sanchez open up [Tania Ruiz Sanchez opens the Demo automation page]], When she enters the data in the form
| firstname | lastname | address | email | phone | year | month | day | password1 | password2 |
| Tania | Ruiz | Av Japon | tania@hotmail.com | 3103900118 | 1995 | April | 10 | Tania123* | Tania123* | [Tania ruiz sanchez register [Tania Ruiz Sanchez clicks on where we write the first name, Tania Ruiz Sanchez enters 'Tania' into where we write the first name, Tania Ruiz Sanchez enters 'Ruiz' into Where we write the last name, Tania Ruiz Sanchez enters 'Av Japon' into Where we write the address, Tania Ruiz Sanchez enters 'tania@hotmail.com' into Where we write the email, Tania Ruiz Sanchez enters '3103900118' into Where we write the phone, Tania Ruiz Sanchez clicks on where you select the gender, Tania Ruiz Sanchez clicks on where you select the hobbies, Tania Ruiz Sanchez clicks on where do you click on language, Tania Ruiz Sanchez clicks on where you select on language, Tania Ruiz Sanchez clicks on where you select on language, Tania Ruiz Sanchez clicks on Click outside, Tania Ruiz Sanchez clicks on where do you click on skills, Tania Ruiz Sanchez clicks on where you select the skills, Tania Ruiz Sanchez clicks on where do you click on Country]]]
[Test worker] WARN net.thucydides.core.steps.BaseStepListener - stepStarted: net.thucydides.core.steps.ExecutedStepDescription@589b7987
[Test worker] WARN net.thucydides.core.steps.BaseStepListener - stepFinished: current outcome:Enter data to register:Example: {firstname=Tania, lastname=Ruiz, address=Av Japon, email=tania@hotmail.com, phone=3103900118, year=1995, month=April, day=10, password1=Tania123*, password2=Tania123*} [Given tania wants to register in demo automation testing [Tania ruiz sanchez open up [Tania Ruiz Sanchez opens the Demo automation page]], When she enters the data in the form
| firstname | lastname | address | email | phone | year | month | day | password1 | password2 |
| Tania | Ruiz | Av Japon | tania@hotmail.com | 3103900118 | 1995 | April | 10 | Tania123* | Tania123* | [Tania ruiz sanchez register [Tania Ruiz Sanchez clicks on where we write the first name, Tania Ruiz Sanchez enters 'Tania' into where we write the first name, Tania Ruiz Sanchez enters 'Ruiz' into Where we write the last name, Tania Ruiz Sanchez enters 'Av Japon' into Where we write the address, Tania Ruiz Sanchez enters 'tania@hotmail.com' into Where we write the email, Tania Ruiz Sanchez enters '3103900118' into Where we write the phone, Tania Ruiz Sanchez clicks on where you select the gender, Tania Ruiz Sanchez clicks on where you select the hobbies, Tania Ruiz Sanchez clicks on where do you click on language, Tania Ruiz Sanchez clicks on where you select on language, Tania Ruiz Sanchez clicks on where you select on language, Tania Ruiz Sanchez clicks on Click outside, Tania Ruiz Sanchez clicks on where do you click on skills, Tania Ruiz Sanchez clicks on where you select the skills, Tania Ruiz Sanchez clicks on where do you click on Country, Tania Ruiz Sanchez clicks on where you select the Country]]]
[Test worker] WARN net.thucydides.core.steps.BaseStepListener - stepStarted: net.thucydides.core.steps.ExecutedStepDescription@47988c40
[Test worker] WARN net.thucydides.core.steps.BaseStepListener - stepFinished: current outcome:Enter data to register:Example: {firstname=Tania, lastname=Ruiz, address=Av Japon, email=tania@hotmail.com, phone=3103900118, year=1995, month=April, day=10, password1=Tania123*, password2=Tania123*} [Given tania wants to register in demo automation testing [Tania ruiz sanchez open up [Tania Ruiz Sanchez opens the Demo automation page]], When she enters the data in the form
| firstname | lastname | address | email | phone | year | month | day | password1 | password2 |
| Tania | Ruiz | Av Japon | tania@hotmail.com | 3103900118 | 1995 | April | 10 | Tania123* | Tania123* | [Tania ruiz sanchez register [Tania Ruiz Sanchez clicks on where we write the first name, Tania Ruiz Sanchez enters 'Tania' into where we write the first name, Tania Ruiz Sanchez enters 'Ruiz' into Where we write the last name, Tania Ruiz Sanchez enters 'Av Japon' into Where we write the address, Tania Ruiz Sanchez enters 'tania@hotmail.com' into Where we write the email, Tania Ruiz Sanchez enters '3103900118' into Where we write the phone, Tania Ruiz Sanchez clicks on where you select the gender, Tania Ruiz Sanchez clicks on where you select the hobbies, Tania Ruiz Sanchez clicks on where do you click on language, Tania Ruiz Sanchez clicks on where you select on language, Tania Ruiz Sanchez clicks on where you select on language, Tania Ruiz Sanchez clicks on Click outside, Tania Ruiz Sanchez clicks on where do you click on skills, Tania Ruiz Sanchez clicks on where you select the skills, Tania Ruiz Sanchez clicks on where do you click on Country, Tania Ruiz Sanchez clicks on where you select the Country, Tania Ruiz Sanchez clicks on Where we write the Country]]]
[Test worker] WARN net.thucydides.core.steps.BaseStepListener - stepStarted: net.thucydides.core.steps.ExecutedStepDescription@7e1b5d79
[Test worker] WARN net.thucydides.core.steps.BaseStepListener - stepFinished: current outcome:Enter data to register:Example: {firstname=Tania, lastname=Ruiz, address=Av Japon, email=tania@hotmail.com, phone=3103900118, year=1995, month=April, day=10, password1=Tania123*, password2=Tania123*} [Given tania wants to register in demo automation testing [Tania ruiz sanchez open up [Tania Ruiz Sanchez opens the Demo automation page]], When she enters the data in the form
| firstname | lastname | address | email | phone | year | month | day | password1 | password2 |
| Tania | Ruiz | Av Japon | tania@hotmail.com | 3103900118 | 1995 | April | 10 | Tania123* | Tania123* | [Tania ruiz sanchez register [Tania Ruiz Sanchez clicks on where we write the first name, Tania Ruiz Sanchez enters 'Tania' into where we write the first name, Tania Ruiz Sanchez enters 'Ruiz' into Where we write the last name, Tania Ruiz Sanchez enters 'Av Japon' into Where we write the address, Tania Ruiz Sanchez enters 'tania@hotmail.com' into Where we write the email, Tania Ruiz Sanchez enters '3103900118' into Where we write the phone, Tania Ruiz Sanchez clicks on where you select the gender, Tania Ruiz Sanchez clicks on where you select the hobbies, Tania Ruiz Sanchez clicks on where do you click on language, Tania Ruiz Sanchez clicks on where you select on language, Tania Ruiz Sanchez clicks on where you select on language, Tania Ruiz Sanchez clicks on Click outside, Tania Ruiz Sanchez clicks on where do you click on skills, Tania Ruiz Sanchez clicks on where you select the skills, Tania Ruiz Sanchez clicks on where do you click on Country, Tania Ruiz Sanchez clicks on where you select the Country, Tania Ruiz Sanchez clicks on Where we write the Country, Tania Ruiz Sanchez select 1995 on where you select the year]]]
[Test worker] WARN net.thucydides.core.steps.BaseStepListener - stepStarted: net.thucydides.core.steps.ExecutedStepDescription@55bcf50d
[Test worker] WARN net.thucydides.core.steps.BaseStepListener - stepFinished: current outcome:Enter data to register:Example: {firstname=Tania, lastname=Ruiz, address=Av Japon, email=tania@hotmail.com, phone=3103900118, year=1995, month=April, day=10, password1=Tania123*, password2=Tania123*} [Given tania wants to register in demo automation testing [Tania ruiz sanchez open up [Tania Ruiz Sanchez opens the Demo automation page]], When she enters the data in the form
| firstname | lastname | address | email | phone | year | month | day | password1 | password2 |
| Tania | Ruiz | Av Japon | tania@hotmail.com | 3103900118 | 1995 | April | 10 | Tania123* | Tania123* | [Tania ruiz sanchez register [Tania Ruiz Sanchez clicks on where we write the first name, Tania Ruiz Sanchez enters 'Tania' into where we write the first name, Tania Ruiz Sanchez enters 'Ruiz' into Where we write the last name, Tania Ruiz Sanchez enters 'Av Japon' into Where we write the address, Tania Ruiz Sanchez enters 'tania@hotmail.com' into Where we write the email, Tania Ruiz Sanchez enters '3103900118' into Where we write the phone, Tania Ruiz Sanchez clicks on where you select the gender, Tania Ruiz Sanchez clicks on where you select the hobbies, Tania Ruiz Sanchez clicks on where do you click on language, Tania Ruiz Sanchez clicks on where you select on language, Tania Ruiz Sanchez clicks on where you select on language, Tania Ruiz Sanchez clicks on Click outside, Tania Ruiz Sanchez clicks on where do you click on skills, Tania Ruiz Sanchez clicks on where you select the skills, Tania Ruiz Sanchez clicks on where do you click on Country, Tania Ruiz Sanchez clicks on where you select the Country, Tania Ruiz Sanchez clicks on Where we write the Country, Tania Ruiz Sanchez select 1995 on where you select the year, Tania Ruiz Sanchez select April on where you select the month]]]
[Test worker] WARN net.thucydides.core.steps.BaseStepListener - stepStarted: net.thucydides.core.steps.ExecutedStepDescription@39d5ad9d
[Test worker] WARN net.thucydides.core.steps.BaseStepListener - stepFinished: current outcome:Enter data to register:Example: {firstname=Tania, lastname=Ruiz, address=Av Japon, email=tania@hotmail.com, phone=3103900118, year=1995, month=April, day=10, password1=Tania123*, password2=Tania123*} [Given tania wants to register in demo automation testing [Tania ruiz sanchez open up [Tania Ruiz Sanchez opens the Demo automation page]], When she enters the data in the form
| firstname | lastname | address | email | phone | year | month | day | password1 | password2 |
| Tania | Ruiz | Av Japon | tania@hotmail.com | 3103900118 | 1995 | April | 10 | Tania123* | Tania123* | [Tania ruiz sanchez register [Tania Ruiz Sanchez clicks on where we write the first name, Tania Ruiz Sanchez enters 'Tania' into where we write the first name, Tania Ruiz Sanchez enters 'Ruiz' into Where we write the last name, Tania Ruiz Sanchez enters 'Av Japon' into Where we write the address, Tania Ruiz Sanchez enters 'tania@hotmail.com' into Where we write the email, Tania Ruiz Sanchez enters '3103900118' into Where we write the phone, Tania Ruiz Sanchez clicks on where you select the gender, Tania Ruiz Sanchez clicks on where you select the hobbies, Tania Ruiz Sanchez clicks on where do you click on language, Tania Ruiz Sanchez clicks on where you select on language, Tania Ruiz Sanchez clicks on where you select on language, Tania Ruiz Sanchez clicks on Click outside, Tania Ruiz Sanchez clicks on where do you click on skills, Tania Ruiz Sanchez clicks on where you select the skills, Tania Ruiz Sanchez clicks on where do you click on Country, Tania Ruiz Sanchez clicks on where you select the Country, Tania Ruiz Sanchez clicks on Where we write the Country, Tania Ruiz Sanchez select 1995 on where you select the year, Tania Ruiz Sanchez select April on where you select the month, Tania Ruiz Sanchez select 10 on where you select the day]]]
[Test worker] WARN net.thucydides.core.steps.BaseStepListener - stepStarted: net.thucydides.core.steps.ExecutedStepDescription@5feb11ec
[Test worker] WARN net.thucydides.core.steps.BaseStepListener - stepFinished: current outcome:Enter data to register:Example: {firstname=Tania, lastname=Ruiz, address=Av Japon, email=tania@hotmail.com, phone=3103900118, year=1995, month=April, day=10, password1=Tania123*, password2=Tania123*} [Given tania wants to register in demo automation testing [Tania ruiz sanchez open up [Tania Ruiz Sanchez opens the Demo automation page]], When she enters the data in the form
| firstname | lastname | address | email | phone | year | month | day | password1 | password2 |
| Tania | Ruiz | Av Japon | tania@hotmail.com | 3103900118 | 1995 | April | 10 | Tania123* | Tania123* | [Tania ruiz sanchez register [Tania Ruiz Sanchez clicks on where we write the first name, Tania Ruiz Sanchez enters 'Tania' into where we write the first name, Tania Ruiz Sanchez enters 'Ruiz' into Where we write the last name, Tania Ruiz Sanchez enters 'Av Japon' into Where we write the address, Tania Ruiz Sanchez enters 'tania@hotmail.com' into Where we write the email, Tania Ruiz Sanchez enters '3103900118' into Where we write the phone, Tania Ruiz Sanchez clicks on where you select the gender, Tania Ruiz Sanchez clicks on where you select the hobbies, Tania Ruiz Sanchez clicks on where do you click on language, Tania Ruiz Sanchez clicks on where you select on language, Tania Ruiz Sanchez clicks on where you select on language, Tania Ruiz Sanchez clicks on Click outside, Tania Ruiz Sanchez clicks on where do you click on skills, Tania Ruiz Sanchez clicks on where you select the skills, Tania Ruiz Sanchez clicks on where do you click on Country, Tania Ruiz Sanchez clicks on where you select the Country, Tania Ruiz Sanchez clicks on Where we write the Country, Tania Ruiz Sanchez select 1995 on where you select the year, Tania Ruiz Sanchez select April on where you select the month, Tania Ruiz Sanchez select 10 on where you select the day, Tania Ruiz Sanchez enters 'Tania123*' into write password to create]]]
[Test worker] WARN net.thucydides.core.steps.BaseStepListener - stepStarted: net.thucydides.core.steps.ExecutedStepDescription@7d02c995
[Test worker] WARN net.thucydides.core.steps.BaseStepListener - stepFinished: current outcome:Enter data to register:Example: {firstname=Tania, lastname=Ruiz, address=Av Japon, email=tania@hotmail.com, phone=3103900118, year=1995, month=April, day=10, password1=Tania123*, password2=Tania123*} [Given tania wants to register in demo automation testing [Tania ruiz sanchez open up [Tania Ruiz Sanchez opens the Demo automation page]], When she enters the data in the form
| firstname | lastname | address | email | phone | year | month | day | password1 | password2 |
| Tania | Ruiz | Av Japon | tania@hotmail.com | 3103900118 | 1995 | April | 10 | Tania123* | Tania123* | [Tania ruiz sanchez register [Tania Ruiz Sanchez clicks on where we write the first name, Tania Ruiz Sanchez enters 'Tania' into where we write the first name, Tania Ruiz Sanchez enters 'Ruiz' into Where we write the last name, Tania Ruiz Sanchez enters 'Av Japon' into Where we write the address, Tania Ruiz Sanchez enters 'tania@hotmail.com' into Where we write the email, Tania Ruiz Sanchez enters '3103900118' into Where we write the phone, Tania Ruiz Sanchez clicks on where you select the gender, Tania Ruiz Sanchez clicks on where you select the hobbies, Tania Ruiz Sanchez clicks on where do you click on language, Tania Ruiz Sanchez clicks on where you select on language, Tania Ruiz Sanchez clicks on where you select on language, Tania Ruiz Sanchez clicks on Click outside, Tania Ruiz Sanchez clicks on where do you click on skills, Tania Ruiz Sanchez clicks on where you select the skills, Tania Ruiz Sanchez clicks on where do you click on Country, Tania Ruiz Sanchez clicks on where you select the Country, Tania Ruiz Sanchez clicks on Where we write the Country, Tania Ruiz Sanchez select 1995 on where you select the year, Tania Ruiz Sanchez select April on where you select the month, Tania Ruiz Sanchez select 10 on where you select the day, Tania Ruiz Sanchez enters 'Tania123*' into write password to create, Tania Ruiz Sanchez enters 'Tania123*' into write password to confirm]]]
[Test worker] WARN net.thucydides.core.steps.BaseStepListener - stepStarted: net.thucydides.core.steps.ExecutedStepDescription@6145929c
[Test worker] WARN net.thucydides.core.steps.BaseStepListener - stepFinished: current outcome:Enter data to register:Example: {firstname=Tania, lastname=Ruiz, address=Av Japon, email=tania@hotmail.com, phone=3103900118, year=1995, month=April, day=10, password1=Tania123*, password2=Tania123*} [Given tania wants to register in demo automation testing [Tania ruiz sanchez open up [Tania Ruiz Sanchez opens the Demo automation page]], When she enters the data in the form
| firstname | lastname | address | email | phone | year | month | day | password1 | password2 |
| Tania | Ruiz | Av Japon | tania@hotmail.com | 3103900118 | 1995 | April | 10 | Tania123* | Tania123* | [Tania ruiz sanchez register [Tania Ruiz Sanchez clicks on where we write the first name, Tania Ruiz Sanchez enters 'Tania' into where we write the first name, Tania Ruiz Sanchez enters 'Ruiz' into Where we write the last name, Tania Ruiz Sanchez enters 'Av Japon' into Where we write the address, Tania Ruiz Sanchez enters 'tania@hotmail.com' into Where we write the email, Tania Ruiz Sanchez enters '3103900118' into Where we write the phone, Tania Ruiz Sanchez clicks on where you select the gender, Tania Ruiz Sanchez clicks on where you select the hobbies, Tania Ruiz Sanchez clicks on where do you click on language, Tania Ruiz Sanchez clicks on where you select on language, Tania Ruiz Sanchez clicks on where you select on language, Tania Ruiz Sanchez clicks on Click outside, Tania Ruiz Sanchez clicks on where do you click on skills, Tania Ruiz Sanchez clicks on where you select the skills, Tania Ruiz Sanchez clicks on where do you click on Country, Tania Ruiz Sanchez clicks on where you select the Country, Tania Ruiz Sanchez clicks on Where we write the Country, Tania Ruiz Sanchez select 1995 on where you select the year, Tania Ruiz Sanchez select April on where you select the month, Tania Ruiz Sanchez select 10 on where you select the day, Tania Ruiz Sanchez enters 'Tania123*' into write password to create, Tania Ruiz Sanchez enters 'Tania123*' into write password to confirm, Tania Ruiz Sanchez clicks on Select button submit]]]
[Test worker] WARN net.thucydides.core.steps.BaseStepListener - stepFinished: current outcome:Enter data to register:Example: {firstname=Tania, lastname=Ruiz, address=Av Japon, email=tania@hotmail.com, phone=3103900118, year=1995, month=April, day=10, password1=Tania123*, password2=Tania123*} [Given tania wants to register in demo automation testing [Tania ruiz sanchez open up [Tania Ruiz Sanchez opens the Demo automation page]], When she enters the data in the form
| firstname | lastname | address | email | phone | year | month | day | password1 | password2 |
| Tania | Ruiz | Av Japon | tania@hotmail.com | 3103900118 | 1995 | April | 10 | Tania123* | Tania123* | [Tania ruiz sanchez register [Tania Ruiz Sanchez clicks on where we write the first name, Tania Ruiz Sanchez enters 'Tania' into where we write the first name, Tania Ruiz Sanchez enters 'Ruiz' into Where we write the last name, Tania Ruiz Sanchez enters 'Av Japon' into Where we write the address, Tania Ruiz Sanchez enters 'tania@hotmail.com' into Where we write the email, Tania Ruiz Sanchez enters '3103900118' into Where we write the phone, Tania Ruiz Sanchez clicks on where you select the gender, Tania Ruiz Sanchez clicks on where you select the hobbies, Tania Ruiz Sanchez clicks on where do you click on language, Tania Ruiz Sanchez clicks on where you select on language, Tania Ruiz Sanchez clicks on where you select on language, Tania Ruiz Sanchez clicks on Click outside, Tania Ruiz Sanchez clicks on where do you click on skills, Tania Ruiz Sanchez clicks on where you select the skills, Tania Ruiz Sanchez clicks on where do you click on Country, Tania Ruiz Sanchez clicks on where you select the Country, Tania Ruiz Sanchez clicks on Where we write the Country, Tania Ruiz Sanchez select 1995 on where you select the year, Tania Ruiz Sanchez select April on where you select the month, Tania Ruiz Sanchez select 10 on where you select the day, Tania Ruiz Sanchez enters 'Tania123*' into write password to create, Tania Ruiz Sanchez enters 'Tania123*' into write password to confirm, Tania Ruiz Sanchez clicks on Select button submit]]]
[Test worker] WARN net.thucydides.core.steps.BaseStepListener - stepFinished: current outcome:Enter data to register:Example: {firstname=Tania, lastname=Ruiz, address=Av Japon, email=tania@hotmail.com, phone=3103900118, year=1995, month=April, day=10, password1=Tania123*, password2=Tania123*} [Given tania wants to register in demo automation testing [Tania ruiz sanchez open up [Tania Ruiz Sanchez opens the Demo automation page]], When she enters the data in the form
| firstname | lastname | address | email | phone | year | month | day | password1 | password2 |
| Tania | Ruiz | Av Japon | tania@hotmail.com | 3103900118 | 1995 | April | 10 | Tania123* | Tania123* | [Tania ruiz sanchez register [Tania Ruiz Sanchez clicks on where we write the first name, Tania Ruiz Sanchez enters 'Tania' into where we write the first name, Tania Ruiz Sanchez enters 'Ruiz' into Where we write the last name, Tania Ruiz Sanchez enters 'Av Japon' into Where we write the address, Tania Ruiz Sanchez enters 'tania@hotmail.com' into Where we write the email, Tania Ruiz Sanchez enters '3103900118' into Where we write the phone, Tania Ruiz Sanchez clicks on where you select the gender, Tania Ruiz Sanchez clicks on where you select the hobbies, Tania Ruiz Sanchez clicks on where do you click on language, Tania Ruiz Sanchez clicks on where you select on language, Tania Ruiz Sanchez clicks on where you select on language, Tania Ruiz Sanchez clicks on Click outside, Tania Ruiz Sanchez clicks on where do you click on skills, Tania Ruiz Sanchez clicks on where you select the skills, Tania Ruiz Sanchez clicks on where do you click on Country, Tania Ruiz Sanchez clicks on where you select the Country, Tania Ruiz Sanchez clicks on Where we write the Country, Tania Ruiz Sanchez select 1995 on where you select the year, Tania Ruiz Sanchez select April on where you select the month, Tania Ruiz Sanchez select 10 on where you select the day, Tania Ruiz Sanchez enters 'Tania123*' into write password to create, Tania Ruiz Sanchez enters 'Tania123*' into write password to confirm, Tania Ruiz Sanchez clicks on Select button submit]]]
[Test worker] WARN net.thucydides.core.steps.BaseStepListener - stepStarted: net.thucydides.core.steps.ExecutedStepDescription@10233de4
[Test worker] WARN net.thucydides.core.steps.BaseStepListener - stepStarted: net.thucydides.core.steps.ExecutedStepDescription@4f58c314
[Test worker] WARN net.thucydides.core.steps.BaseStepListener - stepFinished: current outcome:Enter data to register:Example: {firstname=Tania, lastname=Ruiz, address=Av Japon, email=tania@hotmail.com, phone=3103900118, year=1995, month=April, day=10, password1=Tania123*, password2=Tania123*} [Given tania wants to register in demo automation testing [Tania ruiz sanchez open up [Tania Ruiz Sanchez opens the Demo automation page]], When she enters the data in the form
| firstname | lastname | address | email | phone | year | month | day | password1 | password2 |
| Tania | Ruiz | Av Japon | tania@hotmail.com | 3103900118 | 1995 | April | 10 | Tania123* | Tania123* | [Tania ruiz sanchez register [Tania Ruiz Sanchez clicks on where we write the first name, Tania Ruiz Sanchez enters 'Tania' into where we write the first name, Tania Ruiz Sanchez enters 'Ruiz' into Where we write the last name, Tania Ruiz Sanchez enters 'Av Japon' into Where we write the address, Tania Ruiz Sanchez enters 'tania@hotmail.com' into Where we write the email, Tania Ruiz Sanchez enters '3103900118' into Where we write the phone, Tania Ruiz Sanchez clicks on where you select the gender, Tania Ruiz Sanchez clicks on where you select the hobbies, Tania Ruiz Sanchez clicks on where do you click on language, Tania Ruiz Sanchez clicks on where you select on language, Tania Ruiz Sanchez clicks on where you select on language, Tania Ruiz Sanchez clicks on Click outside, Tania Ruiz Sanchez clicks on where do you click on skills, Tania Ruiz Sanchez clicks on where you select the skills, Tania Ruiz Sanchez clicks on where do you click on Country, Tania Ruiz Sanchez clicks on where you select the Country, Tania Ruiz Sanchez clicks on Where we write the Country, Tania Ruiz Sanchez select 1995 on where you select the year, Tania Ruiz Sanchez select April on where you select the month, Tania Ruiz Sanchez select 10 on where you select the day, Tania Ruiz Sanchez enters 'Tania123*' into write password to create, Tania Ruiz Sanchez enters 'Tania123*' into write password to confirm, Tania Ruiz Sanchez clicks on Select button submit]], Then she loads the information in the Submit button [Then answer]]
[Test worker] WARN net.thucydides.core.steps.BaseStepListener - stepFinished: current outcome:Enter data to register:Example: {firstname=Tania, lastname=Ruiz, address=Av Japon, email=tania@hotmail.com, phone=3103900118, year=1995, month=April, day=10, password1=Tania123*, password2=Tania123*} [Given tania wants to register in demo automation testing [Tania ruiz sanchez open up [Tania Ruiz Sanchez opens the Demo automation page]], When she enters the data in the form
| firstname | lastname | address | email | phone | year | month | day | password1 | password2 |
| Tania | Ruiz | Av Japon | tania@hotmail.com | 3103900118 | 1995 | April | 10 | Tania123* | Tania123* | [Tania ruiz sanchez register [Tania Ruiz Sanchez clicks on where we write the first name, Tania Ruiz Sanchez enters 'Tania' into where we write the first name, Tania Ruiz Sanchez enters 'Ruiz' into Where we write the last name, Tania Ruiz Sanchez enters 'Av Japon' into Where we write the address, Tania Ruiz Sanchez enters 'tania@hotmail.com' into Where we write the email, Tania Ruiz Sanchez enters '3103900118' into Where we write the phone, Tania Ruiz Sanchez clicks on where you select the gender, Tania Ruiz Sanchez clicks on where you select the hobbies, Tania Ruiz Sanchez clicks on where do you click on language, Tania Ruiz Sanchez clicks on where you select on language, Tania Ruiz Sanchez clicks on where you select on language, Tania Ruiz Sanchez clicks on Click outside, Tania Ruiz Sanchez clicks on where do you click on skills, Tania Ruiz Sanchez clicks on where you select the skills, Tania Ruiz Sanchez clicks on where do you click on Country, Tania Ruiz Sanchez clicks on where you select the Country, Tania Ruiz Sanchez clicks on Where we write the Country, Tania Ruiz Sanchez select 1995 on where you select the year, Tania Ruiz Sanchez select April on where you select the month, Tania Ruiz Sanchez select 10 on where you select the day, Tania Ruiz Sanchez enters 'Tania123*' into write password to create, Tania Ruiz Sanchez enters 'Tania123*' into write password to confirm, Tania Ruiz Sanchez clicks on Select button submit]], Then she loads the information in the Submit button [Then answer]]
[Test worker] WARN net.thucydides.core.steps.BaseStepListener - stepFinished: current outcome:Enter data to register:Example: {firstname=Tania, lastname=Ruiz, address=Av Japon, email=tania@hotmail.com, phone=3103900118, year=1995, month=April, day=10, password1=Tania123*, password2=Tania123*} [Given tania wants to register in demo automation testing [Tania ruiz sanchez open up [Tania Ruiz Sanchez opens the Demo automation page]], When she enters the data in the form
| firstname | lastname | address | email | phone | year | month | day | password1 | password2 |
| Tania | Ruiz | Av Japon | tania@hotmail.com | 3103900118 | 1995 | April | 10 | Tania123* | Tania123* | [Tania ruiz sanchez register [Tania Ruiz Sanchez clicks on where we write the first name, Tania Ruiz Sanchez enters 'Tania' into where we write the first name, Tania Ruiz Sanchez enters 'Ruiz' into Where we write the last name, Tania Ruiz Sanchez enters 'Av Japon' into Where we write the address, Tania Ruiz Sanchez enters 'tania@hotmail.com' into Where we write the email, Tania Ruiz Sanchez enters '3103900118' into Where we write the phone, Tania Ruiz Sanchez clicks on where you select the gender, Tania Ruiz Sanchez clicks on where you select the hobbies, Tania Ruiz Sanchez clicks on where do you click on language, Tania Ruiz Sanchez clicks on where you select on language, Tania Ruiz Sanchez clicks on where you select on language, Tania Ruiz Sanchez clicks on Click outside, Tania Ruiz Sanchez clicks on where do you click on skills, Tania Ruiz Sanchez clicks on where you select the skills, Tania Ruiz Sanchez clicks on where do you click on Country, Tania Ruiz Sanchez clicks on where you select the Country, Tania Ruiz Sanchez clicks on Where we write the Country, Tania Ruiz Sanchez select 1995 on where you select the year, Tania Ruiz Sanchez select April on where you select the month, Tania Ruiz Sanchez select 10 on where you select the day, Tania Ruiz Sanchez enters 'Tania123*' into write password to create, Tania Ruiz Sanchez enters 'Tania123*' into write password to confirm, Tania Ruiz Sanchez clicks on Select button submit]], Then she loads the information in the Submit button [Then answer]]
[Test worker] WARN net.thucydides.core.steps.BaseStepListener - testFinished: Enter data to register:Example: {firstname=Tania, lastname=Ruiz, address=Av Japon, email=tania@hotmail.com, phone=3103900118, year=1995, month=April, day=10, password1=Tania123*, password2=Tania123*} [Given tania wants to register in demo automation testing [Tania ruiz sanchez open up [Tania Ruiz Sanchez opens the Demo automation page]], When she enters the data in the form
| firstname | lastname | address | email | phone | year | month | day | password1 | password2 |
| Tania | Ruiz | Av Japon | tania@hotmail.com | 3103900118 | 1995 | April | 10 | Tania123* | Tania123* | [Tania ruiz sanchez register [Tania Ruiz Sanchez clicks on where we write the first name, Tania Ruiz Sanchez enters 'Tania' into where we write the first name, Tania Ruiz Sanchez enters 'Ruiz' into Where we write the last name, Tania Ruiz Sanchez enters 'Av Japon' into Where we write the address, Tania Ruiz Sanchez enters 'tania@hotmail.com' into Where we write the email, Tania Ruiz Sanchez enters '3103900118' into Where we write the phone, Tania Ruiz Sanchez clicks on where you select the gender, Tania Ruiz Sanchez clicks on where you select the hobbies, Tania Ruiz Sanchez clicks on where do you click on language, Tania Ruiz Sanchez clicks on where you select on language, Tania Ruiz Sanchez clicks on where you select on language, Tania Ruiz Sanchez clicks on Click outside, Tania Ruiz Sanchez clicks on where do you click on skills, Tania Ruiz Sanchez clicks on where you select the skills, Tania Ruiz Sanchez clicks on where do you click on Country, Tania Ruiz Sanchez clicks on where you select the Country, Tania Ruiz Sanchez clicks on Where we write the Country, Tania Ruiz Sanchez select 1995 on where you select the year, Tania Ruiz Sanchez select April on where you select the month, Tania Ruiz Sanchez select 10 on where you select the day, Tania Ruiz Sanchez enters 'Tania123*' into write password to create, Tania Ruiz Sanchez enters 'Tania123*' into write password to confirm, Tania Ruiz Sanchez clicks on Select button submit]], Then she loads the information in the Submit button [Then answer]]
[Test worker] WARN net.thucydides.core.steps.BaseStepListener - TestOutcomes: [Enter data to register:Example: {firstname=Tania, lastname=Ruiz, address=Av Japon, email=tania@hotmail.com, phone=3103900118, year=1995, month=April, day=10, password1=Tania123*, password2=Tania123*} [Given tania wants to register in demo automation testing [Tania ruiz sanchez open up [Tania Ruiz Sanchez opens the Demo automation page]], When she enters the data in the form
| firstname | lastname | address | email | phone | year | month | day | password1 | password2 |
| Tania | Ruiz | Av Japon | tania@hotmail.com | 3103900118 | 1995 | April | 10 | Tania123* | Tania123* | [Tania ruiz sanchez register [Tania Ruiz Sanchez clicks on where we write the first name, Tania Ruiz Sanchez enters 'Tania' into where we write the first name, Tania Ruiz Sanchez enters 'Ruiz' into Where we write the last name, Tania Ruiz Sanchez enters 'Av Japon' into Where we write the address, Tania Ruiz Sanchez enters 'tania@hotmail.com' into Where we write the email, Tania Ruiz Sanchez enters '3103900118' into Where we write the phone, Tania Ruiz Sanchez clicks on where you select the gender, Tania Ruiz Sanchez clicks on where you select the hobbies, Tania Ruiz Sanchez clicks on where do you click on language, Tania Ruiz Sanchez clicks on where you select on language, Tania Ruiz Sanchez clicks on where you select on language, Tania Ruiz Sanchez clicks on Click outside, Tania Ruiz Sanchez clicks on where do you click on skills, Tania Ruiz Sanchez clicks on where you select the skills, Tania Ruiz Sanchez clicks on where do you click on Country, Tania Ruiz Sanchez clicks on where you select the Country, Tania Ruiz Sanchez clicks on Where we write the Country, Tania Ruiz Sanchez select 1995 on where you select the year, Tania Ruiz Sanchez select April on where you select the month, Tania Ruiz Sanchez select 10 on where you select the day, Tania Ruiz Sanchez enters 'Tania123*' into write password to create, Tania Ruiz Sanchez enters 'Tania123*' into write password to confirm, Tania Ruiz Sanchez clicks on Select button submit]], Then she loads the information in the Submit button [Then answer]]]
[Test worker] WARN net.thucydides.core.steps.BaseStepListener - Final testOutcomes: [Enter data to register:Example: {firstname=Tania, lastname=Ruiz, address=Av Japon, email=tania@hotmail.com, phone=3103900118, year=1995, month=April, day=10, password1=Tania123*, password2=Tania123*} [Given tania wants to register in demo automation testing [Tania ruiz sanchez open up [Tania Ruiz Sanchez opens the Demo automation page]], When she enters the data in the form
| firstname | lastname | address | email | phone | year | month | day | password1 | password2 |
| Tania | Ruiz | Av Japon | tania@hotmail.com | 3103900118 | 1995 | April | 10 | Tania123* | Tania123* | [Tania ruiz sanchez register [Tania Ruiz Sanchez clicks on where we write the first name, Tania Ruiz Sanchez enters 'Tania' into where we write the first name, Tania Ruiz Sanchez enters 'Ruiz' into Where we write the last name, Tania Ruiz Sanchez enters 'Av Japon' into Where we write the address, Tania Ruiz Sanchez enters 'tania@hotmail.com' into Where we write the email, Tania Ruiz Sanchez enters '3103900118' into Where we write the phone, Tania Ruiz Sanchez clicks on where you select the gender, Tania Ruiz Sanchez clicks on where you select the hobbies, Tania Ruiz Sanchez clicks on where do you click on language, Tania Ruiz Sanchez clicks on where you select on language, Tania Ruiz Sanchez clicks on where you select on language, Tania Ruiz Sanchez clicks on Click outside, Tania Ruiz Sanchez clicks on where do you click on skills, Tania Ruiz Sanchez clicks on where you select the skills, Tania Ruiz Sanchez clicks on where do you click on Country, Tania Ruiz Sanchez clicks on where you select the Country, Tania Ruiz Sanchez clicks on Where we write the Country, Tania Ruiz Sanchez select 1995 on where you select the year, Tania Ruiz Sanchez select April on where you select the month, Tania Ruiz Sanchez select 10 on where you select the day, Tania Ruiz Sanchez enters 'Tania123*' into write password to create, Tania Ruiz Sanchez enters 'Tania123*' into write password to confirm, Tania Ruiz Sanchez clicks on Select button submit]], Then she loads the information in the Submit button [Then answer]]]
[Test worker] INFO net.thucydides.core.steps.ConsoleLoggingListener - 
        __    _____ _____ ____ _____   ____   _    ____  ____  _____ ____  
  _     \ \  |_   _| ____/ ___|_   _| |  _ \ / \  / ___|/ ___|| ____|  _ \ 
 (_)_____| |   | | |  _| \___ \ | |   | |_) / _ \ \___ \\___ \|  _| | | | |
  _|_____| |   | | | |___ ___) || |   |  __/ ___ \ ___) |___) | |___| |_| |
 (_)     | |   |_| |_____|____/ |_|   |_| /_/   \_\____/|____/|_____|____/ 
        /_/                                                                

TEST PASSED: Enter data to register
----------------------------------------------------------------------------
[Test worker] WARN net.thucydides.core.steps.BaseStepListener - stepStarted: net.thucydides.core.steps.ExecutedStepDescription@47893a29
[Test worker] WARN net.thucydides.core.steps.BaseStepListener - stepStarted: net.thucydides.core.steps.ExecutedStepDescription@7e3cb3e5
[Test worker] WARN net.thucydides.core.steps.BaseStepListener - stepStarted: net.thucydides.core.steps.ExecutedStepDescription@1937e76e
abr 27, 2022 9:38:48 PM org.openqa.selenium.remote.DesiredCapabilities chrome
INFORMACIÓN: Using `new ChromeOptions()` is preferred to `DesiredCapabilities.chrome()`
[Test worker] INFO net.serenitybdd.core.webdriver.driverproviders.ProvideNewDriver - Instantiating driver
[Test worker] INFO net.serenitybdd.core.webdriver.driverproviders.ProvideNewDriver - Driver capabilities: Capabilities {acceptInsecureCerts: false, browserName: chrome, chrome.switches: --start-maximized, goog:chromeOptions: {args: [--start-maximized], extensions: []}, loggingPrefs: org.openqa.selenium.logging..., platform: ANY, version: }
Starting ChromeDriver 100.0.4896.60 (6a5d10861ce8de5fce22564658033b43cb7de047-refs/branch-heads/4896@{#875}) on port 28470
Only local connections are allowed.
Please see https://chromedriver.chromium.org/security-considerations for suggestions on keeping ChromeDriver safe.
ChromeDriver was started successfully.
abr 27, 2022 9:38:49 PM org.openqa.selenium.remote.ProtocolHandshake createSession
INFORMACIÓN: Detected dialect: W3C
[Test worker] WARN net.thucydides.core.steps.BaseStepListener - stepFinished: current outcome:Enter data to register:Example: {firstname=Tania, lastname=Ruiz, address=Av Japon, email=tania@hotmail.com, phone=3103900118, year=1995, month=April, day=10, password1=Tania123*, password2=Tania123*} [Given tania wants to register in demo automation testing [Tania ruiz sanchez open up [Tania Ruiz Sanchez opens the Demo automation page]], When she enters the data in the form
| firstname | lastname | address | email | phone | year | month | day | password1 | password2 |
| Tania | Ruiz | Av Japon | tania@hotmail.com | 3103900118 | 1995 | April | 10 | Tania123* | Tania123* | [Tania ruiz sanchez register [Tania Ruiz Sanchez clicks on where we write the first name, Tania Ruiz Sanchez enters 'Tania' into where we write the first name, Tania Ruiz Sanchez enters 'Ruiz' into Where we write the last name, Tania Ruiz Sanchez enters 'Av Japon' into Where we write the address, Tania Ruiz Sanchez enters 'tania@hotmail.com' into Where we write the email, Tania Ruiz Sanchez enters '3103900118' into Where we write the phone, Tania Ruiz Sanchez clicks on where you select the gender, Tania Ruiz Sanchez clicks on where you select the hobbies, Tania Ruiz Sanchez clicks on where do you click on language, Tania Ruiz Sanchez clicks on where you select on language, Tania Ruiz Sanchez clicks on where you select on language, Tania Ruiz Sanchez clicks on Click outside, Tania Ruiz Sanchez clicks on where do you click on skills, Tania Ruiz Sanchez clicks on where you select the skills, Tania Ruiz Sanchez clicks on where do you click on Country, Tania Ruiz Sanchez clicks on where you select the Country, Tania Ruiz Sanchez clicks on Where we write the Country, Tania Ruiz Sanchez select 1995 on where you select the year, Tania Ruiz Sanchez select April on where you select the month, Tania Ruiz Sanchez select 10 on where you select the day, Tania Ruiz Sanchez enters 'Tania123*' into write password to create, Tania Ruiz Sanchez enters 'Tania123*' into write password to confirm, Tania Ruiz Sanchez clicks on Select button submit]], Then she loads the information in the Submit button [Then answer]], Example: {firstname=Patricia, lastname=Sanchez, address=Av cuba, email=tania1@hotmail.com, phone=3103900120, year=1966, month=April, day=30, password1=Tania1234*, password2=Tania1234*} [Given tania wants to register in demo automation testing [Tania ruiz sanchez open up [Tania Ruiz Sanchez opens the Demo automation page]]]
[Test worker] WARN net.thucydides.core.steps.BaseStepListener - stepFinished: current outcome:Enter data to register:Example: {firstname=Tania, lastname=Ruiz, address=Av Japon, email=tania@hotmail.com, phone=3103900118, year=1995, month=April, day=10, password1=Tania123*, password2=Tania123*} [Given tania wants to register in demo automation testing [Tania ruiz sanchez open up [Tania Ruiz Sanchez opens the Demo automation page]], When she enters the data in the form
| firstname | lastname | address | email | phone | year | month | day | password1 | password2 |
| Tania | Ruiz | Av Japon | tania@hotmail.com | 3103900118 | 1995 | April | 10 | Tania123* | Tania123* | [Tania ruiz sanchez register [Tania Ruiz Sanchez clicks on where we write the first name, Tania Ruiz Sanchez enters 'Tania' into where we write the first name, Tania Ruiz Sanchez enters 'Ruiz' into Where we write the last name, Tania Ruiz Sanchez enters 'Av Japon' into Where we write the address, Tania Ruiz Sanchez enters 'tania@hotmail.com' into Where we write the email, Tania Ruiz Sanchez enters '3103900118' into Where we write the phone, Tania Ruiz Sanchez clicks on where you select the gender, Tania Ruiz Sanchez clicks on where you select the hobbies, Tania Ruiz Sanchez clicks on where do you click on language, Tania Ruiz Sanchez clicks on where you select on language, Tania Ruiz Sanchez clicks on where you select on language, Tania Ruiz Sanchez clicks on Click outside, Tania Ruiz Sanchez clicks on where do you click on skills, Tania Ruiz Sanchez clicks on where you select the skills, Tania Ruiz Sanchez clicks on where do you click on Country, Tania Ruiz Sanchez clicks on where you select the Country, Tania Ruiz Sanchez clicks on Where we write the Country, Tania Ruiz Sanchez select 1995 on where you select the year, Tania Ruiz Sanchez select April on where you select the month, Tania Ruiz Sanchez select 10 on where you select the day, Tania Ruiz Sanchez enters 'Tania123*' into write password to create, Tania Ruiz Sanchez enters 'Tania123*' into write password to confirm, Tania Ruiz Sanchez clicks on Select button submit]], Then she loads the information in the Submit button [Then answer]], Example: {firstname=Patricia, lastname=Sanchez, address=Av cuba, email=tania1@hotmail.com, phone=3103900120, year=1966, month=April, day=30, password1=Tania1234*, password2=Tania1234*} [Given tania wants to register in demo automation testing [Tania ruiz sanchez open up [Tania Ruiz Sanchez opens the Demo automation page]]]
[Test worker] WARN net.thucydides.core.steps.BaseStepListener - stepFinished: current outcome:Enter data to register:Example: {firstname=Tania, lastname=Ruiz, address=Av Japon, email=tania@hotmail.com, phone=3103900118, year=1995, month=April, day=10, password1=Tania123*, password2=Tania123*} [Given tania wants to register in demo automation testing [Tania ruiz sanchez open up [Tania Ruiz Sanchez opens the Demo automation page]], When she enters the data in the form
| firstname | lastname | address | email | phone | year | month | day | password1 | password2 |
| Tania | Ruiz | Av Japon | tania@hotmail.com | 3103900118 | 1995 | April | 10 | Tania123* | Tania123* | [Tania ruiz sanchez register [Tania Ruiz Sanchez clicks on where we write the first name, Tania Ruiz Sanchez enters 'Tania' into where we write the first name, Tania Ruiz Sanchez enters 'Ruiz' into Where we write the last name, Tania Ruiz Sanchez enters 'Av Japon' into Where we write the address, Tania Ruiz Sanchez enters 'tania@hotmail.com' into Where we write the email, Tania Ruiz Sanchez enters '3103900118' into Where we write the phone, Tania Ruiz Sanchez clicks on where you select the gender, Tania Ruiz Sanchez clicks on where you select the hobbies, Tania Ruiz Sanchez clicks on where do you click on language, Tania Ruiz Sanchez clicks on where you select on language, Tania Ruiz Sanchez clicks on where you select on language, Tania Ruiz Sanchez clicks on Click outside, Tania Ruiz Sanchez clicks on where do you click on skills, Tania Ruiz Sanchez clicks on where you select the skills, Tania Ruiz Sanchez clicks on where do you click on Country, Tania Ruiz Sanchez clicks on where you select the Country, Tania Ruiz Sanchez clicks on Where we write the Country, Tania Ruiz Sanchez select 1995 on where you select the year, Tania Ruiz Sanchez select April on where you select the month, Tania Ruiz Sanchez select 10 on where you select the day, Tania Ruiz Sanchez enters 'Tania123*' into write password to create, Tania Ruiz Sanchez enters 'Tania123*' into write password to confirm, Tania Ruiz Sanchez clicks on Select button submit]], Then she loads the information in the Submit button [Then answer]], Example: {firstname=Patricia, lastname=Sanchez, address=Av cuba, email=tania1@hotmail.com, phone=3103900120, year=1966, month=April, day=30, password1=Tania1234*, password2=Tania1234*} [Given tania wants to register in demo automation testing [Tania ruiz sanchez open up [Tania Ruiz Sanchez opens the Demo automation page]]]
[Test worker] WARN net.thucydides.core.steps.BaseStepListener - stepStarted: net.thucydides.core.steps.ExecutedStepDescription@7e4ecb4f
[Test worker] WARN net.thucydides.core.steps.BaseStepListener - stepStarted: net.thucydides.core.steps.ExecutedStepDescription@70c6a806
[Test worker] WARN net.thucydides.core.steps.BaseStepListener - stepStarted: net.thucydides.core.steps.ExecutedStepDescription@76e74393
[Test worker] WARN net.thucydides.core.steps.BaseStepListener - stepFinished: current outcome:Enter data to register:Example: {firstname=Tania, lastname=Ruiz, address=Av Japon, email=tania@hotmail.com, phone=3103900118, year=1995, month=April, day=10, password1=Tania123*, password2=Tania123*} [Given tania wants to register in demo automation testing [Tania ruiz sanchez open up [Tania Ruiz Sanchez opens the Demo automation page]], When she enters the data in the form
| firstname | lastname | address | email | phone | year | month | day | password1 | password2 |
| Tania | Ruiz | Av Japon | tania@hotmail.com | 3103900118 | 1995 | April | 10 | Tania123* | Tania123* | [Tania ruiz sanchez register [Tania Ruiz Sanchez clicks on where we write the first name, Tania Ruiz Sanchez enters 'Tania' into where we write the first name, Tania Ruiz Sanchez enters 'Ruiz' into Where we write the last name, Tania Ruiz Sanchez enters 'Av Japon' into Where we write the address, Tania Ruiz Sanchez enters 'tania@hotmail.com' into Where we write the email, Tania Ruiz Sanchez enters '3103900118' into Where we write the phone, Tania Ruiz Sanchez clicks on where you select the gender, Tania Ruiz Sanchez clicks on where you select the hobbies, Tania Ruiz Sanchez clicks on where do you click on language, Tania Ruiz Sanchez clicks on where you select on language, Tania Ruiz Sanchez clicks on where you select on language, Tania Ruiz Sanchez clicks on Click outside, Tania Ruiz Sanchez clicks on where do you click on skills, Tania Ruiz Sanchez clicks on where you select the skills, Tania Ruiz Sanchez clicks on where do you click on Country, Tania Ruiz Sanchez clicks on where you select the Country, Tania Ruiz Sanchez clicks on Where we write the Country, Tania Ruiz Sanchez select 1995 on where you select the year, Tania Ruiz Sanchez select April on where you select the month, Tania Ruiz Sanchez select 10 on where you select the day, Tania Ruiz Sanchez enters 'Tania123*' into write password to create, Tania Ruiz Sanchez enters 'Tania123*' into write password to confirm, Tania Ruiz Sanchez clicks on Select button submit]], Then she loads the information in the Submit button [Then answer]], Example: {firstname=Patricia, lastname=Sanchez, address=Av cuba, email=tania1@hotmail.com, phone=3103900120, year=1966, month=April, day=30, password1=Tania1234*, password2=Tania1234*} [Given tania wants to register in demo automation testing [Tania ruiz sanchez open up [Tania Ruiz Sanchez opens the Demo automation page]], When she enters the data in the form
| firstname | lastname | address | email | phone | year | month | day | password1 | password2 |
| Patricia | Sanchez | Av cuba | tania1@hotmail.com | 3103900120 | 1966 | April | 30 | Tania1234* | Tania1234* | [Tania ruiz sanchez register [Tania Ruiz Sanchez clicks on where we write the first name]]]
[Test worker] WARN net.thucydides.core.steps.BaseStepListener - stepStarted: net.thucydides.core.steps.ExecutedStepDescription@57a26fd1
[Test worker] WARN net.thucydides.core.steps.BaseStepListener - stepFinished: current outcome:Enter data to register:Example: {firstname=Tania, lastname=Ruiz, address=Av Japon, email=tania@hotmail.com, phone=3103900118, year=1995, month=April, day=10, password1=Tania123*, password2=Tania123*} [Given tania wants to register in demo automation testing [Tania ruiz sanchez open up [Tania Ruiz Sanchez opens the Demo automation page]], When she enters the data in the form
| firstname | lastname | address | email | phone | year | month | day | password1 | password2 |
| Tania | Ruiz | Av Japon | tania@hotmail.com | 3103900118 | 1995 | April | 10 | Tania123* | Tania123* | [Tania ruiz sanchez register [Tania Ruiz Sanchez clicks on where we write the first name, Tania Ruiz Sanchez enters 'Tania' into where we write the first name, Tania Ruiz Sanchez enters 'Ruiz' into Where we write the last name, Tania Ruiz Sanchez enters 'Av Japon' into Where we write the address, Tania Ruiz Sanchez enters 'tania@hotmail.com' into Where we write the email, Tania Ruiz Sanchez enters '3103900118' into Where we write the phone, Tania Ruiz Sanchez clicks on where you select the gender, Tania Ruiz Sanchez clicks on where you select the hobbies, Tania Ruiz Sanchez clicks on where do you click on language, Tania Ruiz Sanchez clicks on where you select on language, Tania Ruiz Sanchez clicks on where you select on language, Tania Ruiz Sanchez clicks on Click outside, Tania Ruiz Sanchez clicks on where do you click on skills, Tania Ruiz Sanchez clicks on where you select the skills, Tania Ruiz Sanchez clicks on where do you click on Country, Tania Ruiz Sanchez clicks on where you select the Country, Tania Ruiz Sanchez clicks on Where we write the Country, Tania Ruiz Sanchez select 1995 on where you select the year, Tania Ruiz Sanchez select April on where you select the month, Tania Ruiz Sanchez select 10 on where you select the day, Tania Ruiz Sanchez enters 'Tania123*' into write password to create, Tania Ruiz Sanchez enters 'Tania123*' into write password to confirm, Tania Ruiz Sanchez clicks on Select button submit]], Then she loads the information in the Submit button [Then answer]], Example: {firstname=Patricia, lastname=Sanchez, address=Av cuba, email=tania1@hotmail.com, phone=3103900120, year=1966, month=April, day=30, password1=Tania1234*, password2=Tania1234*} [Given tania wants to register in demo automation testing [Tania ruiz sanchez open up [Tania Ruiz Sanchez opens the Demo automation page]], When she enters the data in the form
| firstname | lastname | address | email | phone | year | month | day | password1 | password2 |
| Patricia | Sanchez | Av cuba | tania1@hotmail.com | 3103900120 | 1966 | April | 30 | Tania1234* | Tania1234* | [Tania ruiz sanchez register [Tania Ruiz Sanchez clicks on where we write the first name, Tania Ruiz Sanchez enters 'Patricia' into where we write the first name]]]
[Test worker] WARN net.thucydides.core.steps.BaseStepListener - stepStarted: net.thucydides.core.steps.ExecutedStepDescription@29a3a28e
[Test worker] WARN net.thucydides.core.steps.BaseStepListener - stepFinished: current outcome:Enter data to register:Example: {firstname=Tania, lastname=Ruiz, address=Av Japon, email=tania@hotmail.com, phone=3103900118, year=1995, month=April, day=10, password1=Tania123*, password2=Tania123*} [Given tania wants to register in demo automation testing [Tania ruiz sanchez open up [Tania Ruiz Sanchez opens the Demo automation page]], When she enters the data in the form
| firstname | lastname | address | email | phone | year | month | day | password1 | password2 |
| Tania | Ruiz | Av Japon | tania@hotmail.com | 3103900118 | 1995 | April | 10 | Tania123* | Tania123* | [Tania ruiz sanchez register [Tania Ruiz Sanchez clicks on where we write the first name, Tania Ruiz Sanchez enters 'Tania' into where we write the first name, Tania Ruiz Sanchez enters 'Ruiz' into Where we write the last name, Tania Ruiz Sanchez enters 'Av Japon' into Where we write the address, Tania Ruiz Sanchez enters 'tania@hotmail.com' into Where we write the email, Tania Ruiz Sanchez enters '3103900118' into Where we write the phone, Tania Ruiz Sanchez clicks on where you select the gender, Tania Ruiz Sanchez clicks on where you select the hobbies, Tania Ruiz Sanchez clicks on where do you click on language, Tania Ruiz Sanchez clicks on where you select on language, Tania Ruiz Sanchez clicks on where you select on language, Tania Ruiz Sanchez clicks on Click outside, Tania Ruiz Sanchez clicks on where do you click on skills, Tania Ruiz Sanchez clicks on where you select the skills, Tania Ruiz Sanchez clicks on where do you click on Country, Tania Ruiz Sanchez clicks on where you select the Country, Tania Ruiz Sanchez clicks on Where we write the Country, Tania Ruiz Sanchez select 1995 on where you select the year, Tania Ruiz Sanchez select April on where you select the month, Tania Ruiz Sanchez select 10 on where you select the day, Tania Ruiz Sanchez enters 'Tania123*' into write password to create, Tania Ruiz Sanchez enters 'Tania123*' into write password to confirm, Tania Ruiz Sanchez clicks on Select button submit]], Then she loads the information in the Submit button [Then answer]], Example: {firstname=Patricia, lastname=Sanchez, address=Av cuba, email=tania1@hotmail.com, phone=3103900120, year=1966, month=April, day=30, password1=Tania1234*, password2=Tania1234*} [Given tania wants to register in demo automation testing [Tania ruiz sanchez open up [Tania Ruiz Sanchez opens the Demo automation page]], When she enters the data in the form
| firstname | lastname | address | email | phone | year | month | day | password1 | password2 |
| Patricia | Sanchez | Av cuba | tania1@hotmail.com | 3103900120 | 1966 | April | 30 | Tania1234* | Tania1234* | [Tania ruiz sanchez register [Tania Ruiz Sanchez clicks on where we write the first name, Tania Ruiz Sanchez enters 'Patricia' into where we write the first name, Tania Ruiz Sanchez enters 'Sanchez' into Where we write the last name]]]
[Test worker] WARN net.thucydides.core.steps.BaseStepListener - stepStarted: net.thucydides.core.steps.ExecutedStepDescription@75c5ad6e
[Test worker] WARN net.thucydides.core.steps.BaseStepListener - stepFinished: current outcome:Enter data to register:Example: {firstname=Tania, lastname=Ruiz, address=Av Japon, email=tania@hotmail.com, phone=3103900118, year=1995, month=April, day=10, password1=Tania123*, password2=Tania123*} [Given tania wants to register in demo automation testing [Tania ruiz sanchez open up [Tania Ruiz Sanchez opens the Demo automation page]], When she enters the data in the form
| firstname | lastname | address | email | phone | year | month | day | password1 | password2 |
| Tania | Ruiz | Av Japon | tania@hotmail.com | 3103900118 | 1995 | April | 10 | Tania123* | Tania123* | [Tania ruiz sanchez register [Tania Ruiz Sanchez clicks on where we write the first name, Tania Ruiz Sanchez enters 'Tania' into where we write the first name, Tania Ruiz Sanchez enters 'Ruiz' into Where we write the last name, Tania Ruiz Sanchez enters 'Av Japon' into Where we write the address, Tania Ruiz Sanchez enters 'tania@hotmail.com' into Where we write the email, Tania Ruiz Sanchez enters '3103900118' into Where we write the phone, Tania Ruiz Sanchez clicks on where you select the gender, Tania Ruiz Sanchez clicks on where you select the hobbies, Tania Ruiz Sanchez clicks on where do you click on language, Tania Ruiz Sanchez clicks on where you select on language, Tania Ruiz Sanchez clicks on where you select on language, Tania Ruiz Sanchez clicks on Click outside, Tania Ruiz Sanchez clicks on where do you click on skills, Tania Ruiz Sanchez clicks on where you select the skills, Tania Ruiz Sanchez clicks on where do you click on Country, Tania Ruiz Sanchez clicks on where you select the Country, Tania Ruiz Sanchez clicks on Where we write the Country, Tania Ruiz Sanchez select 1995 on where you select the year, Tania Ruiz Sanchez select April on where you select the month, Tania Ruiz Sanchez select 10 on where you select the day, Tania Ruiz Sanchez enters 'Tania123*' into write password to create, Tania Ruiz Sanchez enters 'Tania123*' into write password to confirm, Tania Ruiz Sanchez clicks on Select button submit]], Then she loads the information in the Submit button [Then answer]], Example: {firstname=Patricia, lastname=Sanchez, address=Av cuba, email=tania1@hotmail.com, phone=3103900120, year=1966, month=April, day=30, password1=Tania1234*, password2=Tania1234*} [Given tania wants to register in demo automation testing [Tania ruiz sanchez open up [Tania Ruiz Sanchez opens the Demo automation page]], When she enters the data in the form
| firstname | lastname | address | email | phone | year | month | day | password1 | password2 |
| Patricia | Sanchez | Av cuba | tania1@hotmail.com | 3103900120 | 1966 | April | 30 | Tania1234* | Tania1234* | [Tania ruiz sanchez register [Tania Ruiz Sanchez clicks on where we write the first name, Tania Ruiz Sanchez enters 'Patricia' into where we write the first name, Tania Ruiz Sanchez enters 'Sanchez' into Where we write the last name, Tania Ruiz Sanchez enters 'Av cuba' into Where we write the address]]]
[Test worker] WARN net.thucydides.core.steps.BaseStepListener - stepStarted: net.thucydides.core.steps.ExecutedStepDescription@78c2fdb2
[Test worker] WARN net.thucydides.core.steps.BaseStepListener - stepFinished: current outcome:Enter data to register:Example: {firstname=Tania, lastname=Ruiz, address=Av Japon, email=tania@hotmail.com, phone=3103900118, year=1995, month=April, day=10, password1=Tania123*, password2=Tania123*} [Given tania wants to register in demo automation testing [Tania ruiz sanchez open up [Tania Ruiz Sanchez opens the Demo automation page]], When she enters the data in the form
| firstname | lastname | address | email | phone | year | month | day | password1 | password2 |
| Tania | Ruiz | Av Japon | tania@hotmail.com | 3103900118 | 1995 | April | 10 | Tania123* | Tania123* | [Tania ruiz sanchez register [Tania Ruiz Sanchez clicks on where we write the first name, Tania Ruiz Sanchez enters 'Tania' into where we write the first name, Tania Ruiz Sanchez enters 'Ruiz' into Where we write the last name, Tania Ruiz Sanchez enters 'Av Japon' into Where we write the address, Tania Ruiz Sanchez enters 'tania@hotmail.com' into Where we write the email, Tania Ruiz Sanchez enters '3103900118' into Where we write the phone, Tania Ruiz Sanchez clicks on where you select the gender, Tania Ruiz Sanchez clicks on where you select the hobbies, Tania Ruiz Sanchez clicks on where do you click on language, Tania Ruiz Sanchez clicks on where you select on language, Tania Ruiz Sanchez clicks on where you select on language, Tania Ruiz Sanchez clicks on Click outside, Tania Ruiz Sanchez clicks on where do you click on skills, Tania Ruiz Sanchez clicks on where you select the skills, Tania Ruiz Sanchez clicks on where do you click on Country, Tania Ruiz Sanchez clicks on where you select the Country, Tania Ruiz Sanchez clicks on Where we write the Country, Tania Ruiz Sanchez select 1995 on where you select the year, Tania Ruiz Sanchez select April on where you select the month, Tania Ruiz Sanchez select 10 on where you select the day, Tania Ruiz Sanchez enters 'Tania123*' into write password to create, Tania Ruiz Sanchez enters 'Tania123*' into write password to confirm, Tania Ruiz Sanchez clicks on Select button submit]], Then she loads the information in the Submit button [Then answer]], Example: {firstname=Patricia, lastname=Sanchez, address=Av cuba, email=tania1@hotmail.com, phone=3103900120, year=1966, month=April, day=30, password1=Tania1234*, password2=Tania1234*} [Given tania wants to register in demo automation testing [Tania ruiz sanchez open up [Tania Ruiz Sanchez opens the Demo automation page]], When she enters the data in the form
| firstname | lastname | address | email | phone | year | month | day | password1 | password2 |
| Patricia | Sanchez | Av cuba | tania1@hotmail.com | 3103900120 | 1966 | April | 30 | Tania1234* | Tania1234* | [Tania ruiz sanchez register [Tania Ruiz Sanchez clicks on where we write the first name, Tania Ruiz Sanchez enters 'Patricia' into where we write the first name, Tania Ruiz Sanchez enters 'Sanchez' into Where we write the last name, Tania Ruiz Sanchez enters 'Av cuba' into Where we write the address, Tania Ruiz Sanchez enters 'tania1@hotmail.com' into Where we write the email]]]
[Test worker] WARN net.thucydides.core.steps.BaseStepListener - stepStarted: net.thucydides.core.steps.ExecutedStepDescription@68ede3d7
[Test worker] WARN net.thucydides.core.steps.BaseStepListener - stepFinished: current outcome:Enter data to register:Example: {firstname=Tania, lastname=Ruiz, address=Av Japon, email=tania@hotmail.com, phone=3103900118, year=1995, month=April, day=10, password1=Tania123*, password2=Tania123*} [Given tania wants to register in demo automation testing [Tania ruiz sanchez open up [Tania Ruiz Sanchez opens the Demo automation page]], When she enters the data in the form
| firstname | lastname | address | email | phone | year | month | day | password1 | password2 |
| Tania | Ruiz | Av Japon | tania@hotmail.com | 3103900118 | 1995 | April | 10 | Tania123* | Tania123* | [Tania ruiz sanchez register [Tania Ruiz Sanchez clicks on where we write the first name, Tania Ruiz Sanchez enters 'Tania' into where we write the first name, Tania Ruiz Sanchez enters 'Ruiz' into Where we write the last name, Tania Ruiz Sanchez enters 'Av Japon' into Where we write the address, Tania Ruiz Sanchez enters 'tania@hotmail.com' into Where we write the email, Tania Ruiz Sanchez enters '3103900118' into Where we write the phone, Tania Ruiz Sanchez clicks on where you select the gender, Tania Ruiz Sanchez clicks on where you select the hobbies, Tania Ruiz Sanchez clicks on where do you click on language, Tania Ruiz Sanchez clicks on where you select on language, Tania Ruiz Sanchez clicks on where you select on language, Tania Ruiz Sanchez clicks on Click outside, Tania Ruiz Sanchez clicks on where do you click on skills, Tania Ruiz Sanchez clicks on where you select the skills, Tania Ruiz Sanchez clicks on where do you click on Country, Tania Ruiz Sanchez clicks on where you select the Country, Tania Ruiz Sanchez clicks on Where we write the Country, Tania Ruiz Sanchez select 1995 on where you select the year, Tania Ruiz Sanchez select April on where you select the month, Tania Ruiz Sanchez select 10 on where you select the day, Tania Ruiz Sanchez enters 'Tania123*' into write password to create, Tania Ruiz Sanchez enters 'Tania123*' into write password to confirm, Tania Ruiz Sanchez clicks on Select button submit]], Then she loads the information in the Submit button [Then answer]], Example: {firstname=Patricia, lastname=Sanchez, address=Av cuba, email=tania1@hotmail.com, phone=3103900120, year=1966, month=April, day=30, password1=Tania1234*, password2=Tania1234*} [Given tania wants to register in demo automation testing [Tania ruiz sanchez open up [Tania Ruiz Sanchez opens the Demo automation page]], When she enters the data in the form
| firstname | lastname | address | email | phone | year | month | day | password1 | password2 |
| Patricia | Sanchez | Av cuba | tania1@hotmail.com | 3103900120 | 1966 | April | 30 | Tania1234* | Tania1234* | [Tania ruiz sanchez register [Tania Ruiz Sanchez clicks on where we write the first name, Tania Ruiz Sanchez enters 'Patricia' into where we write the first name, Tania Ruiz Sanchez enters 'Sanchez' into Where we write the last name, Tania Ruiz Sanchez enters 'Av cuba' into Where we write the address, Tania Ruiz Sanchez enters 'tania1@hotmail.com' into Where we write the email, Tania Ruiz Sanchez enters '3103900120' into Where we write the phone]]]
[Test worker] WARN net.thucydides.core.steps.BaseStepListener - stepStarted: net.thucydides.core.steps.ExecutedStepDescription@4df3fcb4
[Test worker] WARN net.thucydides.core.steps.BaseStepListener - stepFinished: current outcome:Enter data to register:Example: {firstname=Tania, lastname=Ruiz, address=Av Japon, email=tania@hotmail.com, phone=3103900118, year=1995, month=April, day=10, password1=Tania123*, password2=Tania123*} [Given tania wants to register in demo automation testing [Tania ruiz sanchez open up [Tania Ruiz Sanchez opens the Demo automation page]], When she enters the data in the form
| firstname | lastname | address | email | phone | year | month | day | password1 | password2 |
| Tania | Ruiz | Av Japon | tania@hotmail.com | 3103900118 | 1995 | April | 10 | Tania123* | Tania123* | [Tania ruiz sanchez register [Tania Ruiz Sanchez clicks on where we write the first name, Tania Ruiz Sanchez enters 'Tania' into where we write the first name, Tania Ruiz Sanchez enters 'Ruiz' into Where we write the last name, Tania Ruiz Sanchez enters 'Av Japon' into Where we write the address, Tania Ruiz Sanchez enters 'tania@hotmail.com' into Where we write the email, Tania Ruiz Sanchez enters '3103900118' into Where we write the phone, Tania Ruiz Sanchez clicks on where you select the gender, Tania Ruiz Sanchez clicks on where you select the hobbies, Tania Ruiz Sanchez clicks on where do you click on language, Tania Ruiz Sanchez clicks on where you select on language, Tania Ruiz Sanchez clicks on where you select on language, Tania Ruiz Sanchez clicks on Click outside, Tania Ruiz Sanchez clicks on where do you click on skills, Tania Ruiz Sanchez clicks on where you select the skills, Tania Ruiz Sanchez clicks on where do you click on Country, Tania Ruiz Sanchez clicks on where you select the Country, Tania Ruiz Sanchez clicks on Where we write the Country, Tania Ruiz Sanchez select 1995 on where you select the year, Tania Ruiz Sanchez select April on where you select the month, Tania Ruiz Sanchez select 10 on where you select the day, Tania Ruiz Sanchez enters 'Tania123*' into write password to create, Tania Ruiz Sanchez enters 'Tania123*' into write password to confirm, Tania Ruiz Sanchez clicks on Select button submit]], Then she loads the information in the Submit button [Then answer]], Example: {firstname=Patricia, lastname=Sanchez, address=Av cuba, email=tania1@hotmail.com, phone=3103900120, year=1966, month=April, day=30, password1=Tania1234*, password2=Tania1234*} [Given tania wants to register in demo automation testing [Tania ruiz sanchez open up [Tania Ruiz Sanchez opens the Demo automation page]], When she enters the data in the form
| firstname | lastname | address | email | phone | year | month | day | password1 | password2 |
| Patricia | Sanchez | Av cuba | tania1@hotmail.com | 3103900120 | 1966 | April | 30 | Tania1234* | Tania1234* | [Tania ruiz sanchez register [Tania Ruiz Sanchez clicks on where we write the first name, Tania Ruiz Sanchez enters 'Patricia' into where we write the first name, Tania Ruiz Sanchez enters 'Sanchez' into Where we write the last name, Tania Ruiz Sanchez enters 'Av cuba' into Where we write the address, Tania Ruiz Sanchez enters 'tania1@hotmail.com' into Where we write the email, Tania Ruiz Sanchez enters '3103900120' into Where we write the phone, Tania Ruiz Sanchez clicks on where you select the gender]]]
[Test worker] WARN net.thucydides.core.steps.BaseStepListener - stepStarted: net.thucydides.core.steps.ExecutedStepDescription@7895f7dc
[Test worker] WARN net.thucydides.core.steps.BaseStepListener - stepFinished: current outcome:Enter data to register:Example: {firstname=Tania, lastname=Ruiz, address=Av Japon, email=tania@hotmail.com, phone=3103900118, year=1995, month=April, day=10, password1=Tania123*, password2=Tania123*} [Given tania wants to register in demo automation testing [Tania ruiz sanchez open up [Tania Ruiz Sanchez opens the Demo automation page]], When she enters the data in the form
| firstname | lastname | address | email | phone | year | month | day | password1 | password2 |
| Tania | Ruiz | Av Japon | tania@hotmail.com | 3103900118 | 1995 | April | 10 | Tania123* | Tania123* | [Tania ruiz sanchez register [Tania Ruiz Sanchez clicks on where we write the first name, Tania Ruiz Sanchez enters 'Tania' into where we write the first name, Tania Ruiz Sanchez enters 'Ruiz' into Where we write the last name, Tania Ruiz Sanchez enters 'Av Japon' into Where we write the address, Tania Ruiz Sanchez enters 'tania@hotmail.com' into Where we write the email, Tania Ruiz Sanchez enters '3103900118' into Where we write the phone, Tania Ruiz Sanchez clicks on where you select the gender, Tania Ruiz Sanchez clicks on where you select the hobbies, Tania Ruiz Sanchez clicks on where do you click on language, Tania Ruiz Sanchez clicks on where you select on language, Tania Ruiz Sanchez clicks on where you select on language, Tania Ruiz Sanchez clicks on Click outside, Tania Ruiz Sanchez clicks on where do you click on skills, Tania Ruiz Sanchez clicks on where you select the skills, Tania Ruiz Sanchez clicks on where do you click on Country, Tania Ruiz Sanchez clicks on where you select the Country, Tania Ruiz Sanchez clicks on Where we write the Country, Tania Ruiz Sanchez select 1995 on where you select the year, Tania Ruiz Sanchez select April on where you select the month, Tania Ruiz Sanchez select 10 on where you select the day, Tania Ruiz Sanchez enters 'Tania123*' into write password to create, Tania Ruiz Sanchez enters 'Tania123*' into write password to confirm, Tania Ruiz Sanchez clicks on Select button submit]], Then she loads the information in the Submit button [Then answer]], Example: {firstname=Patricia, lastname=Sanchez, address=Av cuba, email=tania1@hotmail.com, phone=3103900120, year=1966, month=April, day=30, password1=Tania1234*, password2=Tania1234*} [Given tania wants to register in demo automation testing [Tania ruiz sanchez open up [Tania Ruiz Sanchez opens the Demo automation page]], When she enters the data in the form
| firstname | lastname | address | email | phone | year | month | day | password1 | password2 |
| Patricia | Sanchez | Av cuba | tania1@hotmail.com | 3103900120 | 1966 | April | 30 | Tania1234* | Tania1234* | [Tania ruiz sanchez register [Tania Ruiz Sanchez clicks on where we write the first name, Tania Ruiz Sanchez enters 'Patricia' into where we write the first name, Tania Ruiz Sanchez enters 'Sanchez' into Where we write the last name, Tania Ruiz Sanchez enters 'Av cuba' into Where we write the address, Tania Ruiz Sanchez enters 'tania1@hotmail.com' into Where we write the email, Tania Ruiz Sanchez enters '3103900120' into Where we write the phone, Tania Ruiz Sanchez clicks on where you select the gender, Tania Ruiz Sanchez clicks on where you select the hobbies]]]
[Test worker] WARN net.thucydides.core.steps.BaseStepListener - stepStarted: net.thucydides.core.steps.ExecutedStepDescription@3116164e
[Test worker] WARN net.thucydides.core.steps.BaseStepListener - stepFinished: current outcome:Enter data to register:Example: {firstname=Tania, lastname=Ruiz, address=Av Japon, email=tania@hotmail.com, phone=3103900118, year=1995, month=April, day=10, password1=Tania123*, password2=Tania123*} [Given tania wants to register in demo automation testing [Tania ruiz sanchez open up [Tania Ruiz Sanchez opens the Demo automation page]], When she enters the data in the form
| firstname | lastname | address | email | phone | year | month | day | password1 | password2 |
| Tania | Ruiz | Av Japon | tania@hotmail.com | 3103900118 | 1995 | April | 10 | Tania123* | Tania123* | [Tania ruiz sanchez register [Tania Ruiz Sanchez clicks on where we write the first name, Tania Ruiz Sanchez enters 'Tania' into where we write the first name, Tania Ruiz Sanchez enters 'Ruiz' into Where we write the last name, Tania Ruiz Sanchez enters 'Av Japon' into Where we write the address, Tania Ruiz Sanchez enters 'tania@hotmail.com' into Where we write the email, Tania Ruiz Sanchez enters '3103900118' into Where we write the phone, Tania Ruiz Sanchez clicks on where you select the gender, Tania Ruiz Sanchez clicks on where you select the hobbies, Tania Ruiz Sanchez clicks on where do you click on language, Tania Ruiz Sanchez clicks on where you select on language, Tania Ruiz Sanchez clicks on where you select on language, Tania Ruiz Sanchez clicks on Click outside, Tania Ruiz Sanchez clicks on where do you click on skills, Tania Ruiz Sanchez clicks on where you select the skills, Tania Ruiz Sanchez clicks on where do you click on Country, Tania Ruiz Sanchez clicks on where you select the Country, Tania Ruiz Sanchez clicks on Where we write the Country, Tania Ruiz Sanchez select 1995 on where you select the year, Tania Ruiz Sanchez select April on where you select the month, Tania Ruiz Sanchez select 10 on where you select the day, Tania Ruiz Sanchez enters 'Tania123*' into write password to create, Tania Ruiz Sanchez enters 'Tania123*' into write password to confirm, Tania Ruiz Sanchez clicks on Select button submit]], Then she loads the information in the Submit button [Then answer]], Example: {firstname=Patricia, lastname=Sanchez, address=Av cuba, email=tania1@hotmail.com, phone=3103900120, year=1966, month=April, day=30, password1=Tania1234*, password2=Tania1234*} [Given tania wants to register in demo automation testing [Tania ruiz sanchez open up [Tania Ruiz Sanchez opens the Demo automation page]], When she enters the data in the form
| firstname | lastname | address | email | phone | year | month | day | password1 | password2 |
| Patricia | Sanchez | Av cuba | tania1@hotmail.com | 3103900120 | 1966 | April | 30 | Tania1234* | Tania1234* | [Tania ruiz sanchez register [Tania Ruiz Sanchez clicks on where we write the first name, Tania Ruiz Sanchez enters 'Patricia' into where we write the first name, Tania Ruiz Sanchez enters 'Sanchez' into Where we write the last name, Tania Ruiz Sanchez enters 'Av cuba' into Where we write the address, Tania Ruiz Sanchez enters 'tania1@hotmail.com' into Where we write the email, Tania Ruiz Sanchez enters '3103900120' into Where we write the phone, Tania Ruiz Sanchez clicks on where you select the gender, Tania Ruiz Sanchez clicks on where you select the hobbies, Tania Ruiz Sanchez clicks on where do you click on language]]]
[Test worker] WARN net.thucydides.core.steps.BaseStepListener - stepStarted: net.thucydides.core.steps.ExecutedStepDescription@22ff0356
[Test worker] WARN net.thucydides.core.steps.BaseStepListener - stepFinished: current outcome:Enter data to register:Example: {firstname=Tania, lastname=Ruiz, address=Av Japon, email=tania@hotmail.com, phone=3103900118, year=1995, month=April, day=10, password1=Tania123*, password2=Tania123*} [Given tania wants to register in demo automation testing [Tania ruiz sanchez open up [Tania Ruiz Sanchez opens the Demo automation page]], When she enters the data in the form
| firstname | lastname | address | email | phone | year | month | day | password1 | password2 |
| Tania | Ruiz | Av Japon | tania@hotmail.com | 3103900118 | 1995 | April | 10 | Tania123* | Tania123* | [Tania ruiz sanchez register [Tania Ruiz Sanchez clicks on where we write the first name, Tania Ruiz Sanchez enters 'Tania' into where we write the first name, Tania Ruiz Sanchez enters 'Ruiz' into Where we write the last name, Tania Ruiz Sanchez enters 'Av Japon' into Where we write the address, Tania Ruiz Sanchez enters 'tania@hotmail.com' into Where we write the email, Tania Ruiz Sanchez enters '3103900118' into Where we write the phone, Tania Ruiz Sanchez clicks on where you select the gender, Tania Ruiz Sanchez clicks on where you select the hobbies, Tania Ruiz Sanchez clicks on where do you click on language, Tania Ruiz Sanchez clicks on where you select on language, Tania Ruiz Sanchez clicks on where you select on language, Tania Ruiz Sanchez clicks on Click outside, Tania Ruiz Sanchez clicks on where do you click on skills, Tania Ruiz Sanchez clicks on where you select the skills, Tania Ruiz Sanchez clicks on where do you click on Country, Tania Ruiz Sanchez clicks on where you select the Country, Tania Ruiz Sanchez clicks on Where we write the Country, Tania Ruiz Sanchez select 1995 on where you select the year, Tania Ruiz Sanchez select April on where you select the month, Tania Ruiz Sanchez select 10 on where you select the day, Tania Ruiz Sanchez enters 'Tania123*' into write password to create, Tania Ruiz Sanchez enters 'Tania123*' into write password to confirm, Tania Ruiz Sanchez clicks on Select button submit]], Then she loads the information in the Submit button [Then answer]], Example: {firstname=Patricia, lastname=Sanchez, address=Av cuba, email=tania1@hotmail.com, phone=3103900120, year=1966, month=April, day=30, password1=Tania1234*, password2=Tania1234*} [Given tania wants to register in demo automation testing [Tania ruiz sanchez open up [Tania Ruiz Sanchez opens the Demo automation page]], When she enters the data in the form
| firstname | lastname | address | email | phone | year | month | day | password1 | password2 |
| Patricia | Sanchez | Av cuba | tania1@hotmail.com | 3103900120 | 1966 | April | 30 | Tania1234* | Tania1234* | [Tania ruiz sanchez register [Tania Ruiz Sanchez clicks on where we write the first name, Tania Ruiz Sanchez enters 'Patricia' into where we write the first name, Tania Ruiz Sanchez enters 'Sanchez' into Where we write the last name, Tania Ruiz Sanchez enters 'Av cuba' into Where we write the address, Tania Ruiz Sanchez enters 'tania1@hotmail.com' into Where we write the email, Tania Ruiz Sanchez enters '3103900120' into Where we write the phone, Tania Ruiz Sanchez clicks on where you select the gender, Tania Ruiz Sanchez clicks on where you select the hobbies, Tania Ruiz Sanchez clicks on where do you click on language, Tania Ruiz Sanchez clicks on where you select on language]]]
[Test worker] WARN net.thucydides.core.steps.BaseStepListener - stepStarted: net.thucydides.core.steps.ExecutedStepDescription@61ab0b86
[Test worker] WARN net.thucydides.core.steps.BaseStepListener - stepFinished: current outcome:Enter data to register:Example: {firstname=Tania, lastname=Ruiz, address=Av Japon, email=tania@hotmail.com, phone=3103900118, year=1995, month=April, day=10, password1=Tania123*, password2=Tania123*} [Given tania wants to register in demo automation testing [Tania ruiz sanchez open up [Tania Ruiz Sanchez opens the Demo automation page]], When she enters the data in the form
| firstname | lastname | address | email | phone | year | month | day | password1 | password2 |
| Tania | Ruiz | Av Japon | tania@hotmail.com | 3103900118 | 1995 | April | 10 | Tania123* | Tania123* | [Tania ruiz sanchez register [Tania Ruiz Sanchez clicks on where we write the first name, Tania Ruiz Sanchez enters 'Tania' into where we write the first name, Tania Ruiz Sanchez enters 'Ruiz' into Where we write the last name, Tania Ruiz Sanchez enters 'Av Japon' into Where we write the address, Tania Ruiz Sanchez enters 'tania@hotmail.com' into Where we write the email, Tania Ruiz Sanchez enters '3103900118' into Where we write the phone, Tania Ruiz Sanchez clicks on where you select the gender, Tania Ruiz Sanchez clicks on where you select the hobbies, Tania Ruiz Sanchez clicks on where do you click on language, Tania Ruiz Sanchez clicks on where you select on language, Tania Ruiz Sanchez clicks on where you select on language, Tania Ruiz Sanchez clicks on Click outside, Tania Ruiz Sanchez clicks on where do you click on skills, Tania Ruiz Sanchez clicks on where you select the skills, Tania Ruiz Sanchez clicks on where do you click on Country, Tania Ruiz Sanchez clicks on where you select the Country, Tania Ruiz Sanchez clicks on Where we write the Country, Tania Ruiz Sanchez select 1995 on where you select the year, Tania Ruiz Sanchez select April on where you select the month, Tania Ruiz Sanchez select 10 on where you select the day, Tania Ruiz Sanchez enters 'Tania123*' into write password to create, Tania Ruiz Sanchez enters 'Tania123*' into write password to confirm, Tania Ruiz Sanchez clicks on Select button submit]], Then she loads the information in the Submit button [Then answer]], Example: {firstname=Patricia, lastname=Sanchez, address=Av cuba, email=tania1@hotmail.com, phone=3103900120, year=1966, month=April, day=30, password1=Tania1234*, password2=Tania1234*} [Given tania wants to register in demo automation testing [Tania ruiz sanchez open up [Tania Ruiz Sanchez opens the Demo automation page]], When she enters the data in the form
| firstname | lastname | address | email | phone | year | month | day | password1 | password2 |
| Patricia | Sanchez | Av cuba | tania1@hotmail.com | 3103900120 | 1966 | April | 30 | Tania1234* | Tania1234* | [Tania ruiz sanchez register [Tania Ruiz Sanchez clicks on where we write the first name, Tania Ruiz Sanchez enters 'Patricia' into where we write the first name, Tania Ruiz Sanchez enters 'Sanchez' into Where we write the last name, Tania Ruiz Sanchez enters 'Av cuba' into Where we write the address, Tania Ruiz Sanchez enters 'tania1@hotmail.com' into Where we write the email, Tania Ruiz Sanchez enters '3103900120' into Where we write the phone, Tania Ruiz Sanchez clicks on where you select the gender, Tania Ruiz Sanchez clicks on where you select the hobbies, Tania Ruiz Sanchez clicks on where do you click on language, Tania Ruiz Sanchez clicks on where you select on language, Tania Ruiz Sanchez clicks on where you select on language]]]
[Test worker] WARN net.thucydides.core.steps.BaseStepListener - stepStarted: net.thucydides.core.steps.ExecutedStepDescription@761018ab
[Test worker] WARN net.thucydides.core.steps.BaseStepListener - stepFinished: current outcome:Enter data to register:Example: {firstname=Tania, lastname=Ruiz, address=Av Japon, email=tania@hotmail.com, phone=3103900118, year=1995, month=April, day=10, password1=Tania123*, password2=Tania123*} [Given tania wants to register in demo automation testing [Tania ruiz sanchez open up [Tania Ruiz Sanchez opens the Demo automation page]], When she enters the data in the form
| firstname | lastname | address | email | phone | year | month | day | password1 | password2 |
| Tania | Ruiz | Av Japon | tania@hotmail.com | 3103900118 | 1995 | April | 10 | Tania123* | Tania123* | [Tania ruiz sanchez register [Tania Ruiz Sanchez clicks on where we write the first name, Tania Ruiz Sanchez enters 'Tania' into where we write the first name, Tania Ruiz Sanchez enters 'Ruiz' into Where we write the last name, Tania Ruiz Sanchez enters 'Av Japon' into Where we write the address, Tania Ruiz Sanchez enters 'tania@hotmail.com' into Where we write the email, Tania Ruiz Sanchez enters '3103900118' into Where we write the phone, Tania Ruiz Sanchez clicks on where you select the gender, Tania Ruiz Sanchez clicks on where you select the hobbies, Tania Ruiz Sanchez clicks on where do you click on language, Tania Ruiz Sanchez clicks on where you select on language, Tania Ruiz Sanchez clicks on where you select on language, Tania Ruiz Sanchez clicks on Click outside, Tania Ruiz Sanchez clicks on where do you click on skills, Tania Ruiz Sanchez clicks on where you select the skills, Tania Ruiz Sanchez clicks on where do you click on Country, Tania Ruiz Sanchez clicks on where you select the Country, Tania Ruiz Sanchez clicks on Where we write the Country, Tania Ruiz Sanchez select 1995 on where you select the year, Tania Ruiz Sanchez select April on where you select the month, Tania Ruiz Sanchez select 10 on where you select the day, Tania Ruiz Sanchez enters 'Tania123*' into write password to create, Tania Ruiz Sanchez enters 'Tania123*' into write password to confirm, Tania Ruiz Sanchez clicks on Select button submit]], Then she loads the information in the Submit button [Then answer]], Example: {firstname=Patricia, lastname=Sanchez, address=Av cuba, email=tania1@hotmail.com, phone=3103900120, year=1966, month=April, day=30, password1=Tania1234*, password2=Tania1234*} [Given tania wants to register in demo automation testing [Tania ruiz sanchez open up [Tania Ruiz Sanchez opens the Demo automation page]], When she enters the data in the form
| firstname | lastname | address | email | phone | year | month | day | password1 | password2 |
| Patricia | Sanchez | Av cuba | tania1@hotmail.com | 3103900120 | 1966 | April | 30 | Tania1234* | Tania1234* | [Tania ruiz sanchez register [Tania Ruiz Sanchez clicks on where we write the first name, Tania Ruiz Sanchez enters 'Patricia' into where we write the first name, Tania Ruiz Sanchez enters 'Sanchez' into Where we write the last name, Tania Ruiz Sanchez enters 'Av cuba' into Where we write the address, Tania Ruiz Sanchez enters 'tania1@hotmail.com' into Where we write the email, Tania Ruiz Sanchez enters '3103900120' into Where we write the phone, Tania Ruiz Sanchez clicks on where you select the gender, Tania Ruiz Sanchez clicks on where you select the hobbies, Tania Ruiz Sanchez clicks on where do you click on language, Tania Ruiz Sanchez clicks on where you select on language, Tania Ruiz Sanchez clicks on where you select on language, Tania Ruiz Sanchez clicks on Click outside]]]
[Test worker] WARN net.thucydides.core.steps.BaseStepListener - stepStarted: net.thucydides.core.steps.ExecutedStepDescription@1b22aafb
[Test worker] WARN net.thucydides.core.steps.BaseStepListener - stepFinished: current outcome:Enter data to register:Example: {firstname=Tania, lastname=Ruiz, address=Av Japon, email=tania@hotmail.com, phone=3103900118, year=1995, month=April, day=10, password1=Tania123*, password2=Tania123*} [Given tania wants to register in demo automation testing [Tania ruiz sanchez open up [Tania Ruiz Sanchez opens the Demo automation page]], When she enters the data in the form
| firstname | lastname | address | email | phone | year | month | day | password1 | password2 |
| Tania | Ruiz | Av Japon | tania@hotmail.com | 3103900118 | 1995 | April | 10 | Tania123* | Tania123* | [Tania ruiz sanchez register [Tania Ruiz Sanchez clicks on where we write the first name, Tania Ruiz Sanchez enters 'Tania' into where we write the first name, Tania Ruiz Sanchez enters 'Ruiz' into Where we write the last name, Tania Ruiz Sanchez enters 'Av Japon' into Where we write the address, Tania Ruiz Sanchez enters 'tania@hotmail.com' into Where we write the email, Tania Ruiz Sanchez enters '3103900118' into Where we write the phone, Tania Ruiz Sanchez clicks on where you select the gender, Tania Ruiz Sanchez clicks on where you select the hobbies, Tania Ruiz Sanchez clicks on where do you click on language, Tania Ruiz Sanchez clicks on where you select on language, Tania Ruiz Sanchez clicks on where you select on language, Tania Ruiz Sanchez clicks on Click outside, Tania Ruiz Sanchez clicks on where do you click on skills, Tania Ruiz Sanchez clicks on where you select the skills, Tania Ruiz Sanchez clicks on where do you click on Country, Tania Ruiz Sanchez clicks on where you select the Country, Tania Ruiz Sanchez clicks on Where we write the Country, Tania Ruiz Sanchez select 1995 on where you select the year, Tania Ruiz Sanchez select April on where you select the month, Tania Ruiz Sanchez select 10 on where you select the day, Tania Ruiz Sanchez enters 'Tania123*' into write password to create, Tania Ruiz Sanchez enters 'Tania123*' into write password to confirm, Tania Ruiz Sanchez clicks on Select button submit]], Then she loads the information in the Submit button [Then answer]], Example: {firstname=Patricia, lastname=Sanchez, address=Av cuba, email=tania1@hotmail.com, phone=3103900120, year=1966, month=April, day=30, password1=Tania1234*, password2=Tania1234*} [Given tania wants to register in demo automation testing [Tania ruiz sanchez open up [Tania Ruiz Sanchez opens the Demo automation page]], When she enters the data in the form
| firstname | lastname | address | email | phone | year | month | day | password1 | password2 |
| Patricia | Sanchez | Av cuba | tania1@hotmail.com | 3103900120 | 1966 | April | 30 | Tania1234* | Tania1234* | [Tania ruiz sanchez register [Tania Ruiz Sanchez clicks on where we write the first name, Tania Ruiz Sanchez enters 'Patricia' into where we write the first name, Tania Ruiz Sanchez enters 'Sanchez' into Where we write the last name, Tania Ruiz Sanchez enters 'Av cuba' into Where we write the address, Tania Ruiz Sanchez enters 'tania1@hotmail.com' into Where we write the email, Tania Ruiz Sanchez enters '3103900120' into Where we write the phone, Tania Ruiz Sanchez clicks on where you select the gender, Tania Ruiz Sanchez clicks on where you select the hobbies, Tania Ruiz Sanchez clicks on where do you click on language, Tania Ruiz Sanchez clicks on where you select on language, Tania Ruiz Sanchez clicks on where you select on language, Tania Ruiz Sanchez clicks on Click outside, Tania Ruiz Sanchez clicks on where do you click on skills]]]
[Test worker] WARN net.thucydides.core.steps.BaseStepListener - stepStarted: net.thucydides.core.steps.ExecutedStepDescription@20ade249
[Test worker] WARN net.thucydides.core.steps.BaseStepListener - stepFinished: current outcome:Enter data to register:Example: {firstname=Tania, lastname=Ruiz, address=Av Japon, email=tania@hotmail.com, phone=3103900118, year=1995, month=April, day=10, password1=Tania123*, password2=Tania123*} [Given tania wants to register in demo automation testing [Tania ruiz sanchez open up [Tania Ruiz Sanchez opens the Demo automation page]], When she enters the data in the form
| firstname | lastname | address | email | phone | year | month | day | password1 | password2 |
| Tania | Ruiz | Av Japon | tania@hotmail.com | 3103900118 | 1995 | April | 10 | Tania123* | Tania123* | [Tania ruiz sanchez register [Tania Ruiz Sanchez clicks on where we write the first name, Tania Ruiz Sanchez enters 'Tania' into where we write the first name, Tania Ruiz Sanchez enters 'Ruiz' into Where we write the last name, Tania Ruiz Sanchez enters 'Av Japon' into Where we write the address, Tania Ruiz Sanchez enters 'tania@hotmail.com' into Where we write the email, Tania Ruiz Sanchez enters '3103900118' into Where we write the phone, Tania Ruiz Sanchez clicks on where you select the gender, Tania Ruiz Sanchez clicks on where you select the hobbies, Tania Ruiz Sanchez clicks on where do you click on language, Tania Ruiz Sanchez clicks on where you select on language, Tania Ruiz Sanchez clicks on where you select on language, Tania Ruiz Sanchez clicks on Click outside, Tania Ruiz Sanchez clicks on where do you click on skills, Tania Ruiz Sanchez clicks on where you select the skills, Tania Ruiz Sanchez clicks on where do you click on Country, Tania Ruiz Sanchez clicks on where you select the Country, Tania Ruiz Sanchez clicks on Where we write the Country, Tania Ruiz Sanchez select 1995 on where you select the year, Tania Ruiz Sanchez select April on where you select the month, Tania Ruiz Sanchez select 10 on where you select the day, Tania Ruiz Sanchez enters 'Tania123*' into write password to create, Tania Ruiz Sanchez enters 'Tania123*' into write password to confirm, Tania Ruiz Sanchez clicks on Select button submit]], Then she loads the information in the Submit button [Then answer]], Example: {firstname=Patricia, lastname=Sanchez, address=Av cuba, email=tania1@hotmail.com, phone=3103900120, year=1966, month=April, day=30, password1=Tania1234*, password2=Tania1234*} [Given tania wants to register in demo automation testing [Tania ruiz sanchez open up [Tania Ruiz Sanchez opens the Demo automation page]], When she enters the data in the form
| firstname | lastname | address | email | phone | year | month | day | password1 | password2 |
| Patricia | Sanchez | Av cuba | tania1@hotmail.com | 3103900120 | 1966 | April | 30 | Tania1234* | Tania1234* | [Tania ruiz sanchez register [Tania Ruiz Sanchez clicks on where we write the first name, Tania Ruiz Sanchez enters 'Patricia' into where we write the first name, Tania Ruiz Sanchez enters 'Sanchez' into Where we write the last name, Tania Ruiz Sanchez enters 'Av cuba' into Where we write the address, Tania Ruiz Sanchez enters 'tania1@hotmail.com' into Where we write the email, Tania Ruiz Sanchez enters '3103900120' into Where we write the phone, Tania Ruiz Sanchez clicks on where you select the gender, Tania Ruiz Sanchez clicks on where you select the hobbies, Tania Ruiz Sanchez clicks on where do you click on language, Tania Ruiz Sanchez clicks on where you select on language, Tania Ruiz Sanchez clicks on where you select on language, Tania Ruiz Sanchez clicks on Click outside, Tania Ruiz Sanchez clicks on where do you click on skills, Tania Ruiz Sanchez clicks on where you select the skills]]]
[Test worker] WARN net.thucydides.core.steps.BaseStepListener - stepStarted: net.thucydides.core.steps.ExecutedStepDescription@572edb53
[Test worker] WARN net.thucydides.core.steps.BaseStepListener - stepFinished: current outcome:Enter data to register:Example: {firstname=Tania, lastname=Ruiz, address=Av Japon, email=tania@hotmail.com, phone=3103900118, year=1995, month=April, day=10, password1=Tania123*, password2=Tania123*} [Given tania wants to register in demo automation testing [Tania ruiz sanchez open up [Tania Ruiz Sanchez opens the Demo automation page]], When she enters the data in the form
| firstname | lastname | address | email | phone | year | month | day | password1 | password2 |
| Tania | Ruiz | Av Japon | tania@hotmail.com | 3103900118 | 1995 | April | 10 | Tania123* | Tania123* | [Tania ruiz sanchez register [Tania Ruiz Sanchez clicks on where we write the first name, Tania Ruiz Sanchez enters 'Tania' into where we write the first name, Tania Ruiz Sanchez enters 'Ruiz' into Where we write the last name, Tania Ruiz Sanchez enters 'Av Japon' into Where we write the address, Tania Ruiz Sanchez enters 'tania@hotmail.com' into Where we write the email, Tania Ruiz Sanchez enters '3103900118' into Where we write the phone, Tania Ruiz Sanchez clicks on where you select the gender, Tania Ruiz Sanchez clicks on where you select the hobbies, Tania Ruiz Sanchez clicks on where do you click on language, Tania Ruiz Sanchez clicks on where you select on language, Tania Ruiz Sanchez clicks on where you select on language, Tania Ruiz Sanchez clicks on Click outside, Tania Ruiz Sanchez clicks on where do you click on skills, Tania Ruiz Sanchez clicks on where you select the skills, Tania Ruiz Sanchez clicks on where do you click on Country, Tania Ruiz Sanchez clicks on where you select the Country, Tania Ruiz Sanchez clicks on Where we write the Country, Tania Ruiz Sanchez select 1995 on where you select the year, Tania Ruiz Sanchez select April on where you select the month, Tania Ruiz Sanchez select 10 on where you select the day, Tania Ruiz Sanchez enters 'Tania123*' into write password to create, Tania Ruiz Sanchez enters 'Tania123*' into write password to confirm, Tania Ruiz Sanchez clicks on Select button submit]], Then she loads the information in the Submit button [Then answer]], Example: {firstname=Patricia, lastname=Sanchez, address=Av cuba, email=tania1@hotmail.com, phone=3103900120, year=1966, month=April, day=30, password1=Tania1234*, password2=Tania1234*} [Given tania wants to register in demo automation testing [Tania ruiz sanchez open up [Tania Ruiz Sanchez opens the Demo automation page]], When she enters the data in the form
| firstname | lastname | address | email | phone | year | month | day | password1 | password2 |
| Patricia | Sanchez | Av cuba | tania1@hotmail.com | 3103900120 | 1966 | April | 30 | Tania1234* | Tania1234* | [Tania ruiz sanchez register [Tania Ruiz Sanchez clicks on where we write the first name, Tania Ruiz Sanchez enters 'Patricia' into where we write the first name, Tania Ruiz Sanchez enters 'Sanchez' into Where we write the last name, Tania Ruiz Sanchez enters 'Av cuba' into Where we write the address, Tania Ruiz Sanchez enters 'tania1@hotmail.com' into Where we write the email, Tania Ruiz Sanchez enters '3103900120' into Where we write the phone, Tania Ruiz Sanchez clicks on where you select the gender, Tania Ruiz Sanchez clicks on where you select the hobbies, Tania Ruiz Sanchez clicks on where do you click on language, Tania Ruiz Sanchez clicks on where you select on language, Tania Ruiz Sanchez clicks on where you select on language, Tania Ruiz Sanchez clicks on Click outside, Tania Ruiz Sanchez clicks on where do you click on skills, Tania Ruiz Sanchez clicks on where you select the skills, Tania Ruiz Sanchez clicks on where do you click on Country]]]
[Test worker] WARN net.thucydides.core.steps.BaseStepListener - stepStarted: net.thucydides.core.steps.ExecutedStepDescription@4f040a43
[Test worker] WARN net.thucydides.core.steps.BaseStepListener - stepFinished: current outcome:Enter data to register:Example: {firstname=Tania, lastname=Ruiz, address=Av Japon, email=tania@hotmail.com, phone=3103900118, year=1995, month=April, day=10, password1=Tania123*, password2=Tania123*} [Given tania wants to register in demo automation testing [Tania ruiz sanchez open up [Tania Ruiz Sanchez opens the Demo automation page]], When she enters the data in the form
| firstname | lastname | address | email | phone | year | month | day | password1 | password2 |
| Tania | Ruiz | Av Japon | tania@hotmail.com | 3103900118 | 1995 | April | 10 | Tania123* | Tania123* | [Tania ruiz sanchez register [Tania Ruiz Sanchez clicks on where we write the first name, Tania Ruiz Sanchez enters 'Tania' into where we write the first name, Tania Ruiz Sanchez enters 'Ruiz' into Where we write the last name, Tania Ruiz Sanchez enters 'Av Japon' into Where we write the address, Tania Ruiz Sanchez enters 'tania@hotmail.com' into Where we write the email, Tania Ruiz Sanchez enters '3103900118' into Where we write the phone, Tania Ruiz Sanchez clicks on where you select the gender, Tania Ruiz Sanchez clicks on where you select the hobbies, Tania Ruiz Sanchez clicks on where do you click on language, Tania Ruiz Sanchez clicks on where you select on language, Tania Ruiz Sanchez clicks on where you select on language, Tania Ruiz Sanchez clicks on Click outside, Tania Ruiz Sanchez clicks on where do you click on skills, Tania Ruiz Sanchez clicks on where you select the skills, Tania Ruiz Sanchez clicks on where do you click on Country, Tania Ruiz Sanchez clicks on where you select the Country, Tania Ruiz Sanchez clicks on Where we write the Country, Tania Ruiz Sanchez select 1995 on where you select the year, Tania Ruiz Sanchez select April on where you select the month, Tania Ruiz Sanchez select 10 on where you select the day, Tania Ruiz Sanchez enters 'Tania123*' into write password to create, Tania Ruiz Sanchez enters 'Tania123*' into write password to confirm, Tania Ruiz Sanchez clicks on Select button submit]], Then she loads the information in the Submit button [Then answer]], Example: {firstname=Patricia, lastname=Sanchez, address=Av cuba, email=tania1@hotmail.com, phone=3103900120, year=1966, month=April, day=30, password1=Tania1234*, password2=Tania1234*} [Given tania wants to register in demo automation testing [Tania ruiz sanchez open up [Tania Ruiz Sanchez opens the Demo automation page]], When she enters the data in the form
| firstname | lastname | address | email | phone | year | month | day | password1 | password2 |
| Patricia | Sanchez | Av cuba | tania1@hotmail.com | 3103900120 | 1966 | April | 30 | Tania1234* | Tania1234* | [Tania ruiz sanchez register [Tania Ruiz Sanchez clicks on where we write the first name, Tania Ruiz Sanchez enters 'Patricia' into where we write the first name, Tania Ruiz Sanchez enters 'Sanchez' into Where we write the last name, Tania Ruiz Sanchez enters 'Av cuba' into Where we write the address, Tania Ruiz Sanchez enters 'tania1@hotmail.com' into Where we write the email, Tania Ruiz Sanchez enters '3103900120' into Where we write the phone, Tania Ruiz Sanchez clicks on where you select the gender, Tania Ruiz Sanchez clicks on where you select the hobbies, Tania Ruiz Sanchez clicks on where do you click on language, Tania Ruiz Sanchez clicks on where you select on language, Tania Ruiz Sanchez clicks on where you select on language, Tania Ruiz Sanchez clicks on Click outside, Tania Ruiz Sanchez clicks on where do you click on skills, Tania Ruiz Sanchez clicks on where you select the skills, Tania Ruiz Sanchez clicks on where do you click on Country, Tania Ruiz Sanchez clicks on where you select the Country]]]
[Test worker] WARN net.thucydides.core.steps.BaseStepListener - stepStarted: net.thucydides.core.steps.ExecutedStepDescription@27342994
[Test worker] WARN net.thucydides.core.steps.BaseStepListener - stepFinished: current outcome:Enter data to register:Example: {firstname=Tania, lastname=Ruiz, address=Av Japon, email=tania@hotmail.com, phone=3103900118, year=1995, month=April, day=10, password1=Tania123*, password2=Tania123*} [Given tania wants to register in demo automation testing [Tania ruiz sanchez open up [Tania Ruiz Sanchez opens the Demo automation page]], When she enters the data in the form
| firstname | lastname | address | email | phone | year | month | day | password1 | password2 |
| Tania | Ruiz | Av Japon | tania@hotmail.com | 3103900118 | 1995 | April | 10 | Tania123* | Tania123* | [Tania ruiz sanchez register [Tania Ruiz Sanchez clicks on where we write the first name, Tania Ruiz Sanchez enters 'Tania' into where we write the first name, Tania Ruiz Sanchez enters 'Ruiz' into Where we write the last name, Tania Ruiz Sanchez enters 'Av Japon' into Where we write the address, Tania Ruiz Sanchez enters 'tania@hotmail.com' into Where we write the email, Tania Ruiz Sanchez enters '3103900118' into Where we write the phone, Tania Ruiz Sanchez clicks on where you select the gender, Tania Ruiz Sanchez clicks on where you select the hobbies, Tania Ruiz Sanchez clicks on where do you click on language, Tania Ruiz Sanchez clicks on where you select on language, Tania Ruiz Sanchez clicks on where you select on language, Tania Ruiz Sanchez clicks on Click outside, Tania Ruiz Sanchez clicks on where do you click on skills, Tania Ruiz Sanchez clicks on where you select the skills, Tania Ruiz Sanchez clicks on where do you click on Country, Tania Ruiz Sanchez clicks on where you select the Country, Tania Ruiz Sanchez clicks on Where we write the Country, Tania Ruiz Sanchez select 1995 on where you select the year, Tania Ruiz Sanchez select April on where you select the month, Tania Ruiz Sanchez select 10 on where you select the day, Tania Ruiz Sanchez enters 'Tania123*' into write password to create, Tania Ruiz Sanchez enters 'Tania123*' into write password to confirm, Tania Ruiz Sanchez clicks on Select button submit]], Then she loads the information in the Submit button [Then answer]], Example: {firstname=Patricia, lastname=Sanchez, address=Av cuba, email=tania1@hotmail.com, phone=3103900120, year=1966, month=April, day=30, password1=Tania1234*, password2=Tania1234*} [Given tania wants to register in demo automation testing [Tania ruiz sanchez open up [Tania Ruiz Sanchez opens the Demo automation page]], When she enters the data in the form
| firstname | lastname | address | email | phone | year | month | day | password1 | password2 |
| Patricia | Sanchez | Av cuba | tania1@hotmail.com | 3103900120 | 1966 | April | 30 | Tania1234* | Tania1234* | [Tania ruiz sanchez register [Tania Ruiz Sanchez clicks on where we write the first name, Tania Ruiz Sanchez enters 'Patricia' into where we write the first name, Tania Ruiz Sanchez enters 'Sanchez' into Where we write the last name, Tania Ruiz Sanchez enters 'Av cuba' into Where we write the address, Tania Ruiz Sanchez enters 'tania1@hotmail.com' into Where we write the email, Tania Ruiz Sanchez enters '3103900120' into Where we write the phone, Tania Ruiz Sanchez clicks on where you select the gender, Tania Ruiz Sanchez clicks on where you select the hobbies, Tania Ruiz Sanchez clicks on where do you click on language, Tania Ruiz Sanchez clicks on where you select on language, Tania Ruiz Sanchez clicks on where you select on language, Tania Ruiz Sanchez clicks on Click outside, Tania Ruiz Sanchez clicks on where do you click on skills, Tania Ruiz Sanchez clicks on where you select the skills, Tania Ruiz Sanchez clicks on where do you click on Country, Tania Ruiz Sanchez clicks on where you select the Country, Tania Ruiz Sanchez clicks on Where we write the Country]]]
[Test worker] WARN net.thucydides.core.steps.BaseStepListener - stepStarted: net.thucydides.core.steps.ExecutedStepDescription@536d9cd0
[Test worker] WARN net.thucydides.core.steps.BaseStepListener - stepFinished: current outcome:Enter data to register:Example: {firstname=Tania, lastname=Ruiz, address=Av Japon, email=tania@hotmail.com, phone=3103900118, year=1995, month=April, day=10, password1=Tania123*, password2=Tania123*} [Given tania wants to register in demo automation testing [Tania ruiz sanchez open up [Tania Ruiz Sanchez opens the Demo automation page]], When she enters the data in the form
| firstname | lastname | address | email | phone | year | month | day | password1 | password2 |
| Tania | Ruiz | Av Japon | tania@hotmail.com | 3103900118 | 1995 | April | 10 | Tania123* | Tania123* | [Tania ruiz sanchez register [Tania Ruiz Sanchez clicks on where we write the first name, Tania Ruiz Sanchez enters 'Tania' into where we write the first name, Tania Ruiz Sanchez enters 'Ruiz' into Where we write the last name, Tania Ruiz Sanchez enters 'Av Japon' into Where we write the address, Tania Ruiz Sanchez enters 'tania@hotmail.com' into Where we write the email, Tania Ruiz Sanchez enters '3103900118' into Where we write the phone, Tania Ruiz Sanchez clicks on where you select the gender, Tania Ruiz Sanchez clicks on where you select the hobbies, Tania Ruiz Sanchez clicks on where do you click on language, Tania Ruiz Sanchez clicks on where you select on language, Tania Ruiz Sanchez clicks on where you select on language, Tania Ruiz Sanchez clicks on Click outside, Tania Ruiz Sanchez clicks on where do you click on skills, Tania Ruiz Sanchez clicks on where you select the skills, Tania Ruiz Sanchez clicks on where do you click on Country, Tania Ruiz Sanchez clicks on where you select the Country, Tania Ruiz Sanchez clicks on Where we write the Country, Tania Ruiz Sanchez select 1995 on where you select the year, Tania Ruiz Sanchez select April on where you select the month, Tania Ruiz Sanchez select 10 on where you select the day, Tania Ruiz Sanchez enters 'Tania123*' into write password to create, Tania Ruiz Sanchez enters 'Tania123*' into write password to confirm, Tania Ruiz Sanchez clicks on Select button submit]], Then she loads the information in the Submit button [Then answer]], Example: {firstname=Patricia, lastname=Sanchez, address=Av cuba, email=tania1@hotmail.com, phone=3103900120, year=1966, month=April, day=30, password1=Tania1234*, password2=Tania1234*} [Given tania wants to register in demo automation testing [Tania ruiz sanchez open up [Tania Ruiz Sanchez opens the Demo automation page]], When she enters the data in the form
| firstname | lastname | address | email | phone | year | month | day | password1 | password2 |
| Patricia | Sanchez | Av cuba | tania1@hotmail.com | 3103900120 | 1966 | April | 30 | Tania1234* | Tania1234* | [Tania ruiz sanchez register [Tania Ruiz Sanchez clicks on where we write the first name, Tania Ruiz Sanchez enters 'Patricia' into where we write the first name, Tania Ruiz Sanchez enters 'Sanchez' into Where we write the last name, Tania Ruiz Sanchez enters 'Av cuba' into Where we write the address, Tania Ruiz Sanchez enters 'tania1@hotmail.com' into Where we write the email, Tania Ruiz Sanchez enters '3103900120' into Where we write the phone, Tania Ruiz Sanchez clicks on where you select the gender, Tania Ruiz Sanchez clicks on where you select the hobbies, Tania Ruiz Sanchez clicks on where do you click on language, Tania Ruiz Sanchez clicks on where you select on language, Tania Ruiz Sanchez clicks on where you select on language, Tania Ruiz Sanchez clicks on Click outside, Tania Ruiz Sanchez clicks on where do you click on skills, Tania Ruiz Sanchez clicks on where you select the skills, Tania Ruiz Sanchez clicks on where do you click on Country, Tania Ruiz Sanchez clicks on where you select the Country, Tania Ruiz Sanchez clicks on Where we write the Country, Tania Ruiz Sanchez select 1966 on where you select the year]]]
[Test worker] WARN net.thucydides.core.steps.BaseStepListener - stepStarted: net.thucydides.core.steps.ExecutedStepDescription@44193b1e
[Test worker] WARN net.thucydides.core.steps.BaseStepListener - stepFinished: current outcome:Enter data to register:Example: {firstname=Tania, lastname=Ruiz, address=Av Japon, email=tania@hotmail.com, phone=3103900118, year=1995, month=April, day=10, password1=Tania123*, password2=Tania123*} [Given tania wants to register in demo automation testing [Tania ruiz sanchez open up [Tania Ruiz Sanchez opens the Demo automation page]], When she enters the data in the form
| firstname | lastname | address | email | phone | year | month | day | password1 | password2 |
| Tania | Ruiz | Av Japon | tania@hotmail.com | 3103900118 | 1995 | April | 10 | Tania123* | Tania123* | [Tania ruiz sanchez register [Tania Ruiz Sanchez clicks on where we write the first name, Tania Ruiz Sanchez enters 'Tania' into where we write the first name, Tania Ruiz Sanchez enters 'Ruiz' into Where we write the last name, Tania Ruiz Sanchez enters 'Av Japon' into Where we write the address, Tania Ruiz Sanchez enters 'tania@hotmail.com' into Where we write the email, Tania Ruiz Sanchez enters '3103900118' into Where we write the phone, Tania Ruiz Sanchez clicks on where you select the gender, Tania Ruiz Sanchez clicks on where you select the hobbies, Tania Ruiz Sanchez clicks on where do you click on language, Tania Ruiz Sanchez clicks on where you select on language, Tania Ruiz Sanchez clicks on where you select on language, Tania Ruiz Sanchez clicks on Click outside, Tania Ruiz Sanchez clicks on where do you click on skills, Tania Ruiz Sanchez clicks on where you select the skills, Tania Ruiz Sanchez clicks on where do you click on Country, Tania Ruiz Sanchez clicks on where you select the Country, Tania Ruiz Sanchez clicks on Where we write the Country, Tania Ruiz Sanchez select 1995 on where you select the year, Tania Ruiz Sanchez select April on where you select the month, Tania Ruiz Sanchez select 10 on where you select the day, Tania Ruiz Sanchez enters 'Tania123*' into write password to create, Tania Ruiz Sanchez enters 'Tania123*' into write password to confirm, Tania Ruiz Sanchez clicks on Select button submit]], Then she loads the information in the Submit button [Then answer]], Example: {firstname=Patricia, lastname=Sanchez, address=Av cuba, email=tania1@hotmail.com, phone=3103900120, year=1966, month=April, day=30, password1=Tania1234*, password2=Tania1234*} [Given tania wants to register in demo automation testing [Tania ruiz sanchez open up [Tania Ruiz Sanchez opens the Demo automation page]], When she enters the data in the form
| firstname | lastname | address | email | phone | year | month | day | password1 | password2 |
| Patricia | Sanchez | Av cuba | tania1@hotmail.com | 3103900120 | 1966 | April | 30 | Tania1234* | Tania1234* | [Tania ruiz sanchez register [Tania Ruiz Sanchez clicks on where we write the first name, Tania Ruiz Sanchez enters 'Patricia' into where we write the first name, Tania Ruiz Sanchez enters 'Sanchez' into Where we write the last name, Tania Ruiz Sanchez enters 'Av cuba' into Where we write the address, Tania Ruiz Sanchez enters 'tania1@hotmail.com' into Where we write the email, Tania Ruiz Sanchez enters '3103900120' into Where we write the phone, Tania Ruiz Sanchez clicks on where you select the gender, Tania Ruiz Sanchez clicks on where you select the hobbies, Tania Ruiz Sanchez clicks on where do you click on language, Tania Ruiz Sanchez clicks on where you select on language, Tania Ruiz Sanchez clicks on where you select on language, Tania Ruiz Sanchez clicks on Click outside, Tania Ruiz Sanchez clicks on where do you click on skills, Tania Ruiz Sanchez clicks on where you select the skills, Tania Ruiz Sanchez clicks on where do you click on Country, Tania Ruiz Sanchez clicks on where you select the Country, Tania Ruiz Sanchez clicks on Where we write the Country, Tania Ruiz Sanchez select 1966 on where you select the year, Tania Ruiz Sanchez select April on where you select the month]]]
[Test worker] WARN net.thucydides.core.steps.BaseStepListener - stepStarted: net.thucydides.core.steps.ExecutedStepDescription@28356629
[Test worker] WARN net.thucydides.core.steps.BaseStepListener - stepFinished: current outcome:Enter data to register:Example: {firstname=Tania, lastname=Ruiz, address=Av Japon, email=tania@hotmail.com, phone=3103900118, year=1995, month=April, day=10, password1=Tania123*, password2=Tania123*} [Given tania wants to register in demo automation testing [Tania ruiz sanchez open up [Tania Ruiz Sanchez opens the Demo automation page]], When she enters the data in the form
| firstname | lastname | address | email | phone | year | month | day | password1 | password2 |
| Tania | Ruiz | Av Japon | tania@hotmail.com | 3103900118 | 1995 | April | 10 | Tania123* | Tania123* | [Tania ruiz sanchez register [Tania Ruiz Sanchez clicks on where we write the first name, Tania Ruiz Sanchez enters 'Tania' into where we write the first name, Tania Ruiz Sanchez enters 'Ruiz' into Where we write the last name, Tania Ruiz Sanchez enters 'Av Japon' into Where we write the address, Tania Ruiz Sanchez enters 'tania@hotmail.com' into Where we write the email, Tania Ruiz Sanchez enters '3103900118' into Where we write the phone, Tania Ruiz Sanchez clicks on where you select the gender, Tania Ruiz Sanchez clicks on where you select the hobbies, Tania Ruiz Sanchez clicks on where do you click on language, Tania Ruiz Sanchez clicks on where you select on language, Tania Ruiz Sanchez clicks on where you select on language, Tania Ruiz Sanchez clicks on Click outside, Tania Ruiz Sanchez clicks on where do you click on skills, Tania Ruiz Sanchez clicks on where you select the skills, Tania Ruiz Sanchez clicks on where do you click on Country, Tania Ruiz Sanchez clicks on where you select the Country, Tania Ruiz Sanchez clicks on Where we write the Country, Tania Ruiz Sanchez select 1995 on where you select the year, Tania Ruiz Sanchez select April on where you select the month, Tania Ruiz Sanchez select 10 on where you select the day, Tania Ruiz Sanchez enters 'Tania123*' into write password to create, Tania Ruiz Sanchez enters 'Tania123*' into write password to confirm, Tania Ruiz Sanchez clicks on Select button submit]], Then she loads the information in the Submit button [Then answer]], Example: {firstname=Patricia, lastname=Sanchez, address=Av cuba, email=tania1@hotmail.com, phone=3103900120, year=1966, month=April, day=30, password1=Tania1234*, password2=Tania1234*} [Given tania wants to register in demo automation testing [Tania ruiz sanchez open up [Tania Ruiz Sanchez opens the Demo automation page]], When she enters the data in the form
| firstname | lastname | address | email | phone | year | month | day | password1 | password2 |
| Patricia | Sanchez | Av cuba | tania1@hotmail.com | 3103900120 | 1966 | April | 30 | Tania1234* | Tania1234* | [Tania ruiz sanchez register [Tania Ruiz Sanchez clicks on where we write the first name, Tania Ruiz Sanchez enters 'Patricia' into where we write the first name, Tania Ruiz Sanchez enters 'Sanchez' into Where we write the last name, Tania Ruiz Sanchez enters 'Av cuba' into Where we write the address, Tania Ruiz Sanchez enters 'tania1@hotmail.com' into Where we write the email, Tania Ruiz Sanchez enters '3103900120' into Where we write the phone, Tania Ruiz Sanchez clicks on where you select the gender, Tania Ruiz Sanchez clicks on where you select the hobbies, Tania Ruiz Sanchez clicks on where do you click on language, Tania Ruiz Sanchez clicks on where you select on language, Tania Ruiz Sanchez clicks on where you select on language, Tania Ruiz Sanchez clicks on Click outside, Tania Ruiz Sanchez clicks on where do you click on skills, Tania Ruiz Sanchez clicks on where you select the skills, Tania Ruiz Sanchez clicks on where do you click on Country, Tania Ruiz Sanchez clicks on where you select the Country, Tania Ruiz Sanchez clicks on Where we write the Country, Tania Ruiz Sanchez select 1966 on where you select the year, Tania Ruiz Sanchez select April on where you select the month, Tania Ruiz Sanchez select 30 on where you select the day]]]
[Test worker] WARN net.thucydides.core.steps.BaseStepListener - stepStarted: net.thucydides.core.steps.ExecutedStepDescription@42f06157
[Test worker] WARN net.thucydides.core.steps.BaseStepListener - stepFinished: current outcome:Enter data to register:Example: {firstname=Tania, lastname=Ruiz, address=Av Japon, email=tania@hotmail.com, phone=3103900118, year=1995, month=April, day=10, password1=Tania123*, password2=Tania123*} [Given tania wants to register in demo automation testing [Tania ruiz sanchez open up [Tania Ruiz Sanchez opens the Demo automation page]], When she enters the data in the form
| firstname | lastname | address | email | phone | year | month | day | password1 | password2 |
| Tania | Ruiz | Av Japon | tania@hotmail.com | 3103900118 | 1995 | April | 10 | Tania123* | Tania123* | [Tania ruiz sanchez register [Tania Ruiz Sanchez clicks on where we write the first name, Tania Ruiz Sanchez enters 'Tania' into where we write the first name, Tania Ruiz Sanchez enters 'Ruiz' into Where we write the last name, Tania Ruiz Sanchez enters 'Av Japon' into Where we write the address, Tania Ruiz Sanchez enters 'tania@hotmail.com' into Where we write the email, Tania Ruiz Sanchez enters '3103900118' into Where we write the phone, Tania Ruiz Sanchez clicks on where you select the gender, Tania Ruiz Sanchez clicks on where you select the hobbies, Tania Ruiz Sanchez clicks on where do you click on language, Tania Ruiz Sanchez clicks on where you select on language, Tania Ruiz Sanchez clicks on where you select on language, Tania Ruiz Sanchez clicks on Click outside, Tania Ruiz Sanchez clicks on where do you click on skills, Tania Ruiz Sanchez clicks on where you select the skills, Tania Ruiz Sanchez clicks on where do you click on Country, Tania Ruiz Sanchez clicks on where you select the Country, Tania Ruiz Sanchez clicks on Where we write the Country, Tania Ruiz Sanchez select 1995 on where you select the year, Tania Ruiz Sanchez select April on where you select the month, Tania Ruiz Sanchez select 10 on where you select the day, Tania Ruiz Sanchez enters 'Tania123*' into write password to create, Tania Ruiz Sanchez enters 'Tania123*' into write password to confirm, Tania Ruiz Sanchez clicks on Select button submit]], Then she loads the information in the Submit button [Then answer]], Example: {firstname=Patricia, lastname=Sanchez, address=Av cuba, email=tania1@hotmail.com, phone=3103900120, year=1966, month=April, day=30, password1=Tania1234*, password2=Tania1234*} [Given tania wants to register in demo automation testing [Tania ruiz sanchez open up [Tania Ruiz Sanchez opens the Demo automation page]], When she enters the data in the form
| firstname | lastname | address | email | phone | year | month | day | password1 | password2 |
| Patricia | Sanchez | Av cuba | tania1@hotmail.com | 3103900120 | 1966 | April | 30 | Tania1234* | Tania1234* | [Tania ruiz sanchez register [Tania Ruiz Sanchez clicks on where we write the first name, Tania Ruiz Sanchez enters 'Patricia' into where we write the first name, Tania Ruiz Sanchez enters 'Sanchez' into Where we write the last name, Tania Ruiz Sanchez enters 'Av cuba' into Where we write the address, Tania Ruiz Sanchez enters 'tania1@hotmail.com' into Where we write the email, Tania Ruiz Sanchez enters '3103900120' into Where we write the phone, Tania Ruiz Sanchez clicks on where you select the gender, Tania Ruiz Sanchez clicks on where you select the hobbies, Tania Ruiz Sanchez clicks on where do you click on language, Tania Ruiz Sanchez clicks on where you select on language, Tania Ruiz Sanchez clicks on where you select on language, Tania Ruiz Sanchez clicks on Click outside, Tania Ruiz Sanchez clicks on where do you click on skills, Tania Ruiz Sanchez clicks on where you select the skills, Tania Ruiz Sanchez clicks on where do you click on Country, Tania Ruiz Sanchez clicks on where you select the Country, Tania Ruiz Sanchez clicks on Where we write the Country, Tania Ruiz Sanchez select 1966 on where you select the year, Tania Ruiz Sanchez select April on where you select the month, Tania Ruiz Sanchez select 30 on where you select the day, Tania Ruiz Sanchez enters 'Tania1234*' into write password to create]]]
[Test worker] WARN net.thucydides.core.steps.BaseStepListener - stepStarted: net.thucydides.core.steps.ExecutedStepDescription@5c659ebb
[Test worker] WARN net.thucydides.core.steps.BaseStepListener - stepFinished: current outcome:Enter data to register:Example: {firstname=Tania, lastname=Ruiz, address=Av Japon, email=tania@hotmail.com, phone=3103900118, year=1995, month=April, day=10, password1=Tania123*, password2=Tania123*} [Given tania wants to register in demo automation testing [Tania ruiz sanchez open up [Tania Ruiz Sanchez opens the Demo automation page]], When she enters the data in the form
| firstname | lastname | address | email | phone | year | month | day | password1 | password2 |
| Tania | Ruiz | Av Japon | tania@hotmail.com | 3103900118 | 1995 | April | 10 | Tania123* | Tania123* | [Tania ruiz sanchez register [Tania Ruiz Sanchez clicks on where we write the first name, Tania Ruiz Sanchez enters 'Tania' into where we write the first name, Tania Ruiz Sanchez enters 'Ruiz' into Where we write the last name, Tania Ruiz Sanchez enters 'Av Japon' into Where we write the address, Tania Ruiz Sanchez enters 'tania@hotmail.com' into Where we write the email, Tania Ruiz Sanchez enters '3103900118' into Where we write the phone, Tania Ruiz Sanchez clicks on where you select the gender, Tania Ruiz Sanchez clicks on where you select the hobbies, Tania Ruiz Sanchez clicks on where do you click on language, Tania Ruiz Sanchez clicks on where you select on language, Tania Ruiz Sanchez clicks on where you select on language, Tania Ruiz Sanchez clicks on Click outside, Tania Ruiz Sanchez clicks on where do you click on skills, Tania Ruiz Sanchez clicks on where you select the skills, Tania Ruiz Sanchez clicks on where do you click on Country, Tania Ruiz Sanchez clicks on where you select the Country, Tania Ruiz Sanchez clicks on Where we write the Country, Tania Ruiz Sanchez select 1995 on where you select the year, Tania Ruiz Sanchez select April on where you select the month, Tania Ruiz Sanchez select 10 on where you select the day, Tania Ruiz Sanchez enters 'Tania123*' into write password to create, Tania Ruiz Sanchez enters 'Tania123*' into write password to confirm, Tania Ruiz Sanchez clicks on Select button submit]], Then she loads the information in the Submit button [Then answer]], Example: {firstname=Patricia, lastname=Sanchez, address=Av cuba, email=tania1@hotmail.com, phone=3103900120, year=1966, month=April, day=30, password1=Tania1234*, password2=Tania1234*} [Given tania wants to register in demo automation testing [Tania ruiz sanchez open up [Tania Ruiz Sanchez opens the Demo automation page]], When she enters the data in the form
| firstname | lastname | address | email | phone | year | month | day | password1 | password2 |
| Patricia | Sanchez | Av cuba | tania1@hotmail.com | 3103900120 | 1966 | April | 30 | Tania1234* | Tania1234* | [Tania ruiz sanchez register [Tania Ruiz Sanchez clicks on where we write the first name, Tania Ruiz Sanchez enters 'Patricia' into where we write the first name, Tania Ruiz Sanchez enters 'Sanchez' into Where we write the last name, Tania Ruiz Sanchez enters 'Av cuba' into Where we write the address, Tania Ruiz Sanchez enters 'tania1@hotmail.com' into Where we write the email, Tania Ruiz Sanchez enters '3103900120' into Where we write the phone, Tania Ruiz Sanchez clicks on where you select the gender, Tania Ruiz Sanchez clicks on where you select the hobbies, Tania Ruiz Sanchez clicks on where do you click on language, Tania Ruiz Sanchez clicks on where you select on language, Tania Ruiz Sanchez clicks on where you select on language, Tania Ruiz Sanchez clicks on Click outside, Tania Ruiz Sanchez clicks on where do you click on skills, Tania Ruiz Sanchez clicks on where you select the skills, Tania Ruiz Sanchez clicks on where do you click on Country, Tania Ruiz Sanchez clicks on where you select the Country, Tania Ruiz Sanchez clicks on Where we write the Country, Tania Ruiz Sanchez select 1966 on where you select the year, Tania Ruiz Sanchez select April on where you select the month, Tania Ruiz Sanchez select 30 on where you select the day, Tania Ruiz Sanchez enters 'Tania1234*' into write password to create, Tania Ruiz Sanchez enters 'Tania1234*' into write password to confirm]]]
[Test worker] WARN net.thucydides.core.steps.BaseStepListener - stepStarted: net.thucydides.core.steps.ExecutedStepDescription@7e91d842
[Test worker] WARN net.thucydides.core.steps.BaseStepListener - stepFinished: current outcome:Enter data to register:Example: {firstname=Tania, lastname=Ruiz, address=Av Japon, email=tania@hotmail.com, phone=3103900118, year=1995, month=April, day=10, password1=Tania123*, password2=Tania123*} [Given tania wants to register in demo automation testing [Tania ruiz sanchez open up [Tania Ruiz Sanchez opens the Demo automation page]], When she enters the data in the form
| firstname | lastname | address | email | phone | year | month | day | password1 | password2 |
| Tania | Ruiz | Av Japon | tania@hotmail.com | 3103900118 | 1995 | April | 10 | Tania123* | Tania123* | [Tania ruiz sanchez register [Tania Ruiz Sanchez clicks on where we write the first name, Tania Ruiz Sanchez enters 'Tania' into where we write the first name, Tania Ruiz Sanchez enters 'Ruiz' into Where we write the last name, Tania Ruiz Sanchez enters 'Av Japon' into Where we write the address, Tania Ruiz Sanchez enters 'tania@hotmail.com' into Where we write the email, Tania Ruiz Sanchez enters '3103900118' into Where we write the phone, Tania Ruiz Sanchez clicks on where you select the gender, Tania Ruiz Sanchez clicks on where you select the hobbies, Tania Ruiz Sanchez clicks on where do you click on language, Tania Ruiz Sanchez clicks on where you select on language, Tania Ruiz Sanchez clicks on where you select on language, Tania Ruiz Sanchez clicks on Click outside, Tania Ruiz Sanchez clicks on where do you click on skills, Tania Ruiz Sanchez clicks on where you select the skills, Tania Ruiz Sanchez clicks on where do you click on Country, Tania Ruiz Sanchez clicks on where you select the Country, Tania Ruiz Sanchez clicks on Where we write the Country, Tania Ruiz Sanchez select 1995 on where you select the year, Tania Ruiz Sanchez select April on where you select the month, Tania Ruiz Sanchez select 10 on where you select the day, Tania Ruiz Sanchez enters 'Tania123*' into write password to create, Tania Ruiz Sanchez enters 'Tania123*' into write password to confirm, Tania Ruiz Sanchez clicks on Select button submit]], Then she loads the information in the Submit button [Then answer]], Example: {firstname=Patricia, lastname=Sanchez, address=Av cuba, email=tania1@hotmail.com, phone=3103900120, year=1966, month=April, day=30, password1=Tania1234*, password2=Tania1234*} [Given tania wants to register in demo automation testing [Tania ruiz sanchez open up [Tania Ruiz Sanchez opens the Demo automation page]], When she enters the data in the form
| firstname | lastname | address | email | phone | year | month | day | password1 | password2 |
| Patricia | Sanchez | Av cuba | tania1@hotmail.com | 3103900120 | 1966 | April | 30 | Tania1234* | Tania1234* | [Tania ruiz sanchez register [Tania Ruiz Sanchez clicks on where we write the first name, Tania Ruiz Sanchez enters 'Patricia' into where we write the first name, Tania Ruiz Sanchez enters 'Sanchez' into Where we write the last name, Tania Ruiz Sanchez enters 'Av cuba' into Where we write the address, Tania Ruiz Sanchez enters 'tania1@hotmail.com' into Where we write the email, Tania Ruiz Sanchez enters '3103900120' into Where we write the phone, Tania Ruiz Sanchez clicks on where you select the gender, Tania Ruiz Sanchez clicks on where you select the hobbies, Tania Ruiz Sanchez clicks on where do you click on language, Tania Ruiz Sanchez clicks on where you select on language, Tania Ruiz Sanchez clicks on where you select on language, Tania Ruiz Sanchez clicks on Click outside, Tania Ruiz Sanchez clicks on where do you click on skills, Tania Ruiz Sanchez clicks on where you select the skills, Tania Ruiz Sanchez clicks on where do you click on Country, Tania Ruiz Sanchez clicks on where you select the Country, Tania Ruiz Sanchez clicks on Where we write the Country, Tania Ruiz Sanchez select 1966 on where you select the year, Tania Ruiz Sanchez select April on where you select the month, Tania Ruiz Sanchez select 30 on where you select the day, Tania Ruiz Sanchez enters 'Tania1234*' into write password to create, Tania Ruiz Sanchez enters 'Tania1234*' into write password to confirm, Tania Ruiz Sanchez clicks on Select button submit]]]
[Test worker] WARN net.thucydides.core.steps.BaseStepListener - stepFinished: current outcome:Enter data to register:Example: {firstname=Tania, lastname=Ruiz, address=Av Japon, email=tania@hotmail.com, phone=3103900118, year=1995, month=April, day=10, password1=Tania123*, password2=Tania123*} [Given tania wants to register in demo automation testing [Tania ruiz sanchez open up [Tania Ruiz Sanchez opens the Demo automation page]], When she enters the data in the form
| firstname | lastname | address | email | phone | year | month | day | password1 | password2 |
| Tania | Ruiz | Av Japon | tania@hotmail.com | 3103900118 | 1995 | April | 10 | Tania123* | Tania123* | [Tania ruiz sanchez register [Tania Ruiz Sanchez clicks on where we write the first name, Tania Ruiz Sanchez enters 'Tania' into where we write the first name, Tania Ruiz Sanchez enters 'Ruiz' into Where we write the last name, Tania Ruiz Sanchez enters 'Av Japon' into Where we write the address, Tania Ruiz Sanchez enters 'tania@hotmail.com' into Where we write the email, Tania Ruiz Sanchez enters '3103900118' into Where we write the phone, Tania Ruiz Sanchez clicks on where you select the gender, Tania Ruiz Sanchez clicks on where you select the hobbies, Tania Ruiz Sanchez clicks on where do you click on language, Tania Ruiz Sanchez clicks on where you select on language, Tania Ruiz Sanchez clicks on where you select on language, Tania Ruiz Sanchez clicks on Click outside, Tania Ruiz Sanchez clicks on where do you click on skills, Tania Ruiz Sanchez clicks on where you select the skills, Tania Ruiz Sanchez clicks on where do you click on Country, Tania Ruiz Sanchez clicks on where you select the Country, Tania Ruiz Sanchez clicks on Where we write the Country, Tania Ruiz Sanchez select 1995 on where you select the year, Tania Ruiz Sanchez select April on where you select the month, Tania Ruiz Sanchez select 10 on where you select the day, Tania Ruiz Sanchez enters 'Tania123*' into write password to create, Tania Ruiz Sanchez enters 'Tania123*' into write password to confirm, Tania Ruiz Sanchez clicks on Select button submit]], Then she loads the information in the Submit button [Then answer]], Example: {firstname=Patricia, lastname=Sanchez, address=Av cuba, email=tania1@hotmail.com, phone=3103900120, year=1966, month=April, day=30, password1=Tania1234*, password2=Tania1234*} [Given tania wants to register in demo automation testing [Tania ruiz sanchez open up [Tania Ruiz Sanchez opens the Demo automation page]], When she enters the data in the form
| firstname | lastname | address | email | phone | year | month | day | password1 | password2 |
| Patricia | Sanchez | Av cuba | tania1@hotmail.com | 3103900120 | 1966 | April | 30 | Tania1234* | Tania1234* | [Tania ruiz sanchez register [Tania Ruiz Sanchez clicks on where we write the first name, Tania Ruiz Sanchez enters 'Patricia' into where we write the first name, Tania Ruiz Sanchez enters 'Sanchez' into Where we write the last name, Tania Ruiz Sanchez enters 'Av cuba' into Where we write the address, Tania Ruiz Sanchez enters 'tania1@hotmail.com' into Where we write the email, Tania Ruiz Sanchez enters '3103900120' into Where we write the phone, Tania Ruiz Sanchez clicks on where you select the gender, Tania Ruiz Sanchez clicks on where you select the hobbies, Tania Ruiz Sanchez clicks on where do you click on language, Tania Ruiz Sanchez clicks on where you select on language, Tania Ruiz Sanchez clicks on where you select on language, Tania Ruiz Sanchez clicks on Click outside, Tania Ruiz Sanchez clicks on where do you click on skills, Tania Ruiz Sanchez clicks on where you select the skills, Tania Ruiz Sanchez clicks on where do you click on Country, Tania Ruiz Sanchez clicks on where you select the Country, Tania Ruiz Sanchez clicks on Where we write the Country, Tania Ruiz Sanchez select 1966 on where you select the year, Tania Ruiz Sanchez select April on where you select the month, Tania Ruiz Sanchez select 30 on where you select the day, Tania Ruiz Sanchez enters 'Tania1234*' into write password to create, Tania Ruiz Sanchez enters 'Tania1234*' into write password to confirm, Tania Ruiz Sanchez clicks on Select button submit]]]
[Test worker] WARN net.thucydides.core.steps.BaseStepListener - stepFinished: current outcome:Enter data to register:Example: {firstname=Tania, lastname=Ruiz, address=Av Japon, email=tania@hotmail.com, phone=3103900118, year=1995, month=April, day=10, password1=Tania123*, password2=Tania123*} [Given tania wants to register in demo automation testing [Tania ruiz sanchez open up [Tania Ruiz Sanchez opens the Demo automation page]], When she enters the data in the form
| firstname | lastname | address | email | phone | year | month | day | password1 | password2 |
| Tania | Ruiz | Av Japon | tania@hotmail.com | 3103900118 | 1995 | April | 10 | Tania123* | Tania123* | [Tania ruiz sanchez register [Tania Ruiz Sanchez clicks on where we write the first name, Tania Ruiz Sanchez enters 'Tania' into where we write the first name, Tania Ruiz Sanchez enters 'Ruiz' into Where we write the last name, Tania Ruiz Sanchez enters 'Av Japon' into Where we write the address, Tania Ruiz Sanchez enters 'tania@hotmail.com' into Where we write the email, Tania Ruiz Sanchez enters '3103900118' into Where we write the phone, Tania Ruiz Sanchez clicks on where you select the gender, Tania Ruiz Sanchez clicks on where you select the hobbies, Tania Ruiz Sanchez clicks on where do you click on language, Tania Ruiz Sanchez clicks on where you select on language, Tania Ruiz Sanchez clicks on where you select on language, Tania Ruiz Sanchez clicks on Click outside, Tania Ruiz Sanchez clicks on where do you click on skills, Tania Ruiz Sanchez clicks on where you select the skills, Tania Ruiz Sanchez clicks on where do you click on Country, Tania Ruiz Sanchez clicks on where you select the Country, Tania Ruiz Sanchez clicks on Where we write the Country, Tania Ruiz Sanchez select 1995 on where you select the year, Tania Ruiz Sanchez select April on where you select the month, Tania Ruiz Sanchez select 10 on where you select the day, Tania Ruiz Sanchez enters 'Tania123*' into write password to create, Tania Ruiz Sanchez enters 'Tania123*' into write password to confirm, Tania Ruiz Sanchez clicks on Select button submit]], Then she loads the information in the Submit button [Then answer]], Example: {firstname=Patricia, lastname=Sanchez, address=Av cuba, email=tania1@hotmail.com, phone=3103900120, year=1966, month=April, day=30, password1=Tania1234*, password2=Tania1234*} [Given tania wants to register in demo automation testing [Tania ruiz sanchez open up [Tania Ruiz Sanchez opens the Demo automation page]], When she enters the data in the form
| firstname | lastname | address | email | phone | year | month | day | password1 | password2 |
| Patricia | Sanchez | Av cuba | tania1@hotmail.com | 3103900120 | 1966 | April | 30 | Tania1234* | Tania1234* | [Tania ruiz sanchez register [Tania Ruiz Sanchez clicks on where we write the first name, Tania Ruiz Sanchez enters 'Patricia' into where we write the first name, Tania Ruiz Sanchez enters 'Sanchez' into Where we write the last name, Tania Ruiz Sanchez enters 'Av cuba' into Where we write the address, Tania Ruiz Sanchez enters 'tania1@hotmail.com' into Where we write the email, Tania Ruiz Sanchez enters '3103900120' into Where we write the phone, Tania Ruiz Sanchez clicks on where you select the gender, Tania Ruiz Sanchez clicks on where you select the hobbies, Tania Ruiz Sanchez clicks on where do you click on language, Tania Ruiz Sanchez clicks on where you select on language, Tania Ruiz Sanchez clicks on where you select on language, Tania Ruiz Sanchez clicks on Click outside, Tania Ruiz Sanchez clicks on where do you click on skills, Tania Ruiz Sanchez clicks on where you select the skills, Tania Ruiz Sanchez clicks on where do you click on Country, Tania Ruiz Sanchez clicks on where you select the Country, Tania Ruiz Sanchez clicks on Where we write the Country, Tania Ruiz Sanchez select 1966 on where you select the year, Tania Ruiz Sanchez select April on where you select the month, Tania Ruiz Sanchez select 30 on where you select the day, Tania Ruiz Sanchez enters 'Tania1234*' into write password to create, Tania Ruiz Sanchez enters 'Tania1234*' into write password to confirm, Tania Ruiz Sanchez clicks on Select button submit]]]
[Test worker] WARN net.thucydides.core.steps.BaseStepListener - stepStarted: net.thucydides.core.steps.ExecutedStepDescription@432dd49
[Test worker] WARN net.thucydides.core.steps.BaseStepListener - stepStarted: net.thucydides.core.steps.ExecutedStepDescription@630fbc3a
[Test worker] WARN net.thucydides.core.steps.BaseStepListener - stepFinished: current outcome:Enter data to register:Example: {firstname=Tania, lastname=Ruiz, address=Av Japon, email=tania@hotmail.com, phone=3103900118, year=1995, month=April, day=10, password1=Tania123*, password2=Tania123*} [Given tania wants to register in demo automation testing [Tania ruiz sanchez open up [Tania Ruiz Sanchez opens the Demo automation page]], When she enters the data in the form
| firstname | lastname | address | email | phone | year | month | day | password1 | password2 |
| Tania | Ruiz | Av Japon | tania@hotmail.com | 3103900118 | 1995 | April | 10 | Tania123* | Tania123* | [Tania ruiz sanchez register [Tania Ruiz Sanchez clicks on where we write the first name, Tania Ruiz Sanchez enters 'Tania' into where we write the first name, Tania Ruiz Sanchez enters 'Ruiz' into Where we write the last name, Tania Ruiz Sanchez enters 'Av Japon' into Where we write the address, Tania Ruiz Sanchez enters 'tania@hotmail.com' into Where we write the email, Tania Ruiz Sanchez enters '3103900118' into Where we write the phone, Tania Ruiz Sanchez clicks on where you select the gender, Tania Ruiz Sanchez clicks on where you select the hobbies, Tania Ruiz Sanchez clicks on where do you click on language, Tania Ruiz Sanchez clicks on where you select on language, Tania Ruiz Sanchez clicks on where you select on language, Tania Ruiz Sanchez clicks on Click outside, Tania Ruiz Sanchez clicks on where do you click on skills, Tania Ruiz Sanchez clicks on where you select the skills, Tania Ruiz Sanchez clicks on where do you click on Country, Tania Ruiz Sanchez clicks on where you select the Country, Tania Ruiz Sanchez clicks on Where we write the Country, Tania Ruiz Sanchez select 1995 on where you select the year, Tania Ruiz Sanchez select April on where you select the month, Tania Ruiz Sanchez select 10 on where you select the day, Tania Ruiz Sanchez enters 'Tania123*' into write password to create, Tania Ruiz Sanchez enters 'Tania123*' into write password to confirm, Tania Ruiz Sanchez clicks on Select button submit]], Then she loads the information in the Submit button [Then answer]], Example: {firstname=Patricia, lastname=Sanchez, address=Av cuba, email=tania1@hotmail.com, phone=3103900120, year=1966, month=April, day=30, password1=Tania1234*, password2=Tania1234*} [Given tania wants to register in demo automation testing [Tania ruiz sanchez open up [Tania Ruiz Sanchez opens the Demo automation page]], When she enters the data in the form
| firstname | lastname | address | email | phone | year | month | day | password1 | password2 |
| Patricia | Sanchez | Av cuba | tania1@hotmail.com | 3103900120 | 1966 | April | 30 | Tania1234* | Tania1234* | [Tania ruiz sanchez register [Tania Ruiz Sanchez clicks on where we write the first name, Tania Ruiz Sanchez enters 'Patricia' into where we write the first name, Tania Ruiz Sanchez enters 'Sanchez' into Where we write the last name, Tania Ruiz Sanchez enters 'Av cuba' into Where we write the address, Tania Ruiz Sanchez enters 'tania1@hotmail.com' into Where we write the email, Tania Ruiz Sanchez enters '3103900120' into Where we write the phone, Tania Ruiz Sanchez clicks on where you select the gender, Tania Ruiz Sanchez clicks on where you select the hobbies, Tania Ruiz Sanchez clicks on where do you click on language, Tania Ruiz Sanchez clicks on where you select on language, Tania Ruiz Sanchez clicks on where you select on language, Tania Ruiz Sanchez clicks on Click outside, Tania Ruiz Sanchez clicks on where do you click on skills, Tania Ruiz Sanchez clicks on where you select the skills, Tania Ruiz Sanchez clicks on where do you click on Country, Tania Ruiz Sanchez clicks on where you select the Country, Tania Ruiz Sanchez clicks on Where we write the Country, Tania Ruiz Sanchez select 1966 on where you select the year, Tania Ruiz Sanchez select April on where you select the month, Tania Ruiz Sanchez select 30 on where you select the day, Tania Ruiz Sanchez enters 'Tania1234*' into write password to create, Tania Ruiz Sanchez enters 'Tania1234*' into write password to confirm, Tania Ruiz Sanchez clicks on Select button submit]], Then she loads the information in the Submit button [Then answer]]
[Test worker] WARN net.thucydides.core.steps.BaseStepListener - stepFinished: current outcome:Enter data to register:Example: {firstname=Tania, lastname=Ruiz, address=Av Japon, email=tania@hotmail.com, phone=3103900118, year=1995, month=April, day=10, password1=Tania123*, password2=Tania123*} [Given tania wants to register in demo automation testing [Tania ruiz sanchez open up [Tania Ruiz Sanchez opens the Demo automation page]], When she enters the data in the form
| firstname | lastname | address | email | phone | year | month | day | password1 | password2 |
| Tania | Ruiz | Av Japon | tania@hotmail.com | 3103900118 | 1995 | April | 10 | Tania123* | Tania123* | [Tania ruiz sanchez register [Tania Ruiz Sanchez clicks on where we write the first name, Tania Ruiz Sanchez enters 'Tania' into where we write the first name, Tania Ruiz Sanchez enters 'Ruiz' into Where we write the last name, Tania Ruiz Sanchez enters 'Av Japon' into Where we write the address, Tania Ruiz Sanchez enters 'tania@hotmail.com' into Where we write the email, Tania Ruiz Sanchez enters '3103900118' into Where we write the phone, Tania Ruiz Sanchez clicks on where you select the gender, Tania Ruiz Sanchez clicks on where you select the hobbies, Tania Ruiz Sanchez clicks on where do you click on language, Tania Ruiz Sanchez clicks on where you select on language, Tania Ruiz Sanchez clicks on where you select on language, Tania Ruiz Sanchez clicks on Click outside, Tania Ruiz Sanchez clicks on where do you click on skills, Tania Ruiz Sanchez clicks on where you select the skills, Tania Ruiz Sanchez clicks on where do you click on Country, Tania Ruiz Sanchez clicks on where you select the Country, Tania Ruiz Sanchez clicks on Where we write the Country, Tania Ruiz Sanchez select 1995 on where you select the year, Tania Ruiz Sanchez select April on where you select the month, Tania Ruiz Sanchez select 10 on where you select the day, Tania Ruiz Sanchez enters 'Tania123*' into write password to create, Tania Ruiz Sanchez enters 'Tania123*' into write password to confirm, Tania Ruiz Sanchez clicks on Select button submit]], Then she loads the information in the Submit button [Then answer]], Example: {firstname=Patricia, lastname=Sanchez, address=Av cuba, email=tania1@hotmail.com, phone=3103900120, year=1966, month=April, day=30, password1=Tania1234*, password2=Tania1234*} [Given tania wants to register in demo automation testing [Tania ruiz sanchez open up [Tania Ruiz Sanchez opens the Demo automation page]], When she enters the data in the form
| firstname | lastname | address | email | phone | year | month | day | password1 | password2 |
| Patricia | Sanchez | Av cuba | tania1@hotmail.com | 3103900120 | 1966 | April | 30 | Tania1234* | Tania1234* | [Tania ruiz sanchez register [Tania Ruiz Sanchez clicks on where we write the first name, Tania Ruiz Sanchez enters 'Patricia' into where we write the first name, Tania Ruiz Sanchez enters 'Sanchez' into Where we write the last name, Tania Ruiz Sanchez enters 'Av cuba' into Where we write the address, Tania Ruiz Sanchez enters 'tania1@hotmail.com' into Where we write the email, Tania Ruiz Sanchez enters '3103900120' into Where we write the phone, Tania Ruiz Sanchez clicks on where you select the gender, Tania Ruiz Sanchez clicks on where you select the hobbies, Tania Ruiz Sanchez clicks on where do you click on language, Tania Ruiz Sanchez clicks on where you select on language, Tania Ruiz Sanchez clicks on where you select on language, Tania Ruiz Sanchez clicks on Click outside, Tania Ruiz Sanchez clicks on where do you click on skills, Tania Ruiz Sanchez clicks on where you select the skills, Tania Ruiz Sanchez clicks on where do you click on Country, Tania Ruiz Sanchez clicks on where you select the Country, Tania Ruiz Sanchez clicks on Where we write the Country, Tania Ruiz Sanchez select 1966 on where you select the year, Tania Ruiz Sanchez select April on where you select the month, Tania Ruiz Sanchez select 30 on where you select the day, Tania Ruiz Sanchez enters 'Tania1234*' into write password to create, Tania Ruiz Sanchez enters 'Tania1234*' into write password to confirm, Tania Ruiz Sanchez clicks on Select button submit]], Then she loads the information in the Submit button [Then answer]]
[Test worker] WARN net.thucydides.core.steps.BaseStepListener - stepFinished: current outcome:Enter data to register:Example: {firstname=Tania, lastname=Ruiz, address=Av Japon, email=tania@hotmail.com, phone=3103900118, year=1995, month=April, day=10, password1=Tania123*, password2=Tania123*} [Given tania wants to register in demo automation testing [Tania ruiz sanchez open up [Tania Ruiz Sanchez opens the Demo automation page]], When she enters the data in the form
| firstname | lastname | address | email | phone | year | month | day | password1 | password2 |
| Tania | Ruiz | Av Japon | tania@hotmail.com | 3103900118 | 1995 | April | 10 | Tania123* | Tania123* | [Tania ruiz sanchez register [Tania Ruiz Sanchez clicks on where we write the first name, Tania Ruiz Sanchez enters 'Tania' into where we write the first name, Tania Ruiz Sanchez enters 'Ruiz' into Where we write the last name, Tania Ruiz Sanchez enters 'Av Japon' into Where we write the address, Tania Ruiz Sanchez enters 'tania@hotmail.com' into Where we write the email, Tania Ruiz Sanchez enters '3103900118' into Where we write the phone, Tania Ruiz Sanchez clicks on where you select the gender, Tania Ruiz Sanchez clicks on where you select the hobbies, Tania Ruiz Sanchez clicks on where do you click on language, Tania Ruiz Sanchez clicks on where you select on language, Tania Ruiz Sanchez clicks on where you select on language, Tania Ruiz Sanchez clicks on Click outside, Tania Ruiz Sanchez clicks on where do you click on skills, Tania Ruiz Sanchez clicks on where you select the skills, Tania Ruiz Sanchez clicks on where do you click on Country, Tania Ruiz Sanchez clicks on where you select the Country, Tania Ruiz Sanchez clicks on Where we write the Country, Tania Ruiz Sanchez select 1995 on where you select the year, Tania Ruiz Sanchez select April on where you select the month, Tania Ruiz Sanchez select 10 on where you select the day, Tania Ruiz Sanchez enters 'Tania123*' into write password to create, Tania Ruiz Sanchez enters 'Tania123*' into write password to confirm, Tania Ruiz Sanchez clicks on Select button submit]], Then she loads the information in the Submit button [Then answer]], Example: {firstname=Patricia, lastname=Sanchez, address=Av cuba, email=tania1@hotmail.com, phone=3103900120, year=1966, month=April, day=30, password1=Tania1234*, password2=Tania1234*} [Given tania wants to register in demo automation testing [Tania ruiz sanchez open up [Tania Ruiz Sanchez opens the Demo automation page]], When she enters the data in the form
| firstname | lastname | address | email | phone | year | month | day | password1 | password2 |
| Patricia | Sanchez | Av cuba | tania1@hotmail.com | 3103900120 | 1966 | April | 30 | Tania1234* | Tania1234* | [Tania ruiz sanchez register [Tania Ruiz Sanchez clicks on where we write the first name, Tania Ruiz Sanchez enters 'Patricia' into where we write the first name, Tania Ruiz Sanchez enters 'Sanchez' into Where we write the last name, Tania Ruiz Sanchez enters 'Av cuba' into Where we write the address, Tania Ruiz Sanchez enters 'tania1@hotmail.com' into Where we write the email, Tania Ruiz Sanchez enters '3103900120' into Where we write the phone, Tania Ruiz Sanchez clicks on where you select the gender, Tania Ruiz Sanchez clicks on where you select the hobbies, Tania Ruiz Sanchez clicks on where do you click on language, Tania Ruiz Sanchez clicks on where you select on language, Tania Ruiz Sanchez clicks on where you select on language, Tania Ruiz Sanchez clicks on Click outside, Tania Ruiz Sanchez clicks on where do you click on skills, Tania Ruiz Sanchez clicks on where you select the skills, Tania Ruiz Sanchez clicks on where do you click on Country, Tania Ruiz Sanchez clicks on where you select the Country, Tania Ruiz Sanchez clicks on Where we write the Country, Tania Ruiz Sanchez select 1966 on where you select the year, Tania Ruiz Sanchez select April on where you select the month, Tania Ruiz Sanchez select 30 on where you select the day, Tania Ruiz Sanchez enters 'Tania1234*' into write password to create, Tania Ruiz Sanchez enters 'Tania1234*' into write password to confirm, Tania Ruiz Sanchez clicks on Select button submit]], Then she loads the information in the Submit button [Then answer]]
[Test worker] WARN net.thucydides.core.steps.BaseStepListener - testFinished: Enter data to register:Example: {firstname=Tania, lastname=Ruiz, address=Av Japon, email=tania@hotmail.com, phone=3103900118, year=1995, month=April, day=10, password1=Tania123*, password2=Tania123*} [Given tania wants to register in demo automation testing [Tania ruiz sanchez open up [Tania Ruiz Sanchez opens the Demo automation page]], When she enters the data in the form
| firstname | lastname | address | email | phone | year | month | day | password1 | password2 |
| Tania | Ruiz | Av Japon | tania@hotmail.com | 3103900118 | 1995 | April | 10 | Tania123* | Tania123* | [Tania ruiz sanchez register [Tania Ruiz Sanchez clicks on where we write the first name, Tania Ruiz Sanchez enters 'Tania' into where we write the first name, Tania Ruiz Sanchez enters 'Ruiz' into Where we write the last name, Tania Ruiz Sanchez enters 'Av Japon' into Where we write the address, Tania Ruiz Sanchez enters 'tania@hotmail.com' into Where we write the email, Tania Ruiz Sanchez enters '3103900118' into Where we write the phone, Tania Ruiz Sanchez clicks on where you select the gender, Tania Ruiz Sanchez clicks on where you select the hobbies, Tania Ruiz Sanchez clicks on where do you click on language, Tania Ruiz Sanchez clicks on where you select on language, Tania Ruiz Sanchez clicks on where you select on language, Tania Ruiz Sanchez clicks on Click outside, Tania Ruiz Sanchez clicks on where do you click on skills, Tania Ruiz Sanchez clicks on where you select the skills, Tania Ruiz Sanchez clicks on where do you click on Country, Tania Ruiz Sanchez clicks on where you select the Country, Tania Ruiz Sanchez clicks on Where we write the Country, Tania Ruiz Sanchez select 1995 on where you select the year, Tania Ruiz Sanchez select April on where you select the month, Tania Ruiz Sanchez select 10 on where you select the day, Tania Ruiz Sanchez enters 'Tania123*' into write password to create, Tania Ruiz Sanchez enters 'Tania123*' into write password to confirm, Tania Ruiz Sanchez clicks on Select button submit]], Then she loads the information in the Submit button [Then answer]], Example: {firstname=Patricia, lastname=Sanchez, address=Av cuba, email=tania1@hotmail.com, phone=3103900120, year=1966, month=April, day=30, password1=Tania1234*, password2=Tania1234*} [Given tania wants to register in demo automation testing [Tania ruiz sanchez open up [Tania Ruiz Sanchez opens the Demo automation page]], When she enters the data in the form
| firstname | lastname | address | email | phone | year | month | day | password1 | password2 |
| Patricia | Sanchez | Av cuba | tania1@hotmail.com | 3103900120 | 1966 | April | 30 | Tania1234* | Tania1234* | [Tania ruiz sanchez register [Tania Ruiz Sanchez clicks on where we write the first name, Tania Ruiz Sanchez enters 'Patricia' into where we write the first name, Tania Ruiz Sanchez enters 'Sanchez' into Where we write the last name, Tania Ruiz Sanchez enters 'Av cuba' into Where we write the address, Tania Ruiz Sanchez enters 'tania1@hotmail.com' into Where we write the email, Tania Ruiz Sanchez enters '3103900120' into Where we write the phone, Tania Ruiz Sanchez clicks on where you select the gender, Tania Ruiz Sanchez clicks on where you select the hobbies, Tania Ruiz Sanchez clicks on where do you click on language, Tania Ruiz Sanchez clicks on where you select on language, Tania Ruiz Sanchez clicks on where you select on language, Tania Ruiz Sanchez clicks on Click outside, Tania Ruiz Sanchez clicks on where do you click on skills, Tania Ruiz Sanchez clicks on where you select the skills, Tania Ruiz Sanchez clicks on where do you click on Country, Tania Ruiz Sanchez clicks on where you select the Country, Tania Ruiz Sanchez clicks on Where we write the Country, Tania Ruiz Sanchez select 1966 on where you select the year, Tania Ruiz Sanchez select April on where you select the month, Tania Ruiz Sanchez select 30 on where you select the day, Tania Ruiz Sanchez enters 'Tania1234*' into write password to create, Tania Ruiz Sanchez enters 'Tania1234*' into write password to confirm, Tania Ruiz Sanchez clicks on Select button submit]], Then she loads the information in the Submit button [Then answer]]
[Test worker] WARN net.thucydides.core.steps.BaseStepListener - TestOutcomes: [Enter data to register:Example: {firstname=Tania, lastname=Ruiz, address=Av Japon, email=tania@hotmail.com, phone=3103900118, year=1995, month=April, day=10, password1=Tania123*, password2=Tania123*} [Given tania wants to register in demo automation testing [Tania ruiz sanchez open up [Tania Ruiz Sanchez opens the Demo automation page]], When she enters the data in the form
| firstname | lastname | address | email | phone | year | month | day | password1 | password2 |
| Tania | Ruiz | Av Japon | tania@hotmail.com | 3103900118 | 1995 | April | 10 | Tania123* | Tania123* | [Tania ruiz sanchez register [Tania Ruiz Sanchez clicks on where we write the first name, Tania Ruiz Sanchez enters 'Tania' into where we write the first name, Tania Ruiz Sanchez enters 'Ruiz' into Where we write the last name, Tania Ruiz Sanchez enters 'Av Japon' into Where we write the address, Tania Ruiz Sanchez enters 'tania@hotmail.com' into Where we write the email, Tania Ruiz Sanchez enters '3103900118' into Where we write the phone, Tania Ruiz Sanchez clicks on where you select the gender, Tania Ruiz Sanchez clicks on where you select the hobbies, Tania Ruiz Sanchez clicks on where do you click on language, Tania Ruiz Sanchez clicks on where you select on language, Tania Ruiz Sanchez clicks on where you select on language, Tania Ruiz Sanchez clicks on Click outside, Tania Ruiz Sanchez clicks on where do you click on skills, Tania Ruiz Sanchez clicks on where you select the skills, Tania Ruiz Sanchez clicks on where do you click on Country, Tania Ruiz Sanchez clicks on where you select the Country, Tania Ruiz Sanchez clicks on Where we write the Country, Tania Ruiz Sanchez select 1995 on where you select the year, Tania Ruiz Sanchez select April on where you select the month, Tania Ruiz Sanchez select 10 on where you select the day, Tania Ruiz Sanchez enters 'Tania123*' into write password to create, Tania Ruiz Sanchez enters 'Tania123*' into write password to confirm, Tania Ruiz Sanchez clicks on Select button submit]], Then she loads the information in the Submit button [Then answer]], Example: {firstname=Patricia, lastname=Sanchez, address=Av cuba, email=tania1@hotmail.com, phone=3103900120, year=1966, month=April, day=30, password1=Tania1234*, password2=Tania1234*} [Given tania wants to register in demo automation testing [Tania ruiz sanchez open up [Tania Ruiz Sanchez opens the Demo automation page]], When she enters the data in the form
| firstname | lastname | address | email | phone | year | month | day | password1 | password2 |
| Patricia | Sanchez | Av cuba | tania1@hotmail.com | 3103900120 | 1966 | April | 30 | Tania1234* | Tania1234* | [Tania ruiz sanchez register [Tania Ruiz Sanchez clicks on where we write the first name, Tania Ruiz Sanchez enters 'Patricia' into where we write the first name, Tania Ruiz Sanchez enters 'Sanchez' into Where we write the last name, Tania Ruiz Sanchez enters 'Av cuba' into Where we write the address, Tania Ruiz Sanchez enters 'tania1@hotmail.com' into Where we write the email, Tania Ruiz Sanchez enters '3103900120' into Where we write the phone, Tania Ruiz Sanchez clicks on where you select the gender, Tania Ruiz Sanchez clicks on where you select the hobbies, Tania Ruiz Sanchez clicks on where do you click on language, Tania Ruiz Sanchez clicks on where you select on language, Tania Ruiz Sanchez clicks on where you select on language, Tania Ruiz Sanchez clicks on Click outside, Tania Ruiz Sanchez clicks on where do you click on skills, Tania Ruiz Sanchez clicks on where you select the skills, Tania Ruiz Sanchez clicks on where do you click on Country, Tania Ruiz Sanchez clicks on where you select the Country, Tania Ruiz Sanchez clicks on Where we write the Country, Tania Ruiz Sanchez select 1966 on where you select the year, Tania Ruiz Sanchez select April on where you select the month, Tania Ruiz Sanchez select 30 on where you select the day, Tania Ruiz Sanchez enters 'Tania1234*' into write password to create, Tania Ruiz Sanchez enters 'Tania1234*' into write password to confirm, Tania Ruiz Sanchez clicks on Select button submit]], Then she loads the information in the Submit button [Then answer]]]
[Test worker] WARN net.thucydides.core.steps.BaseStepListener - Final testOutcomes: [Enter data to register:Example: {firstname=Tania, lastname=Ruiz, address=Av Japon, email=tania@hotmail.com, phone=3103900118, year=1995, month=April, day=10, password1=Tania123*, password2=Tania123*} [Given tania wants to register in demo automation testing [Tania ruiz sanchez open up [Tania Ruiz Sanchez opens the Demo automation page]], When she enters the data in the form
| firstname | lastname | address | email | phone | year | month | day | password1 | password2 |
| Tania | Ruiz | Av Japon | tania@hotmail.com | 3103900118 | 1995 | April | 10 | Tania123* | Tania123* | [Tania ruiz sanchez register [Tania Ruiz Sanchez clicks on where we write the first name, Tania Ruiz Sanchez enters 'Tania' into where we write the first name, Tania Ruiz Sanchez enters 'Ruiz' into Where we write the last name, Tania Ruiz Sanchez enters 'Av Japon' into Where we write the address, Tania Ruiz Sanchez enters 'tania@hotmail.com' into Where we write the email, Tania Ruiz Sanchez enters '3103900118' into Where we write the phone, Tania Ruiz Sanchez clicks on where you select the gender, Tania Ruiz Sanchez clicks on where you select the hobbies, Tania Ruiz Sanchez clicks on where do you click on language, Tania Ruiz Sanchez clicks on where you select on language, Tania Ruiz Sanchez clicks on where you select on language, Tania Ruiz Sanchez clicks on Click outside, Tania Ruiz Sanchez clicks on where do you click on skills, Tania Ruiz Sanchez clicks on where you select the skills, Tania Ruiz Sanchez clicks on where do you click on Country, Tania Ruiz Sanchez clicks on where you select the Country, Tania Ruiz Sanchez clicks on Where we write the Country, Tania Ruiz Sanchez select 1995 on where you select the year, Tania Ruiz Sanchez select April on where you select the month, Tania Ruiz Sanchez select 10 on where you select the day, Tania Ruiz Sanchez enters 'Tania123*' into write password to create, Tania Ruiz Sanchez enters 'Tania123*' into write password to confirm, Tania Ruiz Sanchez clicks on Select button submit]], Then she loads the information in the Submit button [Then answer]], Example: {firstname=Patricia, lastname=Sanchez, address=Av cuba, email=tania1@hotmail.com, phone=3103900120, year=1966, month=April, day=30, password1=Tania1234*, password2=Tania1234*} [Given tania wants to register in demo automation testing [Tania ruiz sanchez open up [Tania Ruiz Sanchez opens the Demo automation page]], When she enters the data in the form
| firstname | lastname | address | email | phone | year | month | day | password1 | password2 |
| Patricia | Sanchez | Av cuba | tania1@hotmail.com | 3103900120 | 1966 | April | 30 | Tania1234* | Tania1234* | [Tania ruiz sanchez register [Tania Ruiz Sanchez clicks on where we write the first name, Tania Ruiz Sanchez enters 'Patricia' into where we write the first name, Tania Ruiz Sanchez enters 'Sanchez' into Where we write the last name, Tania Ruiz Sanchez enters 'Av cuba' into Where we write the address, Tania Ruiz Sanchez enters 'tania1@hotmail.com' into Where we write the email, Tania Ruiz Sanchez enters '3103900120' into Where we write the phone, Tania Ruiz Sanchez clicks on where you select the gender, Tania Ruiz Sanchez clicks on where you select the hobbies, Tania Ruiz Sanchez clicks on where do you click on language, Tania Ruiz Sanchez clicks on where you select on language, Tania Ruiz Sanchez clicks on where you select on language, Tania Ruiz Sanchez clicks on Click outside, Tania Ruiz Sanchez clicks on where do you click on skills, Tania Ruiz Sanchez clicks on where you select the skills, Tania Ruiz Sanchez clicks on where do you click on Country, Tania Ruiz Sanchez clicks on where you select the Country, Tania Ruiz Sanchez clicks on Where we write the Country, Tania Ruiz Sanchez select 1966 on where you select the year, Tania Ruiz Sanchez select April on where you select the month, Tania Ruiz Sanchez select 30 on where you select the day, Tania Ruiz Sanchez enters 'Tania1234*' into write password to create, Tania Ruiz Sanchez enters 'Tania1234*' into write password to confirm, Tania Ruiz Sanchez clicks on Select button submit]], Then she loads the information in the Submit button [Then answer]]]
[Test worker] INFO net.thucydides.core.steps.ConsoleLoggingListener - 
        __    _____ _____ ____ _____   ____   _    ____  ____  _____ ____  
  _     \ \  |_   _| ____/ ___|_   _| |  _ \ / \  / ___|/ ___|| ____|  _ \ 
 (_)_____| |   | | |  _| \___ \ | |   | |_) / _ \ \___ \\___ \|  _| | | | |
  _|_____| |   | | | |___ ___) || |   |  __/ ___ \ ___) |___) | |___| |_| |
 (_)     | |   |_| |_____|____/ |_|   |_| /_/   \_\____/|____/|_____|____/ 
        /_/                                                                

TEST PASSED: Enter data to register
----------------------------------------------------------------------------
]]></system-err>
</testsuite>
