<?xml version="1.0" encoding="UTF-8"?>
<testsuite name="pageDemo" tests="1" skipped="1" failures="0" errors="0" timestamp="2022-04-26T18:44:30" hostname="DESKTOP-4PA18HQ" time="0.03">
  <properties/>
  <testcase name="Enter data to register" classname="pageDemo" time="0.03">
    <skipped/>
  </testcase>
  <system-out><![CDATA[]]></system-out>
  <system-err><![CDATA[[Test worker] WARN net.thucydides.core.steps.BaseStepListener - stepStarted: net.thucydides.core.steps.ExecutedStepDescription@3ca66818
[Test worker] INFO net.thucydides.core.steps.ConsoleLoggingListener - TEST PENDING
[Test worker] WARN net.thucydides.core.steps.BaseStepListener - stepStarted: net.thucydides.core.steps.ExecutedStepDescription@60a032fc
[Test worker] WARN net.thucydides.core.steps.BaseStepListener - stepStarted: net.thucydides.core.steps.ExecutedStepDescription@5ee7ba22
[Test worker] WARN net.thucydides.core.steps.BaseStepListener - testFinished: Enter data to register:Given tania wants to register in demo automation testing, When she enters the data in the form, Then she loads the information in the submit button
[Test worker] WARN net.thucydides.core.steps.BaseStepListener - TestOutcomes: [Enter data to register:Given tania wants to register in demo automation testing, When she enters the data in the form, Then she loads the information in the submit button]
[Test worker] WARN net.thucydides.core.steps.BaseStepListener - Final testOutcomes: [Enter data to register:Given tania wants to register in demo automation testing, When she enters the data in the form, Then she loads the information in the submit button]
[Test worker] INFO net.thucydides.core.steps.ConsoleLoggingListener - 
          __  _____ _____ ____ _____   ____  _____ _   _ ____ ___ _   _  ____ 
 _       / / |_   _| ____/ ___|_   _| |  _ \| ____| \ | |  _ \_ _| \ | |/ ___|
(_)____ / /    | | |  _| \___ \ | |   | |_) |  _| |  \| | | | | ||  \| | |  _ 
 |_____/ /     | | | |___ ___) || |   |  __/| |___| |\  | |_| | || |\  | |_| |
(_)   /_/      |_| |_____|____/ |_|   |_|   |_____|_| \_|____/___|_| \_|\____|
                                                                                

TEST PENDING: Enter data to register
---------------------------------------------------------------------------------
]]></system-err>
</testsuite>
