<?xml version="1.0" encoding="UTF-8"?>
<testsuite name="pageDemo" tests="1" skipped="0" failures="0" errors="0" timestamp="2022-04-26T20:04:10" hostname="DESKTOP-4PA18HQ" time="8.636">
  <properties/>
  <testcase name="Enter data to register" classname="pageDemo" time="8.636"/>
  <system-out><![CDATA[]]></system-out>
  <system-err><![CDATA[[Test worker] WARN net.thucydides.core.steps.BaseStepListener - stepStarted: net.thucydides.core.steps.ExecutedStepDescription@53f1d487
[Test worker] WARN net.thucydides.core.steps.BaseStepListener - stepStarted: net.thucydides.core.steps.ExecutedStepDescription@67a1774e
[Test worker] WARN net.thucydides.core.steps.BaseStepListener - stepStarted: net.thucydides.core.steps.ExecutedStepDescription@53baebe7
abr 26, 2022 3:04:11 PM org.openqa.selenium.remote.DesiredCapabilities chrome
INFORMACIÓN: Using `new ChromeOptions()` is preferred to `DesiredCapabilities.chrome()`
[Test worker] INFO net.serenitybdd.core.webdriver.driverproviders.ProvideNewDriver - Instantiating driver
[Test worker] INFO net.serenitybdd.core.webdriver.driverproviders.ProvideNewDriver - Driver capabilities: Capabilities {acceptInsecureCerts: false, browserName: chrome, chrome.switches: --start-maximized, goog:chromeOptions: {args: [--start-maximized], extensions: []}, loggingPrefs: org.openqa.selenium.logging..., platform: ANY, version: }
Starting ChromeDriver 100.0.4896.60 (6a5d10861ce8de5fce22564658033b43cb7de047-refs/branch-heads/4896@{#875}) on port 41072
Only local connections are allowed.
Please see https://chromedriver.chromium.org/security-considerations for suggestions on keeping ChromeDriver safe.
ChromeDriver was started successfully.
abr 26, 2022 3:04:13 PM org.openqa.selenium.remote.ProtocolHandshake createSession
INFORMACIÓN: Detected dialect: W3C
[Test worker] WARN net.thucydides.core.steps.BaseStepListener - stepFinished: current outcome:Enter data to register:Given tania wants to register in demo automation testing [Tania ruiz sanchez open up [Tania Ruiz Sanchez opens the Demo automation page]]
[Test worker] WARN net.thucydides.core.steps.BaseStepListener - stepFinished: current outcome:Enter data to register:Given tania wants to register in demo automation testing [Tania ruiz sanchez open up [Tania Ruiz Sanchez opens the Demo automation page]]
[Test worker] WARN net.thucydides.core.steps.BaseStepListener - stepFinished: current outcome:Enter data to register:Given tania wants to register in demo automation testing [Tania ruiz sanchez open up [Tania Ruiz Sanchez opens the Demo automation page]]
[Test worker] WARN net.thucydides.core.steps.BaseStepListener - stepStarted: net.thucydides.core.steps.ExecutedStepDescription@4003777b
[Test worker] WARN net.thucydides.core.steps.BaseStepListener - stepFinished: current outcome:Enter data to register:Given tania wants to register in demo automation testing [Tania ruiz sanchez open up [Tania Ruiz Sanchez opens the Demo automation page]], When she enters the data in the form
[Test worker] WARN net.thucydides.core.steps.BaseStepListener - stepStarted: net.thucydides.core.steps.ExecutedStepDescription@7afdaf3a
[Test worker] WARN net.thucydides.core.steps.BaseStepListener - stepFinished: current outcome:Enter data to register:Given tania wants to register in demo automation testing [Tania ruiz sanchez open up [Tania Ruiz Sanchez opens the Demo automation page]], When she enters the data in the form, Then she loads the information in the submit button
[Test worker] WARN net.thucydides.core.steps.BaseStepListener - testFinished: Enter data to register:Given tania wants to register in demo automation testing [Tania ruiz sanchez open up [Tania Ruiz Sanchez opens the Demo automation page]], When she enters the data in the form, Then she loads the information in the submit button
[Test worker] WARN net.thucydides.core.steps.BaseStepListener - TestOutcomes: [Enter data to register:Given tania wants to register in demo automation testing [Tania ruiz sanchez open up [Tania Ruiz Sanchez opens the Demo automation page]], When she enters the data in the form, Then she loads the information in the submit button]
[Test worker] WARN net.thucydides.core.steps.BaseStepListener - Final testOutcomes: [Enter data to register:Given tania wants to register in demo automation testing [Tania ruiz sanchez open up [Tania Ruiz Sanchez opens the Demo automation page]], When she enters the data in the form, Then she loads the information in the submit button]
[Test worker] INFO net.thucydides.core.steps.ConsoleLoggingListener - 
        __    _____ _____ ____ _____   ____   _    ____  ____  _____ ____  
  _     \ \  |_   _| ____/ ___|_   _| |  _ \ / \  / ___|/ ___|| ____|  _ \ 
 (_)_____| |   | | |  _| \___ \ | |   | |_) / _ \ \___ \\___ \|  _| | | | |
  _|_____| |   | | | |___ ___) || |   |  __/ ___ \ ___) |___) | |___| |_| |
 (_)     | |   |_| |_____|____/ |_|   |_| /_/   \_\____/|____/|_____|____/ 
        /_/                                                                

TEST PASSED: Enter data to register
----------------------------------------------------------------------------
]]></system-err>
</testsuite>
