<?xml version="1.0" encoding="UTF-8"?>
<testsuite name="pageDemo" tests="3" skipped="0" failures="0" errors="0" timestamp="2022-04-30T15:20:19" hostname="DESKTOP-4PA18HQ" time="58.978">
  <properties/>
  <testcase name="Enter data to register" classname="pageDemo" time="23.007"/>
  <testcase name="Enter data to register" classname="pageDemo" time="18.027"/>
  <testcase name="Enter data to register" classname="pageDemo" time="17.937"/>
  <system-out><![CDATA[]]></system-out>
  <system-err><![CDATA[[Test worker] WARN net.thucydides.core.steps.BaseStepListener - stepStarted: net.thucydides.core.steps.ExecutedStepDescription@7b104182
[Test worker] WARN net.thucydides.core.steps.BaseStepListener - stepStarted: net.thucydides.core.steps.ExecutedStepDescription@728e7887
[Test worker] WARN net.thucydides.core.steps.BaseStepListener - stepStarted: net.thucydides.core.steps.ExecutedStepDescription@4f65ffc1
abr 30, 2022 10:20:20 AM org.openqa.selenium.remote.DesiredCapabilities chrome
INFORMACIÓN: Using `new ChromeOptions()` is preferred to `DesiredCapabilities.chrome()`
[Test worker] INFO net.serenitybdd.core.webdriver.driverproviders.ProvideNewDriver - Instantiating driver
[Test worker] INFO net.serenitybdd.core.webdriver.driverproviders.ProvideNewDriver - Driver capabilities: Capabilities {acceptInsecureCerts: false, browserName: chrome, chrome.switches: --start-maximized, goog:chromeOptions: {args: [--start-maximized], extensions: []}, loggingPrefs: org.openqa.selenium.logging..., platform: ANY, version: }
Starting ChromeDriver 100.0.4896.60 (6a5d10861ce8de5fce22564658033b43cb7de047-refs/branch-heads/4896@{#875}) on port 46574
Only local connections are allowed.
Please see https://chromedriver.chromium.org/security-considerations for suggestions on keeping ChromeDriver safe.
ChromeDriver was started successfully.
abr 30, 2022 10:20:22 AM org.openqa.selenium.remote.ProtocolHandshake createSession
INFORMACIÓN: Detected dialect: W3C
[Test worker] WARN net.thucydides.core.steps.BaseStepListener - stepFinished: current outcome:Enter data to register:Example: {firstname=Tania, lastname=Ruiz, address=Av Japon, email=tania@hotmail.com, phone=3103900118, gender=Male, hobbies=Cricket-Movies, selectcountry=Japan, year=1995, month=April, day=10, password1=Tania123*, password2=Tania123*} [Given tania wants to register in demo automation testing [Tania ruiz sanchez open up [Tania Ruiz Sanchez opens the Demo automation page]]]
[Test worker] WARN net.thucydides.core.steps.BaseStepListener - stepFinished: current outcome:Enter data to register:Example: {firstname=Tania, lastname=Ruiz, address=Av Japon, email=tania@hotmail.com, phone=3103900118, gender=Male, hobbies=Cricket-Movies, selectcountry=Japan, year=1995, month=April, day=10, password1=Tania123*, password2=Tania123*} [Given tania wants to register in demo automation testing [Tania ruiz sanchez open up [Tania Ruiz Sanchez opens the Demo automation page]]]
[Test worker] WARN net.thucydides.core.steps.BaseStepListener - stepFinished: current outcome:Enter data to register:Example: {firstname=Tania, lastname=Ruiz, address=Av Japon, email=tania@hotmail.com, phone=3103900118, gender=Male, hobbies=Cricket-Movies, selectcountry=Japan, year=1995, month=April, day=10, password1=Tania123*, password2=Tania123*} [Given tania wants to register in demo automation testing [Tania ruiz sanchez open up [Tania Ruiz Sanchez opens the Demo automation page]]]
[Test worker] WARN net.thucydides.core.steps.BaseStepListener - stepStarted: net.thucydides.core.steps.ExecutedStepDescription@f6af602
[Test worker] WARN net.thucydides.core.steps.BaseStepListener - stepStarted: net.thucydides.core.steps.ExecutedStepDescription@62c1670b
[Test worker] WARN net.thucydides.core.steps.BaseStepListener - stepStarted: net.thucydides.core.steps.ExecutedStepDescription@2ae22945
[Test worker] WARN net.thucydides.core.steps.BaseStepListener - stepFinished: current outcome:Enter data to register:Example: {firstname=Tania, lastname=Ruiz, address=Av Japon, email=tania@hotmail.com, phone=3103900118, gender=Male, hobbies=Cricket-Movies, selectcountry=Japan, year=1995, month=April, day=10, password1=Tania123*, password2=Tania123*} [Given tania wants to register in demo automation testing [Tania ruiz sanchez open up [Tania Ruiz Sanchez opens the Demo automation page]], When she enters the data in the form
| firstname | lastname | address | email | phone | gender | hobbies | selectcountry | year | month | day | password1 | password2 |
| Tania | Ruiz | Av Japon | tania@hotmail.com | 3103900118 | Male | Cricket-Movies | Japan | 1995 | April | 10 | Tania123* | Tania123* | [Tania ruiz sanchez register [Tania Ruiz Sanchez clicks on where we write the first name]]]
[Test worker] WARN net.thucydides.core.steps.BaseStepListener - stepStarted: net.thucydides.core.steps.ExecutedStepDescription@4d01db45
[Test worker] WARN net.thucydides.core.steps.BaseStepListener - stepFinished: current outcome:Enter data to register:Example: {firstname=Tania, lastname=Ruiz, address=Av Japon, email=tania@hotmail.com, phone=3103900118, gender=Male, hobbies=Cricket-Movies, selectcountry=Japan, year=1995, month=April, day=10, password1=Tania123*, password2=Tania123*} [Given tania wants to register in demo automation testing [Tania ruiz sanchez open up [Tania Ruiz Sanchez opens the Demo automation page]], When she enters the data in the form
| firstname | lastname | address | email | phone | gender | hobbies | selectcountry | year | month | day | password1 | password2 |
| Tania | Ruiz | Av Japon | tania@hotmail.com | 3103900118 | Male | Cricket-Movies | Japan | 1995 | April | 10 | Tania123* | Tania123* | [Tania ruiz sanchez register [Tania Ruiz Sanchez clicks on where we write the first name, Tania Ruiz Sanchez enters 'Tania' into where we write the first name]]]
[Test worker] WARN net.thucydides.core.steps.BaseStepListener - stepStarted: net.thucydides.core.steps.ExecutedStepDescription@2fc7534a
[Test worker] WARN net.thucydides.core.steps.BaseStepListener - stepFinished: current outcome:Enter data to register:Example: {firstname=Tania, lastname=Ruiz, address=Av Japon, email=tania@hotmail.com, phone=3103900118, gender=Male, hobbies=Cricket-Movies, selectcountry=Japan, year=1995, month=April, day=10, password1=Tania123*, password2=Tania123*} [Given tania wants to register in demo automation testing [Tania ruiz sanchez open up [Tania Ruiz Sanchez opens the Demo automation page]], When she enters the data in the form
| firstname | lastname | address | email | phone | gender | hobbies | selectcountry | year | month | day | password1 | password2 |
| Tania | Ruiz | Av Japon | tania@hotmail.com | 3103900118 | Male | Cricket-Movies | Japan | 1995 | April | 10 | Tania123* | Tania123* | [Tania ruiz sanchez register [Tania Ruiz Sanchez clicks on where we write the first name, Tania Ruiz Sanchez enters 'Tania' into where we write the first name, Tania Ruiz Sanchez enters 'Ruiz' into Where we write the last name]]]
[Test worker] WARN net.thucydides.core.steps.BaseStepListener - stepStarted: net.thucydides.core.steps.ExecutedStepDescription@1fb42388
[Test worker] WARN net.thucydides.core.steps.BaseStepListener - stepFinished: current outcome:Enter data to register:Example: {firstname=Tania, lastname=Ruiz, address=Av Japon, email=tania@hotmail.com, phone=3103900118, gender=Male, hobbies=Cricket-Movies, selectcountry=Japan, year=1995, month=April, day=10, password1=Tania123*, password2=Tania123*} [Given tania wants to register in demo automation testing [Tania ruiz sanchez open up [Tania Ruiz Sanchez opens the Demo automation page]], When she enters the data in the form
| firstname | lastname | address | email | phone | gender | hobbies | selectcountry | year | month | day | password1 | password2 |
| Tania | Ruiz | Av Japon | tania@hotmail.com | 3103900118 | Male | Cricket-Movies | Japan | 1995 | April | 10 | Tania123* | Tania123* | [Tania ruiz sanchez register [Tania Ruiz Sanchez clicks on where we write the first name, Tania Ruiz Sanchez enters 'Tania' into where we write the first name, Tania Ruiz Sanchez enters 'Ruiz' into Where we write the last name, Tania Ruiz Sanchez enters 'Av Japon' into Where we write the address]]]
[Test worker] WARN net.thucydides.core.steps.BaseStepListener - stepStarted: net.thucydides.core.steps.ExecutedStepDescription@4ad91769
[Test worker] WARN net.thucydides.core.steps.BaseStepListener - stepFinished: current outcome:Enter data to register:Example: {firstname=Tania, lastname=Ruiz, address=Av Japon, email=tania@hotmail.com, phone=3103900118, gender=Male, hobbies=Cricket-Movies, selectcountry=Japan, year=1995, month=April, day=10, password1=Tania123*, password2=Tania123*} [Given tania wants to register in demo automation testing [Tania ruiz sanchez open up [Tania Ruiz Sanchez opens the Demo automation page]], When she enters the data in the form
| firstname | lastname | address | email | phone | gender | hobbies | selectcountry | year | month | day | password1 | password2 |
| Tania | Ruiz | Av Japon | tania@hotmail.com | 3103900118 | Male | Cricket-Movies | Japan | 1995 | April | 10 | Tania123* | Tania123* | [Tania ruiz sanchez register [Tania Ruiz Sanchez clicks on where we write the first name, Tania Ruiz Sanchez enters 'Tania' into where we write the first name, Tania Ruiz Sanchez enters 'Ruiz' into Where we write the last name, Tania Ruiz Sanchez enters 'Av Japon' into Where we write the address, Tania Ruiz Sanchez enters 'tania@hotmail.com' into Where we write the email]]]
[Test worker] WARN net.thucydides.core.steps.BaseStepListener - stepStarted: net.thucydides.core.steps.ExecutedStepDescription@40f8e40
[Test worker] WARN net.thucydides.core.steps.BaseStepListener - stepFinished: current outcome:Enter data to register:Example: {firstname=Tania, lastname=Ruiz, address=Av Japon, email=tania@hotmail.com, phone=3103900118, gender=Male, hobbies=Cricket-Movies, selectcountry=Japan, year=1995, month=April, day=10, password1=Tania123*, password2=Tania123*} [Given tania wants to register in demo automation testing [Tania ruiz sanchez open up [Tania Ruiz Sanchez opens the Demo automation page]], When she enters the data in the form
| firstname | lastname | address | email | phone | gender | hobbies | selectcountry | year | month | day | password1 | password2 |
| Tania | Ruiz | Av Japon | tania@hotmail.com | 3103900118 | Male | Cricket-Movies | Japan | 1995 | April | 10 | Tania123* | Tania123* | [Tania ruiz sanchez register [Tania Ruiz Sanchez clicks on where we write the first name, Tania Ruiz Sanchez enters 'Tania' into where we write the first name, Tania Ruiz Sanchez enters 'Ruiz' into Where we write the last name, Tania Ruiz Sanchez enters 'Av Japon' into Where we write the address, Tania Ruiz Sanchez enters 'tania@hotmail.com' into Where we write the email, Tania Ruiz Sanchez enters '3103900118' into Where we write the phone]]]
[Test worker] WARN net.thucydides.core.steps.BaseStepListener - stepStarted: net.thucydides.core.steps.ExecutedStepDescription@7a4c84b2
[Test worker] WARN net.thucydides.core.steps.BaseStepListener - stepFinished: current outcome:Enter data to register:Example: {firstname=Tania, lastname=Ruiz, address=Av Japon, email=tania@hotmail.com, phone=3103900118, gender=Male, hobbies=Cricket-Movies, selectcountry=Japan, year=1995, month=April, day=10, password1=Tania123*, password2=Tania123*} [Given tania wants to register in demo automation testing [Tania ruiz sanchez open up [Tania Ruiz Sanchez opens the Demo automation page]], When she enters the data in the form
| firstname | lastname | address | email | phone | gender | hobbies | selectcountry | year | month | day | password1 | password2 |
| Tania | Ruiz | Av Japon | tania@hotmail.com | 3103900118 | Male | Cricket-Movies | Japan | 1995 | April | 10 | Tania123* | Tania123* | [Tania ruiz sanchez register [Tania Ruiz Sanchez clicks on where we write the first name, Tania Ruiz Sanchez enters 'Tania' into where we write the first name, Tania Ruiz Sanchez enters 'Ruiz' into Where we write the last name, Tania Ruiz Sanchez enters 'Av Japon' into Where we write the address, Tania Ruiz Sanchez enters 'tania@hotmail.com' into Where we write the email, Tania Ruiz Sanchez enters '3103900118' into Where we write the phone, Tania Ruiz Sanchez clicks on where you select the male]]]
[Test worker] WARN net.thucydides.core.steps.BaseStepListener - stepStarted: net.thucydides.core.steps.ExecutedStepDescription@2d6e0ef2
[Test worker] WARN net.thucydides.core.steps.BaseStepListener - stepFinished: current outcome:Enter data to register:Example: {firstname=Tania, lastname=Ruiz, address=Av Japon, email=tania@hotmail.com, phone=3103900118, gender=Male, hobbies=Cricket-Movies, selectcountry=Japan, year=1995, month=April, day=10, password1=Tania123*, password2=Tania123*} [Given tania wants to register in demo automation testing [Tania ruiz sanchez open up [Tania Ruiz Sanchez opens the Demo automation page]], When she enters the data in the form
| firstname | lastname | address | email | phone | gender | hobbies | selectcountry | year | month | day | password1 | password2 |
| Tania | Ruiz | Av Japon | tania@hotmail.com | 3103900118 | Male | Cricket-Movies | Japan | 1995 | April | 10 | Tania123* | Tania123* | [Tania ruiz sanchez register [Tania Ruiz Sanchez clicks on where we write the first name, Tania Ruiz Sanchez enters 'Tania' into where we write the first name, Tania Ruiz Sanchez enters 'Ruiz' into Where we write the last name, Tania Ruiz Sanchez enters 'Av Japon' into Where we write the address, Tania Ruiz Sanchez enters 'tania@hotmail.com' into Where we write the email, Tania Ruiz Sanchez enters '3103900118' into Where we write the phone, Tania Ruiz Sanchez clicks on where you select the male, Tania Ruiz Sanchez clicks on where you select the hobbies Cricket]]]
[Test worker] WARN net.thucydides.core.steps.BaseStepListener - stepStarted: net.thucydides.core.steps.ExecutedStepDescription@4f06f882
[Test worker] WARN net.thucydides.core.steps.BaseStepListener - stepFinished: current outcome:Enter data to register:Example: {firstname=Tania, lastname=Ruiz, address=Av Japon, email=tania@hotmail.com, phone=3103900118, gender=Male, hobbies=Cricket-Movies, selectcountry=Japan, year=1995, month=April, day=10, password1=Tania123*, password2=Tania123*} [Given tania wants to register in demo automation testing [Tania ruiz sanchez open up [Tania Ruiz Sanchez opens the Demo automation page]], When she enters the data in the form
| firstname | lastname | address | email | phone | gender | hobbies | selectcountry | year | month | day | password1 | password2 |
| Tania | Ruiz | Av Japon | tania@hotmail.com | 3103900118 | Male | Cricket-Movies | Japan | 1995 | April | 10 | Tania123* | Tania123* | [Tania ruiz sanchez register [Tania Ruiz Sanchez clicks on where we write the first name, Tania Ruiz Sanchez enters 'Tania' into where we write the first name, Tania Ruiz Sanchez enters 'Ruiz' into Where we write the last name, Tania Ruiz Sanchez enters 'Av Japon' into Where we write the address, Tania Ruiz Sanchez enters 'tania@hotmail.com' into Where we write the email, Tania Ruiz Sanchez enters '3103900118' into Where we write the phone, Tania Ruiz Sanchez clicks on where you select the male, Tania Ruiz Sanchez clicks on where you select the hobbies Cricket, Tania Ruiz Sanchez clicks on where you select the hobbies Movies]]]
[Test worker] WARN net.thucydides.core.steps.BaseStepListener - stepStarted: net.thucydides.core.steps.ExecutedStepDescription@2c9a007a
[Test worker] WARN net.thucydides.core.steps.BaseStepListener - stepFinished: current outcome:Enter data to register:Example: {firstname=Tania, lastname=Ruiz, address=Av Japon, email=tania@hotmail.com, phone=3103900118, gender=Male, hobbies=Cricket-Movies, selectcountry=Japan, year=1995, month=April, day=10, password1=Tania123*, password2=Tania123*} [Given tania wants to register in demo automation testing [Tania ruiz sanchez open up [Tania Ruiz Sanchez opens the Demo automation page]], When she enters the data in the form
| firstname | lastname | address | email | phone | gender | hobbies | selectcountry | year | month | day | password1 | password2 |
| Tania | Ruiz | Av Japon | tania@hotmail.com | 3103900118 | Male | Cricket-Movies | Japan | 1995 | April | 10 | Tania123* | Tania123* | [Tania ruiz sanchez register [Tania Ruiz Sanchez clicks on where we write the first name, Tania Ruiz Sanchez enters 'Tania' into where we write the first name, Tania Ruiz Sanchez enters 'Ruiz' into Where we write the last name, Tania Ruiz Sanchez enters 'Av Japon' into Where we write the address, Tania Ruiz Sanchez enters 'tania@hotmail.com' into Where we write the email, Tania Ruiz Sanchez enters '3103900118' into Where we write the phone, Tania Ruiz Sanchez clicks on where you select the male, Tania Ruiz Sanchez clicks on where you select the hobbies Cricket, Tania Ruiz Sanchez clicks on where you select the hobbies Movies, Tania Ruiz Sanchez clicks on where do you click on language]]]
[Test worker] WARN net.thucydides.core.steps.BaseStepListener - stepStarted: net.thucydides.core.steps.ExecutedStepDescription@6f350ee1
[Test worker] WARN net.thucydides.core.steps.BaseStepListener - stepFinished: current outcome:Enter data to register:Example: {firstname=Tania, lastname=Ruiz, address=Av Japon, email=tania@hotmail.com, phone=3103900118, gender=Male, hobbies=Cricket-Movies, selectcountry=Japan, year=1995, month=April, day=10, password1=Tania123*, password2=Tania123*} [Given tania wants to register in demo automation testing [Tania ruiz sanchez open up [Tania Ruiz Sanchez opens the Demo automation page]], When she enters the data in the form
| firstname | lastname | address | email | phone | gender | hobbies | selectcountry | year | month | day | password1 | password2 |
| Tania | Ruiz | Av Japon | tania@hotmail.com | 3103900118 | Male | Cricket-Movies | Japan | 1995 | April | 10 | Tania123* | Tania123* | [Tania ruiz sanchez register [Tania Ruiz Sanchez clicks on where we write the first name, Tania Ruiz Sanchez enters 'Tania' into where we write the first name, Tania Ruiz Sanchez enters 'Ruiz' into Where we write the last name, Tania Ruiz Sanchez enters 'Av Japon' into Where we write the address, Tania Ruiz Sanchez enters 'tania@hotmail.com' into Where we write the email, Tania Ruiz Sanchez enters '3103900118' into Where we write the phone, Tania Ruiz Sanchez clicks on where you select the male, Tania Ruiz Sanchez clicks on where you select the hobbies Cricket, Tania Ruiz Sanchez clicks on where you select the hobbies Movies, Tania Ruiz Sanchez clicks on where do you click on language, Tania Ruiz Sanchez clicks on where you select on language]]]
[Test worker] WARN net.thucydides.core.steps.BaseStepListener - stepStarted: net.thucydides.core.steps.ExecutedStepDescription@2d033de5
[Test worker] WARN net.thucydides.core.steps.BaseStepListener - stepFinished: current outcome:Enter data to register:Example: {firstname=Tania, lastname=Ruiz, address=Av Japon, email=tania@hotmail.com, phone=3103900118, gender=Male, hobbies=Cricket-Movies, selectcountry=Japan, year=1995, month=April, day=10, password1=Tania123*, password2=Tania123*} [Given tania wants to register in demo automation testing [Tania ruiz sanchez open up [Tania Ruiz Sanchez opens the Demo automation page]], When she enters the data in the form
| firstname | lastname | address | email | phone | gender | hobbies | selectcountry | year | month | day | password1 | password2 |
| Tania | Ruiz | Av Japon | tania@hotmail.com | 3103900118 | Male | Cricket-Movies | Japan | 1995 | April | 10 | Tania123* | Tania123* | [Tania ruiz sanchez register [Tania Ruiz Sanchez clicks on where we write the first name, Tania Ruiz Sanchez enters 'Tania' into where we write the first name, Tania Ruiz Sanchez enters 'Ruiz' into Where we write the last name, Tania Ruiz Sanchez enters 'Av Japon' into Where we write the address, Tania Ruiz Sanchez enters 'tania@hotmail.com' into Where we write the email, Tania Ruiz Sanchez enters '3103900118' into Where we write the phone, Tania Ruiz Sanchez clicks on where you select the male, Tania Ruiz Sanchez clicks on where you select the hobbies Cricket, Tania Ruiz Sanchez clicks on where you select the hobbies Movies, Tania Ruiz Sanchez clicks on where do you click on language, Tania Ruiz Sanchez clicks on where you select on language, Tania Ruiz Sanchez clicks on where you select on language]]]
[Test worker] WARN net.thucydides.core.steps.BaseStepListener - stepStarted: net.thucydides.core.steps.ExecutedStepDescription@71cc08b3
[Test worker] WARN net.thucydides.core.steps.BaseStepListener - stepFinished: current outcome:Enter data to register:Example: {firstname=Tania, lastname=Ruiz, address=Av Japon, email=tania@hotmail.com, phone=3103900118, gender=Male, hobbies=Cricket-Movies, selectcountry=Japan, year=1995, month=April, day=10, password1=Tania123*, password2=Tania123*} [Given tania wants to register in demo automation testing [Tania ruiz sanchez open up [Tania Ruiz Sanchez opens the Demo automation page]], When she enters the data in the form
| firstname | lastname | address | email | phone | gender | hobbies | selectcountry | year | month | day | password1 | password2 |
| Tania | Ruiz | Av Japon | tania@hotmail.com | 3103900118 | Male | Cricket-Movies | Japan | 1995 | April | 10 | Tania123* | Tania123* | [Tania ruiz sanchez register [Tania Ruiz Sanchez clicks on where we write the first name, Tania Ruiz Sanchez enters 'Tania' into where we write the first name, Tania Ruiz Sanchez enters 'Ruiz' into Where we write the last name, Tania Ruiz Sanchez enters 'Av Japon' into Where we write the address, Tania Ruiz Sanchez enters 'tania@hotmail.com' into Where we write the email, Tania Ruiz Sanchez enters '3103900118' into Where we write the phone, Tania Ruiz Sanchez clicks on where you select the male, Tania Ruiz Sanchez clicks on where you select the hobbies Cricket, Tania Ruiz Sanchez clicks on where you select the hobbies Movies, Tania Ruiz Sanchez clicks on where do you click on language, Tania Ruiz Sanchez clicks on where you select on language, Tania Ruiz Sanchez clicks on where you select on language, Tania Ruiz Sanchez clicks on Click outside]]]
[Test worker] WARN net.thucydides.core.steps.BaseStepListener - stepStarted: net.thucydides.core.steps.ExecutedStepDescription@775106cf
[Test worker] WARN net.thucydides.core.steps.BaseStepListener - stepFinished: current outcome:Enter data to register:Example: {firstname=Tania, lastname=Ruiz, address=Av Japon, email=tania@hotmail.com, phone=3103900118, gender=Male, hobbies=Cricket-Movies, selectcountry=Japan, year=1995, month=April, day=10, password1=Tania123*, password2=Tania123*} [Given tania wants to register in demo automation testing [Tania ruiz sanchez open up [Tania Ruiz Sanchez opens the Demo automation page]], When she enters the data in the form
| firstname | lastname | address | email | phone | gender | hobbies | selectcountry | year | month | day | password1 | password2 |
| Tania | Ruiz | Av Japon | tania@hotmail.com | 3103900118 | Male | Cricket-Movies | Japan | 1995 | April | 10 | Tania123* | Tania123* | [Tania ruiz sanchez register [Tania Ruiz Sanchez clicks on where we write the first name, Tania Ruiz Sanchez enters 'Tania' into where we write the first name, Tania Ruiz Sanchez enters 'Ruiz' into Where we write the last name, Tania Ruiz Sanchez enters 'Av Japon' into Where we write the address, Tania Ruiz Sanchez enters 'tania@hotmail.com' into Where we write the email, Tania Ruiz Sanchez enters '3103900118' into Where we write the phone, Tania Ruiz Sanchez clicks on where you select the male, Tania Ruiz Sanchez clicks on where you select the hobbies Cricket, Tania Ruiz Sanchez clicks on where you select the hobbies Movies, Tania Ruiz Sanchez clicks on where do you click on language, Tania Ruiz Sanchez clicks on where you select on language, Tania Ruiz Sanchez clicks on where you select on language, Tania Ruiz Sanchez clicks on Click outside, Tania Ruiz Sanchez clicks on where do you click on skills]]]
[Test worker] WARN net.thucydides.core.steps.BaseStepListener - stepStarted: net.thucydides.core.steps.ExecutedStepDescription@2c09b9dc
[Test worker] WARN net.thucydides.core.steps.BaseStepListener - stepFinished: current outcome:Enter data to register:Example: {firstname=Tania, lastname=Ruiz, address=Av Japon, email=tania@hotmail.com, phone=3103900118, gender=Male, hobbies=Cricket-Movies, selectcountry=Japan, year=1995, month=April, day=10, password1=Tania123*, password2=Tania123*} [Given tania wants to register in demo automation testing [Tania ruiz sanchez open up [Tania Ruiz Sanchez opens the Demo automation page]], When she enters the data in the form
| firstname | lastname | address | email | phone | gender | hobbies | selectcountry | year | month | day | password1 | password2 |
| Tania | Ruiz | Av Japon | tania@hotmail.com | 3103900118 | Male | Cricket-Movies | Japan | 1995 | April | 10 | Tania123* | Tania123* | [Tania ruiz sanchez register [Tania Ruiz Sanchez clicks on where we write the first name, Tania Ruiz Sanchez enters 'Tania' into where we write the first name, Tania Ruiz Sanchez enters 'Ruiz' into Where we write the last name, Tania Ruiz Sanchez enters 'Av Japon' into Where we write the address, Tania Ruiz Sanchez enters 'tania@hotmail.com' into Where we write the email, Tania Ruiz Sanchez enters '3103900118' into Where we write the phone, Tania Ruiz Sanchez clicks on where you select the male, Tania Ruiz Sanchez clicks on where you select the hobbies Cricket, Tania Ruiz Sanchez clicks on where you select the hobbies Movies, Tania Ruiz Sanchez clicks on where do you click on language, Tania Ruiz Sanchez clicks on where you select on language, Tania Ruiz Sanchez clicks on where you select on language, Tania Ruiz Sanchez clicks on Click outside, Tania Ruiz Sanchez clicks on where do you click on skills, Tania Ruiz Sanchez clicks on where you select the skills]]]
[Test worker] WARN net.thucydides.core.steps.BaseStepListener - stepStarted: net.thucydides.core.steps.ExecutedStepDescription@63fbb6f4
[Test worker] WARN net.thucydides.core.steps.BaseStepListener - stepFinished: current outcome:Enter data to register:Example: {firstname=Tania, lastname=Ruiz, address=Av Japon, email=tania@hotmail.com, phone=3103900118, gender=Male, hobbies=Cricket-Movies, selectcountry=Japan, year=1995, month=April, day=10, password1=Tania123*, password2=Tania123*} [Given tania wants to register in demo automation testing [Tania ruiz sanchez open up [Tania Ruiz Sanchez opens the Demo automation page]], When she enters the data in the form
| firstname | lastname | address | email | phone | gender | hobbies | selectcountry | year | month | day | password1 | password2 |
| Tania | Ruiz | Av Japon | tania@hotmail.com | 3103900118 | Male | Cricket-Movies | Japan | 1995 | April | 10 | Tania123* | Tania123* | [Tania ruiz sanchez register [Tania Ruiz Sanchez clicks on where we write the first name, Tania Ruiz Sanchez enters 'Tania' into where we write the first name, Tania Ruiz Sanchez enters 'Ruiz' into Where we write the last name, Tania Ruiz Sanchez enters 'Av Japon' into Where we write the address, Tania Ruiz Sanchez enters 'tania@hotmail.com' into Where we write the email, Tania Ruiz Sanchez enters '3103900118' into Where we write the phone, Tania Ruiz Sanchez clicks on where you select the male, Tania Ruiz Sanchez clicks on where you select the hobbies Cricket, Tania Ruiz Sanchez clicks on where you select the hobbies Movies, Tania Ruiz Sanchez clicks on where do you click on language, Tania Ruiz Sanchez clicks on where you select on language, Tania Ruiz Sanchez clicks on where you select on language, Tania Ruiz Sanchez clicks on Click outside, Tania Ruiz Sanchez clicks on where do you click on skills, Tania Ruiz Sanchez clicks on where you select the skills, Tania Ruiz Sanchez clicks on where do you click on Country]]]
[Test worker] WARN net.thucydides.core.steps.BaseStepListener - stepStarted: net.thucydides.core.steps.ExecutedStepDescription@10fb0ae0
[Test worker] WARN net.thucydides.core.steps.BaseStepListener - stepFinished: current outcome:Enter data to register:Example: {firstname=Tania, lastname=Ruiz, address=Av Japon, email=tania@hotmail.com, phone=3103900118, gender=Male, hobbies=Cricket-Movies, selectcountry=Japan, year=1995, month=April, day=10, password1=Tania123*, password2=Tania123*} [Given tania wants to register in demo automation testing [Tania ruiz sanchez open up [Tania Ruiz Sanchez opens the Demo automation page]], When she enters the data in the form
| firstname | lastname | address | email | phone | gender | hobbies | selectcountry | year | month | day | password1 | password2 |
| Tania | Ruiz | Av Japon | tania@hotmail.com | 3103900118 | Male | Cricket-Movies | Japan | 1995 | April | 10 | Tania123* | Tania123* | [Tania ruiz sanchez register [Tania Ruiz Sanchez clicks on where we write the first name, Tania Ruiz Sanchez enters 'Tania' into where we write the first name, Tania Ruiz Sanchez enters 'Ruiz' into Where we write the last name, Tania Ruiz Sanchez enters 'Av Japon' into Where we write the address, Tania Ruiz Sanchez enters 'tania@hotmail.com' into Where we write the email, Tania Ruiz Sanchez enters '3103900118' into Where we write the phone, Tania Ruiz Sanchez clicks on where you select the male, Tania Ruiz Sanchez clicks on where you select the hobbies Cricket, Tania Ruiz Sanchez clicks on where you select the hobbies Movies, Tania Ruiz Sanchez clicks on where do you click on language, Tania Ruiz Sanchez clicks on where you select on language, Tania Ruiz Sanchez clicks on where you select on language, Tania Ruiz Sanchez clicks on Click outside, Tania Ruiz Sanchez clicks on where do you click on skills, Tania Ruiz Sanchez clicks on where you select the skills, Tania Ruiz Sanchez clicks on where do you click on Country, Tania Ruiz Sanchez clicks on where do you click on Country]]]
[Test worker] WARN net.thucydides.core.steps.BaseStepListener - stepStarted: net.thucydides.core.steps.ExecutedStepDescription@2aa48535
[Test worker] WARN net.thucydides.core.steps.BaseStepListener - stepFinished: current outcome:Enter data to register:Example: {firstname=Tania, lastname=Ruiz, address=Av Japon, email=tania@hotmail.com, phone=3103900118, gender=Male, hobbies=Cricket-Movies, selectcountry=Japan, year=1995, month=April, day=10, password1=Tania123*, password2=Tania123*} [Given tania wants to register in demo automation testing [Tania ruiz sanchez open up [Tania Ruiz Sanchez opens the Demo automation page]], When she enters the data in the form
| firstname | lastname | address | email | phone | gender | hobbies | selectcountry | year | month | day | password1 | password2 |
| Tania | Ruiz | Av Japon | tania@hotmail.com | 3103900118 | Male | Cricket-Movies | Japan | 1995 | April | 10 | Tania123* | Tania123* | [Tania ruiz sanchez register [Tania Ruiz Sanchez clicks on where we write the first name, Tania Ruiz Sanchez enters 'Tania' into where we write the first name, Tania Ruiz Sanchez enters 'Ruiz' into Where we write the last name, Tania Ruiz Sanchez enters 'Av Japon' into Where we write the address, Tania Ruiz Sanchez enters 'tania@hotmail.com' into Where we write the email, Tania Ruiz Sanchez enters '3103900118' into Where we write the phone, Tania Ruiz Sanchez clicks on where you select the male, Tania Ruiz Sanchez clicks on where you select the hobbies Cricket, Tania Ruiz Sanchez clicks on where you select the hobbies Movies, Tania Ruiz Sanchez clicks on where do you click on language, Tania Ruiz Sanchez clicks on where you select on language, Tania Ruiz Sanchez clicks on where you select on language, Tania Ruiz Sanchez clicks on Click outside, Tania Ruiz Sanchez clicks on where do you click on skills, Tania Ruiz Sanchez clicks on where you select the skills, Tania Ruiz Sanchez clicks on where do you click on Country, Tania Ruiz Sanchez clicks on where do you click on Country, Tania Ruiz Sanchez enters 'Japan' then hits ARROW_DOWN and ENTER into where you write the Country]]]
[Test worker] WARN net.thucydides.core.steps.BaseStepListener - stepStarted: net.thucydides.core.steps.ExecutedStepDescription@7cdf3ebb
[Test worker] WARN net.thucydides.core.steps.BaseStepListener - stepFinished: current outcome:Enter data to register:Example: {firstname=Tania, lastname=Ruiz, address=Av Japon, email=tania@hotmail.com, phone=3103900118, gender=Male, hobbies=Cricket-Movies, selectcountry=Japan, year=1995, month=April, day=10, password1=Tania123*, password2=Tania123*} [Given tania wants to register in demo automation testing [Tania ruiz sanchez open up [Tania Ruiz Sanchez opens the Demo automation page]], When she enters the data in the form
| firstname | lastname | address | email | phone | gender | hobbies | selectcountry | year | month | day | password1 | password2 |
| Tania | Ruiz | Av Japon | tania@hotmail.com | 3103900118 | Male | Cricket-Movies | Japan | 1995 | April | 10 | Tania123* | Tania123* | [Tania ruiz sanchez register [Tania Ruiz Sanchez clicks on where we write the first name, Tania Ruiz Sanchez enters 'Tania' into where we write the first name, Tania Ruiz Sanchez enters 'Ruiz' into Where we write the last name, Tania Ruiz Sanchez enters 'Av Japon' into Where we write the address, Tania Ruiz Sanchez enters 'tania@hotmail.com' into Where we write the email, Tania Ruiz Sanchez enters '3103900118' into Where we write the phone, Tania Ruiz Sanchez clicks on where you select the male, Tania Ruiz Sanchez clicks on where you select the hobbies Cricket, Tania Ruiz Sanchez clicks on where you select the hobbies Movies, Tania Ruiz Sanchez clicks on where do you click on language, Tania Ruiz Sanchez clicks on where you select on language, Tania Ruiz Sanchez clicks on where you select on language, Tania Ruiz Sanchez clicks on Click outside, Tania Ruiz Sanchez clicks on where do you click on skills, Tania Ruiz Sanchez clicks on where you select the skills, Tania Ruiz Sanchez clicks on where do you click on Country, Tania Ruiz Sanchez clicks on where do you click on Country, Tania Ruiz Sanchez enters 'Japan' then hits ARROW_DOWN and ENTER into where you write the Country, Tania Ruiz Sanchez select 1995 on where you select the year]]]
[Test worker] WARN net.thucydides.core.steps.BaseStepListener - stepStarted: net.thucydides.core.steps.ExecutedStepDescription@1b846333
[Test worker] WARN net.thucydides.core.steps.BaseStepListener - stepFinished: current outcome:Enter data to register:Example: {firstname=Tania, lastname=Ruiz, address=Av Japon, email=tania@hotmail.com, phone=3103900118, gender=Male, hobbies=Cricket-Movies, selectcountry=Japan, year=1995, month=April, day=10, password1=Tania123*, password2=Tania123*} [Given tania wants to register in demo automation testing [Tania ruiz sanchez open up [Tania Ruiz Sanchez opens the Demo automation page]], When she enters the data in the form
| firstname | lastname | address | email | phone | gender | hobbies | selectcountry | year | month | day | password1 | password2 |
| Tania | Ruiz | Av Japon | tania@hotmail.com | 3103900118 | Male | Cricket-Movies | Japan | 1995 | April | 10 | Tania123* | Tania123* | [Tania ruiz sanchez register [Tania Ruiz Sanchez clicks on where we write the first name, Tania Ruiz Sanchez enters 'Tania' into where we write the first name, Tania Ruiz Sanchez enters 'Ruiz' into Where we write the last name, Tania Ruiz Sanchez enters 'Av Japon' into Where we write the address, Tania Ruiz Sanchez enters 'tania@hotmail.com' into Where we write the email, Tania Ruiz Sanchez enters '3103900118' into Where we write the phone, Tania Ruiz Sanchez clicks on where you select the male, Tania Ruiz Sanchez clicks on where you select the hobbies Cricket, Tania Ruiz Sanchez clicks on where you select the hobbies Movies, Tania Ruiz Sanchez clicks on where do you click on language, Tania Ruiz Sanchez clicks on where you select on language, Tania Ruiz Sanchez clicks on where you select on language, Tania Ruiz Sanchez clicks on Click outside, Tania Ruiz Sanchez clicks on where do you click on skills, Tania Ruiz Sanchez clicks on where you select the skills, Tania Ruiz Sanchez clicks on where do you click on Country, Tania Ruiz Sanchez clicks on where do you click on Country, Tania Ruiz Sanchez enters 'Japan' then hits ARROW_DOWN and ENTER into where you write the Country, Tania Ruiz Sanchez select 1995 on where you select the year, Tania Ruiz Sanchez select April on where you select the month]]]
[Test worker] WARN net.thucydides.core.steps.BaseStepListener - stepStarted: net.thucydides.core.steps.ExecutedStepDescription@6ef4bfe6
[Test worker] WARN net.thucydides.core.steps.BaseStepListener - stepFinished: current outcome:Enter data to register:Example: {firstname=Tania, lastname=Ruiz, address=Av Japon, email=tania@hotmail.com, phone=3103900118, gender=Male, hobbies=Cricket-Movies, selectcountry=Japan, year=1995, month=April, day=10, password1=Tania123*, password2=Tania123*} [Given tania wants to register in demo automation testing [Tania ruiz sanchez open up [Tania Ruiz Sanchez opens the Demo automation page]], When she enters the data in the form
| firstname | lastname | address | email | phone | gender | hobbies | selectcountry | year | month | day | password1 | password2 |
| Tania | Ruiz | Av Japon | tania@hotmail.com | 3103900118 | Male | Cricket-Movies | Japan | 1995 | April | 10 | Tania123* | Tania123* | [Tania ruiz sanchez register [Tania Ruiz Sanchez clicks on where we write the first name, Tania Ruiz Sanchez enters 'Tania' into where we write the first name, Tania Ruiz Sanchez enters 'Ruiz' into Where we write the last name, Tania Ruiz Sanchez enters 'Av Japon' into Where we write the address, Tania Ruiz Sanchez enters 'tania@hotmail.com' into Where we write the email, Tania Ruiz Sanchez enters '3103900118' into Where we write the phone, Tania Ruiz Sanchez clicks on where you select the male, Tania Ruiz Sanchez clicks on where you select the hobbies Cricket, Tania Ruiz Sanchez clicks on where you select the hobbies Movies, Tania Ruiz Sanchez clicks on where do you click on language, Tania Ruiz Sanchez clicks on where you select on language, Tania Ruiz Sanchez clicks on where you select on language, Tania Ruiz Sanchez clicks on Click outside, Tania Ruiz Sanchez clicks on where do you click on skills, Tania Ruiz Sanchez clicks on where you select the skills, Tania Ruiz Sanchez clicks on where do you click on Country, Tania Ruiz Sanchez clicks on where do you click on Country, Tania Ruiz Sanchez enters 'Japan' then hits ARROW_DOWN and ENTER into where you write the Country, Tania Ruiz Sanchez select 1995 on where you select the year, Tania Ruiz Sanchez select April on where you select the month, Tania Ruiz Sanchez select 10 on where you select the day]]]
[Test worker] WARN net.thucydides.core.steps.BaseStepListener - stepStarted: net.thucydides.core.steps.ExecutedStepDescription@35d3ef21
[Test worker] WARN net.thucydides.core.steps.BaseStepListener - stepFinished: current outcome:Enter data to register:Example: {firstname=Tania, lastname=Ruiz, address=Av Japon, email=tania@hotmail.com, phone=3103900118, gender=Male, hobbies=Cricket-Movies, selectcountry=Japan, year=1995, month=April, day=10, password1=Tania123*, password2=Tania123*} [Given tania wants to register in demo automation testing [Tania ruiz sanchez open up [Tania Ruiz Sanchez opens the Demo automation page]], When she enters the data in the form
| firstname | lastname | address | email | phone | gender | hobbies | selectcountry | year | month | day | password1 | password2 |
| Tania | Ruiz | Av Japon | tania@hotmail.com | 3103900118 | Male | Cricket-Movies | Japan | 1995 | April | 10 | Tania123* | Tania123* | [Tania ruiz sanchez register [Tania Ruiz Sanchez clicks on where we write the first name, Tania Ruiz Sanchez enters 'Tania' into where we write the first name, Tania Ruiz Sanchez enters 'Ruiz' into Where we write the last name, Tania Ruiz Sanchez enters 'Av Japon' into Where we write the address, Tania Ruiz Sanchez enters 'tania@hotmail.com' into Where we write the email, Tania Ruiz Sanchez enters '3103900118' into Where we write the phone, Tania Ruiz Sanchez clicks on where you select the male, Tania Ruiz Sanchez clicks on where you select the hobbies Cricket, Tania Ruiz Sanchez clicks on where you select the hobbies Movies, Tania Ruiz Sanchez clicks on where do you click on language, Tania Ruiz Sanchez clicks on where you select on language, Tania Ruiz Sanchez clicks on where you select on language, Tania Ruiz Sanchez clicks on Click outside, Tania Ruiz Sanchez clicks on where do you click on skills, Tania Ruiz Sanchez clicks on where you select the skills, Tania Ruiz Sanchez clicks on where do you click on Country, Tania Ruiz Sanchez clicks on where do you click on Country, Tania Ruiz Sanchez enters 'Japan' then hits ARROW_DOWN and ENTER into where you write the Country, Tania Ruiz Sanchez select 1995 on where you select the year, Tania Ruiz Sanchez select April on where you select the month, Tania Ruiz Sanchez select 10 on where you select the day, Tania Ruiz Sanchez enters 'Tania123*' into write password to create]]]
[Test worker] WARN net.thucydides.core.steps.BaseStepListener - stepStarted: net.thucydides.core.steps.ExecutedStepDescription@65511ff
[Test worker] WARN net.thucydides.core.steps.BaseStepListener - stepFinished: current outcome:Enter data to register:Example: {firstname=Tania, lastname=Ruiz, address=Av Japon, email=tania@hotmail.com, phone=3103900118, gender=Male, hobbies=Cricket-Movies, selectcountry=Japan, year=1995, month=April, day=10, password1=Tania123*, password2=Tania123*} [Given tania wants to register in demo automation testing [Tania ruiz sanchez open up [Tania Ruiz Sanchez opens the Demo automation page]], When she enters the data in the form
| firstname | lastname | address | email | phone | gender | hobbies | selectcountry | year | month | day | password1 | password2 |
| Tania | Ruiz | Av Japon | tania@hotmail.com | 3103900118 | Male | Cricket-Movies | Japan | 1995 | April | 10 | Tania123* | Tania123* | [Tania ruiz sanchez register [Tania Ruiz Sanchez clicks on where we write the first name, Tania Ruiz Sanchez enters 'Tania' into where we write the first name, Tania Ruiz Sanchez enters 'Ruiz' into Where we write the last name, Tania Ruiz Sanchez enters 'Av Japon' into Where we write the address, Tania Ruiz Sanchez enters 'tania@hotmail.com' into Where we write the email, Tania Ruiz Sanchez enters '3103900118' into Where we write the phone, Tania Ruiz Sanchez clicks on where you select the male, Tania Ruiz Sanchez clicks on where you select the hobbies Cricket, Tania Ruiz Sanchez clicks on where you select the hobbies Movies, Tania Ruiz Sanchez clicks on where do you click on language, Tania Ruiz Sanchez clicks on where you select on language, Tania Ruiz Sanchez clicks on where you select on language, Tania Ruiz Sanchez clicks on Click outside, Tania Ruiz Sanchez clicks on where do you click on skills, Tania Ruiz Sanchez clicks on where you select the skills, Tania Ruiz Sanchez clicks on where do you click on Country, Tania Ruiz Sanchez clicks on where do you click on Country, Tania Ruiz Sanchez enters 'Japan' then hits ARROW_DOWN and ENTER into where you write the Country, Tania Ruiz Sanchez select 1995 on where you select the year, Tania Ruiz Sanchez select April on where you select the month, Tania Ruiz Sanchez select 10 on where you select the day, Tania Ruiz Sanchez enters 'Tania123*' into write password to create, Tania Ruiz Sanchez enters 'Tania123*' into write password to confirm]]]
[Test worker] WARN net.thucydides.core.steps.BaseStepListener - stepStarted: net.thucydides.core.steps.ExecutedStepDescription@22be8706
[Test worker] WARN net.thucydides.core.steps.BaseStepListener - stepFinished: current outcome:Enter data to register:Example: {firstname=Tania, lastname=Ruiz, address=Av Japon, email=tania@hotmail.com, phone=3103900118, gender=Male, hobbies=Cricket-Movies, selectcountry=Japan, year=1995, month=April, day=10, password1=Tania123*, password2=Tania123*} [Given tania wants to register in demo automation testing [Tania ruiz sanchez open up [Tania Ruiz Sanchez opens the Demo automation page]], When she enters the data in the form
| firstname | lastname | address | email | phone | gender | hobbies | selectcountry | year | month | day | password1 | password2 |
| Tania | Ruiz | Av Japon | tania@hotmail.com | 3103900118 | Male | Cricket-Movies | Japan | 1995 | April | 10 | Tania123* | Tania123* | [Tania ruiz sanchez register [Tania Ruiz Sanchez clicks on where we write the first name, Tania Ruiz Sanchez enters 'Tania' into where we write the first name, Tania Ruiz Sanchez enters 'Ruiz' into Where we write the last name, Tania Ruiz Sanchez enters 'Av Japon' into Where we write the address, Tania Ruiz Sanchez enters 'tania@hotmail.com' into Where we write the email, Tania Ruiz Sanchez enters '3103900118' into Where we write the phone, Tania Ruiz Sanchez clicks on where you select the male, Tania Ruiz Sanchez clicks on where you select the hobbies Cricket, Tania Ruiz Sanchez clicks on where you select the hobbies Movies, Tania Ruiz Sanchez clicks on where do you click on language, Tania Ruiz Sanchez clicks on where you select on language, Tania Ruiz Sanchez clicks on where you select on language, Tania Ruiz Sanchez clicks on Click outside, Tania Ruiz Sanchez clicks on where do you click on skills, Tania Ruiz Sanchez clicks on where you select the skills, Tania Ruiz Sanchez clicks on where do you click on Country, Tania Ruiz Sanchez clicks on where do you click on Country, Tania Ruiz Sanchez enters 'Japan' then hits ARROW_DOWN and ENTER into where you write the Country, Tania Ruiz Sanchez select 1995 on where you select the year, Tania Ruiz Sanchez select April on where you select the month, Tania Ruiz Sanchez select 10 on where you select the day, Tania Ruiz Sanchez enters 'Tania123*' into write password to create, Tania Ruiz Sanchez enters 'Tania123*' into write password to confirm, Tania Ruiz Sanchez clicks on Select button submit]]]
[Test worker] WARN net.thucydides.core.steps.BaseStepListener - stepFinished: current outcome:Enter data to register:Example: {firstname=Tania, lastname=Ruiz, address=Av Japon, email=tania@hotmail.com, phone=3103900118, gender=Male, hobbies=Cricket-Movies, selectcountry=Japan, year=1995, month=April, day=10, password1=Tania123*, password2=Tania123*} [Given tania wants to register in demo automation testing [Tania ruiz sanchez open up [Tania Ruiz Sanchez opens the Demo automation page]], When she enters the data in the form
| firstname | lastname | address | email | phone | gender | hobbies | selectcountry | year | month | day | password1 | password2 |
| Tania | Ruiz | Av Japon | tania@hotmail.com | 3103900118 | Male | Cricket-Movies | Japan | 1995 | April | 10 | Tania123* | Tania123* | [Tania ruiz sanchez register [Tania Ruiz Sanchez clicks on where we write the first name, Tania Ruiz Sanchez enters 'Tania' into where we write the first name, Tania Ruiz Sanchez enters 'Ruiz' into Where we write the last name, Tania Ruiz Sanchez enters 'Av Japon' into Where we write the address, Tania Ruiz Sanchez enters 'tania@hotmail.com' into Where we write the email, Tania Ruiz Sanchez enters '3103900118' into Where we write the phone, Tania Ruiz Sanchez clicks on where you select the male, Tania Ruiz Sanchez clicks on where you select the hobbies Cricket, Tania Ruiz Sanchez clicks on where you select the hobbies Movies, Tania Ruiz Sanchez clicks on where do you click on language, Tania Ruiz Sanchez clicks on where you select on language, Tania Ruiz Sanchez clicks on where you select on language, Tania Ruiz Sanchez clicks on Click outside, Tania Ruiz Sanchez clicks on where do you click on skills, Tania Ruiz Sanchez clicks on where you select the skills, Tania Ruiz Sanchez clicks on where do you click on Country, Tania Ruiz Sanchez clicks on where do you click on Country, Tania Ruiz Sanchez enters 'Japan' then hits ARROW_DOWN and ENTER into where you write the Country, Tania Ruiz Sanchez select 1995 on where you select the year, Tania Ruiz Sanchez select April on where you select the month, Tania Ruiz Sanchez select 10 on where you select the day, Tania Ruiz Sanchez enters 'Tania123*' into write password to create, Tania Ruiz Sanchez enters 'Tania123*' into write password to confirm, Tania Ruiz Sanchez clicks on Select button submit]]]
[Test worker] WARN net.thucydides.core.steps.BaseStepListener - stepFinished: current outcome:Enter data to register:Example: {firstname=Tania, lastname=Ruiz, address=Av Japon, email=tania@hotmail.com, phone=3103900118, gender=Male, hobbies=Cricket-Movies, selectcountry=Japan, year=1995, month=April, day=10, password1=Tania123*, password2=Tania123*} [Given tania wants to register in demo automation testing [Tania ruiz sanchez open up [Tania Ruiz Sanchez opens the Demo automation page]], When she enters the data in the form
| firstname | lastname | address | email | phone | gender | hobbies | selectcountry | year | month | day | password1 | password2 |
| Tania | Ruiz | Av Japon | tania@hotmail.com | 3103900118 | Male | Cricket-Movies | Japan | 1995 | April | 10 | Tania123* | Tania123* | [Tania ruiz sanchez register [Tania Ruiz Sanchez clicks on where we write the first name, Tania Ruiz Sanchez enters 'Tania' into where we write the first name, Tania Ruiz Sanchez enters 'Ruiz' into Where we write the last name, Tania Ruiz Sanchez enters 'Av Japon' into Where we write the address, Tania Ruiz Sanchez enters 'tania@hotmail.com' into Where we write the email, Tania Ruiz Sanchez enters '3103900118' into Where we write the phone, Tania Ruiz Sanchez clicks on where you select the male, Tania Ruiz Sanchez clicks on where you select the hobbies Cricket, Tania Ruiz Sanchez clicks on where you select the hobbies Movies, Tania Ruiz Sanchez clicks on where do you click on language, Tania Ruiz Sanchez clicks on where you select on language, Tania Ruiz Sanchez clicks on where you select on language, Tania Ruiz Sanchez clicks on Click outside, Tania Ruiz Sanchez clicks on where do you click on skills, Tania Ruiz Sanchez clicks on where you select the skills, Tania Ruiz Sanchez clicks on where do you click on Country, Tania Ruiz Sanchez clicks on where do you click on Country, Tania Ruiz Sanchez enters 'Japan' then hits ARROW_DOWN and ENTER into where you write the Country, Tania Ruiz Sanchez select 1995 on where you select the year, Tania Ruiz Sanchez select April on where you select the month, Tania Ruiz Sanchez select 10 on where you select the day, Tania Ruiz Sanchez enters 'Tania123*' into write password to create, Tania Ruiz Sanchez enters 'Tania123*' into write password to confirm, Tania Ruiz Sanchez clicks on Select button submit]]]
[Test worker] WARN net.thucydides.core.steps.BaseStepListener - stepStarted: net.thucydides.core.steps.ExecutedStepDescription@e4bfb1d
[Test worker] WARN net.thucydides.core.steps.BaseStepListener - stepStarted: net.thucydides.core.steps.ExecutedStepDescription@2c618f9a
[Test worker] WARN net.thucydides.core.steps.BaseStepListener - stepFinished: current outcome:Enter data to register:Example: {firstname=Tania, lastname=Ruiz, address=Av Japon, email=tania@hotmail.com, phone=3103900118, gender=Male, hobbies=Cricket-Movies, selectcountry=Japan, year=1995, month=April, day=10, password1=Tania123*, password2=Tania123*} [Given tania wants to register in demo automation testing [Tania ruiz sanchez open up [Tania Ruiz Sanchez opens the Demo automation page]], When she enters the data in the form
| firstname | lastname | address | email | phone | gender | hobbies | selectcountry | year | month | day | password1 | password2 |
| Tania | Ruiz | Av Japon | tania@hotmail.com | 3103900118 | Male | Cricket-Movies | Japan | 1995 | April | 10 | Tania123* | Tania123* | [Tania ruiz sanchez register [Tania Ruiz Sanchez clicks on where we write the first name, Tania Ruiz Sanchez enters 'Tania' into where we write the first name, Tania Ruiz Sanchez enters 'Ruiz' into Where we write the last name, Tania Ruiz Sanchez enters 'Av Japon' into Where we write the address, Tania Ruiz Sanchez enters 'tania@hotmail.com' into Where we write the email, Tania Ruiz Sanchez enters '3103900118' into Where we write the phone, Tania Ruiz Sanchez clicks on where you select the male, Tania Ruiz Sanchez clicks on where you select the hobbies Cricket, Tania Ruiz Sanchez clicks on where you select the hobbies Movies, Tania Ruiz Sanchez clicks on where do you click on language, Tania Ruiz Sanchez clicks on where you select on language, Tania Ruiz Sanchez clicks on where you select on language, Tania Ruiz Sanchez clicks on Click outside, Tania Ruiz Sanchez clicks on where do you click on skills, Tania Ruiz Sanchez clicks on where you select the skills, Tania Ruiz Sanchez clicks on where do you click on Country, Tania Ruiz Sanchez clicks on where do you click on Country, Tania Ruiz Sanchez enters 'Japan' then hits ARROW_DOWN and ENTER into where you write the Country, Tania Ruiz Sanchez select 1995 on where you select the year, Tania Ruiz Sanchez select April on where you select the month, Tania Ruiz Sanchez select 10 on where you select the day, Tania Ruiz Sanchez enters 'Tania123*' into write password to create, Tania Ruiz Sanchez enters 'Tania123*' into write password to confirm, Tania Ruiz Sanchez clicks on Select button submit]], Then she loads the information in the Submit button [Then answer]]
[Test worker] WARN net.thucydides.core.steps.BaseStepListener - stepFinished: current outcome:Enter data to register:Example: {firstname=Tania, lastname=Ruiz, address=Av Japon, email=tania@hotmail.com, phone=3103900118, gender=Male, hobbies=Cricket-Movies, selectcountry=Japan, year=1995, month=April, day=10, password1=Tania123*, password2=Tania123*} [Given tania wants to register in demo automation testing [Tania ruiz sanchez open up [Tania Ruiz Sanchez opens the Demo automation page]], When she enters the data in the form
| firstname | lastname | address | email | phone | gender | hobbies | selectcountry | year | month | day | password1 | password2 |
| Tania | Ruiz | Av Japon | tania@hotmail.com | 3103900118 | Male | Cricket-Movies | Japan | 1995 | April | 10 | Tania123* | Tania123* | [Tania ruiz sanchez register [Tania Ruiz Sanchez clicks on where we write the first name, Tania Ruiz Sanchez enters 'Tania' into where we write the first name, Tania Ruiz Sanchez enters 'Ruiz' into Where we write the last name, Tania Ruiz Sanchez enters 'Av Japon' into Where we write the address, Tania Ruiz Sanchez enters 'tania@hotmail.com' into Where we write the email, Tania Ruiz Sanchez enters '3103900118' into Where we write the phone, Tania Ruiz Sanchez clicks on where you select the male, Tania Ruiz Sanchez clicks on where you select the hobbies Cricket, Tania Ruiz Sanchez clicks on where you select the hobbies Movies, Tania Ruiz Sanchez clicks on where do you click on language, Tania Ruiz Sanchez clicks on where you select on language, Tania Ruiz Sanchez clicks on where you select on language, Tania Ruiz Sanchez clicks on Click outside, Tania Ruiz Sanchez clicks on where do you click on skills, Tania Ruiz Sanchez clicks on where you select the skills, Tania Ruiz Sanchez clicks on where do you click on Country, Tania Ruiz Sanchez clicks on where do you click on Country, Tania Ruiz Sanchez enters 'Japan' then hits ARROW_DOWN and ENTER into where you write the Country, Tania Ruiz Sanchez select 1995 on where you select the year, Tania Ruiz Sanchez select April on where you select the month, Tania Ruiz Sanchez select 10 on where you select the day, Tania Ruiz Sanchez enters 'Tania123*' into write password to create, Tania Ruiz Sanchez enters 'Tania123*' into write password to confirm, Tania Ruiz Sanchez clicks on Select button submit]], Then she loads the information in the Submit button [Then answer]]
[Test worker] WARN net.thucydides.core.steps.BaseStepListener - stepFinished: current outcome:Enter data to register:Example: {firstname=Tania, lastname=Ruiz, address=Av Japon, email=tania@hotmail.com, phone=3103900118, gender=Male, hobbies=Cricket-Movies, selectcountry=Japan, year=1995, month=April, day=10, password1=Tania123*, password2=Tania123*} [Given tania wants to register in demo automation testing [Tania ruiz sanchez open up [Tania Ruiz Sanchez opens the Demo automation page]], When she enters the data in the form
| firstname | lastname | address | email | phone | gender | hobbies | selectcountry | year | month | day | password1 | password2 |
| Tania | Ruiz | Av Japon | tania@hotmail.com | 3103900118 | Male | Cricket-Movies | Japan | 1995 | April | 10 | Tania123* | Tania123* | [Tania ruiz sanchez register [Tania Ruiz Sanchez clicks on where we write the first name, Tania Ruiz Sanchez enters 'Tania' into where we write the first name, Tania Ruiz Sanchez enters 'Ruiz' into Where we write the last name, Tania Ruiz Sanchez enters 'Av Japon' into Where we write the address, Tania Ruiz Sanchez enters 'tania@hotmail.com' into Where we write the email, Tania Ruiz Sanchez enters '3103900118' into Where we write the phone, Tania Ruiz Sanchez clicks on where you select the male, Tania Ruiz Sanchez clicks on where you select the hobbies Cricket, Tania Ruiz Sanchez clicks on where you select the hobbies Movies, Tania Ruiz Sanchez clicks on where do you click on language, Tania Ruiz Sanchez clicks on where you select on language, Tania Ruiz Sanchez clicks on where you select on language, Tania Ruiz Sanchez clicks on Click outside, Tania Ruiz Sanchez clicks on where do you click on skills, Tania Ruiz Sanchez clicks on where you select the skills, Tania Ruiz Sanchez clicks on where do you click on Country, Tania Ruiz Sanchez clicks on where do you click on Country, Tania Ruiz Sanchez enters 'Japan' then hits ARROW_DOWN and ENTER into where you write the Country, Tania Ruiz Sanchez select 1995 on where you select the year, Tania Ruiz Sanchez select April on where you select the month, Tania Ruiz Sanchez select 10 on where you select the day, Tania Ruiz Sanchez enters 'Tania123*' into write password to create, Tania Ruiz Sanchez enters 'Tania123*' into write password to confirm, Tania Ruiz Sanchez clicks on Select button submit]], Then she loads the information in the Submit button [Then answer]]
[Test worker] WARN net.thucydides.core.steps.BaseStepListener - testFinished: Enter data to register:Example: {firstname=Tania, lastname=Ruiz, address=Av Japon, email=tania@hotmail.com, phone=3103900118, gender=Male, hobbies=Cricket-Movies, selectcountry=Japan, year=1995, month=April, day=10, password1=Tania123*, password2=Tania123*} [Given tania wants to register in demo automation testing [Tania ruiz sanchez open up [Tania Ruiz Sanchez opens the Demo automation page]], When she enters the data in the form
| firstname | lastname | address | email | phone | gender | hobbies | selectcountry | year | month | day | password1 | password2 |
| Tania | Ruiz | Av Japon | tania@hotmail.com | 3103900118 | Male | Cricket-Movies | Japan | 1995 | April | 10 | Tania123* | Tania123* | [Tania ruiz sanchez register [Tania Ruiz Sanchez clicks on where we write the first name, Tania Ruiz Sanchez enters 'Tania' into where we write the first name, Tania Ruiz Sanchez enters 'Ruiz' into Where we write the last name, Tania Ruiz Sanchez enters 'Av Japon' into Where we write the address, Tania Ruiz Sanchez enters 'tania@hotmail.com' into Where we write the email, Tania Ruiz Sanchez enters '3103900118' into Where we write the phone, Tania Ruiz Sanchez clicks on where you select the male, Tania Ruiz Sanchez clicks on where you select the hobbies Cricket, Tania Ruiz Sanchez clicks on where you select the hobbies Movies, Tania Ruiz Sanchez clicks on where do you click on language, Tania Ruiz Sanchez clicks on where you select on language, Tania Ruiz Sanchez clicks on where you select on language, Tania Ruiz Sanchez clicks on Click outside, Tania Ruiz Sanchez clicks on where do you click on skills, Tania Ruiz Sanchez clicks on where you select the skills, Tania Ruiz Sanchez clicks on where do you click on Country, Tania Ruiz Sanchez clicks on where do you click on Country, Tania Ruiz Sanchez enters 'Japan' then hits ARROW_DOWN and ENTER into where you write the Country, Tania Ruiz Sanchez select 1995 on where you select the year, Tania Ruiz Sanchez select April on where you select the month, Tania Ruiz Sanchez select 10 on where you select the day, Tania Ruiz Sanchez enters 'Tania123*' into write password to create, Tania Ruiz Sanchez enters 'Tania123*' into write password to confirm, Tania Ruiz Sanchez clicks on Select button submit]], Then she loads the information in the Submit button [Then answer]]
[Test worker] WARN net.thucydides.core.steps.BaseStepListener - TestOutcomes: [Enter data to register:Example: {firstname=Tania, lastname=Ruiz, address=Av Japon, email=tania@hotmail.com, phone=3103900118, gender=Male, hobbies=Cricket-Movies, selectcountry=Japan, year=1995, month=April, day=10, password1=Tania123*, password2=Tania123*} [Given tania wants to register in demo automation testing [Tania ruiz sanchez open up [Tania Ruiz Sanchez opens the Demo automation page]], When she enters the data in the form
| firstname | lastname | address | email | phone | gender | hobbies | selectcountry | year | month | day | password1 | password2 |
| Tania | Ruiz | Av Japon | tania@hotmail.com | 3103900118 | Male | Cricket-Movies | Japan | 1995 | April | 10 | Tania123* | Tania123* | [Tania ruiz sanchez register [Tania Ruiz Sanchez clicks on where we write the first name, Tania Ruiz Sanchez enters 'Tania' into where we write the first name, Tania Ruiz Sanchez enters 'Ruiz' into Where we write the last name, Tania Ruiz Sanchez enters 'Av Japon' into Where we write the address, Tania Ruiz Sanchez enters 'tania@hotmail.com' into Where we write the email, Tania Ruiz Sanchez enters '3103900118' into Where we write the phone, Tania Ruiz Sanchez clicks on where you select the male, Tania Ruiz Sanchez clicks on where you select the hobbies Cricket, Tania Ruiz Sanchez clicks on where you select the hobbies Movies, Tania Ruiz Sanchez clicks on where do you click on language, Tania Ruiz Sanchez clicks on where you select on language, Tania Ruiz Sanchez clicks on where you select on language, Tania Ruiz Sanchez clicks on Click outside, Tania Ruiz Sanchez clicks on where do you click on skills, Tania Ruiz Sanchez clicks on where you select the skills, Tania Ruiz Sanchez clicks on where do you click on Country, Tania Ruiz Sanchez clicks on where do you click on Country, Tania Ruiz Sanchez enters 'Japan' then hits ARROW_DOWN and ENTER into where you write the Country, Tania Ruiz Sanchez select 1995 on where you select the year, Tania Ruiz Sanchez select April on where you select the month, Tania Ruiz Sanchez select 10 on where you select the day, Tania Ruiz Sanchez enters 'Tania123*' into write password to create, Tania Ruiz Sanchez enters 'Tania123*' into write password to confirm, Tania Ruiz Sanchez clicks on Select button submit]], Then she loads the information in the Submit button [Then answer]]]
[Test worker] WARN net.thucydides.core.steps.BaseStepListener - Final testOutcomes: [Enter data to register:Example: {firstname=Tania, lastname=Ruiz, address=Av Japon, email=tania@hotmail.com, phone=3103900118, gender=Male, hobbies=Cricket-Movies, selectcountry=Japan, year=1995, month=April, day=10, password1=Tania123*, password2=Tania123*} [Given tania wants to register in demo automation testing [Tania ruiz sanchez open up [Tania Ruiz Sanchez opens the Demo automation page]], When she enters the data in the form
| firstname | lastname | address | email | phone | gender | hobbies | selectcountry | year | month | day | password1 | password2 |
| Tania | Ruiz | Av Japon | tania@hotmail.com | 3103900118 | Male | Cricket-Movies | Japan | 1995 | April | 10 | Tania123* | Tania123* | [Tania ruiz sanchez register [Tania Ruiz Sanchez clicks on where we write the first name, Tania Ruiz Sanchez enters 'Tania' into where we write the first name, Tania Ruiz Sanchez enters 'Ruiz' into Where we write the last name, Tania Ruiz Sanchez enters 'Av Japon' into Where we write the address, Tania Ruiz Sanchez enters 'tania@hotmail.com' into Where we write the email, Tania Ruiz Sanchez enters '3103900118' into Where we write the phone, Tania Ruiz Sanchez clicks on where you select the male, Tania Ruiz Sanchez clicks on where you select the hobbies Cricket, Tania Ruiz Sanchez clicks on where you select the hobbies Movies, Tania Ruiz Sanchez clicks on where do you click on language, Tania Ruiz Sanchez clicks on where you select on language, Tania Ruiz Sanchez clicks on where you select on language, Tania Ruiz Sanchez clicks on Click outside, Tania Ruiz Sanchez clicks on where do you click on skills, Tania Ruiz Sanchez clicks on where you select the skills, Tania Ruiz Sanchez clicks on where do you click on Country, Tania Ruiz Sanchez clicks on where do you click on Country, Tania Ruiz Sanchez enters 'Japan' then hits ARROW_DOWN and ENTER into where you write the Country, Tania Ruiz Sanchez select 1995 on where you select the year, Tania Ruiz Sanchez select April on where you select the month, Tania Ruiz Sanchez select 10 on where you select the day, Tania Ruiz Sanchez enters 'Tania123*' into write password to create, Tania Ruiz Sanchez enters 'Tania123*' into write password to confirm, Tania Ruiz Sanchez clicks on Select button submit]], Then she loads the information in the Submit button [Then answer]]]
[Test worker] INFO net.thucydides.core.steps.ConsoleLoggingListener - 
        __    _____ _____ ____ _____   ____   _    ____  ____  _____ ____  
  _     \ \  |_   _| ____/ ___|_   _| |  _ \ / \  / ___|/ ___|| ____|  _ \ 
 (_)_____| |   | | |  _| \___ \ | |   | |_) / _ \ \___ \\___ \|  _| | | | |
  _|_____| |   | | | |___ ___) || |   |  __/ ___ \ ___) |___) | |___| |_| |
 (_)     | |   |_| |_____|____/ |_|   |_| /_/   \_\____/|____/|_____|____/ 
        /_/                                                                

TEST PASSED: Enter data to register
----------------------------------------------------------------------------
[Test worker] WARN net.thucydides.core.steps.BaseStepListener - stepStarted: net.thucydides.core.steps.ExecutedStepDescription@742c0158
[Test worker] WARN net.thucydides.core.steps.BaseStepListener - stepStarted: net.thucydides.core.steps.ExecutedStepDescription@6e9e0c7b
[Test worker] WARN net.thucydides.core.steps.BaseStepListener - stepStarted: net.thucydides.core.steps.ExecutedStepDescription@7f51711c
abr 30, 2022 10:20:42 AM org.openqa.selenium.remote.DesiredCapabilities chrome
INFORMACIÓN: Using `new ChromeOptions()` is preferred to `DesiredCapabilities.chrome()`
[Test worker] INFO net.serenitybdd.core.webdriver.driverproviders.ProvideNewDriver - Instantiating driver
[Test worker] INFO net.serenitybdd.core.webdriver.driverproviders.ProvideNewDriver - Driver capabilities: Capabilities {acceptInsecureCerts: false, browserName: chrome, chrome.switches: --start-maximized, goog:chromeOptions: {args: [--start-maximized], extensions: []}, loggingPrefs: org.openqa.selenium.logging..., platform: ANY, version: }
Starting ChromeDriver 100.0.4896.60 (6a5d10861ce8de5fce22564658033b43cb7de047-refs/branch-heads/4896@{#875}) on port 30174
Only local connections are allowed.
Please see https://chromedriver.chromium.org/security-considerations for suggestions on keeping ChromeDriver safe.
ChromeDriver was started successfully.
abr 30, 2022 10:20:44 AM org.openqa.selenium.remote.ProtocolHandshake createSession
INFORMACIÓN: Detected dialect: W3C
[Test worker] WARN net.thucydides.core.steps.BaseStepListener - stepFinished: current outcome:Enter data to register:Example: {firstname=Tania, lastname=Ruiz, address=Av Japon, email=tania@hotmail.com, phone=3103900118, gender=Male, hobbies=Cricket-Movies, selectcountry=Japan, year=1995, month=April, day=10, password1=Tania123*, password2=Tania123*} [Given tania wants to register in demo automation testing [Tania ruiz sanchez open up [Tania Ruiz Sanchez opens the Demo automation page]], When she enters the data in the form
| firstname | lastname | address | email | phone | gender | hobbies | selectcountry | year | month | day | password1 | password2 |
| Tania | Ruiz | Av Japon | tania@hotmail.com | 3103900118 | Male | Cricket-Movies | Japan | 1995 | April | 10 | Tania123* | Tania123* | [Tania ruiz sanchez register [Tania Ruiz Sanchez clicks on where we write the first name, Tania Ruiz Sanchez enters 'Tania' into where we write the first name, Tania Ruiz Sanchez enters 'Ruiz' into Where we write the last name, Tania Ruiz Sanchez enters 'Av Japon' into Where we write the address, Tania Ruiz Sanchez enters 'tania@hotmail.com' into Where we write the email, Tania Ruiz Sanchez enters '3103900118' into Where we write the phone, Tania Ruiz Sanchez clicks on where you select the male, Tania Ruiz Sanchez clicks on where you select the hobbies Cricket, Tania Ruiz Sanchez clicks on where you select the hobbies Movies, Tania Ruiz Sanchez clicks on where do you click on language, Tania Ruiz Sanchez clicks on where you select on language, Tania Ruiz Sanchez clicks on where you select on language, Tania Ruiz Sanchez clicks on Click outside, Tania Ruiz Sanchez clicks on where do you click on skills, Tania Ruiz Sanchez clicks on where you select the skills, Tania Ruiz Sanchez clicks on where do you click on Country, Tania Ruiz Sanchez clicks on where do you click on Country, Tania Ruiz Sanchez enters 'Japan' then hits ARROW_DOWN and ENTER into where you write the Country, Tania Ruiz Sanchez select 1995 on where you select the year, Tania Ruiz Sanchez select April on where you select the month, Tania Ruiz Sanchez select 10 on where you select the day, Tania Ruiz Sanchez enters 'Tania123*' into write password to create, Tania Ruiz Sanchez enters 'Tania123*' into write password to confirm, Tania Ruiz Sanchez clicks on Select button submit]], Then she loads the information in the Submit button [Then answer]], Example: {firstname=Patricia, lastname=Sanchez, address=Av cuba, email=tania1@hotmail.com, phone=3103900120, gender=FeMale, hobbies=Movies-Hockey, selectcountry=india, year=1966, month=April, day=30, password1=Tania1234*, password2=Tania1234*} [Given tania wants to register in demo automation testing [Tania ruiz sanchez open up [Tania Ruiz Sanchez opens the Demo automation page]]]
[Test worker] WARN net.thucydides.core.steps.BaseStepListener - stepFinished: current outcome:Enter data to register:Example: {firstname=Tania, lastname=Ruiz, address=Av Japon, email=tania@hotmail.com, phone=3103900118, gender=Male, hobbies=Cricket-Movies, selectcountry=Japan, year=1995, month=April, day=10, password1=Tania123*, password2=Tania123*} [Given tania wants to register in demo automation testing [Tania ruiz sanchez open up [Tania Ruiz Sanchez opens the Demo automation page]], When she enters the data in the form
| firstname | lastname | address | email | phone | gender | hobbies | selectcountry | year | month | day | password1 | password2 |
| Tania | Ruiz | Av Japon | tania@hotmail.com | 3103900118 | Male | Cricket-Movies | Japan | 1995 | April | 10 | Tania123* | Tania123* | [Tania ruiz sanchez register [Tania Ruiz Sanchez clicks on where we write the first name, Tania Ruiz Sanchez enters 'Tania' into where we write the first name, Tania Ruiz Sanchez enters 'Ruiz' into Where we write the last name, Tania Ruiz Sanchez enters 'Av Japon' into Where we write the address, Tania Ruiz Sanchez enters 'tania@hotmail.com' into Where we write the email, Tania Ruiz Sanchez enters '3103900118' into Where we write the phone, Tania Ruiz Sanchez clicks on where you select the male, Tania Ruiz Sanchez clicks on where you select the hobbies Cricket, Tania Ruiz Sanchez clicks on where you select the hobbies Movies, Tania Ruiz Sanchez clicks on where do you click on language, Tania Ruiz Sanchez clicks on where you select on language, Tania Ruiz Sanchez clicks on where you select on language, Tania Ruiz Sanchez clicks on Click outside, Tania Ruiz Sanchez clicks on where do you click on skills, Tania Ruiz Sanchez clicks on where you select the skills, Tania Ruiz Sanchez clicks on where do you click on Country, Tania Ruiz Sanchez clicks on where do you click on Country, Tania Ruiz Sanchez enters 'Japan' then hits ARROW_DOWN and ENTER into where you write the Country, Tania Ruiz Sanchez select 1995 on where you select the year, Tania Ruiz Sanchez select April on where you select the month, Tania Ruiz Sanchez select 10 on where you select the day, Tania Ruiz Sanchez enters 'Tania123*' into write password to create, Tania Ruiz Sanchez enters 'Tania123*' into write password to confirm, Tania Ruiz Sanchez clicks on Select button submit]], Then she loads the information in the Submit button [Then answer]], Example: {firstname=Patricia, lastname=Sanchez, address=Av cuba, email=tania1@hotmail.com, phone=3103900120, gender=FeMale, hobbies=Movies-Hockey, selectcountry=india, year=1966, month=April, day=30, password1=Tania1234*, password2=Tania1234*} [Given tania wants to register in demo automation testing [Tania ruiz sanchez open up [Tania Ruiz Sanchez opens the Demo automation page]]]
[Test worker] WARN net.thucydides.core.steps.BaseStepListener - stepFinished: current outcome:Enter data to register:Example: {firstname=Tania, lastname=Ruiz, address=Av Japon, email=tania@hotmail.com, phone=3103900118, gender=Male, hobbies=Cricket-Movies, selectcountry=Japan, year=1995, month=April, day=10, password1=Tania123*, password2=Tania123*} [Given tania wants to register in demo automation testing [Tania ruiz sanchez open up [Tania Ruiz Sanchez opens the Demo automation page]], When she enters the data in the form
| firstname | lastname | address | email | phone | gender | hobbies | selectcountry | year | month | day | password1 | password2 |
| Tania | Ruiz | Av Japon | tania@hotmail.com | 3103900118 | Male | Cricket-Movies | Japan | 1995 | April | 10 | Tania123* | Tania123* | [Tania ruiz sanchez register [Tania Ruiz Sanchez clicks on where we write the first name, Tania Ruiz Sanchez enters 'Tania' into where we write the first name, Tania Ruiz Sanchez enters 'Ruiz' into Where we write the last name, Tania Ruiz Sanchez enters 'Av Japon' into Where we write the address, Tania Ruiz Sanchez enters 'tania@hotmail.com' into Where we write the email, Tania Ruiz Sanchez enters '3103900118' into Where we write the phone, Tania Ruiz Sanchez clicks on where you select the male, Tania Ruiz Sanchez clicks on where you select the hobbies Cricket, Tania Ruiz Sanchez clicks on where you select the hobbies Movies, Tania Ruiz Sanchez clicks on where do you click on language, Tania Ruiz Sanchez clicks on where you select on language, Tania Ruiz Sanchez clicks on where you select on language, Tania Ruiz Sanchez clicks on Click outside, Tania Ruiz Sanchez clicks on where do you click on skills, Tania Ruiz Sanchez clicks on where you select the skills, Tania Ruiz Sanchez clicks on where do you click on Country, Tania Ruiz Sanchez clicks on where do you click on Country, Tania Ruiz Sanchez enters 'Japan' then hits ARROW_DOWN and ENTER into where you write the Country, Tania Ruiz Sanchez select 1995 on where you select the year, Tania Ruiz Sanchez select April on where you select the month, Tania Ruiz Sanchez select 10 on where you select the day, Tania Ruiz Sanchez enters 'Tania123*' into write password to create, Tania Ruiz Sanchez enters 'Tania123*' into write password to confirm, Tania Ruiz Sanchez clicks on Select button submit]], Then she loads the information in the Submit button [Then answer]], Example: {firstname=Patricia, lastname=Sanchez, address=Av cuba, email=tania1@hotmail.com, phone=3103900120, gender=FeMale, hobbies=Movies-Hockey, selectcountry=india, year=1966, month=April, day=30, password1=Tania1234*, password2=Tania1234*} [Given tania wants to register in demo automation testing [Tania ruiz sanchez open up [Tania Ruiz Sanchez opens the Demo automation page]]]
[Test worker] WARN net.thucydides.core.steps.BaseStepListener - stepStarted: net.thucydides.core.steps.ExecutedStepDescription@3a7c3f0c
[Test worker] WARN net.thucydides.core.steps.BaseStepListener - stepStarted: net.thucydides.core.steps.ExecutedStepDescription@7a5ae56f
[Test worker] WARN net.thucydides.core.steps.BaseStepListener - stepStarted: net.thucydides.core.steps.ExecutedStepDescription@12363a90
[Test worker] WARN net.thucydides.core.steps.BaseStepListener - stepFinished: current outcome:Enter data to register:Example: {firstname=Tania, lastname=Ruiz, address=Av Japon, email=tania@hotmail.com, phone=3103900118, gender=Male, hobbies=Cricket-Movies, selectcountry=Japan, year=1995, month=April, day=10, password1=Tania123*, password2=Tania123*} [Given tania wants to register in demo automation testing [Tania ruiz sanchez open up [Tania Ruiz Sanchez opens the Demo automation page]], When she enters the data in the form
| firstname | lastname | address | email | phone | gender | hobbies | selectcountry | year | month | day | password1 | password2 |
| Tania | Ruiz | Av Japon | tania@hotmail.com | 3103900118 | Male | Cricket-Movies | Japan | 1995 | April | 10 | Tania123* | Tania123* | [Tania ruiz sanchez register [Tania Ruiz Sanchez clicks on where we write the first name, Tania Ruiz Sanchez enters 'Tania' into where we write the first name, Tania Ruiz Sanchez enters 'Ruiz' into Where we write the last name, Tania Ruiz Sanchez enters 'Av Japon' into Where we write the address, Tania Ruiz Sanchez enters 'tania@hotmail.com' into Where we write the email, Tania Ruiz Sanchez enters '3103900118' into Where we write the phone, Tania Ruiz Sanchez clicks on where you select the male, Tania Ruiz Sanchez clicks on where you select the hobbies Cricket, Tania Ruiz Sanchez clicks on where you select the hobbies Movies, Tania Ruiz Sanchez clicks on where do you click on language, Tania Ruiz Sanchez clicks on where you select on language, Tania Ruiz Sanchez clicks on where you select on language, Tania Ruiz Sanchez clicks on Click outside, Tania Ruiz Sanchez clicks on where do you click on skills, Tania Ruiz Sanchez clicks on where you select the skills, Tania Ruiz Sanchez clicks on where do you click on Country, Tania Ruiz Sanchez clicks on where do you click on Country, Tania Ruiz Sanchez enters 'Japan' then hits ARROW_DOWN and ENTER into where you write the Country, Tania Ruiz Sanchez select 1995 on where you select the year, Tania Ruiz Sanchez select April on where you select the month, Tania Ruiz Sanchez select 10 on where you select the day, Tania Ruiz Sanchez enters 'Tania123*' into write password to create, Tania Ruiz Sanchez enters 'Tania123*' into write password to confirm, Tania Ruiz Sanchez clicks on Select button submit]], Then she loads the information in the Submit button [Then answer]], Example: {firstname=Patricia, lastname=Sanchez, address=Av cuba, email=tania1@hotmail.com, phone=3103900120, gender=FeMale, hobbies=Movies-Hockey, selectcountry=india, year=1966, month=April, day=30, password1=Tania1234*, password2=Tania1234*} [Given tania wants to register in demo automation testing [Tania ruiz sanchez open up [Tania Ruiz Sanchez opens the Demo automation page]], When she enters the data in the form
| firstname | lastname | address | email | phone | gender | hobbies | selectcountry | year | month | day | password1 | password2 |
| Patricia | Sanchez | Av cuba | tania1@hotmail.com | 3103900120 | FeMale | Movies-Hockey | india | 1966 | April | 30 | Tania1234* | Tania1234* | [Tania ruiz sanchez register [Tania Ruiz Sanchez clicks on where we write the first name]]]
[Test worker] WARN net.thucydides.core.steps.BaseStepListener - stepStarted: net.thucydides.core.steps.ExecutedStepDescription@1eed9f85
[Test worker] WARN net.thucydides.core.steps.BaseStepListener - stepFinished: current outcome:Enter data to register:Example: {firstname=Tania, lastname=Ruiz, address=Av Japon, email=tania@hotmail.com, phone=3103900118, gender=Male, hobbies=Cricket-Movies, selectcountry=Japan, year=1995, month=April, day=10, password1=Tania123*, password2=Tania123*} [Given tania wants to register in demo automation testing [Tania ruiz sanchez open up [Tania Ruiz Sanchez opens the Demo automation page]], When she enters the data in the form
| firstname | lastname | address | email | phone | gender | hobbies | selectcountry | year | month | day | password1 | password2 |
| Tania | Ruiz | Av Japon | tania@hotmail.com | 3103900118 | Male | Cricket-Movies | Japan | 1995 | April | 10 | Tania123* | Tania123* | [Tania ruiz sanchez register [Tania Ruiz Sanchez clicks on where we write the first name, Tania Ruiz Sanchez enters 'Tania' into where we write the first name, Tania Ruiz Sanchez enters 'Ruiz' into Where we write the last name, Tania Ruiz Sanchez enters 'Av Japon' into Where we write the address, Tania Ruiz Sanchez enters 'tania@hotmail.com' into Where we write the email, Tania Ruiz Sanchez enters '3103900118' into Where we write the phone, Tania Ruiz Sanchez clicks on where you select the male, Tania Ruiz Sanchez clicks on where you select the hobbies Cricket, Tania Ruiz Sanchez clicks on where you select the hobbies Movies, Tania Ruiz Sanchez clicks on where do you click on language, Tania Ruiz Sanchez clicks on where you select on language, Tania Ruiz Sanchez clicks on where you select on language, Tania Ruiz Sanchez clicks on Click outside, Tania Ruiz Sanchez clicks on where do you click on skills, Tania Ruiz Sanchez clicks on where you select the skills, Tania Ruiz Sanchez clicks on where do you click on Country, Tania Ruiz Sanchez clicks on where do you click on Country, Tania Ruiz Sanchez enters 'Japan' then hits ARROW_DOWN and ENTER into where you write the Country, Tania Ruiz Sanchez select 1995 on where you select the year, Tania Ruiz Sanchez select April on where you select the month, Tania Ruiz Sanchez select 10 on where you select the day, Tania Ruiz Sanchez enters 'Tania123*' into write password to create, Tania Ruiz Sanchez enters 'Tania123*' into write password to confirm, Tania Ruiz Sanchez clicks on Select button submit]], Then she loads the information in the Submit button [Then answer]], Example: {firstname=Patricia, lastname=Sanchez, address=Av cuba, email=tania1@hotmail.com, phone=3103900120, gender=FeMale, hobbies=Movies-Hockey, selectcountry=india, year=1966, month=April, day=30, password1=Tania1234*, password2=Tania1234*} [Given tania wants to register in demo automation testing [Tania ruiz sanchez open up [Tania Ruiz Sanchez opens the Demo automation page]], When she enters the data in the form
| firstname | lastname | address | email | phone | gender | hobbies | selectcountry | year | month | day | password1 | password2 |
| Patricia | Sanchez | Av cuba | tania1@hotmail.com | 3103900120 | FeMale | Movies-Hockey | india | 1966 | April | 30 | Tania1234* | Tania1234* | [Tania ruiz sanchez register [Tania Ruiz Sanchez clicks on where we write the first name, Tania Ruiz Sanchez enters 'Patricia' into where we write the first name]]]
[Test worker] WARN net.thucydides.core.steps.BaseStepListener - stepStarted: net.thucydides.core.steps.ExecutedStepDescription@ae2c775
[Test worker] WARN net.thucydides.core.steps.BaseStepListener - stepFinished: current outcome:Enter data to register:Example: {firstname=Tania, lastname=Ruiz, address=Av Japon, email=tania@hotmail.com, phone=3103900118, gender=Male, hobbies=Cricket-Movies, selectcountry=Japan, year=1995, month=April, day=10, password1=Tania123*, password2=Tania123*} [Given tania wants to register in demo automation testing [Tania ruiz sanchez open up [Tania Ruiz Sanchez opens the Demo automation page]], When she enters the data in the form
| firstname | lastname | address | email | phone | gender | hobbies | selectcountry | year | month | day | password1 | password2 |
| Tania | Ruiz | Av Japon | tania@hotmail.com | 3103900118 | Male | Cricket-Movies | Japan | 1995 | April | 10 | Tania123* | Tania123* | [Tania ruiz sanchez register [Tania Ruiz Sanchez clicks on where we write the first name, Tania Ruiz Sanchez enters 'Tania' into where we write the first name, Tania Ruiz Sanchez enters 'Ruiz' into Where we write the last name, Tania Ruiz Sanchez enters 'Av Japon' into Where we write the address, Tania Ruiz Sanchez enters 'tania@hotmail.com' into Where we write the email, Tania Ruiz Sanchez enters '3103900118' into Where we write the phone, Tania Ruiz Sanchez clicks on where you select the male, Tania Ruiz Sanchez clicks on where you select the hobbies Cricket, Tania Ruiz Sanchez clicks on where you select the hobbies Movies, Tania Ruiz Sanchez clicks on where do you click on language, Tania Ruiz Sanchez clicks on where you select on language, Tania Ruiz Sanchez clicks on where you select on language, Tania Ruiz Sanchez clicks on Click outside, Tania Ruiz Sanchez clicks on where do you click on skills, Tania Ruiz Sanchez clicks on where you select the skills, Tania Ruiz Sanchez clicks on where do you click on Country, Tania Ruiz Sanchez clicks on where do you click on Country, Tania Ruiz Sanchez enters 'Japan' then hits ARROW_DOWN and ENTER into where you write the Country, Tania Ruiz Sanchez select 1995 on where you select the year, Tania Ruiz Sanchez select April on where you select the month, Tania Ruiz Sanchez select 10 on where you select the day, Tania Ruiz Sanchez enters 'Tania123*' into write password to create, Tania Ruiz Sanchez enters 'Tania123*' into write password to confirm, Tania Ruiz Sanchez clicks on Select button submit]], Then she loads the information in the Submit button [Then answer]], Example: {firstname=Patricia, lastname=Sanchez, address=Av cuba, email=tania1@hotmail.com, phone=3103900120, gender=FeMale, hobbies=Movies-Hockey, selectcountry=india, year=1966, month=April, day=30, password1=Tania1234*, password2=Tania1234*} [Given tania wants to register in demo automation testing [Tania ruiz sanchez open up [Tania Ruiz Sanchez opens the Demo automation page]], When she enters the data in the form
| firstname | lastname | address | email | phone | gender | hobbies | selectcountry | year | month | day | password1 | password2 |
| Patricia | Sanchez | Av cuba | tania1@hotmail.com | 3103900120 | FeMale | Movies-Hockey | india | 1966 | April | 30 | Tania1234* | Tania1234* | [Tania ruiz sanchez register [Tania Ruiz Sanchez clicks on where we write the first name, Tania Ruiz Sanchez enters 'Patricia' into where we write the first name, Tania Ruiz Sanchez enters 'Sanchez' into Where we write the last name]]]
[Test worker] WARN net.thucydides.core.steps.BaseStepListener - stepStarted: net.thucydides.core.steps.ExecutedStepDescription@36a2b3bc
[Test worker] WARN net.thucydides.core.steps.BaseStepListener - stepFinished: current outcome:Enter data to register:Example: {firstname=Tania, lastname=Ruiz, address=Av Japon, email=tania@hotmail.com, phone=3103900118, gender=Male, hobbies=Cricket-Movies, selectcountry=Japan, year=1995, month=April, day=10, password1=Tania123*, password2=Tania123*} [Given tania wants to register in demo automation testing [Tania ruiz sanchez open up [Tania Ruiz Sanchez opens the Demo automation page]], When she enters the data in the form
| firstname | lastname | address | email | phone | gender | hobbies | selectcountry | year | month | day | password1 | password2 |
| Tania | Ruiz | Av Japon | tania@hotmail.com | 3103900118 | Male | Cricket-Movies | Japan | 1995 | April | 10 | Tania123* | Tania123* | [Tania ruiz sanchez register [Tania Ruiz Sanchez clicks on where we write the first name, Tania Ruiz Sanchez enters 'Tania' into where we write the first name, Tania Ruiz Sanchez enters 'Ruiz' into Where we write the last name, Tania Ruiz Sanchez enters 'Av Japon' into Where we write the address, Tania Ruiz Sanchez enters 'tania@hotmail.com' into Where we write the email, Tania Ruiz Sanchez enters '3103900118' into Where we write the phone, Tania Ruiz Sanchez clicks on where you select the male, Tania Ruiz Sanchez clicks on where you select the hobbies Cricket, Tania Ruiz Sanchez clicks on where you select the hobbies Movies, Tania Ruiz Sanchez clicks on where do you click on language, Tania Ruiz Sanchez clicks on where you select on language, Tania Ruiz Sanchez clicks on where you select on language, Tania Ruiz Sanchez clicks on Click outside, Tania Ruiz Sanchez clicks on where do you click on skills, Tania Ruiz Sanchez clicks on where you select the skills, Tania Ruiz Sanchez clicks on where do you click on Country, Tania Ruiz Sanchez clicks on where do you click on Country, Tania Ruiz Sanchez enters 'Japan' then hits ARROW_DOWN and ENTER into where you write the Country, Tania Ruiz Sanchez select 1995 on where you select the year, Tania Ruiz Sanchez select April on where you select the month, Tania Ruiz Sanchez select 10 on where you select the day, Tania Ruiz Sanchez enters 'Tania123*' into write password to create, Tania Ruiz Sanchez enters 'Tania123*' into write password to confirm, Tania Ruiz Sanchez clicks on Select button submit]], Then she loads the information in the Submit button [Then answer]], Example: {firstname=Patricia, lastname=Sanchez, address=Av cuba, email=tania1@hotmail.com, phone=3103900120, gender=FeMale, hobbies=Movies-Hockey, selectcountry=india, year=1966, month=April, day=30, password1=Tania1234*, password2=Tania1234*} [Given tania wants to register in demo automation testing [Tania ruiz sanchez open up [Tania Ruiz Sanchez opens the Demo automation page]], When she enters the data in the form
| firstname | lastname | address | email | phone | gender | hobbies | selectcountry | year | month | day | password1 | password2 |
| Patricia | Sanchez | Av cuba | tania1@hotmail.com | 3103900120 | FeMale | Movies-Hockey | india | 1966 | April | 30 | Tania1234* | Tania1234* | [Tania ruiz sanchez register [Tania Ruiz Sanchez clicks on where we write the first name, Tania Ruiz Sanchez enters 'Patricia' into where we write the first name, Tania Ruiz Sanchez enters 'Sanchez' into Where we write the last name, Tania Ruiz Sanchez enters 'Av cuba' into Where we write the address]]]
[Test worker] WARN net.thucydides.core.steps.BaseStepListener - stepStarted: net.thucydides.core.steps.ExecutedStepDescription@f54f3a7
[Test worker] WARN net.thucydides.core.steps.BaseStepListener - stepFinished: current outcome:Enter data to register:Example: {firstname=Tania, lastname=Ruiz, address=Av Japon, email=tania@hotmail.com, phone=3103900118, gender=Male, hobbies=Cricket-Movies, selectcountry=Japan, year=1995, month=April, day=10, password1=Tania123*, password2=Tania123*} [Given tania wants to register in demo automation testing [Tania ruiz sanchez open up [Tania Ruiz Sanchez opens the Demo automation page]], When she enters the data in the form
| firstname | lastname | address | email | phone | gender | hobbies | selectcountry | year | month | day | password1 | password2 |
| Tania | Ruiz | Av Japon | tania@hotmail.com | 3103900118 | Male | Cricket-Movies | Japan | 1995 | April | 10 | Tania123* | Tania123* | [Tania ruiz sanchez register [Tania Ruiz Sanchez clicks on where we write the first name, Tania Ruiz Sanchez enters 'Tania' into where we write the first name, Tania Ruiz Sanchez enters 'Ruiz' into Where we write the last name, Tania Ruiz Sanchez enters 'Av Japon' into Where we write the address, Tania Ruiz Sanchez enters 'tania@hotmail.com' into Where we write the email, Tania Ruiz Sanchez enters '3103900118' into Where we write the phone, Tania Ruiz Sanchez clicks on where you select the male, Tania Ruiz Sanchez clicks on where you select the hobbies Cricket, Tania Ruiz Sanchez clicks on where you select the hobbies Movies, Tania Ruiz Sanchez clicks on where do you click on language, Tania Ruiz Sanchez clicks on where you select on language, Tania Ruiz Sanchez clicks on where you select on language, Tania Ruiz Sanchez clicks on Click outside, Tania Ruiz Sanchez clicks on where do you click on skills, Tania Ruiz Sanchez clicks on where you select the skills, Tania Ruiz Sanchez clicks on where do you click on Country, Tania Ruiz Sanchez clicks on where do you click on Country, Tania Ruiz Sanchez enters 'Japan' then hits ARROW_DOWN and ENTER into where you write the Country, Tania Ruiz Sanchez select 1995 on where you select the year, Tania Ruiz Sanchez select April on where you select the month, Tania Ruiz Sanchez select 10 on where you select the day, Tania Ruiz Sanchez enters 'Tania123*' into write password to create, Tania Ruiz Sanchez enters 'Tania123*' into write password to confirm, Tania Ruiz Sanchez clicks on Select button submit]], Then she loads the information in the Submit button [Then answer]], Example: {firstname=Patricia, lastname=Sanchez, address=Av cuba, email=tania1@hotmail.com, phone=3103900120, gender=FeMale, hobbies=Movies-Hockey, selectcountry=india, year=1966, month=April, day=30, password1=Tania1234*, password2=Tania1234*} [Given tania wants to register in demo automation testing [Tania ruiz sanchez open up [Tania Ruiz Sanchez opens the Demo automation page]], When she enters the data in the form
| firstname | lastname | address | email | phone | gender | hobbies | selectcountry | year | month | day | password1 | password2 |
| Patricia | Sanchez | Av cuba | tania1@hotmail.com | 3103900120 | FeMale | Movies-Hockey | india | 1966 | April | 30 | Tania1234* | Tania1234* | [Tania ruiz sanchez register [Tania Ruiz Sanchez clicks on where we write the first name, Tania Ruiz Sanchez enters 'Patricia' into where we write the first name, Tania Ruiz Sanchez enters 'Sanchez' into Where we write the last name, Tania Ruiz Sanchez enters 'Av cuba' into Where we write the address, Tania Ruiz Sanchez enters 'tania1@hotmail.com' into Where we write the email]]]
[Test worker] WARN net.thucydides.core.steps.BaseStepListener - stepStarted: net.thucydides.core.steps.ExecutedStepDescription@14c3b520
[Test worker] WARN net.thucydides.core.steps.BaseStepListener - stepFinished: current outcome:Enter data to register:Example: {firstname=Tania, lastname=Ruiz, address=Av Japon, email=tania@hotmail.com, phone=3103900118, gender=Male, hobbies=Cricket-Movies, selectcountry=Japan, year=1995, month=April, day=10, password1=Tania123*, password2=Tania123*} [Given tania wants to register in demo automation testing [Tania ruiz sanchez open up [Tania Ruiz Sanchez opens the Demo automation page]], When she enters the data in the form
| firstname | lastname | address | email | phone | gender | hobbies | selectcountry | year | month | day | password1 | password2 |
| Tania | Ruiz | Av Japon | tania@hotmail.com | 3103900118 | Male | Cricket-Movies | Japan | 1995 | April | 10 | Tania123* | Tania123* | [Tania ruiz sanchez register [Tania Ruiz Sanchez clicks on where we write the first name, Tania Ruiz Sanchez enters 'Tania' into where we write the first name, Tania Ruiz Sanchez enters 'Ruiz' into Where we write the last name, Tania Ruiz Sanchez enters 'Av Japon' into Where we write the address, Tania Ruiz Sanchez enters 'tania@hotmail.com' into Where we write the email, Tania Ruiz Sanchez enters '3103900118' into Where we write the phone, Tania Ruiz Sanchez clicks on where you select the male, Tania Ruiz Sanchez clicks on where you select the hobbies Cricket, Tania Ruiz Sanchez clicks on where you select the hobbies Movies, Tania Ruiz Sanchez clicks on where do you click on language, Tania Ruiz Sanchez clicks on where you select on language, Tania Ruiz Sanchez clicks on where you select on language, Tania Ruiz Sanchez clicks on Click outside, Tania Ruiz Sanchez clicks on where do you click on skills, Tania Ruiz Sanchez clicks on where you select the skills, Tania Ruiz Sanchez clicks on where do you click on Country, Tania Ruiz Sanchez clicks on where do you click on Country, Tania Ruiz Sanchez enters 'Japan' then hits ARROW_DOWN and ENTER into where you write the Country, Tania Ruiz Sanchez select 1995 on where you select the year, Tania Ruiz Sanchez select April on where you select the month, Tania Ruiz Sanchez select 10 on where you select the day, Tania Ruiz Sanchez enters 'Tania123*' into write password to create, Tania Ruiz Sanchez enters 'Tania123*' into write password to confirm, Tania Ruiz Sanchez clicks on Select button submit]], Then she loads the information in the Submit button [Then answer]], Example: {firstname=Patricia, lastname=Sanchez, address=Av cuba, email=tania1@hotmail.com, phone=3103900120, gender=FeMale, hobbies=Movies-Hockey, selectcountry=india, year=1966, month=April, day=30, password1=Tania1234*, password2=Tania1234*} [Given tania wants to register in demo automation testing [Tania ruiz sanchez open up [Tania Ruiz Sanchez opens the Demo automation page]], When she enters the data in the form
| firstname | lastname | address | email | phone | gender | hobbies | selectcountry | year | month | day | password1 | password2 |
| Patricia | Sanchez | Av cuba | tania1@hotmail.com | 3103900120 | FeMale | Movies-Hockey | india | 1966 | April | 30 | Tania1234* | Tania1234* | [Tania ruiz sanchez register [Tania Ruiz Sanchez clicks on where we write the first name, Tania Ruiz Sanchez enters 'Patricia' into where we write the first name, Tania Ruiz Sanchez enters 'Sanchez' into Where we write the last name, Tania Ruiz Sanchez enters 'Av cuba' into Where we write the address, Tania Ruiz Sanchez enters 'tania1@hotmail.com' into Where we write the email, Tania Ruiz Sanchez enters '3103900120' into Where we write the phone]]]
[Test worker] WARN net.thucydides.core.steps.BaseStepListener - stepStarted: net.thucydides.core.steps.ExecutedStepDescription@177e0d71
[Test worker] WARN net.thucydides.core.steps.BaseStepListener - stepFinished: current outcome:Enter data to register:Example: {firstname=Tania, lastname=Ruiz, address=Av Japon, email=tania@hotmail.com, phone=3103900118, gender=Male, hobbies=Cricket-Movies, selectcountry=Japan, year=1995, month=April, day=10, password1=Tania123*, password2=Tania123*} [Given tania wants to register in demo automation testing [Tania ruiz sanchez open up [Tania Ruiz Sanchez opens the Demo automation page]], When she enters the data in the form
| firstname | lastname | address | email | phone | gender | hobbies | selectcountry | year | month | day | password1 | password2 |
| Tania | Ruiz | Av Japon | tania@hotmail.com | 3103900118 | Male | Cricket-Movies | Japan | 1995 | April | 10 | Tania123* | Tania123* | [Tania ruiz sanchez register [Tania Ruiz Sanchez clicks on where we write the first name, Tania Ruiz Sanchez enters 'Tania' into where we write the first name, Tania Ruiz Sanchez enters 'Ruiz' into Where we write the last name, Tania Ruiz Sanchez enters 'Av Japon' into Where we write the address, Tania Ruiz Sanchez enters 'tania@hotmail.com' into Where we write the email, Tania Ruiz Sanchez enters '3103900118' into Where we write the phone, Tania Ruiz Sanchez clicks on where you select the male, Tania Ruiz Sanchez clicks on where you select the hobbies Cricket, Tania Ruiz Sanchez clicks on where you select the hobbies Movies, Tania Ruiz Sanchez clicks on where do you click on language, Tania Ruiz Sanchez clicks on where you select on language, Tania Ruiz Sanchez clicks on where you select on language, Tania Ruiz Sanchez clicks on Click outside, Tania Ruiz Sanchez clicks on where do you click on skills, Tania Ruiz Sanchez clicks on where you select the skills, Tania Ruiz Sanchez clicks on where do you click on Country, Tania Ruiz Sanchez clicks on where do you click on Country, Tania Ruiz Sanchez enters 'Japan' then hits ARROW_DOWN and ENTER into where you write the Country, Tania Ruiz Sanchez select 1995 on where you select the year, Tania Ruiz Sanchez select April on where you select the month, Tania Ruiz Sanchez select 10 on where you select the day, Tania Ruiz Sanchez enters 'Tania123*' into write password to create, Tania Ruiz Sanchez enters 'Tania123*' into write password to confirm, Tania Ruiz Sanchez clicks on Select button submit]], Then she loads the information in the Submit button [Then answer]], Example: {firstname=Patricia, lastname=Sanchez, address=Av cuba, email=tania1@hotmail.com, phone=3103900120, gender=FeMale, hobbies=Movies-Hockey, selectcountry=india, year=1966, month=April, day=30, password1=Tania1234*, password2=Tania1234*} [Given tania wants to register in demo automation testing [Tania ruiz sanchez open up [Tania Ruiz Sanchez opens the Demo automation page]], When she enters the data in the form
| firstname | lastname | address | email | phone | gender | hobbies | selectcountry | year | month | day | password1 | password2 |
| Patricia | Sanchez | Av cuba | tania1@hotmail.com | 3103900120 | FeMale | Movies-Hockey | india | 1966 | April | 30 | Tania1234* | Tania1234* | [Tania ruiz sanchez register [Tania Ruiz Sanchez clicks on where we write the first name, Tania Ruiz Sanchez enters 'Patricia' into where we write the first name, Tania Ruiz Sanchez enters 'Sanchez' into Where we write the last name, Tania Ruiz Sanchez enters 'Av cuba' into Where we write the address, Tania Ruiz Sanchez enters 'tania1@hotmail.com' into Where we write the email, Tania Ruiz Sanchez enters '3103900120' into Where we write the phone, Tania Ruiz Sanchez clicks on where you select the gender female]]]
[Test worker] WARN net.thucydides.core.steps.BaseStepListener - stepStarted: net.thucydides.core.steps.ExecutedStepDescription@2eea85fd
[Test worker] WARN net.thucydides.core.steps.BaseStepListener - stepFinished: current outcome:Enter data to register:Example: {firstname=Tania, lastname=Ruiz, address=Av Japon, email=tania@hotmail.com, phone=3103900118, gender=Male, hobbies=Cricket-Movies, selectcountry=Japan, year=1995, month=April, day=10, password1=Tania123*, password2=Tania123*} [Given tania wants to register in demo automation testing [Tania ruiz sanchez open up [Tania Ruiz Sanchez opens the Demo automation page]], When she enters the data in the form
| firstname | lastname | address | email | phone | gender | hobbies | selectcountry | year | month | day | password1 | password2 |
| Tania | Ruiz | Av Japon | tania@hotmail.com | 3103900118 | Male | Cricket-Movies | Japan | 1995 | April | 10 | Tania123* | Tania123* | [Tania ruiz sanchez register [Tania Ruiz Sanchez clicks on where we write the first name, Tania Ruiz Sanchez enters 'Tania' into where we write the first name, Tania Ruiz Sanchez enters 'Ruiz' into Where we write the last name, Tania Ruiz Sanchez enters 'Av Japon' into Where we write the address, Tania Ruiz Sanchez enters 'tania@hotmail.com' into Where we write the email, Tania Ruiz Sanchez enters '3103900118' into Where we write the phone, Tania Ruiz Sanchez clicks on where you select the male, Tania Ruiz Sanchez clicks on where you select the hobbies Cricket, Tania Ruiz Sanchez clicks on where you select the hobbies Movies, Tania Ruiz Sanchez clicks on where do you click on language, Tania Ruiz Sanchez clicks on where you select on language, Tania Ruiz Sanchez clicks on where you select on language, Tania Ruiz Sanchez clicks on Click outside, Tania Ruiz Sanchez clicks on where do you click on skills, Tania Ruiz Sanchez clicks on where you select the skills, Tania Ruiz Sanchez clicks on where do you click on Country, Tania Ruiz Sanchez clicks on where do you click on Country, Tania Ruiz Sanchez enters 'Japan' then hits ARROW_DOWN and ENTER into where you write the Country, Tania Ruiz Sanchez select 1995 on where you select the year, Tania Ruiz Sanchez select April on where you select the month, Tania Ruiz Sanchez select 10 on where you select the day, Tania Ruiz Sanchez enters 'Tania123*' into write password to create, Tania Ruiz Sanchez enters 'Tania123*' into write password to confirm, Tania Ruiz Sanchez clicks on Select button submit]], Then she loads the information in the Submit button [Then answer]], Example: {firstname=Patricia, lastname=Sanchez, address=Av cuba, email=tania1@hotmail.com, phone=3103900120, gender=FeMale, hobbies=Movies-Hockey, selectcountry=india, year=1966, month=April, day=30, password1=Tania1234*, password2=Tania1234*} [Given tania wants to register in demo automation testing [Tania ruiz sanchez open up [Tania Ruiz Sanchez opens the Demo automation page]], When she enters the data in the form
| firstname | lastname | address | email | phone | gender | hobbies | selectcountry | year | month | day | password1 | password2 |
| Patricia | Sanchez | Av cuba | tania1@hotmail.com | 3103900120 | FeMale | Movies-Hockey | india | 1966 | April | 30 | Tania1234* | Tania1234* | [Tania ruiz sanchez register [Tania Ruiz Sanchez clicks on where we write the first name, Tania Ruiz Sanchez enters 'Patricia' into where we write the first name, Tania Ruiz Sanchez enters 'Sanchez' into Where we write the last name, Tania Ruiz Sanchez enters 'Av cuba' into Where we write the address, Tania Ruiz Sanchez enters 'tania1@hotmail.com' into Where we write the email, Tania Ruiz Sanchez enters '3103900120' into Where we write the phone, Tania Ruiz Sanchez clicks on where you select the gender female, Tania Ruiz Sanchez clicks on where you select the hobbies Movies]]]
[Test worker] WARN net.thucydides.core.steps.BaseStepListener - stepStarted: net.thucydides.core.steps.ExecutedStepDescription@44d5de49
[Test worker] WARN net.thucydides.core.steps.BaseStepListener - stepFinished: current outcome:Enter data to register:Example: {firstname=Tania, lastname=Ruiz, address=Av Japon, email=tania@hotmail.com, phone=3103900118, gender=Male, hobbies=Cricket-Movies, selectcountry=Japan, year=1995, month=April, day=10, password1=Tania123*, password2=Tania123*} [Given tania wants to register in demo automation testing [Tania ruiz sanchez open up [Tania Ruiz Sanchez opens the Demo automation page]], When she enters the data in the form
| firstname | lastname | address | email | phone | gender | hobbies | selectcountry | year | month | day | password1 | password2 |
| Tania | Ruiz | Av Japon | tania@hotmail.com | 3103900118 | Male | Cricket-Movies | Japan | 1995 | April | 10 | Tania123* | Tania123* | [Tania ruiz sanchez register [Tania Ruiz Sanchez clicks on where we write the first name, Tania Ruiz Sanchez enters 'Tania' into where we write the first name, Tania Ruiz Sanchez enters 'Ruiz' into Where we write the last name, Tania Ruiz Sanchez enters 'Av Japon' into Where we write the address, Tania Ruiz Sanchez enters 'tania@hotmail.com' into Where we write the email, Tania Ruiz Sanchez enters '3103900118' into Where we write the phone, Tania Ruiz Sanchez clicks on where you select the male, Tania Ruiz Sanchez clicks on where you select the hobbies Cricket, Tania Ruiz Sanchez clicks on where you select the hobbies Movies, Tania Ruiz Sanchez clicks on where do you click on language, Tania Ruiz Sanchez clicks on where you select on language, Tania Ruiz Sanchez clicks on where you select on language, Tania Ruiz Sanchez clicks on Click outside, Tania Ruiz Sanchez clicks on where do you click on skills, Tania Ruiz Sanchez clicks on where you select the skills, Tania Ruiz Sanchez clicks on where do you click on Country, Tania Ruiz Sanchez clicks on where do you click on Country, Tania Ruiz Sanchez enters 'Japan' then hits ARROW_DOWN and ENTER into where you write the Country, Tania Ruiz Sanchez select 1995 on where you select the year, Tania Ruiz Sanchez select April on where you select the month, Tania Ruiz Sanchez select 10 on where you select the day, Tania Ruiz Sanchez enters 'Tania123*' into write password to create, Tania Ruiz Sanchez enters 'Tania123*' into write password to confirm, Tania Ruiz Sanchez clicks on Select button submit]], Then she loads the information in the Submit button [Then answer]], Example: {firstname=Patricia, lastname=Sanchez, address=Av cuba, email=tania1@hotmail.com, phone=3103900120, gender=FeMale, hobbies=Movies-Hockey, selectcountry=india, year=1966, month=April, day=30, password1=Tania1234*, password2=Tania1234*} [Given tania wants to register in demo automation testing [Tania ruiz sanchez open up [Tania Ruiz Sanchez opens the Demo automation page]], When she enters the data in the form
| firstname | lastname | address | email | phone | gender | hobbies | selectcountry | year | month | day | password1 | password2 |
| Patricia | Sanchez | Av cuba | tania1@hotmail.com | 3103900120 | FeMale | Movies-Hockey | india | 1966 | April | 30 | Tania1234* | Tania1234* | [Tania ruiz sanchez register [Tania Ruiz Sanchez clicks on where we write the first name, Tania Ruiz Sanchez enters 'Patricia' into where we write the first name, Tania Ruiz Sanchez enters 'Sanchez' into Where we write the last name, Tania Ruiz Sanchez enters 'Av cuba' into Where we write the address, Tania Ruiz Sanchez enters 'tania1@hotmail.com' into Where we write the email, Tania Ruiz Sanchez enters '3103900120' into Where we write the phone, Tania Ruiz Sanchez clicks on where you select the gender female, Tania Ruiz Sanchez clicks on where you select the hobbies Movies, Tania Ruiz Sanchez clicks on where you select the hobbies Hockey]]]
[Test worker] WARN net.thucydides.core.steps.BaseStepListener - stepStarted: net.thucydides.core.steps.ExecutedStepDescription@2913a848
[Test worker] WARN net.thucydides.core.steps.BaseStepListener - stepFinished: current outcome:Enter data to register:Example: {firstname=Tania, lastname=Ruiz, address=Av Japon, email=tania@hotmail.com, phone=3103900118, gender=Male, hobbies=Cricket-Movies, selectcountry=Japan, year=1995, month=April, day=10, password1=Tania123*, password2=Tania123*} [Given tania wants to register in demo automation testing [Tania ruiz sanchez open up [Tania Ruiz Sanchez opens the Demo automation page]], When she enters the data in the form
| firstname | lastname | address | email | phone | gender | hobbies | selectcountry | year | month | day | password1 | password2 |
| Tania | Ruiz | Av Japon | tania@hotmail.com | 3103900118 | Male | Cricket-Movies | Japan | 1995 | April | 10 | Tania123* | Tania123* | [Tania ruiz sanchez register [Tania Ruiz Sanchez clicks on where we write the first name, Tania Ruiz Sanchez enters 'Tania' into where we write the first name, Tania Ruiz Sanchez enters 'Ruiz' into Where we write the last name, Tania Ruiz Sanchez enters 'Av Japon' into Where we write the address, Tania Ruiz Sanchez enters 'tania@hotmail.com' into Where we write the email, Tania Ruiz Sanchez enters '3103900118' into Where we write the phone, Tania Ruiz Sanchez clicks on where you select the male, Tania Ruiz Sanchez clicks on where you select the hobbies Cricket, Tania Ruiz Sanchez clicks on where you select the hobbies Movies, Tania Ruiz Sanchez clicks on where do you click on language, Tania Ruiz Sanchez clicks on where you select on language, Tania Ruiz Sanchez clicks on where you select on language, Tania Ruiz Sanchez clicks on Click outside, Tania Ruiz Sanchez clicks on where do you click on skills, Tania Ruiz Sanchez clicks on where you select the skills, Tania Ruiz Sanchez clicks on where do you click on Country, Tania Ruiz Sanchez clicks on where do you click on Country, Tania Ruiz Sanchez enters 'Japan' then hits ARROW_DOWN and ENTER into where you write the Country, Tania Ruiz Sanchez select 1995 on where you select the year, Tania Ruiz Sanchez select April on where you select the month, Tania Ruiz Sanchez select 10 on where you select the day, Tania Ruiz Sanchez enters 'Tania123*' into write password to create, Tania Ruiz Sanchez enters 'Tania123*' into write password to confirm, Tania Ruiz Sanchez clicks on Select button submit]], Then she loads the information in the Submit button [Then answer]], Example: {firstname=Patricia, lastname=Sanchez, address=Av cuba, email=tania1@hotmail.com, phone=3103900120, gender=FeMale, hobbies=Movies-Hockey, selectcountry=india, year=1966, month=April, day=30, password1=Tania1234*, password2=Tania1234*} [Given tania wants to register in demo automation testing [Tania ruiz sanchez open up [Tania Ruiz Sanchez opens the Demo automation page]], When she enters the data in the form
| firstname | lastname | address | email | phone | gender | hobbies | selectcountry | year | month | day | password1 | password2 |
| Patricia | Sanchez | Av cuba | tania1@hotmail.com | 3103900120 | FeMale | Movies-Hockey | india | 1966 | April | 30 | Tania1234* | Tania1234* | [Tania ruiz sanchez register [Tania Ruiz Sanchez clicks on where we write the first name, Tania Ruiz Sanchez enters 'Patricia' into where we write the first name, Tania Ruiz Sanchez enters 'Sanchez' into Where we write the last name, Tania Ruiz Sanchez enters 'Av cuba' into Where we write the address, Tania Ruiz Sanchez enters 'tania1@hotmail.com' into Where we write the email, Tania Ruiz Sanchez enters '3103900120' into Where we write the phone, Tania Ruiz Sanchez clicks on where you select the gender female, Tania Ruiz Sanchez clicks on where you select the hobbies Movies, Tania Ruiz Sanchez clicks on where you select the hobbies Hockey, Tania Ruiz Sanchez clicks on where do you click on language]]]
[Test worker] WARN net.thucydides.core.steps.BaseStepListener - stepStarted: net.thucydides.core.steps.ExecutedStepDescription@63bf8fb2
[Test worker] WARN net.thucydides.core.steps.BaseStepListener - stepFinished: current outcome:Enter data to register:Example: {firstname=Tania, lastname=Ruiz, address=Av Japon, email=tania@hotmail.com, phone=3103900118, gender=Male, hobbies=Cricket-Movies, selectcountry=Japan, year=1995, month=April, day=10, password1=Tania123*, password2=Tania123*} [Given tania wants to register in demo automation testing [Tania ruiz sanchez open up [Tania Ruiz Sanchez opens the Demo automation page]], When she enters the data in the form
| firstname | lastname | address | email | phone | gender | hobbies | selectcountry | year | month | day | password1 | password2 |
| Tania | Ruiz | Av Japon | tania@hotmail.com | 3103900118 | Male | Cricket-Movies | Japan | 1995 | April | 10 | Tania123* | Tania123* | [Tania ruiz sanchez register [Tania Ruiz Sanchez clicks on where we write the first name, Tania Ruiz Sanchez enters 'Tania' into where we write the first name, Tania Ruiz Sanchez enters 'Ruiz' into Where we write the last name, Tania Ruiz Sanchez enters 'Av Japon' into Where we write the address, Tania Ruiz Sanchez enters 'tania@hotmail.com' into Where we write the email, Tania Ruiz Sanchez enters '3103900118' into Where we write the phone, Tania Ruiz Sanchez clicks on where you select the male, Tania Ruiz Sanchez clicks on where you select the hobbies Cricket, Tania Ruiz Sanchez clicks on where you select the hobbies Movies, Tania Ruiz Sanchez clicks on where do you click on language, Tania Ruiz Sanchez clicks on where you select on language, Tania Ruiz Sanchez clicks on where you select on language, Tania Ruiz Sanchez clicks on Click outside, Tania Ruiz Sanchez clicks on where do you click on skills, Tania Ruiz Sanchez clicks on where you select the skills, Tania Ruiz Sanchez clicks on where do you click on Country, Tania Ruiz Sanchez clicks on where do you click on Country, Tania Ruiz Sanchez enters 'Japan' then hits ARROW_DOWN and ENTER into where you write the Country, Tania Ruiz Sanchez select 1995 on where you select the year, Tania Ruiz Sanchez select April on where you select the month, Tania Ruiz Sanchez select 10 on where you select the day, Tania Ruiz Sanchez enters 'Tania123*' into write password to create, Tania Ruiz Sanchez enters 'Tania123*' into write password to confirm, Tania Ruiz Sanchez clicks on Select button submit]], Then she loads the information in the Submit button [Then answer]], Example: {firstname=Patricia, lastname=Sanchez, address=Av cuba, email=tania1@hotmail.com, phone=3103900120, gender=FeMale, hobbies=Movies-Hockey, selectcountry=india, year=1966, month=April, day=30, password1=Tania1234*, password2=Tania1234*} [Given tania wants to register in demo automation testing [Tania ruiz sanchez open up [Tania Ruiz Sanchez opens the Demo automation page]], When she enters the data in the form
| firstname | lastname | address | email | phone | gender | hobbies | selectcountry | year | month | day | password1 | password2 |
| Patricia | Sanchez | Av cuba | tania1@hotmail.com | 3103900120 | FeMale | Movies-Hockey | india | 1966 | April | 30 | Tania1234* | Tania1234* | [Tania ruiz sanchez register [Tania Ruiz Sanchez clicks on where we write the first name, Tania Ruiz Sanchez enters 'Patricia' into where we write the first name, Tania Ruiz Sanchez enters 'Sanchez' into Where we write the last name, Tania Ruiz Sanchez enters 'Av cuba' into Where we write the address, Tania Ruiz Sanchez enters 'tania1@hotmail.com' into Where we write the email, Tania Ruiz Sanchez enters '3103900120' into Where we write the phone, Tania Ruiz Sanchez clicks on where you select the gender female, Tania Ruiz Sanchez clicks on where you select the hobbies Movies, Tania Ruiz Sanchez clicks on where you select the hobbies Hockey, Tania Ruiz Sanchez clicks on where do you click on language, Tania Ruiz Sanchez clicks on where you select on language]]]
[Test worker] WARN net.thucydides.core.steps.BaseStepListener - stepStarted: net.thucydides.core.steps.ExecutedStepDescription@5aa136fb
[Test worker] WARN net.thucydides.core.steps.BaseStepListener - stepFinished: current outcome:Enter data to register:Example: {firstname=Tania, lastname=Ruiz, address=Av Japon, email=tania@hotmail.com, phone=3103900118, gender=Male, hobbies=Cricket-Movies, selectcountry=Japan, year=1995, month=April, day=10, password1=Tania123*, password2=Tania123*} [Given tania wants to register in demo automation testing [Tania ruiz sanchez open up [Tania Ruiz Sanchez opens the Demo automation page]], When she enters the data in the form
| firstname | lastname | address | email | phone | gender | hobbies | selectcountry | year | month | day | password1 | password2 |
| Tania | Ruiz | Av Japon | tania@hotmail.com | 3103900118 | Male | Cricket-Movies | Japan | 1995 | April | 10 | Tania123* | Tania123* | [Tania ruiz sanchez register [Tania Ruiz Sanchez clicks on where we write the first name, Tania Ruiz Sanchez enters 'Tania' into where we write the first name, Tania Ruiz Sanchez enters 'Ruiz' into Where we write the last name, Tania Ruiz Sanchez enters 'Av Japon' into Where we write the address, Tania Ruiz Sanchez enters 'tania@hotmail.com' into Where we write the email, Tania Ruiz Sanchez enters '3103900118' into Where we write the phone, Tania Ruiz Sanchez clicks on where you select the male, Tania Ruiz Sanchez clicks on where you select the hobbies Cricket, Tania Ruiz Sanchez clicks on where you select the hobbies Movies, Tania Ruiz Sanchez clicks on where do you click on language, Tania Ruiz Sanchez clicks on where you select on language, Tania Ruiz Sanchez clicks on where you select on language, Tania Ruiz Sanchez clicks on Click outside, Tania Ruiz Sanchez clicks on where do you click on skills, Tania Ruiz Sanchez clicks on where you select the skills, Tania Ruiz Sanchez clicks on where do you click on Country, Tania Ruiz Sanchez clicks on where do you click on Country, Tania Ruiz Sanchez enters 'Japan' then hits ARROW_DOWN and ENTER into where you write the Country, Tania Ruiz Sanchez select 1995 on where you select the year, Tania Ruiz Sanchez select April on where you select the month, Tania Ruiz Sanchez select 10 on where you select the day, Tania Ruiz Sanchez enters 'Tania123*' into write password to create, Tania Ruiz Sanchez enters 'Tania123*' into write password to confirm, Tania Ruiz Sanchez clicks on Select button submit]], Then she loads the information in the Submit button [Then answer]], Example: {firstname=Patricia, lastname=Sanchez, address=Av cuba, email=tania1@hotmail.com, phone=3103900120, gender=FeMale, hobbies=Movies-Hockey, selectcountry=india, year=1966, month=April, day=30, password1=Tania1234*, password2=Tania1234*} [Given tania wants to register in demo automation testing [Tania ruiz sanchez open up [Tania Ruiz Sanchez opens the Demo automation page]], When she enters the data in the form
| firstname | lastname | address | email | phone | gender | hobbies | selectcountry | year | month | day | password1 | password2 |
| Patricia | Sanchez | Av cuba | tania1@hotmail.com | 3103900120 | FeMale | Movies-Hockey | india | 1966 | April | 30 | Tania1234* | Tania1234* | [Tania ruiz sanchez register [Tania Ruiz Sanchez clicks on where we write the first name, Tania Ruiz Sanchez enters 'Patricia' into where we write the first name, Tania Ruiz Sanchez enters 'Sanchez' into Where we write the last name, Tania Ruiz Sanchez enters 'Av cuba' into Where we write the address, Tania Ruiz Sanchez enters 'tania1@hotmail.com' into Where we write the email, Tania Ruiz Sanchez enters '3103900120' into Where we write the phone, Tania Ruiz Sanchez clicks on where you select the gender female, Tania Ruiz Sanchez clicks on where you select the hobbies Movies, Tania Ruiz Sanchez clicks on where you select the hobbies Hockey, Tania Ruiz Sanchez clicks on where do you click on language, Tania Ruiz Sanchez clicks on where you select on language, Tania Ruiz Sanchez clicks on where you select on language]]]
[Test worker] WARN net.thucydides.core.steps.BaseStepListener - stepStarted: net.thucydides.core.steps.ExecutedStepDescription@d44f0d3
[Test worker] WARN net.thucydides.core.steps.BaseStepListener - stepFinished: current outcome:Enter data to register:Example: {firstname=Tania, lastname=Ruiz, address=Av Japon, email=tania@hotmail.com, phone=3103900118, gender=Male, hobbies=Cricket-Movies, selectcountry=Japan, year=1995, month=April, day=10, password1=Tania123*, password2=Tania123*} [Given tania wants to register in demo automation testing [Tania ruiz sanchez open up [Tania Ruiz Sanchez opens the Demo automation page]], When she enters the data in the form
| firstname | lastname | address | email | phone | gender | hobbies | selectcountry | year | month | day | password1 | password2 |
| Tania | Ruiz | Av Japon | tania@hotmail.com | 3103900118 | Male | Cricket-Movies | Japan | 1995 | April | 10 | Tania123* | Tania123* | [Tania ruiz sanchez register [Tania Ruiz Sanchez clicks on where we write the first name, Tania Ruiz Sanchez enters 'Tania' into where we write the first name, Tania Ruiz Sanchez enters 'Ruiz' into Where we write the last name, Tania Ruiz Sanchez enters 'Av Japon' into Where we write the address, Tania Ruiz Sanchez enters 'tania@hotmail.com' into Where we write the email, Tania Ruiz Sanchez enters '3103900118' into Where we write the phone, Tania Ruiz Sanchez clicks on where you select the male, Tania Ruiz Sanchez clicks on where you select the hobbies Cricket, Tania Ruiz Sanchez clicks on where you select the hobbies Movies, Tania Ruiz Sanchez clicks on where do you click on language, Tania Ruiz Sanchez clicks on where you select on language, Tania Ruiz Sanchez clicks on where you select on language, Tania Ruiz Sanchez clicks on Click outside, Tania Ruiz Sanchez clicks on where do you click on skills, Tania Ruiz Sanchez clicks on where you select the skills, Tania Ruiz Sanchez clicks on where do you click on Country, Tania Ruiz Sanchez clicks on where do you click on Country, Tania Ruiz Sanchez enters 'Japan' then hits ARROW_DOWN and ENTER into where you write the Country, Tania Ruiz Sanchez select 1995 on where you select the year, Tania Ruiz Sanchez select April on where you select the month, Tania Ruiz Sanchez select 10 on where you select the day, Tania Ruiz Sanchez enters 'Tania123*' into write password to create, Tania Ruiz Sanchez enters 'Tania123*' into write password to confirm, Tania Ruiz Sanchez clicks on Select button submit]], Then she loads the information in the Submit button [Then answer]], Example: {firstname=Patricia, lastname=Sanchez, address=Av cuba, email=tania1@hotmail.com, phone=3103900120, gender=FeMale, hobbies=Movies-Hockey, selectcountry=india, year=1966, month=April, day=30, password1=Tania1234*, password2=Tania1234*} [Given tania wants to register in demo automation testing [Tania ruiz sanchez open up [Tania Ruiz Sanchez opens the Demo automation page]], When she enters the data in the form
| firstname | lastname | address | email | phone | gender | hobbies | selectcountry | year | month | day | password1 | password2 |
| Patricia | Sanchez | Av cuba | tania1@hotmail.com | 3103900120 | FeMale | Movies-Hockey | india | 1966 | April | 30 | Tania1234* | Tania1234* | [Tania ruiz sanchez register [Tania Ruiz Sanchez clicks on where we write the first name, Tania Ruiz Sanchez enters 'Patricia' into where we write the first name, Tania Ruiz Sanchez enters 'Sanchez' into Where we write the last name, Tania Ruiz Sanchez enters 'Av cuba' into Where we write the address, Tania Ruiz Sanchez enters 'tania1@hotmail.com' into Where we write the email, Tania Ruiz Sanchez enters '3103900120' into Where we write the phone, Tania Ruiz Sanchez clicks on where you select the gender female, Tania Ruiz Sanchez clicks on where you select the hobbies Movies, Tania Ruiz Sanchez clicks on where you select the hobbies Hockey, Tania Ruiz Sanchez clicks on where do you click on language, Tania Ruiz Sanchez clicks on where you select on language, Tania Ruiz Sanchez clicks on where you select on language, Tania Ruiz Sanchez clicks on Click outside]]]
[Test worker] WARN net.thucydides.core.steps.BaseStepListener - stepStarted: net.thucydides.core.steps.ExecutedStepDescription@6c3481e
[Test worker] WARN net.thucydides.core.steps.BaseStepListener - stepFinished: current outcome:Enter data to register:Example: {firstname=Tania, lastname=Ruiz, address=Av Japon, email=tania@hotmail.com, phone=3103900118, gender=Male, hobbies=Cricket-Movies, selectcountry=Japan, year=1995, month=April, day=10, password1=Tania123*, password2=Tania123*} [Given tania wants to register in demo automation testing [Tania ruiz sanchez open up [Tania Ruiz Sanchez opens the Demo automation page]], When she enters the data in the form
| firstname | lastname | address | email | phone | gender | hobbies | selectcountry | year | month | day | password1 | password2 |
| Tania | Ruiz | Av Japon | tania@hotmail.com | 3103900118 | Male | Cricket-Movies | Japan | 1995 | April | 10 | Tania123* | Tania123* | [Tania ruiz sanchez register [Tania Ruiz Sanchez clicks on where we write the first name, Tania Ruiz Sanchez enters 'Tania' into where we write the first name, Tania Ruiz Sanchez enters 'Ruiz' into Where we write the last name, Tania Ruiz Sanchez enters 'Av Japon' into Where we write the address, Tania Ruiz Sanchez enters 'tania@hotmail.com' into Where we write the email, Tania Ruiz Sanchez enters '3103900118' into Where we write the phone, Tania Ruiz Sanchez clicks on where you select the male, Tania Ruiz Sanchez clicks on where you select the hobbies Cricket, Tania Ruiz Sanchez clicks on where you select the hobbies Movies, Tania Ruiz Sanchez clicks on where do you click on language, Tania Ruiz Sanchez clicks on where you select on language, Tania Ruiz Sanchez clicks on where you select on language, Tania Ruiz Sanchez clicks on Click outside, Tania Ruiz Sanchez clicks on where do you click on skills, Tania Ruiz Sanchez clicks on where you select the skills, Tania Ruiz Sanchez clicks on where do you click on Country, Tania Ruiz Sanchez clicks on where do you click on Country, Tania Ruiz Sanchez enters 'Japan' then hits ARROW_DOWN and ENTER into where you write the Country, Tania Ruiz Sanchez select 1995 on where you select the year, Tania Ruiz Sanchez select April on where you select the month, Tania Ruiz Sanchez select 10 on where you select the day, Tania Ruiz Sanchez enters 'Tania123*' into write password to create, Tania Ruiz Sanchez enters 'Tania123*' into write password to confirm, Tania Ruiz Sanchez clicks on Select button submit]], Then she loads the information in the Submit button [Then answer]], Example: {firstname=Patricia, lastname=Sanchez, address=Av cuba, email=tania1@hotmail.com, phone=3103900120, gender=FeMale, hobbies=Movies-Hockey, selectcountry=india, year=1966, month=April, day=30, password1=Tania1234*, password2=Tania1234*} [Given tania wants to register in demo automation testing [Tania ruiz sanchez open up [Tania Ruiz Sanchez opens the Demo automation page]], When she enters the data in the form
| firstname | lastname | address | email | phone | gender | hobbies | selectcountry | year | month | day | password1 | password2 |
| Patricia | Sanchez | Av cuba | tania1@hotmail.com | 3103900120 | FeMale | Movies-Hockey | india | 1966 | April | 30 | Tania1234* | Tania1234* | [Tania ruiz sanchez register [Tania Ruiz Sanchez clicks on where we write the first name, Tania Ruiz Sanchez enters 'Patricia' into where we write the first name, Tania Ruiz Sanchez enters 'Sanchez' into Where we write the last name, Tania Ruiz Sanchez enters 'Av cuba' into Where we write the address, Tania Ruiz Sanchez enters 'tania1@hotmail.com' into Where we write the email, Tania Ruiz Sanchez enters '3103900120' into Where we write the phone, Tania Ruiz Sanchez clicks on where you select the gender female, Tania Ruiz Sanchez clicks on where you select the hobbies Movies, Tania Ruiz Sanchez clicks on where you select the hobbies Hockey, Tania Ruiz Sanchez clicks on where do you click on language, Tania Ruiz Sanchez clicks on where you select on language, Tania Ruiz Sanchez clicks on where you select on language, Tania Ruiz Sanchez clicks on Click outside, Tania Ruiz Sanchez clicks on where do you click on skills]]]
[Test worker] WARN net.thucydides.core.steps.BaseStepListener - stepStarted: net.thucydides.core.steps.ExecutedStepDescription@3a4ae0fa
[Test worker] WARN net.thucydides.core.steps.BaseStepListener - stepFinished: current outcome:Enter data to register:Example: {firstname=Tania, lastname=Ruiz, address=Av Japon, email=tania@hotmail.com, phone=3103900118, gender=Male, hobbies=Cricket-Movies, selectcountry=Japan, year=1995, month=April, day=10, password1=Tania123*, password2=Tania123*} [Given tania wants to register in demo automation testing [Tania ruiz sanchez open up [Tania Ruiz Sanchez opens the Demo automation page]], When she enters the data in the form
| firstname | lastname | address | email | phone | gender | hobbies | selectcountry | year | month | day | password1 | password2 |
| Tania | Ruiz | Av Japon | tania@hotmail.com | 3103900118 | Male | Cricket-Movies | Japan | 1995 | April | 10 | Tania123* | Tania123* | [Tania ruiz sanchez register [Tania Ruiz Sanchez clicks on where we write the first name, Tania Ruiz Sanchez enters 'Tania' into where we write the first name, Tania Ruiz Sanchez enters 'Ruiz' into Where we write the last name, Tania Ruiz Sanchez enters 'Av Japon' into Where we write the address, Tania Ruiz Sanchez enters 'tania@hotmail.com' into Where we write the email, Tania Ruiz Sanchez enters '3103900118' into Where we write the phone, Tania Ruiz Sanchez clicks on where you select the male, Tania Ruiz Sanchez clicks on where you select the hobbies Cricket, Tania Ruiz Sanchez clicks on where you select the hobbies Movies, Tania Ruiz Sanchez clicks on where do you click on language, Tania Ruiz Sanchez clicks on where you select on language, Tania Ruiz Sanchez clicks on where you select on language, Tania Ruiz Sanchez clicks on Click outside, Tania Ruiz Sanchez clicks on where do you click on skills, Tania Ruiz Sanchez clicks on where you select the skills, Tania Ruiz Sanchez clicks on where do you click on Country, Tania Ruiz Sanchez clicks on where do you click on Country, Tania Ruiz Sanchez enters 'Japan' then hits ARROW_DOWN and ENTER into where you write the Country, Tania Ruiz Sanchez select 1995 on where you select the year, Tania Ruiz Sanchez select April on where you select the month, Tania Ruiz Sanchez select 10 on where you select the day, Tania Ruiz Sanchez enters 'Tania123*' into write password to create, Tania Ruiz Sanchez enters 'Tania123*' into write password to confirm, Tania Ruiz Sanchez clicks on Select button submit]], Then she loads the information in the Submit button [Then answer]], Example: {firstname=Patricia, lastname=Sanchez, address=Av cuba, email=tania1@hotmail.com, phone=3103900120, gender=FeMale, hobbies=Movies-Hockey, selectcountry=india, year=1966, month=April, day=30, password1=Tania1234*, password2=Tania1234*} [Given tania wants to register in demo automation testing [Tania ruiz sanchez open up [Tania Ruiz Sanchez opens the Demo automation page]], When she enters the data in the form
| firstname | lastname | address | email | phone | gender | hobbies | selectcountry | year | month | day | password1 | password2 |
| Patricia | Sanchez | Av cuba | tania1@hotmail.com | 3103900120 | FeMale | Movies-Hockey | india | 1966 | April | 30 | Tania1234* | Tania1234* | [Tania ruiz sanchez register [Tania Ruiz Sanchez clicks on where we write the first name, Tania Ruiz Sanchez enters 'Patricia' into where we write the first name, Tania Ruiz Sanchez enters 'Sanchez' into Where we write the last name, Tania Ruiz Sanchez enters 'Av cuba' into Where we write the address, Tania Ruiz Sanchez enters 'tania1@hotmail.com' into Where we write the email, Tania Ruiz Sanchez enters '3103900120' into Where we write the phone, Tania Ruiz Sanchez clicks on where you select the gender female, Tania Ruiz Sanchez clicks on where you select the hobbies Movies, Tania Ruiz Sanchez clicks on where you select the hobbies Hockey, Tania Ruiz Sanchez clicks on where do you click on language, Tania Ruiz Sanchez clicks on where you select on language, Tania Ruiz Sanchez clicks on where you select on language, Tania Ruiz Sanchez clicks on Click outside, Tania Ruiz Sanchez clicks on where do you click on skills, Tania Ruiz Sanchez clicks on where you select the skills]]]
[Test worker] WARN net.thucydides.core.steps.BaseStepListener - stepStarted: net.thucydides.core.steps.ExecutedStepDescription@27342994
[Test worker] WARN net.thucydides.core.steps.BaseStepListener - stepFinished: current outcome:Enter data to register:Example: {firstname=Tania, lastname=Ruiz, address=Av Japon, email=tania@hotmail.com, phone=3103900118, gender=Male, hobbies=Cricket-Movies, selectcountry=Japan, year=1995, month=April, day=10, password1=Tania123*, password2=Tania123*} [Given tania wants to register in demo automation testing [Tania ruiz sanchez open up [Tania Ruiz Sanchez opens the Demo automation page]], When she enters the data in the form
| firstname | lastname | address | email | phone | gender | hobbies | selectcountry | year | month | day | password1 | password2 |
| Tania | Ruiz | Av Japon | tania@hotmail.com | 3103900118 | Male | Cricket-Movies | Japan | 1995 | April | 10 | Tania123* | Tania123* | [Tania ruiz sanchez register [Tania Ruiz Sanchez clicks on where we write the first name, Tania Ruiz Sanchez enters 'Tania' into where we write the first name, Tania Ruiz Sanchez enters 'Ruiz' into Where we write the last name, Tania Ruiz Sanchez enters 'Av Japon' into Where we write the address, Tania Ruiz Sanchez enters 'tania@hotmail.com' into Where we write the email, Tania Ruiz Sanchez enters '3103900118' into Where we write the phone, Tania Ruiz Sanchez clicks on where you select the male, Tania Ruiz Sanchez clicks on where you select the hobbies Cricket, Tania Ruiz Sanchez clicks on where you select the hobbies Movies, Tania Ruiz Sanchez clicks on where do you click on language, Tania Ruiz Sanchez clicks on where you select on language, Tania Ruiz Sanchez clicks on where you select on language, Tania Ruiz Sanchez clicks on Click outside, Tania Ruiz Sanchez clicks on where do you click on skills, Tania Ruiz Sanchez clicks on where you select the skills, Tania Ruiz Sanchez clicks on where do you click on Country, Tania Ruiz Sanchez clicks on where do you click on Country, Tania Ruiz Sanchez enters 'Japan' then hits ARROW_DOWN and ENTER into where you write the Country, Tania Ruiz Sanchez select 1995 on where you select the year, Tania Ruiz Sanchez select April on where you select the month, Tania Ruiz Sanchez select 10 on where you select the day, Tania Ruiz Sanchez enters 'Tania123*' into write password to create, Tania Ruiz Sanchez enters 'Tania123*' into write password to confirm, Tania Ruiz Sanchez clicks on Select button submit]], Then she loads the information in the Submit button [Then answer]], Example: {firstname=Patricia, lastname=Sanchez, address=Av cuba, email=tania1@hotmail.com, phone=3103900120, gender=FeMale, hobbies=Movies-Hockey, selectcountry=india, year=1966, month=April, day=30, password1=Tania1234*, password2=Tania1234*} [Given tania wants to register in demo automation testing [Tania ruiz sanchez open up [Tania Ruiz Sanchez opens the Demo automation page]], When she enters the data in the form
| firstname | lastname | address | email | phone | gender | hobbies | selectcountry | year | month | day | password1 | password2 |
| Patricia | Sanchez | Av cuba | tania1@hotmail.com | 3103900120 | FeMale | Movies-Hockey | india | 1966 | April | 30 | Tania1234* | Tania1234* | [Tania ruiz sanchez register [Tania Ruiz Sanchez clicks on where we write the first name, Tania Ruiz Sanchez enters 'Patricia' into where we write the first name, Tania Ruiz Sanchez enters 'Sanchez' into Where we write the last name, Tania Ruiz Sanchez enters 'Av cuba' into Where we write the address, Tania Ruiz Sanchez enters 'tania1@hotmail.com' into Where we write the email, Tania Ruiz Sanchez enters '3103900120' into Where we write the phone, Tania Ruiz Sanchez clicks on where you select the gender female, Tania Ruiz Sanchez clicks on where you select the hobbies Movies, Tania Ruiz Sanchez clicks on where you select the hobbies Hockey, Tania Ruiz Sanchez clicks on where do you click on language, Tania Ruiz Sanchez clicks on where you select on language, Tania Ruiz Sanchez clicks on where you select on language, Tania Ruiz Sanchez clicks on Click outside, Tania Ruiz Sanchez clicks on where do you click on skills, Tania Ruiz Sanchez clicks on where you select the skills, Tania Ruiz Sanchez clicks on where do you click on Country]]]
[Test worker] WARN net.thucydides.core.steps.BaseStepListener - stepStarted: net.thucydides.core.steps.ExecutedStepDescription@48d36794
[Test worker] WARN net.thucydides.core.steps.BaseStepListener - stepFinished: current outcome:Enter data to register:Example: {firstname=Tania, lastname=Ruiz, address=Av Japon, email=tania@hotmail.com, phone=3103900118, gender=Male, hobbies=Cricket-Movies, selectcountry=Japan, year=1995, month=April, day=10, password1=Tania123*, password2=Tania123*} [Given tania wants to register in demo automation testing [Tania ruiz sanchez open up [Tania Ruiz Sanchez opens the Demo automation page]], When she enters the data in the form
| firstname | lastname | address | email | phone | gender | hobbies | selectcountry | year | month | day | password1 | password2 |
| Tania | Ruiz | Av Japon | tania@hotmail.com | 3103900118 | Male | Cricket-Movies | Japan | 1995 | April | 10 | Tania123* | Tania123* | [Tania ruiz sanchez register [Tania Ruiz Sanchez clicks on where we write the first name, Tania Ruiz Sanchez enters 'Tania' into where we write the first name, Tania Ruiz Sanchez enters 'Ruiz' into Where we write the last name, Tania Ruiz Sanchez enters 'Av Japon' into Where we write the address, Tania Ruiz Sanchez enters 'tania@hotmail.com' into Where we write the email, Tania Ruiz Sanchez enters '3103900118' into Where we write the phone, Tania Ruiz Sanchez clicks on where you select the male, Tania Ruiz Sanchez clicks on where you select the hobbies Cricket, Tania Ruiz Sanchez clicks on where you select the hobbies Movies, Tania Ruiz Sanchez clicks on where do you click on language, Tania Ruiz Sanchez clicks on where you select on language, Tania Ruiz Sanchez clicks on where you select on language, Tania Ruiz Sanchez clicks on Click outside, Tania Ruiz Sanchez clicks on where do you click on skills, Tania Ruiz Sanchez clicks on where you select the skills, Tania Ruiz Sanchez clicks on where do you click on Country, Tania Ruiz Sanchez clicks on where do you click on Country, Tania Ruiz Sanchez enters 'Japan' then hits ARROW_DOWN and ENTER into where you write the Country, Tania Ruiz Sanchez select 1995 on where you select the year, Tania Ruiz Sanchez select April on where you select the month, Tania Ruiz Sanchez select 10 on where you select the day, Tania Ruiz Sanchez enters 'Tania123*' into write password to create, Tania Ruiz Sanchez enters 'Tania123*' into write password to confirm, Tania Ruiz Sanchez clicks on Select button submit]], Then she loads the information in the Submit button [Then answer]], Example: {firstname=Patricia, lastname=Sanchez, address=Av cuba, email=tania1@hotmail.com, phone=3103900120, gender=FeMale, hobbies=Movies-Hockey, selectcountry=india, year=1966, month=April, day=30, password1=Tania1234*, password2=Tania1234*} [Given tania wants to register in demo automation testing [Tania ruiz sanchez open up [Tania Ruiz Sanchez opens the Demo automation page]], When she enters the data in the form
| firstname | lastname | address | email | phone | gender | hobbies | selectcountry | year | month | day | password1 | password2 |
| Patricia | Sanchez | Av cuba | tania1@hotmail.com | 3103900120 | FeMale | Movies-Hockey | india | 1966 | April | 30 | Tania1234* | Tania1234* | [Tania ruiz sanchez register [Tania Ruiz Sanchez clicks on where we write the first name, Tania Ruiz Sanchez enters 'Patricia' into where we write the first name, Tania Ruiz Sanchez enters 'Sanchez' into Where we write the last name, Tania Ruiz Sanchez enters 'Av cuba' into Where we write the address, Tania Ruiz Sanchez enters 'tania1@hotmail.com' into Where we write the email, Tania Ruiz Sanchez enters '3103900120' into Where we write the phone, Tania Ruiz Sanchez clicks on where you select the gender female, Tania Ruiz Sanchez clicks on where you select the hobbies Movies, Tania Ruiz Sanchez clicks on where you select the hobbies Hockey, Tania Ruiz Sanchez clicks on where do you click on language, Tania Ruiz Sanchez clicks on where you select on language, Tania Ruiz Sanchez clicks on where you select on language, Tania Ruiz Sanchez clicks on Click outside, Tania Ruiz Sanchez clicks on where do you click on skills, Tania Ruiz Sanchez clicks on where you select the skills, Tania Ruiz Sanchez clicks on where do you click on Country, Tania Ruiz Sanchez clicks on where do you click on Country]]]
[Test worker] WARN net.thucydides.core.steps.BaseStepListener - stepStarted: net.thucydides.core.steps.ExecutedStepDescription@672cd6b1
[Test worker] WARN net.thucydides.core.steps.BaseStepListener - stepFinished: current outcome:Enter data to register:Example: {firstname=Tania, lastname=Ruiz, address=Av Japon, email=tania@hotmail.com, phone=3103900118, gender=Male, hobbies=Cricket-Movies, selectcountry=Japan, year=1995, month=April, day=10, password1=Tania123*, password2=Tania123*} [Given tania wants to register in demo automation testing [Tania ruiz sanchez open up [Tania Ruiz Sanchez opens the Demo automation page]], When she enters the data in the form
| firstname | lastname | address | email | phone | gender | hobbies | selectcountry | year | month | day | password1 | password2 |
| Tania | Ruiz | Av Japon | tania@hotmail.com | 3103900118 | Male | Cricket-Movies | Japan | 1995 | April | 10 | Tania123* | Tania123* | [Tania ruiz sanchez register [Tania Ruiz Sanchez clicks on where we write the first name, Tania Ruiz Sanchez enters 'Tania' into where we write the first name, Tania Ruiz Sanchez enters 'Ruiz' into Where we write the last name, Tania Ruiz Sanchez enters 'Av Japon' into Where we write the address, Tania Ruiz Sanchez enters 'tania@hotmail.com' into Where we write the email, Tania Ruiz Sanchez enters '3103900118' into Where we write the phone, Tania Ruiz Sanchez clicks on where you select the male, Tania Ruiz Sanchez clicks on where you select the hobbies Cricket, Tania Ruiz Sanchez clicks on where you select the hobbies Movies, Tania Ruiz Sanchez clicks on where do you click on language, Tania Ruiz Sanchez clicks on where you select on language, Tania Ruiz Sanchez clicks on where you select on language, Tania Ruiz Sanchez clicks on Click outside, Tania Ruiz Sanchez clicks on where do you click on skills, Tania Ruiz Sanchez clicks on where you select the skills, Tania Ruiz Sanchez clicks on where do you click on Country, Tania Ruiz Sanchez clicks on where do you click on Country, Tania Ruiz Sanchez enters 'Japan' then hits ARROW_DOWN and ENTER into where you write the Country, Tania Ruiz Sanchez select 1995 on where you select the year, Tania Ruiz Sanchez select April on where you select the month, Tania Ruiz Sanchez select 10 on where you select the day, Tania Ruiz Sanchez enters 'Tania123*' into write password to create, Tania Ruiz Sanchez enters 'Tania123*' into write password to confirm, Tania Ruiz Sanchez clicks on Select button submit]], Then she loads the information in the Submit button [Then answer]], Example: {firstname=Patricia, lastname=Sanchez, address=Av cuba, email=tania1@hotmail.com, phone=3103900120, gender=FeMale, hobbies=Movies-Hockey, selectcountry=india, year=1966, month=April, day=30, password1=Tania1234*, password2=Tania1234*} [Given tania wants to register in demo automation testing [Tania ruiz sanchez open up [Tania Ruiz Sanchez opens the Demo automation page]], When she enters the data in the form
| firstname | lastname | address | email | phone | gender | hobbies | selectcountry | year | month | day | password1 | password2 |
| Patricia | Sanchez | Av cuba | tania1@hotmail.com | 3103900120 | FeMale | Movies-Hockey | india | 1966 | April | 30 | Tania1234* | Tania1234* | [Tania ruiz sanchez register [Tania Ruiz Sanchez clicks on where we write the first name, Tania Ruiz Sanchez enters 'Patricia' into where we write the first name, Tania Ruiz Sanchez enters 'Sanchez' into Where we write the last name, Tania Ruiz Sanchez enters 'Av cuba' into Where we write the address, Tania Ruiz Sanchez enters 'tania1@hotmail.com' into Where we write the email, Tania Ruiz Sanchez enters '3103900120' into Where we write the phone, Tania Ruiz Sanchez clicks on where you select the gender female, Tania Ruiz Sanchez clicks on where you select the hobbies Movies, Tania Ruiz Sanchez clicks on where you select the hobbies Hockey, Tania Ruiz Sanchez clicks on where do you click on language, Tania Ruiz Sanchez clicks on where you select on language, Tania Ruiz Sanchez clicks on where you select on language, Tania Ruiz Sanchez clicks on Click outside, Tania Ruiz Sanchez clicks on where do you click on skills, Tania Ruiz Sanchez clicks on where you select the skills, Tania Ruiz Sanchez clicks on where do you click on Country, Tania Ruiz Sanchez clicks on where do you click on Country, Tania Ruiz Sanchez enters 'india' then hits ARROW_DOWN and ENTER into where you write the Country]]]
[Test worker] WARN net.thucydides.core.steps.BaseStepListener - stepStarted: net.thucydides.core.steps.ExecutedStepDescription@120490e4
[Test worker] WARN net.thucydides.core.steps.BaseStepListener - stepFinished: current outcome:Enter data to register:Example: {firstname=Tania, lastname=Ruiz, address=Av Japon, email=tania@hotmail.com, phone=3103900118, gender=Male, hobbies=Cricket-Movies, selectcountry=Japan, year=1995, month=April, day=10, password1=Tania123*, password2=Tania123*} [Given tania wants to register in demo automation testing [Tania ruiz sanchez open up [Tania Ruiz Sanchez opens the Demo automation page]], When she enters the data in the form
| firstname | lastname | address | email | phone | gender | hobbies | selectcountry | year | month | day | password1 | password2 |
| Tania | Ruiz | Av Japon | tania@hotmail.com | 3103900118 | Male | Cricket-Movies | Japan | 1995 | April | 10 | Tania123* | Tania123* | [Tania ruiz sanchez register [Tania Ruiz Sanchez clicks on where we write the first name, Tania Ruiz Sanchez enters 'Tania' into where we write the first name, Tania Ruiz Sanchez enters 'Ruiz' into Where we write the last name, Tania Ruiz Sanchez enters 'Av Japon' into Where we write the address, Tania Ruiz Sanchez enters 'tania@hotmail.com' into Where we write the email, Tania Ruiz Sanchez enters '3103900118' into Where we write the phone, Tania Ruiz Sanchez clicks on where you select the male, Tania Ruiz Sanchez clicks on where you select the hobbies Cricket, Tania Ruiz Sanchez clicks on where you select the hobbies Movies, Tania Ruiz Sanchez clicks on where do you click on language, Tania Ruiz Sanchez clicks on where you select on language, Tania Ruiz Sanchez clicks on where you select on language, Tania Ruiz Sanchez clicks on Click outside, Tania Ruiz Sanchez clicks on where do you click on skills, Tania Ruiz Sanchez clicks on where you select the skills, Tania Ruiz Sanchez clicks on where do you click on Country, Tania Ruiz Sanchez clicks on where do you click on Country, Tania Ruiz Sanchez enters 'Japan' then hits ARROW_DOWN and ENTER into where you write the Country, Tania Ruiz Sanchez select 1995 on where you select the year, Tania Ruiz Sanchez select April on where you select the month, Tania Ruiz Sanchez select 10 on where you select the day, Tania Ruiz Sanchez enters 'Tania123*' into write password to create, Tania Ruiz Sanchez enters 'Tania123*' into write password to confirm, Tania Ruiz Sanchez clicks on Select button submit]], Then she loads the information in the Submit button [Then answer]], Example: {firstname=Patricia, lastname=Sanchez, address=Av cuba, email=tania1@hotmail.com, phone=3103900120, gender=FeMale, hobbies=Movies-Hockey, selectcountry=india, year=1966, month=April, day=30, password1=Tania1234*, password2=Tania1234*} [Given tania wants to register in demo automation testing [Tania ruiz sanchez open up [Tania Ruiz Sanchez opens the Demo automation page]], When she enters the data in the form
| firstname | lastname | address | email | phone | gender | hobbies | selectcountry | year | month | day | password1 | password2 |
| Patricia | Sanchez | Av cuba | tania1@hotmail.com | 3103900120 | FeMale | Movies-Hockey | india | 1966 | April | 30 | Tania1234* | Tania1234* | [Tania ruiz sanchez register [Tania Ruiz Sanchez clicks on where we write the first name, Tania Ruiz Sanchez enters 'Patricia' into where we write the first name, Tania Ruiz Sanchez enters 'Sanchez' into Where we write the last name, Tania Ruiz Sanchez enters 'Av cuba' into Where we write the address, Tania Ruiz Sanchez enters 'tania1@hotmail.com' into Where we write the email, Tania Ruiz Sanchez enters '3103900120' into Where we write the phone, Tania Ruiz Sanchez clicks on where you select the gender female, Tania Ruiz Sanchez clicks on where you select the hobbies Movies, Tania Ruiz Sanchez clicks on where you select the hobbies Hockey, Tania Ruiz Sanchez clicks on where do you click on language, Tania Ruiz Sanchez clicks on where you select on language, Tania Ruiz Sanchez clicks on where you select on language, Tania Ruiz Sanchez clicks on Click outside, Tania Ruiz Sanchez clicks on where do you click on skills, Tania Ruiz Sanchez clicks on where you select the skills, Tania Ruiz Sanchez clicks on where do you click on Country, Tania Ruiz Sanchez clicks on where do you click on Country, Tania Ruiz Sanchez enters 'india' then hits ARROW_DOWN and ENTER into where you write the Country, Tania Ruiz Sanchez select 1966 on where you select the year]]]
[Test worker] WARN net.thucydides.core.steps.BaseStepListener - stepStarted: net.thucydides.core.steps.ExecutedStepDescription@2fa1aeec
[Test worker] WARN net.thucydides.core.steps.BaseStepListener - stepFinished: current outcome:Enter data to register:Example: {firstname=Tania, lastname=Ruiz, address=Av Japon, email=tania@hotmail.com, phone=3103900118, gender=Male, hobbies=Cricket-Movies, selectcountry=Japan, year=1995, month=April, day=10, password1=Tania123*, password2=Tania123*} [Given tania wants to register in demo automation testing [Tania ruiz sanchez open up [Tania Ruiz Sanchez opens the Demo automation page]], When she enters the data in the form
| firstname | lastname | address | email | phone | gender | hobbies | selectcountry | year | month | day | password1 | password2 |
| Tania | Ruiz | Av Japon | tania@hotmail.com | 3103900118 | Male | Cricket-Movies | Japan | 1995 | April | 10 | Tania123* | Tania123* | [Tania ruiz sanchez register [Tania Ruiz Sanchez clicks on where we write the first name, Tania Ruiz Sanchez enters 'Tania' into where we write the first name, Tania Ruiz Sanchez enters 'Ruiz' into Where we write the last name, Tania Ruiz Sanchez enters 'Av Japon' into Where we write the address, Tania Ruiz Sanchez enters 'tania@hotmail.com' into Where we write the email, Tania Ruiz Sanchez enters '3103900118' into Where we write the phone, Tania Ruiz Sanchez clicks on where you select the male, Tania Ruiz Sanchez clicks on where you select the hobbies Cricket, Tania Ruiz Sanchez clicks on where you select the hobbies Movies, Tania Ruiz Sanchez clicks on where do you click on language, Tania Ruiz Sanchez clicks on where you select on language, Tania Ruiz Sanchez clicks on where you select on language, Tania Ruiz Sanchez clicks on Click outside, Tania Ruiz Sanchez clicks on where do you click on skills, Tania Ruiz Sanchez clicks on where you select the skills, Tania Ruiz Sanchez clicks on where do you click on Country, Tania Ruiz Sanchez clicks on where do you click on Country, Tania Ruiz Sanchez enters 'Japan' then hits ARROW_DOWN and ENTER into where you write the Country, Tania Ruiz Sanchez select 1995 on where you select the year, Tania Ruiz Sanchez select April on where you select the month, Tania Ruiz Sanchez select 10 on where you select the day, Tania Ruiz Sanchez enters 'Tania123*' into write password to create, Tania Ruiz Sanchez enters 'Tania123*' into write password to confirm, Tania Ruiz Sanchez clicks on Select button submit]], Then she loads the information in the Submit button [Then answer]], Example: {firstname=Patricia, lastname=Sanchez, address=Av cuba, email=tania1@hotmail.com, phone=3103900120, gender=FeMale, hobbies=Movies-Hockey, selectcountry=india, year=1966, month=April, day=30, password1=Tania1234*, password2=Tania1234*} [Given tania wants to register in demo automation testing [Tania ruiz sanchez open up [Tania Ruiz Sanchez opens the Demo automation page]], When she enters the data in the form
| firstname | lastname | address | email | phone | gender | hobbies | selectcountry | year | month | day | password1 | password2 |
| Patricia | Sanchez | Av cuba | tania1@hotmail.com | 3103900120 | FeMale | Movies-Hockey | india | 1966 | April | 30 | Tania1234* | Tania1234* | [Tania ruiz sanchez register [Tania Ruiz Sanchez clicks on where we write the first name, Tania Ruiz Sanchez enters 'Patricia' into where we write the first name, Tania Ruiz Sanchez enters 'Sanchez' into Where we write the last name, Tania Ruiz Sanchez enters 'Av cuba' into Where we write the address, Tania Ruiz Sanchez enters 'tania1@hotmail.com' into Where we write the email, Tania Ruiz Sanchez enters '3103900120' into Where we write the phone, Tania Ruiz Sanchez clicks on where you select the gender female, Tania Ruiz Sanchez clicks on where you select the hobbies Movies, Tania Ruiz Sanchez clicks on where you select the hobbies Hockey, Tania Ruiz Sanchez clicks on where do you click on language, Tania Ruiz Sanchez clicks on where you select on language, Tania Ruiz Sanchez clicks on where you select on language, Tania Ruiz Sanchez clicks on Click outside, Tania Ruiz Sanchez clicks on where do you click on skills, Tania Ruiz Sanchez clicks on where you select the skills, Tania Ruiz Sanchez clicks on where do you click on Country, Tania Ruiz Sanchez clicks on where do you click on Country, Tania Ruiz Sanchez enters 'india' then hits ARROW_DOWN and ENTER into where you write the Country, Tania Ruiz Sanchez select 1966 on where you select the year, Tania Ruiz Sanchez select April on where you select the month]]]
[Test worker] WARN net.thucydides.core.steps.BaseStepListener - stepStarted: net.thucydides.core.steps.ExecutedStepDescription@4f488a8f
[Test worker] WARN net.thucydides.core.steps.BaseStepListener - stepFinished: current outcome:Enter data to register:Example: {firstname=Tania, lastname=Ruiz, address=Av Japon, email=tania@hotmail.com, phone=3103900118, gender=Male, hobbies=Cricket-Movies, selectcountry=Japan, year=1995, month=April, day=10, password1=Tania123*, password2=Tania123*} [Given tania wants to register in demo automation testing [Tania ruiz sanchez open up [Tania Ruiz Sanchez opens the Demo automation page]], When she enters the data in the form
| firstname | lastname | address | email | phone | gender | hobbies | selectcountry | year | month | day | password1 | password2 |
| Tania | Ruiz | Av Japon | tania@hotmail.com | 3103900118 | Male | Cricket-Movies | Japan | 1995 | April | 10 | Tania123* | Tania123* | [Tania ruiz sanchez register [Tania Ruiz Sanchez clicks on where we write the first name, Tania Ruiz Sanchez enters 'Tania' into where we write the first name, Tania Ruiz Sanchez enters 'Ruiz' into Where we write the last name, Tania Ruiz Sanchez enters 'Av Japon' into Where we write the address, Tania Ruiz Sanchez enters 'tania@hotmail.com' into Where we write the email, Tania Ruiz Sanchez enters '3103900118' into Where we write the phone, Tania Ruiz Sanchez clicks on where you select the male, Tania Ruiz Sanchez clicks on where you select the hobbies Cricket, Tania Ruiz Sanchez clicks on where you select the hobbies Movies, Tania Ruiz Sanchez clicks on where do you click on language, Tania Ruiz Sanchez clicks on where you select on language, Tania Ruiz Sanchez clicks on where you select on language, Tania Ruiz Sanchez clicks on Click outside, Tania Ruiz Sanchez clicks on where do you click on skills, Tania Ruiz Sanchez clicks on where you select the skills, Tania Ruiz Sanchez clicks on where do you click on Country, Tania Ruiz Sanchez clicks on where do you click on Country, Tania Ruiz Sanchez enters 'Japan' then hits ARROW_DOWN and ENTER into where you write the Country, Tania Ruiz Sanchez select 1995 on where you select the year, Tania Ruiz Sanchez select April on where you select the month, Tania Ruiz Sanchez select 10 on where you select the day, Tania Ruiz Sanchez enters 'Tania123*' into write password to create, Tania Ruiz Sanchez enters 'Tania123*' into write password to confirm, Tania Ruiz Sanchez clicks on Select button submit]], Then she loads the information in the Submit button [Then answer]], Example: {firstname=Patricia, lastname=Sanchez, address=Av cuba, email=tania1@hotmail.com, phone=3103900120, gender=FeMale, hobbies=Movies-Hockey, selectcountry=india, year=1966, month=April, day=30, password1=Tania1234*, password2=Tania1234*} [Given tania wants to register in demo automation testing [Tania ruiz sanchez open up [Tania Ruiz Sanchez opens the Demo automation page]], When she enters the data in the form
| firstname | lastname | address | email | phone | gender | hobbies | selectcountry | year | month | day | password1 | password2 |
| Patricia | Sanchez | Av cuba | tania1@hotmail.com | 3103900120 | FeMale | Movies-Hockey | india | 1966 | April | 30 | Tania1234* | Tania1234* | [Tania ruiz sanchez register [Tania Ruiz Sanchez clicks on where we write the first name, Tania Ruiz Sanchez enters 'Patricia' into where we write the first name, Tania Ruiz Sanchez enters 'Sanchez' into Where we write the last name, Tania Ruiz Sanchez enters 'Av cuba' into Where we write the address, Tania Ruiz Sanchez enters 'tania1@hotmail.com' into Where we write the email, Tania Ruiz Sanchez enters '3103900120' into Where we write the phone, Tania Ruiz Sanchez clicks on where you select the gender female, Tania Ruiz Sanchez clicks on where you select the hobbies Movies, Tania Ruiz Sanchez clicks on where you select the hobbies Hockey, Tania Ruiz Sanchez clicks on where do you click on language, Tania Ruiz Sanchez clicks on where you select on language, Tania Ruiz Sanchez clicks on where you select on language, Tania Ruiz Sanchez clicks on Click outside, Tania Ruiz Sanchez clicks on where do you click on skills, Tania Ruiz Sanchez clicks on where you select the skills, Tania Ruiz Sanchez clicks on where do you click on Country, Tania Ruiz Sanchez clicks on where do you click on Country, Tania Ruiz Sanchez enters 'india' then hits ARROW_DOWN and ENTER into where you write the Country, Tania Ruiz Sanchez select 1966 on where you select the year, Tania Ruiz Sanchez select April on where you select the month, Tania Ruiz Sanchez select 30 on where you select the day]]]
[Test worker] WARN net.thucydides.core.steps.BaseStepListener - stepStarted: net.thucydides.core.steps.ExecutedStepDescription@1ab8a052
[Test worker] WARN net.thucydides.core.steps.BaseStepListener - stepFinished: current outcome:Enter data to register:Example: {firstname=Tania, lastname=Ruiz, address=Av Japon, email=tania@hotmail.com, phone=3103900118, gender=Male, hobbies=Cricket-Movies, selectcountry=Japan, year=1995, month=April, day=10, password1=Tania123*, password2=Tania123*} [Given tania wants to register in demo automation testing [Tania ruiz sanchez open up [Tania Ruiz Sanchez opens the Demo automation page]], When she enters the data in the form
| firstname | lastname | address | email | phone | gender | hobbies | selectcountry | year | month | day | password1 | password2 |
| Tania | Ruiz | Av Japon | tania@hotmail.com | 3103900118 | Male | Cricket-Movies | Japan | 1995 | April | 10 | Tania123* | Tania123* | [Tania ruiz sanchez register [Tania Ruiz Sanchez clicks on where we write the first name, Tania Ruiz Sanchez enters 'Tania' into where we write the first name, Tania Ruiz Sanchez enters 'Ruiz' into Where we write the last name, Tania Ruiz Sanchez enters 'Av Japon' into Where we write the address, Tania Ruiz Sanchez enters 'tania@hotmail.com' into Where we write the email, Tania Ruiz Sanchez enters '3103900118' into Where we write the phone, Tania Ruiz Sanchez clicks on where you select the male, Tania Ruiz Sanchez clicks on where you select the hobbies Cricket, Tania Ruiz Sanchez clicks on where you select the hobbies Movies, Tania Ruiz Sanchez clicks on where do you click on language, Tania Ruiz Sanchez clicks on where you select on language, Tania Ruiz Sanchez clicks on where you select on language, Tania Ruiz Sanchez clicks on Click outside, Tania Ruiz Sanchez clicks on where do you click on skills, Tania Ruiz Sanchez clicks on where you select the skills, Tania Ruiz Sanchez clicks on where do you click on Country, Tania Ruiz Sanchez clicks on where do you click on Country, Tania Ruiz Sanchez enters 'Japan' then hits ARROW_DOWN and ENTER into where you write the Country, Tania Ruiz Sanchez select 1995 on where you select the year, Tania Ruiz Sanchez select April on where you select the month, Tania Ruiz Sanchez select 10 on where you select the day, Tania Ruiz Sanchez enters 'Tania123*' into write password to create, Tania Ruiz Sanchez enters 'Tania123*' into write password to confirm, Tania Ruiz Sanchez clicks on Select button submit]], Then she loads the information in the Submit button [Then answer]], Example: {firstname=Patricia, lastname=Sanchez, address=Av cuba, email=tania1@hotmail.com, phone=3103900120, gender=FeMale, hobbies=Movies-Hockey, selectcountry=india, year=1966, month=April, day=30, password1=Tania1234*, password2=Tania1234*} [Given tania wants to register in demo automation testing [Tania ruiz sanchez open up [Tania Ruiz Sanchez opens the Demo automation page]], When she enters the data in the form
| firstname | lastname | address | email | phone | gender | hobbies | selectcountry | year | month | day | password1 | password2 |
| Patricia | Sanchez | Av cuba | tania1@hotmail.com | 3103900120 | FeMale | Movies-Hockey | india | 1966 | April | 30 | Tania1234* | Tania1234* | [Tania ruiz sanchez register [Tania Ruiz Sanchez clicks on where we write the first name, Tania Ruiz Sanchez enters 'Patricia' into where we write the first name, Tania Ruiz Sanchez enters 'Sanchez' into Where we write the last name, Tania Ruiz Sanchez enters 'Av cuba' into Where we write the address, Tania Ruiz Sanchez enters 'tania1@hotmail.com' into Where we write the email, Tania Ruiz Sanchez enters '3103900120' into Where we write the phone, Tania Ruiz Sanchez clicks on where you select the gender female, Tania Ruiz Sanchez clicks on where you select the hobbies Movies, Tania Ruiz Sanchez clicks on where you select the hobbies Hockey, Tania Ruiz Sanchez clicks on where do you click on language, Tania Ruiz Sanchez clicks on where you select on language, Tania Ruiz Sanchez clicks on where you select on language, Tania Ruiz Sanchez clicks on Click outside, Tania Ruiz Sanchez clicks on where do you click on skills, Tania Ruiz Sanchez clicks on where you select the skills, Tania Ruiz Sanchez clicks on where do you click on Country, Tania Ruiz Sanchez clicks on where do you click on Country, Tania Ruiz Sanchez enters 'india' then hits ARROW_DOWN and ENTER into where you write the Country, Tania Ruiz Sanchez select 1966 on where you select the year, Tania Ruiz Sanchez select April on where you select the month, Tania Ruiz Sanchez select 30 on where you select the day, Tania Ruiz Sanchez enters 'Tania1234*' into write password to create]]]
[Test worker] WARN net.thucydides.core.steps.BaseStepListener - stepStarted: net.thucydides.core.steps.ExecutedStepDescription@63456a09
[Test worker] WARN net.thucydides.core.steps.BaseStepListener - stepFinished: current outcome:Enter data to register:Example: {firstname=Tania, lastname=Ruiz, address=Av Japon, email=tania@hotmail.com, phone=3103900118, gender=Male, hobbies=Cricket-Movies, selectcountry=Japan, year=1995, month=April, day=10, password1=Tania123*, password2=Tania123*} [Given tania wants to register in demo automation testing [Tania ruiz sanchez open up [Tania Ruiz Sanchez opens the Demo automation page]], When she enters the data in the form
| firstname | lastname | address | email | phone | gender | hobbies | selectcountry | year | month | day | password1 | password2 |
| Tania | Ruiz | Av Japon | tania@hotmail.com | 3103900118 | Male | Cricket-Movies | Japan | 1995 | April | 10 | Tania123* | Tania123* | [Tania ruiz sanchez register [Tania Ruiz Sanchez clicks on where we write the first name, Tania Ruiz Sanchez enters 'Tania' into where we write the first name, Tania Ruiz Sanchez enters 'Ruiz' into Where we write the last name, Tania Ruiz Sanchez enters 'Av Japon' into Where we write the address, Tania Ruiz Sanchez enters 'tania@hotmail.com' into Where we write the email, Tania Ruiz Sanchez enters '3103900118' into Where we write the phone, Tania Ruiz Sanchez clicks on where you select the male, Tania Ruiz Sanchez clicks on where you select the hobbies Cricket, Tania Ruiz Sanchez clicks on where you select the hobbies Movies, Tania Ruiz Sanchez clicks on where do you click on language, Tania Ruiz Sanchez clicks on where you select on language, Tania Ruiz Sanchez clicks on where you select on language, Tania Ruiz Sanchez clicks on Click outside, Tania Ruiz Sanchez clicks on where do you click on skills, Tania Ruiz Sanchez clicks on where you select the skills, Tania Ruiz Sanchez clicks on where do you click on Country, Tania Ruiz Sanchez clicks on where do you click on Country, Tania Ruiz Sanchez enters 'Japan' then hits ARROW_DOWN and ENTER into where you write the Country, Tania Ruiz Sanchez select 1995 on where you select the year, Tania Ruiz Sanchez select April on where you select the month, Tania Ruiz Sanchez select 10 on where you select the day, Tania Ruiz Sanchez enters 'Tania123*' into write password to create, Tania Ruiz Sanchez enters 'Tania123*' into write password to confirm, Tania Ruiz Sanchez clicks on Select button submit]], Then she loads the information in the Submit button [Then answer]], Example: {firstname=Patricia, lastname=Sanchez, address=Av cuba, email=tania1@hotmail.com, phone=3103900120, gender=FeMale, hobbies=Movies-Hockey, selectcountry=india, year=1966, month=April, day=30, password1=Tania1234*, password2=Tania1234*} [Given tania wants to register in demo automation testing [Tania ruiz sanchez open up [Tania Ruiz Sanchez opens the Demo automation page]], When she enters the data in the form
| firstname | lastname | address | email | phone | gender | hobbies | selectcountry | year | month | day | password1 | password2 |
| Patricia | Sanchez | Av cuba | tania1@hotmail.com | 3103900120 | FeMale | Movies-Hockey | india | 1966 | April | 30 | Tania1234* | Tania1234* | [Tania ruiz sanchez register [Tania Ruiz Sanchez clicks on where we write the first name, Tania Ruiz Sanchez enters 'Patricia' into where we write the first name, Tania Ruiz Sanchez enters 'Sanchez' into Where we write the last name, Tania Ruiz Sanchez enters 'Av cuba' into Where we write the address, Tania Ruiz Sanchez enters 'tania1@hotmail.com' into Where we write the email, Tania Ruiz Sanchez enters '3103900120' into Where we write the phone, Tania Ruiz Sanchez clicks on where you select the gender female, Tania Ruiz Sanchez clicks on where you select the hobbies Movies, Tania Ruiz Sanchez clicks on where you select the hobbies Hockey, Tania Ruiz Sanchez clicks on where do you click on language, Tania Ruiz Sanchez clicks on where you select on language, Tania Ruiz Sanchez clicks on where you select on language, Tania Ruiz Sanchez clicks on Click outside, Tania Ruiz Sanchez clicks on where do you click on skills, Tania Ruiz Sanchez clicks on where you select the skills, Tania Ruiz Sanchez clicks on where do you click on Country, Tania Ruiz Sanchez clicks on where do you click on Country, Tania Ruiz Sanchez enters 'india' then hits ARROW_DOWN and ENTER into where you write the Country, Tania Ruiz Sanchez select 1966 on where you select the year, Tania Ruiz Sanchez select April on where you select the month, Tania Ruiz Sanchez select 30 on where you select the day, Tania Ruiz Sanchez enters 'Tania1234*' into write password to create, Tania Ruiz Sanchez enters 'Tania1234*' into write password to confirm]]]
[Test worker] WARN net.thucydides.core.steps.BaseStepListener - stepStarted: net.thucydides.core.steps.ExecutedStepDescription@301bbd6
[Test worker] WARN net.thucydides.core.steps.BaseStepListener - stepFinished: current outcome:Enter data to register:Example: {firstname=Tania, lastname=Ruiz, address=Av Japon, email=tania@hotmail.com, phone=3103900118, gender=Male, hobbies=Cricket-Movies, selectcountry=Japan, year=1995, month=April, day=10, password1=Tania123*, password2=Tania123*} [Given tania wants to register in demo automation testing [Tania ruiz sanchez open up [Tania Ruiz Sanchez opens the Demo automation page]], When she enters the data in the form
| firstname | lastname | address | email | phone | gender | hobbies | selectcountry | year | month | day | password1 | password2 |
| Tania | Ruiz | Av Japon | tania@hotmail.com | 3103900118 | Male | Cricket-Movies | Japan | 1995 | April | 10 | Tania123* | Tania123* | [Tania ruiz sanchez register [Tania Ruiz Sanchez clicks on where we write the first name, Tania Ruiz Sanchez enters 'Tania' into where we write the first name, Tania Ruiz Sanchez enters 'Ruiz' into Where we write the last name, Tania Ruiz Sanchez enters 'Av Japon' into Where we write the address, Tania Ruiz Sanchez enters 'tania@hotmail.com' into Where we write the email, Tania Ruiz Sanchez enters '3103900118' into Where we write the phone, Tania Ruiz Sanchez clicks on where you select the male, Tania Ruiz Sanchez clicks on where you select the hobbies Cricket, Tania Ruiz Sanchez clicks on where you select the hobbies Movies, Tania Ruiz Sanchez clicks on where do you click on language, Tania Ruiz Sanchez clicks on where you select on language, Tania Ruiz Sanchez clicks on where you select on language, Tania Ruiz Sanchez clicks on Click outside, Tania Ruiz Sanchez clicks on where do you click on skills, Tania Ruiz Sanchez clicks on where you select the skills, Tania Ruiz Sanchez clicks on where do you click on Country, Tania Ruiz Sanchez clicks on where do you click on Country, Tania Ruiz Sanchez enters 'Japan' then hits ARROW_DOWN and ENTER into where you write the Country, Tania Ruiz Sanchez select 1995 on where you select the year, Tania Ruiz Sanchez select April on where you select the month, Tania Ruiz Sanchez select 10 on where you select the day, Tania Ruiz Sanchez enters 'Tania123*' into write password to create, Tania Ruiz Sanchez enters 'Tania123*' into write password to confirm, Tania Ruiz Sanchez clicks on Select button submit]], Then she loads the information in the Submit button [Then answer]], Example: {firstname=Patricia, lastname=Sanchez, address=Av cuba, email=tania1@hotmail.com, phone=3103900120, gender=FeMale, hobbies=Movies-Hockey, selectcountry=india, year=1966, month=April, day=30, password1=Tania1234*, password2=Tania1234*} [Given tania wants to register in demo automation testing [Tania ruiz sanchez open up [Tania Ruiz Sanchez opens the Demo automation page]], When she enters the data in the form
| firstname | lastname | address | email | phone | gender | hobbies | selectcountry | year | month | day | password1 | password2 |
| Patricia | Sanchez | Av cuba | tania1@hotmail.com | 3103900120 | FeMale | Movies-Hockey | india | 1966 | April | 30 | Tania1234* | Tania1234* | [Tania ruiz sanchez register [Tania Ruiz Sanchez clicks on where we write the first name, Tania Ruiz Sanchez enters 'Patricia' into where we write the first name, Tania Ruiz Sanchez enters 'Sanchez' into Where we write the last name, Tania Ruiz Sanchez enters 'Av cuba' into Where we write the address, Tania Ruiz Sanchez enters 'tania1@hotmail.com' into Where we write the email, Tania Ruiz Sanchez enters '3103900120' into Where we write the phone, Tania Ruiz Sanchez clicks on where you select the gender female, Tania Ruiz Sanchez clicks on where you select the hobbies Movies, Tania Ruiz Sanchez clicks on where you select the hobbies Hockey, Tania Ruiz Sanchez clicks on where do you click on language, Tania Ruiz Sanchez clicks on where you select on language, Tania Ruiz Sanchez clicks on where you select on language, Tania Ruiz Sanchez clicks on Click outside, Tania Ruiz Sanchez clicks on where do you click on skills, Tania Ruiz Sanchez clicks on where you select the skills, Tania Ruiz Sanchez clicks on where do you click on Country, Tania Ruiz Sanchez clicks on where do you click on Country, Tania Ruiz Sanchez enters 'india' then hits ARROW_DOWN and ENTER into where you write the Country, Tania Ruiz Sanchez select 1966 on where you select the year, Tania Ruiz Sanchez select April on where you select the month, Tania Ruiz Sanchez select 30 on where you select the day, Tania Ruiz Sanchez enters 'Tania1234*' into write password to create, Tania Ruiz Sanchez enters 'Tania1234*' into write password to confirm, Tania Ruiz Sanchez clicks on Select button submit]]]
[Test worker] WARN net.thucydides.core.steps.BaseStepListener - stepFinished: current outcome:Enter data to register:Example: {firstname=Tania, lastname=Ruiz, address=Av Japon, email=tania@hotmail.com, phone=3103900118, gender=Male, hobbies=Cricket-Movies, selectcountry=Japan, year=1995, month=April, day=10, password1=Tania123*, password2=Tania123*} [Given tania wants to register in demo automation testing [Tania ruiz sanchez open up [Tania Ruiz Sanchez opens the Demo automation page]], When she enters the data in the form
| firstname | lastname | address | email | phone | gender | hobbies | selectcountry | year | month | day | password1 | password2 |
| Tania | Ruiz | Av Japon | tania@hotmail.com | 3103900118 | Male | Cricket-Movies | Japan | 1995 | April | 10 | Tania123* | Tania123* | [Tania ruiz sanchez register [Tania Ruiz Sanchez clicks on where we write the first name, Tania Ruiz Sanchez enters 'Tania' into where we write the first name, Tania Ruiz Sanchez enters 'Ruiz' into Where we write the last name, Tania Ruiz Sanchez enters 'Av Japon' into Where we write the address, Tania Ruiz Sanchez enters 'tania@hotmail.com' into Where we write the email, Tania Ruiz Sanchez enters '3103900118' into Where we write the phone, Tania Ruiz Sanchez clicks on where you select the male, Tania Ruiz Sanchez clicks on where you select the hobbies Cricket, Tania Ruiz Sanchez clicks on where you select the hobbies Movies, Tania Ruiz Sanchez clicks on where do you click on language, Tania Ruiz Sanchez clicks on where you select on language, Tania Ruiz Sanchez clicks on where you select on language, Tania Ruiz Sanchez clicks on Click outside, Tania Ruiz Sanchez clicks on where do you click on skills, Tania Ruiz Sanchez clicks on where you select the skills, Tania Ruiz Sanchez clicks on where do you click on Country, Tania Ruiz Sanchez clicks on where do you click on Country, Tania Ruiz Sanchez enters 'Japan' then hits ARROW_DOWN and ENTER into where you write the Country, Tania Ruiz Sanchez select 1995 on where you select the year, Tania Ruiz Sanchez select April on where you select the month, Tania Ruiz Sanchez select 10 on where you select the day, Tania Ruiz Sanchez enters 'Tania123*' into write password to create, Tania Ruiz Sanchez enters 'Tania123*' into write password to confirm, Tania Ruiz Sanchez clicks on Select button submit]], Then she loads the information in the Submit button [Then answer]], Example: {firstname=Patricia, lastname=Sanchez, address=Av cuba, email=tania1@hotmail.com, phone=3103900120, gender=FeMale, hobbies=Movies-Hockey, selectcountry=india, year=1966, month=April, day=30, password1=Tania1234*, password2=Tania1234*} [Given tania wants to register in demo automation testing [Tania ruiz sanchez open up [Tania Ruiz Sanchez opens the Demo automation page]], When she enters the data in the form
| firstname | lastname | address | email | phone | gender | hobbies | selectcountry | year | month | day | password1 | password2 |
| Patricia | Sanchez | Av cuba | tania1@hotmail.com | 3103900120 | FeMale | Movies-Hockey | india | 1966 | April | 30 | Tania1234* | Tania1234* | [Tania ruiz sanchez register [Tania Ruiz Sanchez clicks on where we write the first name, Tania Ruiz Sanchez enters 'Patricia' into where we write the first name, Tania Ruiz Sanchez enters 'Sanchez' into Where we write the last name, Tania Ruiz Sanchez enters 'Av cuba' into Where we write the address, Tania Ruiz Sanchez enters 'tania1@hotmail.com' into Where we write the email, Tania Ruiz Sanchez enters '3103900120' into Where we write the phone, Tania Ruiz Sanchez clicks on where you select the gender female, Tania Ruiz Sanchez clicks on where you select the hobbies Movies, Tania Ruiz Sanchez clicks on where you select the hobbies Hockey, Tania Ruiz Sanchez clicks on where do you click on language, Tania Ruiz Sanchez clicks on where you select on language, Tania Ruiz Sanchez clicks on where you select on language, Tania Ruiz Sanchez clicks on Click outside, Tania Ruiz Sanchez clicks on where do you click on skills, Tania Ruiz Sanchez clicks on where you select the skills, Tania Ruiz Sanchez clicks on where do you click on Country, Tania Ruiz Sanchez clicks on where do you click on Country, Tania Ruiz Sanchez enters 'india' then hits ARROW_DOWN and ENTER into where you write the Country, Tania Ruiz Sanchez select 1966 on where you select the year, Tania Ruiz Sanchez select April on where you select the month, Tania Ruiz Sanchez select 30 on where you select the day, Tania Ruiz Sanchez enters 'Tania1234*' into write password to create, Tania Ruiz Sanchez enters 'Tania1234*' into write password to confirm, Tania Ruiz Sanchez clicks on Select button submit]]]
[Test worker] WARN net.thucydides.core.steps.BaseStepListener - stepFinished: current outcome:Enter data to register:Example: {firstname=Tania, lastname=Ruiz, address=Av Japon, email=tania@hotmail.com, phone=3103900118, gender=Male, hobbies=Cricket-Movies, selectcountry=Japan, year=1995, month=April, day=10, password1=Tania123*, password2=Tania123*} [Given tania wants to register in demo automation testing [Tania ruiz sanchez open up [Tania Ruiz Sanchez opens the Demo automation page]], When she enters the data in the form
| firstname | lastname | address | email | phone | gender | hobbies | selectcountry | year | month | day | password1 | password2 |
| Tania | Ruiz | Av Japon | tania@hotmail.com | 3103900118 | Male | Cricket-Movies | Japan | 1995 | April | 10 | Tania123* | Tania123* | [Tania ruiz sanchez register [Tania Ruiz Sanchez clicks on where we write the first name, Tania Ruiz Sanchez enters 'Tania' into where we write the first name, Tania Ruiz Sanchez enters 'Ruiz' into Where we write the last name, Tania Ruiz Sanchez enters 'Av Japon' into Where we write the address, Tania Ruiz Sanchez enters 'tania@hotmail.com' into Where we write the email, Tania Ruiz Sanchez enters '3103900118' into Where we write the phone, Tania Ruiz Sanchez clicks on where you select the male, Tania Ruiz Sanchez clicks on where you select the hobbies Cricket, Tania Ruiz Sanchez clicks on where you select the hobbies Movies, Tania Ruiz Sanchez clicks on where do you click on language, Tania Ruiz Sanchez clicks on where you select on language, Tania Ruiz Sanchez clicks on where you select on language, Tania Ruiz Sanchez clicks on Click outside, Tania Ruiz Sanchez clicks on where do you click on skills, Tania Ruiz Sanchez clicks on where you select the skills, Tania Ruiz Sanchez clicks on where do you click on Country, Tania Ruiz Sanchez clicks on where do you click on Country, Tania Ruiz Sanchez enters 'Japan' then hits ARROW_DOWN and ENTER into where you write the Country, Tania Ruiz Sanchez select 1995 on where you select the year, Tania Ruiz Sanchez select April on where you select the month, Tania Ruiz Sanchez select 10 on where you select the day, Tania Ruiz Sanchez enters 'Tania123*' into write password to create, Tania Ruiz Sanchez enters 'Tania123*' into write password to confirm, Tania Ruiz Sanchez clicks on Select button submit]], Then she loads the information in the Submit button [Then answer]], Example: {firstname=Patricia, lastname=Sanchez, address=Av cuba, email=tania1@hotmail.com, phone=3103900120, gender=FeMale, hobbies=Movies-Hockey, selectcountry=india, year=1966, month=April, day=30, password1=Tania1234*, password2=Tania1234*} [Given tania wants to register in demo automation testing [Tania ruiz sanchez open up [Tania Ruiz Sanchez opens the Demo automation page]], When she enters the data in the form
| firstname | lastname | address | email | phone | gender | hobbies | selectcountry | year | month | day | password1 | password2 |
| Patricia | Sanchez | Av cuba | tania1@hotmail.com | 3103900120 | FeMale | Movies-Hockey | india | 1966 | April | 30 | Tania1234* | Tania1234* | [Tania ruiz sanchez register [Tania Ruiz Sanchez clicks on where we write the first name, Tania Ruiz Sanchez enters 'Patricia' into where we write the first name, Tania Ruiz Sanchez enters 'Sanchez' into Where we write the last name, Tania Ruiz Sanchez enters 'Av cuba' into Where we write the address, Tania Ruiz Sanchez enters 'tania1@hotmail.com' into Where we write the email, Tania Ruiz Sanchez enters '3103900120' into Where we write the phone, Tania Ruiz Sanchez clicks on where you select the gender female, Tania Ruiz Sanchez clicks on where you select the hobbies Movies, Tania Ruiz Sanchez clicks on where you select the hobbies Hockey, Tania Ruiz Sanchez clicks on where do you click on language, Tania Ruiz Sanchez clicks on where you select on language, Tania Ruiz Sanchez clicks on where you select on language, Tania Ruiz Sanchez clicks on Click outside, Tania Ruiz Sanchez clicks on where do you click on skills, Tania Ruiz Sanchez clicks on where you select the skills, Tania Ruiz Sanchez clicks on where do you click on Country, Tania Ruiz Sanchez clicks on where do you click on Country, Tania Ruiz Sanchez enters 'india' then hits ARROW_DOWN and ENTER into where you write the Country, Tania Ruiz Sanchez select 1966 on where you select the year, Tania Ruiz Sanchez select April on where you select the month, Tania Ruiz Sanchez select 30 on where you select the day, Tania Ruiz Sanchez enters 'Tania1234*' into write password to create, Tania Ruiz Sanchez enters 'Tania1234*' into write password to confirm, Tania Ruiz Sanchez clicks on Select button submit]]]
[Test worker] WARN net.thucydides.core.steps.BaseStepListener - stepStarted: net.thucydides.core.steps.ExecutedStepDescription@fb1eaba
[Test worker] WARN net.thucydides.core.steps.BaseStepListener - stepStarted: net.thucydides.core.steps.ExecutedStepDescription@2fcf2307
[Test worker] WARN net.thucydides.core.steps.BaseStepListener - stepFinished: current outcome:Enter data to register:Example: {firstname=Tania, lastname=Ruiz, address=Av Japon, email=tania@hotmail.com, phone=3103900118, gender=Male, hobbies=Cricket-Movies, selectcountry=Japan, year=1995, month=April, day=10, password1=Tania123*, password2=Tania123*} [Given tania wants to register in demo automation testing [Tania ruiz sanchez open up [Tania Ruiz Sanchez opens the Demo automation page]], When she enters the data in the form
| firstname | lastname | address | email | phone | gender | hobbies | selectcountry | year | month | day | password1 | password2 |
| Tania | Ruiz | Av Japon | tania@hotmail.com | 3103900118 | Male | Cricket-Movies | Japan | 1995 | April | 10 | Tania123* | Tania123* | [Tania ruiz sanchez register [Tania Ruiz Sanchez clicks on where we write the first name, Tania Ruiz Sanchez enters 'Tania' into where we write the first name, Tania Ruiz Sanchez enters 'Ruiz' into Where we write the last name, Tania Ruiz Sanchez enters 'Av Japon' into Where we write the address, Tania Ruiz Sanchez enters 'tania@hotmail.com' into Where we write the email, Tania Ruiz Sanchez enters '3103900118' into Where we write the phone, Tania Ruiz Sanchez clicks on where you select the male, Tania Ruiz Sanchez clicks on where you select the hobbies Cricket, Tania Ruiz Sanchez clicks on where you select the hobbies Movies, Tania Ruiz Sanchez clicks on where do you click on language, Tania Ruiz Sanchez clicks on where you select on language, Tania Ruiz Sanchez clicks on where you select on language, Tania Ruiz Sanchez clicks on Click outside, Tania Ruiz Sanchez clicks on where do you click on skills, Tania Ruiz Sanchez clicks on where you select the skills, Tania Ruiz Sanchez clicks on where do you click on Country, Tania Ruiz Sanchez clicks on where do you click on Country, Tania Ruiz Sanchez enters 'Japan' then hits ARROW_DOWN and ENTER into where you write the Country, Tania Ruiz Sanchez select 1995 on where you select the year, Tania Ruiz Sanchez select April on where you select the month, Tania Ruiz Sanchez select 10 on where you select the day, Tania Ruiz Sanchez enters 'Tania123*' into write password to create, Tania Ruiz Sanchez enters 'Tania123*' into write password to confirm, Tania Ruiz Sanchez clicks on Select button submit]], Then she loads the information in the Submit button [Then answer]], Example: {firstname=Patricia, lastname=Sanchez, address=Av cuba, email=tania1@hotmail.com, phone=3103900120, gender=FeMale, hobbies=Movies-Hockey, selectcountry=india, year=1966, month=April, day=30, password1=Tania1234*, password2=Tania1234*} [Given tania wants to register in demo automation testing [Tania ruiz sanchez open up [Tania Ruiz Sanchez opens the Demo automation page]], When she enters the data in the form
| firstname | lastname | address | email | phone | gender | hobbies | selectcountry | year | month | day | password1 | password2 |
| Patricia | Sanchez | Av cuba | tania1@hotmail.com | 3103900120 | FeMale | Movies-Hockey | india | 1966 | April | 30 | Tania1234* | Tania1234* | [Tania ruiz sanchez register [Tania Ruiz Sanchez clicks on where we write the first name, Tania Ruiz Sanchez enters 'Patricia' into where we write the first name, Tania Ruiz Sanchez enters 'Sanchez' into Where we write the last name, Tania Ruiz Sanchez enters 'Av cuba' into Where we write the address, Tania Ruiz Sanchez enters 'tania1@hotmail.com' into Where we write the email, Tania Ruiz Sanchez enters '3103900120' into Where we write the phone, Tania Ruiz Sanchez clicks on where you select the gender female, Tania Ruiz Sanchez clicks on where you select the hobbies Movies, Tania Ruiz Sanchez clicks on where you select the hobbies Hockey, Tania Ruiz Sanchez clicks on where do you click on language, Tania Ruiz Sanchez clicks on where you select on language, Tania Ruiz Sanchez clicks on where you select on language, Tania Ruiz Sanchez clicks on Click outside, Tania Ruiz Sanchez clicks on where do you click on skills, Tania Ruiz Sanchez clicks on where you select the skills, Tania Ruiz Sanchez clicks on where do you click on Country, Tania Ruiz Sanchez clicks on where do you click on Country, Tania Ruiz Sanchez enters 'india' then hits ARROW_DOWN and ENTER into where you write the Country, Tania Ruiz Sanchez select 1966 on where you select the year, Tania Ruiz Sanchez select April on where you select the month, Tania Ruiz Sanchez select 30 on where you select the day, Tania Ruiz Sanchez enters 'Tania1234*' into write password to create, Tania Ruiz Sanchez enters 'Tania1234*' into write password to confirm, Tania Ruiz Sanchez clicks on Select button submit]], Then she loads the information in the Submit button [Then answer]]
[Test worker] WARN net.thucydides.core.steps.BaseStepListener - stepFinished: current outcome:Enter data to register:Example: {firstname=Tania, lastname=Ruiz, address=Av Japon, email=tania@hotmail.com, phone=3103900118, gender=Male, hobbies=Cricket-Movies, selectcountry=Japan, year=1995, month=April, day=10, password1=Tania123*, password2=Tania123*} [Given tania wants to register in demo automation testing [Tania ruiz sanchez open up [Tania Ruiz Sanchez opens the Demo automation page]], When she enters the data in the form
| firstname | lastname | address | email | phone | gender | hobbies | selectcountry | year | month | day | password1 | password2 |
| Tania | Ruiz | Av Japon | tania@hotmail.com | 3103900118 | Male | Cricket-Movies | Japan | 1995 | April | 10 | Tania123* | Tania123* | [Tania ruiz sanchez register [Tania Ruiz Sanchez clicks on where we write the first name, Tania Ruiz Sanchez enters 'Tania' into where we write the first name, Tania Ruiz Sanchez enters 'Ruiz' into Where we write the last name, Tania Ruiz Sanchez enters 'Av Japon' into Where we write the address, Tania Ruiz Sanchez enters 'tania@hotmail.com' into Where we write the email, Tania Ruiz Sanchez enters '3103900118' into Where we write the phone, Tania Ruiz Sanchez clicks on where you select the male, Tania Ruiz Sanchez clicks on where you select the hobbies Cricket, Tania Ruiz Sanchez clicks on where you select the hobbies Movies, Tania Ruiz Sanchez clicks on where do you click on language, Tania Ruiz Sanchez clicks on where you select on language, Tania Ruiz Sanchez clicks on where you select on language, Tania Ruiz Sanchez clicks on Click outside, Tania Ruiz Sanchez clicks on where do you click on skills, Tania Ruiz Sanchez clicks on where you select the skills, Tania Ruiz Sanchez clicks on where do you click on Country, Tania Ruiz Sanchez clicks on where do you click on Country, Tania Ruiz Sanchez enters 'Japan' then hits ARROW_DOWN and ENTER into where you write the Country, Tania Ruiz Sanchez select 1995 on where you select the year, Tania Ruiz Sanchez select April on where you select the month, Tania Ruiz Sanchez select 10 on where you select the day, Tania Ruiz Sanchez enters 'Tania123*' into write password to create, Tania Ruiz Sanchez enters 'Tania123*' into write password to confirm, Tania Ruiz Sanchez clicks on Select button submit]], Then she loads the information in the Submit button [Then answer]], Example: {firstname=Patricia, lastname=Sanchez, address=Av cuba, email=tania1@hotmail.com, phone=3103900120, gender=FeMale, hobbies=Movies-Hockey, selectcountry=india, year=1966, month=April, day=30, password1=Tania1234*, password2=Tania1234*} [Given tania wants to register in demo automation testing [Tania ruiz sanchez open up [Tania Ruiz Sanchez opens the Demo automation page]], When she enters the data in the form
| firstname | lastname | address | email | phone | gender | hobbies | selectcountry | year | month | day | password1 | password2 |
| Patricia | Sanchez | Av cuba | tania1@hotmail.com | 3103900120 | FeMale | Movies-Hockey | india | 1966 | April | 30 | Tania1234* | Tania1234* | [Tania ruiz sanchez register [Tania Ruiz Sanchez clicks on where we write the first name, Tania Ruiz Sanchez enters 'Patricia' into where we write the first name, Tania Ruiz Sanchez enters 'Sanchez' into Where we write the last name, Tania Ruiz Sanchez enters 'Av cuba' into Where we write the address, Tania Ruiz Sanchez enters 'tania1@hotmail.com' into Where we write the email, Tania Ruiz Sanchez enters '3103900120' into Where we write the phone, Tania Ruiz Sanchez clicks on where you select the gender female, Tania Ruiz Sanchez clicks on where you select the hobbies Movies, Tania Ruiz Sanchez clicks on where you select the hobbies Hockey, Tania Ruiz Sanchez clicks on where do you click on language, Tania Ruiz Sanchez clicks on where you select on language, Tania Ruiz Sanchez clicks on where you select on language, Tania Ruiz Sanchez clicks on Click outside, Tania Ruiz Sanchez clicks on where do you click on skills, Tania Ruiz Sanchez clicks on where you select the skills, Tania Ruiz Sanchez clicks on where do you click on Country, Tania Ruiz Sanchez clicks on where do you click on Country, Tania Ruiz Sanchez enters 'india' then hits ARROW_DOWN and ENTER into where you write the Country, Tania Ruiz Sanchez select 1966 on where you select the year, Tania Ruiz Sanchez select April on where you select the month, Tania Ruiz Sanchez select 30 on where you select the day, Tania Ruiz Sanchez enters 'Tania1234*' into write password to create, Tania Ruiz Sanchez enters 'Tania1234*' into write password to confirm, Tania Ruiz Sanchez clicks on Select button submit]], Then she loads the information in the Submit button [Then answer]]
[Test worker] WARN net.thucydides.core.steps.BaseStepListener - stepFinished: current outcome:Enter data to register:Example: {firstname=Tania, lastname=Ruiz, address=Av Japon, email=tania@hotmail.com, phone=3103900118, gender=Male, hobbies=Cricket-Movies, selectcountry=Japan, year=1995, month=April, day=10, password1=Tania123*, password2=Tania123*} [Given tania wants to register in demo automation testing [Tania ruiz sanchez open up [Tania Ruiz Sanchez opens the Demo automation page]], When she enters the data in the form
| firstname | lastname | address | email | phone | gender | hobbies | selectcountry | year | month | day | password1 | password2 |
| Tania | Ruiz | Av Japon | tania@hotmail.com | 3103900118 | Male | Cricket-Movies | Japan | 1995 | April | 10 | Tania123* | Tania123* | [Tania ruiz sanchez register [Tania Ruiz Sanchez clicks on where we write the first name, Tania Ruiz Sanchez enters 'Tania' into where we write the first name, Tania Ruiz Sanchez enters 'Ruiz' into Where we write the last name, Tania Ruiz Sanchez enters 'Av Japon' into Where we write the address, Tania Ruiz Sanchez enters 'tania@hotmail.com' into Where we write the email, Tania Ruiz Sanchez enters '3103900118' into Where we write the phone, Tania Ruiz Sanchez clicks on where you select the male, Tania Ruiz Sanchez clicks on where you select the hobbies Cricket, Tania Ruiz Sanchez clicks on where you select the hobbies Movies, Tania Ruiz Sanchez clicks on where do you click on language, Tania Ruiz Sanchez clicks on where you select on language, Tania Ruiz Sanchez clicks on where you select on language, Tania Ruiz Sanchez clicks on Click outside, Tania Ruiz Sanchez clicks on where do you click on skills, Tania Ruiz Sanchez clicks on where you select the skills, Tania Ruiz Sanchez clicks on where do you click on Country, Tania Ruiz Sanchez clicks on where do you click on Country, Tania Ruiz Sanchez enters 'Japan' then hits ARROW_DOWN and ENTER into where you write the Country, Tania Ruiz Sanchez select 1995 on where you select the year, Tania Ruiz Sanchez select April on where you select the month, Tania Ruiz Sanchez select 10 on where you select the day, Tania Ruiz Sanchez enters 'Tania123*' into write password to create, Tania Ruiz Sanchez enters 'Tania123*' into write password to confirm, Tania Ruiz Sanchez clicks on Select button submit]], Then she loads the information in the Submit button [Then answer]], Example: {firstname=Patricia, lastname=Sanchez, address=Av cuba, email=tania1@hotmail.com, phone=3103900120, gender=FeMale, hobbies=Movies-Hockey, selectcountry=india, year=1966, month=April, day=30, password1=Tania1234*, password2=Tania1234*} [Given tania wants to register in demo automation testing [Tania ruiz sanchez open up [Tania Ruiz Sanchez opens the Demo automation page]], When she enters the data in the form
| firstname | lastname | address | email | phone | gender | hobbies | selectcountry | year | month | day | password1 | password2 |
| Patricia | Sanchez | Av cuba | tania1@hotmail.com | 3103900120 | FeMale | Movies-Hockey | india | 1966 | April | 30 | Tania1234* | Tania1234* | [Tania ruiz sanchez register [Tania Ruiz Sanchez clicks on where we write the first name, Tania Ruiz Sanchez enters 'Patricia' into where we write the first name, Tania Ruiz Sanchez enters 'Sanchez' into Where we write the last name, Tania Ruiz Sanchez enters 'Av cuba' into Where we write the address, Tania Ruiz Sanchez enters 'tania1@hotmail.com' into Where we write the email, Tania Ruiz Sanchez enters '3103900120' into Where we write the phone, Tania Ruiz Sanchez clicks on where you select the gender female, Tania Ruiz Sanchez clicks on where you select the hobbies Movies, Tania Ruiz Sanchez clicks on where you select the hobbies Hockey, Tania Ruiz Sanchez clicks on where do you click on language, Tania Ruiz Sanchez clicks on where you select on language, Tania Ruiz Sanchez clicks on where you select on language, Tania Ruiz Sanchez clicks on Click outside, Tania Ruiz Sanchez clicks on where do you click on skills, Tania Ruiz Sanchez clicks on where you select the skills, Tania Ruiz Sanchez clicks on where do you click on Country, Tania Ruiz Sanchez clicks on where do you click on Country, Tania Ruiz Sanchez enters 'india' then hits ARROW_DOWN and ENTER into where you write the Country, Tania Ruiz Sanchez select 1966 on where you select the year, Tania Ruiz Sanchez select April on where you select the month, Tania Ruiz Sanchez select 30 on where you select the day, Tania Ruiz Sanchez enters 'Tania1234*' into write password to create, Tania Ruiz Sanchez enters 'Tania1234*' into write password to confirm, Tania Ruiz Sanchez clicks on Select button submit]], Then she loads the information in the Submit button [Then answer]]
[Test worker] WARN net.thucydides.core.steps.BaseStepListener - testFinished: Enter data to register:Example: {firstname=Tania, lastname=Ruiz, address=Av Japon, email=tania@hotmail.com, phone=3103900118, gender=Male, hobbies=Cricket-Movies, selectcountry=Japan, year=1995, month=April, day=10, password1=Tania123*, password2=Tania123*} [Given tania wants to register in demo automation testing [Tania ruiz sanchez open up [Tania Ruiz Sanchez opens the Demo automation page]], When she enters the data in the form
| firstname | lastname | address | email | phone | gender | hobbies | selectcountry | year | month | day | password1 | password2 |
| Tania | Ruiz | Av Japon | tania@hotmail.com | 3103900118 | Male | Cricket-Movies | Japan | 1995 | April | 10 | Tania123* | Tania123* | [Tania ruiz sanchez register [Tania Ruiz Sanchez clicks on where we write the first name, Tania Ruiz Sanchez enters 'Tania' into where we write the first name, Tania Ruiz Sanchez enters 'Ruiz' into Where we write the last name, Tania Ruiz Sanchez enters 'Av Japon' into Where we write the address, Tania Ruiz Sanchez enters 'tania@hotmail.com' into Where we write the email, Tania Ruiz Sanchez enters '3103900118' into Where we write the phone, Tania Ruiz Sanchez clicks on where you select the male, Tania Ruiz Sanchez clicks on where you select the hobbies Cricket, Tania Ruiz Sanchez clicks on where you select the hobbies Movies, Tania Ruiz Sanchez clicks on where do you click on language, Tania Ruiz Sanchez clicks on where you select on language, Tania Ruiz Sanchez clicks on where you select on language, Tania Ruiz Sanchez clicks on Click outside, Tania Ruiz Sanchez clicks on where do you click on skills, Tania Ruiz Sanchez clicks on where you select the skills, Tania Ruiz Sanchez clicks on where do you click on Country, Tania Ruiz Sanchez clicks on where do you click on Country, Tania Ruiz Sanchez enters 'Japan' then hits ARROW_DOWN and ENTER into where you write the Country, Tania Ruiz Sanchez select 1995 on where you select the year, Tania Ruiz Sanchez select April on where you select the month, Tania Ruiz Sanchez select 10 on where you select the day, Tania Ruiz Sanchez enters 'Tania123*' into write password to create, Tania Ruiz Sanchez enters 'Tania123*' into write password to confirm, Tania Ruiz Sanchez clicks on Select button submit]], Then she loads the information in the Submit button [Then answer]], Example: {firstname=Patricia, lastname=Sanchez, address=Av cuba, email=tania1@hotmail.com, phone=3103900120, gender=FeMale, hobbies=Movies-Hockey, selectcountry=india, year=1966, month=April, day=30, password1=Tania1234*, password2=Tania1234*} [Given tania wants to register in demo automation testing [Tania ruiz sanchez open up [Tania Ruiz Sanchez opens the Demo automation page]], When she enters the data in the form
| firstname | lastname | address | email | phone | gender | hobbies | selectcountry | year | month | day | password1 | password2 |
| Patricia | Sanchez | Av cuba | tania1@hotmail.com | 3103900120 | FeMale | Movies-Hockey | india | 1966 | April | 30 | Tania1234* | Tania1234* | [Tania ruiz sanchez register [Tania Ruiz Sanchez clicks on where we write the first name, Tania Ruiz Sanchez enters 'Patricia' into where we write the first name, Tania Ruiz Sanchez enters 'Sanchez' into Where we write the last name, Tania Ruiz Sanchez enters 'Av cuba' into Where we write the address, Tania Ruiz Sanchez enters 'tania1@hotmail.com' into Where we write the email, Tania Ruiz Sanchez enters '3103900120' into Where we write the phone, Tania Ruiz Sanchez clicks on where you select the gender female, Tania Ruiz Sanchez clicks on where you select the hobbies Movies, Tania Ruiz Sanchez clicks on where you select the hobbies Hockey, Tania Ruiz Sanchez clicks on where do you click on language, Tania Ruiz Sanchez clicks on where you select on language, Tania Ruiz Sanchez clicks on where you select on language, Tania Ruiz Sanchez clicks on Click outside, Tania Ruiz Sanchez clicks on where do you click on skills, Tania Ruiz Sanchez clicks on where you select the skills, Tania Ruiz Sanchez clicks on where do you click on Country, Tania Ruiz Sanchez clicks on where do you click on Country, Tania Ruiz Sanchez enters 'india' then hits ARROW_DOWN and ENTER into where you write the Country, Tania Ruiz Sanchez select 1966 on where you select the year, Tania Ruiz Sanchez select April on where you select the month, Tania Ruiz Sanchez select 30 on where you select the day, Tania Ruiz Sanchez enters 'Tania1234*' into write password to create, Tania Ruiz Sanchez enters 'Tania1234*' into write password to confirm, Tania Ruiz Sanchez clicks on Select button submit]], Then she loads the information in the Submit button [Then answer]]
[Test worker] WARN net.thucydides.core.steps.BaseStepListener - TestOutcomes: [Enter data to register:Example: {firstname=Tania, lastname=Ruiz, address=Av Japon, email=tania@hotmail.com, phone=3103900118, gender=Male, hobbies=Cricket-Movies, selectcountry=Japan, year=1995, month=April, day=10, password1=Tania123*, password2=Tania123*} [Given tania wants to register in demo automation testing [Tania ruiz sanchez open up [Tania Ruiz Sanchez opens the Demo automation page]], When she enters the data in the form
| firstname | lastname | address | email | phone | gender | hobbies | selectcountry | year | month | day | password1 | password2 |
| Tania | Ruiz | Av Japon | tania@hotmail.com | 3103900118 | Male | Cricket-Movies | Japan | 1995 | April | 10 | Tania123* | Tania123* | [Tania ruiz sanchez register [Tania Ruiz Sanchez clicks on where we write the first name, Tania Ruiz Sanchez enters 'Tania' into where we write the first name, Tania Ruiz Sanchez enters 'Ruiz' into Where we write the last name, Tania Ruiz Sanchez enters 'Av Japon' into Where we write the address, Tania Ruiz Sanchez enters 'tania@hotmail.com' into Where we write the email, Tania Ruiz Sanchez enters '3103900118' into Where we write the phone, Tania Ruiz Sanchez clicks on where you select the male, Tania Ruiz Sanchez clicks on where you select the hobbies Cricket, Tania Ruiz Sanchez clicks on where you select the hobbies Movies, Tania Ruiz Sanchez clicks on where do you click on language, Tania Ruiz Sanchez clicks on where you select on language, Tania Ruiz Sanchez clicks on where you select on language, Tania Ruiz Sanchez clicks on Click outside, Tania Ruiz Sanchez clicks on where do you click on skills, Tania Ruiz Sanchez clicks on where you select the skills, Tania Ruiz Sanchez clicks on where do you click on Country, Tania Ruiz Sanchez clicks on where do you click on Country, Tania Ruiz Sanchez enters 'Japan' then hits ARROW_DOWN and ENTER into where you write the Country, Tania Ruiz Sanchez select 1995 on where you select the year, Tania Ruiz Sanchez select April on where you select the month, Tania Ruiz Sanchez select 10 on where you select the day, Tania Ruiz Sanchez enters 'Tania123*' into write password to create, Tania Ruiz Sanchez enters 'Tania123*' into write password to confirm, Tania Ruiz Sanchez clicks on Select button submit]], Then she loads the information in the Submit button [Then answer]], Example: {firstname=Patricia, lastname=Sanchez, address=Av cuba, email=tania1@hotmail.com, phone=3103900120, gender=FeMale, hobbies=Movies-Hockey, selectcountry=india, year=1966, month=April, day=30, password1=Tania1234*, password2=Tania1234*} [Given tania wants to register in demo automation testing [Tania ruiz sanchez open up [Tania Ruiz Sanchez opens the Demo automation page]], When she enters the data in the form
| firstname | lastname | address | email | phone | gender | hobbies | selectcountry | year | month | day | password1 | password2 |
| Patricia | Sanchez | Av cuba | tania1@hotmail.com | 3103900120 | FeMale | Movies-Hockey | india | 1966 | April | 30 | Tania1234* | Tania1234* | [Tania ruiz sanchez register [Tania Ruiz Sanchez clicks on where we write the first name, Tania Ruiz Sanchez enters 'Patricia' into where we write the first name, Tania Ruiz Sanchez enters 'Sanchez' into Where we write the last name, Tania Ruiz Sanchez enters 'Av cuba' into Where we write the address, Tania Ruiz Sanchez enters 'tania1@hotmail.com' into Where we write the email, Tania Ruiz Sanchez enters '3103900120' into Where we write the phone, Tania Ruiz Sanchez clicks on where you select the gender female, Tania Ruiz Sanchez clicks on where you select the hobbies Movies, Tania Ruiz Sanchez clicks on where you select the hobbies Hockey, Tania Ruiz Sanchez clicks on where do you click on language, Tania Ruiz Sanchez clicks on where you select on language, Tania Ruiz Sanchez clicks on where you select on language, Tania Ruiz Sanchez clicks on Click outside, Tania Ruiz Sanchez clicks on where do you click on skills, Tania Ruiz Sanchez clicks on where you select the skills, Tania Ruiz Sanchez clicks on where do you click on Country, Tania Ruiz Sanchez clicks on where do you click on Country, Tania Ruiz Sanchez enters 'india' then hits ARROW_DOWN and ENTER into where you write the Country, Tania Ruiz Sanchez select 1966 on where you select the year, Tania Ruiz Sanchez select April on where you select the month, Tania Ruiz Sanchez select 30 on where you select the day, Tania Ruiz Sanchez enters 'Tania1234*' into write password to create, Tania Ruiz Sanchez enters 'Tania1234*' into write password to confirm, Tania Ruiz Sanchez clicks on Select button submit]], Then she loads the information in the Submit button [Then answer]]]
[Test worker] WARN net.thucydides.core.steps.BaseStepListener - Final testOutcomes: [Enter data to register:Example: {firstname=Tania, lastname=Ruiz, address=Av Japon, email=tania@hotmail.com, phone=3103900118, gender=Male, hobbies=Cricket-Movies, selectcountry=Japan, year=1995, month=April, day=10, password1=Tania123*, password2=Tania123*} [Given tania wants to register in demo automation testing [Tania ruiz sanchez open up [Tania Ruiz Sanchez opens the Demo automation page]], When she enters the data in the form
| firstname | lastname | address | email | phone | gender | hobbies | selectcountry | year | month | day | password1 | password2 |
| Tania | Ruiz | Av Japon | tania@hotmail.com | 3103900118 | Male | Cricket-Movies | Japan | 1995 | April | 10 | Tania123* | Tania123* | [Tania ruiz sanchez register [Tania Ruiz Sanchez clicks on where we write the first name, Tania Ruiz Sanchez enters 'Tania' into where we write the first name, Tania Ruiz Sanchez enters 'Ruiz' into Where we write the last name, Tania Ruiz Sanchez enters 'Av Japon' into Where we write the address, Tania Ruiz Sanchez enters 'tania@hotmail.com' into Where we write the email, Tania Ruiz Sanchez enters '3103900118' into Where we write the phone, Tania Ruiz Sanchez clicks on where you select the male, Tania Ruiz Sanchez clicks on where you select the hobbies Cricket, Tania Ruiz Sanchez clicks on where you select the hobbies Movies, Tania Ruiz Sanchez clicks on where do you click on language, Tania Ruiz Sanchez clicks on where you select on language, Tania Ruiz Sanchez clicks on where you select on language, Tania Ruiz Sanchez clicks on Click outside, Tania Ruiz Sanchez clicks on where do you click on skills, Tania Ruiz Sanchez clicks on where you select the skills, Tania Ruiz Sanchez clicks on where do you click on Country, Tania Ruiz Sanchez clicks on where do you click on Country, Tania Ruiz Sanchez enters 'Japan' then hits ARROW_DOWN and ENTER into where you write the Country, Tania Ruiz Sanchez select 1995 on where you select the year, Tania Ruiz Sanchez select April on where you select the month, Tania Ruiz Sanchez select 10 on where you select the day, Tania Ruiz Sanchez enters 'Tania123*' into write password to create, Tania Ruiz Sanchez enters 'Tania123*' into write password to confirm, Tania Ruiz Sanchez clicks on Select button submit]], Then she loads the information in the Submit button [Then answer]], Example: {firstname=Patricia, lastname=Sanchez, address=Av cuba, email=tania1@hotmail.com, phone=3103900120, gender=FeMale, hobbies=Movies-Hockey, selectcountry=india, year=1966, month=April, day=30, password1=Tania1234*, password2=Tania1234*} [Given tania wants to register in demo automation testing [Tania ruiz sanchez open up [Tania Ruiz Sanchez opens the Demo automation page]], When she enters the data in the form
| firstname | lastname | address | email | phone | gender | hobbies | selectcountry | year | month | day | password1 | password2 |
| Patricia | Sanchez | Av cuba | tania1@hotmail.com | 3103900120 | FeMale | Movies-Hockey | india | 1966 | April | 30 | Tania1234* | Tania1234* | [Tania ruiz sanchez register [Tania Ruiz Sanchez clicks on where we write the first name, Tania Ruiz Sanchez enters 'Patricia' into where we write the first name, Tania Ruiz Sanchez enters 'Sanchez' into Where we write the last name, Tania Ruiz Sanchez enters 'Av cuba' into Where we write the address, Tania Ruiz Sanchez enters 'tania1@hotmail.com' into Where we write the email, Tania Ruiz Sanchez enters '3103900120' into Where we write the phone, Tania Ruiz Sanchez clicks on where you select the gender female, Tania Ruiz Sanchez clicks on where you select the hobbies Movies, Tania Ruiz Sanchez clicks on where you select the hobbies Hockey, Tania Ruiz Sanchez clicks on where do you click on language, Tania Ruiz Sanchez clicks on where you select on language, Tania Ruiz Sanchez clicks on where you select on language, Tania Ruiz Sanchez clicks on Click outside, Tania Ruiz Sanchez clicks on where do you click on skills, Tania Ruiz Sanchez clicks on where you select the skills, Tania Ruiz Sanchez clicks on where do you click on Country, Tania Ruiz Sanchez clicks on where do you click on Country, Tania Ruiz Sanchez enters 'india' then hits ARROW_DOWN and ENTER into where you write the Country, Tania Ruiz Sanchez select 1966 on where you select the year, Tania Ruiz Sanchez select April on where you select the month, Tania Ruiz Sanchez select 30 on where you select the day, Tania Ruiz Sanchez enters 'Tania1234*' into write password to create, Tania Ruiz Sanchez enters 'Tania1234*' into write password to confirm, Tania Ruiz Sanchez clicks on Select button submit]], Then she loads the information in the Submit button [Then answer]]]
[Test worker] INFO net.thucydides.core.steps.ConsoleLoggingListener - 
        __    _____ _____ ____ _____   ____   _    ____  ____  _____ ____  
  _     \ \  |_   _| ____/ ___|_   _| |  _ \ / \  / ___|/ ___|| ____|  _ \ 
 (_)_____| |   | | |  _| \___ \ | |   | |_) / _ \ \___ \\___ \|  _| | | | |
  _|_____| |   | | | |___ ___) || |   |  __/ ___ \ ___) |___) | |___| |_| |
 (_)     | |   |_| |_____|____/ |_|   |_| /_/   \_\____/|____/|_____|____/ 
        /_/                                                                

TEST PASSED: Enter data to register
----------------------------------------------------------------------------
[Test worker] WARN net.thucydides.core.steps.BaseStepListener - stepStarted: net.thucydides.core.steps.ExecutedStepDescription@5f2f6f02
[Test worker] WARN net.thucydides.core.steps.BaseStepListener - stepStarted: net.thucydides.core.steps.ExecutedStepDescription@1e39cecd
[Test worker] WARN net.thucydides.core.steps.BaseStepListener - stepStarted: net.thucydides.core.steps.ExecutedStepDescription@60fc521b
abr 30, 2022 10:21:00 AM org.openqa.selenium.remote.DesiredCapabilities chrome
INFORMACIÓN: Using `new ChromeOptions()` is preferred to `DesiredCapabilities.chrome()`
[Test worker] INFO net.serenitybdd.core.webdriver.driverproviders.ProvideNewDriver - Instantiating driver
[Test worker] INFO net.serenitybdd.core.webdriver.driverproviders.ProvideNewDriver - Driver capabilities: Capabilities {acceptInsecureCerts: false, browserName: chrome, chrome.switches: --start-maximized, goog:chromeOptions: {args: [--start-maximized], extensions: []}, loggingPrefs: org.openqa.selenium.logging..., platform: ANY, version: }
Starting ChromeDriver 100.0.4896.60 (6a5d10861ce8de5fce22564658033b43cb7de047-refs/branch-heads/4896@{#875}) on port 2477
Only local connections are allowed.
Please see https://chromedriver.chromium.org/security-considerations for suggestions on keeping ChromeDriver safe.
ChromeDriver was started successfully.
abr 30, 2022 10:21:02 AM org.openqa.selenium.remote.ProtocolHandshake createSession
INFORMACIÓN: Detected dialect: W3C
[Test worker] WARN net.thucydides.core.steps.BaseStepListener - stepFinished: current outcome:Enter data to register:Example: {firstname=Tania, lastname=Ruiz, address=Av Japon, email=tania@hotmail.com, phone=3103900118, gender=Male, hobbies=Cricket-Movies, selectcountry=Japan, year=1995, month=April, day=10, password1=Tania123*, password2=Tania123*} [Given tania wants to register in demo automation testing [Tania ruiz sanchez open up [Tania Ruiz Sanchez opens the Demo automation page]], When she enters the data in the form
| firstname | lastname | address | email | phone | gender | hobbies | selectcountry | year | month | day | password1 | password2 |
| Tania | Ruiz | Av Japon | tania@hotmail.com | 3103900118 | Male | Cricket-Movies | Japan | 1995 | April | 10 | Tania123* | Tania123* | [Tania ruiz sanchez register [Tania Ruiz Sanchez clicks on where we write the first name, Tania Ruiz Sanchez enters 'Tania' into where we write the first name, Tania Ruiz Sanchez enters 'Ruiz' into Where we write the last name, Tania Ruiz Sanchez enters 'Av Japon' into Where we write the address, Tania Ruiz Sanchez enters 'tania@hotmail.com' into Where we write the email, Tania Ruiz Sanchez enters '3103900118' into Where we write the phone, Tania Ruiz Sanchez clicks on where you select the male, Tania Ruiz Sanchez clicks on where you select the hobbies Cricket, Tania Ruiz Sanchez clicks on where you select the hobbies Movies, Tania Ruiz Sanchez clicks on where do you click on language, Tania Ruiz Sanchez clicks on where you select on language, Tania Ruiz Sanchez clicks on where you select on language, Tania Ruiz Sanchez clicks on Click outside, Tania Ruiz Sanchez clicks on where do you click on skills, Tania Ruiz Sanchez clicks on where you select the skills, Tania Ruiz Sanchez clicks on where do you click on Country, Tania Ruiz Sanchez clicks on where do you click on Country, Tania Ruiz Sanchez enters 'Japan' then hits ARROW_DOWN and ENTER into where you write the Country, Tania Ruiz Sanchez select 1995 on where you select the year, Tania Ruiz Sanchez select April on where you select the month, Tania Ruiz Sanchez select 10 on where you select the day, Tania Ruiz Sanchez enters 'Tania123*' into write password to create, Tania Ruiz Sanchez enters 'Tania123*' into write password to confirm, Tania Ruiz Sanchez clicks on Select button submit]], Then she loads the information in the Submit button [Then answer]], Example: {firstname=Patricia, lastname=Sanchez, address=Av cuba, email=tania1@hotmail.com, phone=3103900120, gender=FeMale, hobbies=Movies-Hockey, selectcountry=india, year=1966, month=April, day=30, password1=Tania1234*, password2=Tania1234*} [Given tania wants to register in demo automation testing [Tania ruiz sanchez open up [Tania Ruiz Sanchez opens the Demo automation page]], When she enters the data in the form
| firstname | lastname | address | email | phone | gender | hobbies | selectcountry | year | month | day | password1 | password2 |
| Patricia | Sanchez | Av cuba | tania1@hotmail.com | 3103900120 | FeMale | Movies-Hockey | india | 1966 | April | 30 | Tania1234* | Tania1234* | [Tania ruiz sanchez register [Tania Ruiz Sanchez clicks on where we write the first name, Tania Ruiz Sanchez enters 'Patricia' into where we write the first name, Tania Ruiz Sanchez enters 'Sanchez' into Where we write the last name, Tania Ruiz Sanchez enters 'Av cuba' into Where we write the address, Tania Ruiz Sanchez enters 'tania1@hotmail.com' into Where we write the email, Tania Ruiz Sanchez enters '3103900120' into Where we write the phone, Tania Ruiz Sanchez clicks on where you select the gender female, Tania Ruiz Sanchez clicks on where you select the hobbies Movies, Tania Ruiz Sanchez clicks on where you select the hobbies Hockey, Tania Ruiz Sanchez clicks on where do you click on language, Tania Ruiz Sanchez clicks on where you select on language, Tania Ruiz Sanchez clicks on where you select on language, Tania Ruiz Sanchez clicks on Click outside, Tania Ruiz Sanchez clicks on where do you click on skills, Tania Ruiz Sanchez clicks on where you select the skills, Tania Ruiz Sanchez clicks on where do you click on Country, Tania Ruiz Sanchez clicks on where do you click on Country, Tania Ruiz Sanchez enters 'india' then hits ARROW_DOWN and ENTER into where you write the Country, Tania Ruiz Sanchez select 1966 on where you select the year, Tania Ruiz Sanchez select April on where you select the month, Tania Ruiz Sanchez select 30 on where you select the day, Tania Ruiz Sanchez enters 'Tania1234*' into write password to create, Tania Ruiz Sanchez enters 'Tania1234*' into write password to confirm, Tania Ruiz Sanchez clicks on Select button submit]], Then she loads the information in the Submit button [Then answer]], Example: {firstname=Dino, lastname=Perez, address=Av Dosque, email=dino1@hotmail.com, phone=3103900121, gender=Male, hobbies=Hockey-Movies, selectcountry=Denmark, year=1966, month=April, day=21, password1=Tania1234*, password2=Tania1234*} [Given tania wants to register in demo automation testing [Tania ruiz sanchez open up [Tania Ruiz Sanchez opens the Demo automation page]]]
[Test worker] WARN net.thucydides.core.steps.BaseStepListener - stepFinished: current outcome:Enter data to register:Example: {firstname=Tania, lastname=Ruiz, address=Av Japon, email=tania@hotmail.com, phone=3103900118, gender=Male, hobbies=Cricket-Movies, selectcountry=Japan, year=1995, month=April, day=10, password1=Tania123*, password2=Tania123*} [Given tania wants to register in demo automation testing [Tania ruiz sanchez open up [Tania Ruiz Sanchez opens the Demo automation page]], When she enters the data in the form
| firstname | lastname | address | email | phone | gender | hobbies | selectcountry | year | month | day | password1 | password2 |
| Tania | Ruiz | Av Japon | tania@hotmail.com | 3103900118 | Male | Cricket-Movies | Japan | 1995 | April | 10 | Tania123* | Tania123* | [Tania ruiz sanchez register [Tania Ruiz Sanchez clicks on where we write the first name, Tania Ruiz Sanchez enters 'Tania' into where we write the first name, Tania Ruiz Sanchez enters 'Ruiz' into Where we write the last name, Tania Ruiz Sanchez enters 'Av Japon' into Where we write the address, Tania Ruiz Sanchez enters 'tania@hotmail.com' into Where we write the email, Tania Ruiz Sanchez enters '3103900118' into Where we write the phone, Tania Ruiz Sanchez clicks on where you select the male, Tania Ruiz Sanchez clicks on where you select the hobbies Cricket, Tania Ruiz Sanchez clicks on where you select the hobbies Movies, Tania Ruiz Sanchez clicks on where do you click on language, Tania Ruiz Sanchez clicks on where you select on language, Tania Ruiz Sanchez clicks on where you select on language, Tania Ruiz Sanchez clicks on Click outside, Tania Ruiz Sanchez clicks on where do you click on skills, Tania Ruiz Sanchez clicks on where you select the skills, Tania Ruiz Sanchez clicks on where do you click on Country, Tania Ruiz Sanchez clicks on where do you click on Country, Tania Ruiz Sanchez enters 'Japan' then hits ARROW_DOWN and ENTER into where you write the Country, Tania Ruiz Sanchez select 1995 on where you select the year, Tania Ruiz Sanchez select April on where you select the month, Tania Ruiz Sanchez select 10 on where you select the day, Tania Ruiz Sanchez enters 'Tania123*' into write password to create, Tania Ruiz Sanchez enters 'Tania123*' into write password to confirm, Tania Ruiz Sanchez clicks on Select button submit]], Then she loads the information in the Submit button [Then answer]], Example: {firstname=Patricia, lastname=Sanchez, address=Av cuba, email=tania1@hotmail.com, phone=3103900120, gender=FeMale, hobbies=Movies-Hockey, selectcountry=india, year=1966, month=April, day=30, password1=Tania1234*, password2=Tania1234*} [Given tania wants to register in demo automation testing [Tania ruiz sanchez open up [Tania Ruiz Sanchez opens the Demo automation page]], When she enters the data in the form
| firstname | lastname | address | email | phone | gender | hobbies | selectcountry | year | month | day | password1 | password2 |
| Patricia | Sanchez | Av cuba | tania1@hotmail.com | 3103900120 | FeMale | Movies-Hockey | india | 1966 | April | 30 | Tania1234* | Tania1234* | [Tania ruiz sanchez register [Tania Ruiz Sanchez clicks on where we write the first name, Tania Ruiz Sanchez enters 'Patricia' into where we write the first name, Tania Ruiz Sanchez enters 'Sanchez' into Where we write the last name, Tania Ruiz Sanchez enters 'Av cuba' into Where we write the address, Tania Ruiz Sanchez enters 'tania1@hotmail.com' into Where we write the email, Tania Ruiz Sanchez enters '3103900120' into Where we write the phone, Tania Ruiz Sanchez clicks on where you select the gender female, Tania Ruiz Sanchez clicks on where you select the hobbies Movies, Tania Ruiz Sanchez clicks on where you select the hobbies Hockey, Tania Ruiz Sanchez clicks on where do you click on language, Tania Ruiz Sanchez clicks on where you select on language, Tania Ruiz Sanchez clicks on where you select on language, Tania Ruiz Sanchez clicks on Click outside, Tania Ruiz Sanchez clicks on where do you click on skills, Tania Ruiz Sanchez clicks on where you select the skills, Tania Ruiz Sanchez clicks on where do you click on Country, Tania Ruiz Sanchez clicks on where do you click on Country, Tania Ruiz Sanchez enters 'india' then hits ARROW_DOWN and ENTER into where you write the Country, Tania Ruiz Sanchez select 1966 on where you select the year, Tania Ruiz Sanchez select April on where you select the month, Tania Ruiz Sanchez select 30 on where you select the day, Tania Ruiz Sanchez enters 'Tania1234*' into write password to create, Tania Ruiz Sanchez enters 'Tania1234*' into write password to confirm, Tania Ruiz Sanchez clicks on Select button submit]], Then she loads the information in the Submit button [Then answer]], Example: {firstname=Dino, lastname=Perez, address=Av Dosque, email=dino1@hotmail.com, phone=3103900121, gender=Male, hobbies=Hockey-Movies, selectcountry=Denmark, year=1966, month=April, day=21, password1=Tania1234*, password2=Tania1234*} [Given tania wants to register in demo automation testing [Tania ruiz sanchez open up [Tania Ruiz Sanchez opens the Demo automation page]]]
[Test worker] WARN net.thucydides.core.steps.BaseStepListener - stepFinished: current outcome:Enter data to register:Example: {firstname=Tania, lastname=Ruiz, address=Av Japon, email=tania@hotmail.com, phone=3103900118, gender=Male, hobbies=Cricket-Movies, selectcountry=Japan, year=1995, month=April, day=10, password1=Tania123*, password2=Tania123*} [Given tania wants to register in demo automation testing [Tania ruiz sanchez open up [Tania Ruiz Sanchez opens the Demo automation page]], When she enters the data in the form
| firstname | lastname | address | email | phone | gender | hobbies | selectcountry | year | month | day | password1 | password2 |
| Tania | Ruiz | Av Japon | tania@hotmail.com | 3103900118 | Male | Cricket-Movies | Japan | 1995 | April | 10 | Tania123* | Tania123* | [Tania ruiz sanchez register [Tania Ruiz Sanchez clicks on where we write the first name, Tania Ruiz Sanchez enters 'Tania' into where we write the first name, Tania Ruiz Sanchez enters 'Ruiz' into Where we write the last name, Tania Ruiz Sanchez enters 'Av Japon' into Where we write the address, Tania Ruiz Sanchez enters 'tania@hotmail.com' into Where we write the email, Tania Ruiz Sanchez enters '3103900118' into Where we write the phone, Tania Ruiz Sanchez clicks on where you select the male, Tania Ruiz Sanchez clicks on where you select the hobbies Cricket, Tania Ruiz Sanchez clicks on where you select the hobbies Movies, Tania Ruiz Sanchez clicks on where do you click on language, Tania Ruiz Sanchez clicks on where you select on language, Tania Ruiz Sanchez clicks on where you select on language, Tania Ruiz Sanchez clicks on Click outside, Tania Ruiz Sanchez clicks on where do you click on skills, Tania Ruiz Sanchez clicks on where you select the skills, Tania Ruiz Sanchez clicks on where do you click on Country, Tania Ruiz Sanchez clicks on where do you click on Country, Tania Ruiz Sanchez enters 'Japan' then hits ARROW_DOWN and ENTER into where you write the Country, Tania Ruiz Sanchez select 1995 on where you select the year, Tania Ruiz Sanchez select April on where you select the month, Tania Ruiz Sanchez select 10 on where you select the day, Tania Ruiz Sanchez enters 'Tania123*' into write password to create, Tania Ruiz Sanchez enters 'Tania123*' into write password to confirm, Tania Ruiz Sanchez clicks on Select button submit]], Then she loads the information in the Submit button [Then answer]], Example: {firstname=Patricia, lastname=Sanchez, address=Av cuba, email=tania1@hotmail.com, phone=3103900120, gender=FeMale, hobbies=Movies-Hockey, selectcountry=india, year=1966, month=April, day=30, password1=Tania1234*, password2=Tania1234*} [Given tania wants to register in demo automation testing [Tania ruiz sanchez open up [Tania Ruiz Sanchez opens the Demo automation page]], When she enters the data in the form
| firstname | lastname | address | email | phone | gender | hobbies | selectcountry | year | month | day | password1 | password2 |
| Patricia | Sanchez | Av cuba | tania1@hotmail.com | 3103900120 | FeMale | Movies-Hockey | india | 1966 | April | 30 | Tania1234* | Tania1234* | [Tania ruiz sanchez register [Tania Ruiz Sanchez clicks on where we write the first name, Tania Ruiz Sanchez enters 'Patricia' into where we write the first name, Tania Ruiz Sanchez enters 'Sanchez' into Where we write the last name, Tania Ruiz Sanchez enters 'Av cuba' into Where we write the address, Tania Ruiz Sanchez enters 'tania1@hotmail.com' into Where we write the email, Tania Ruiz Sanchez enters '3103900120' into Where we write the phone, Tania Ruiz Sanchez clicks on where you select the gender female, Tania Ruiz Sanchez clicks on where you select the hobbies Movies, Tania Ruiz Sanchez clicks on where you select the hobbies Hockey, Tania Ruiz Sanchez clicks on where do you click on language, Tania Ruiz Sanchez clicks on where you select on language, Tania Ruiz Sanchez clicks on where you select on language, Tania Ruiz Sanchez clicks on Click outside, Tania Ruiz Sanchez clicks on where do you click on skills, Tania Ruiz Sanchez clicks on where you select the skills, Tania Ruiz Sanchez clicks on where do you click on Country, Tania Ruiz Sanchez clicks on where do you click on Country, Tania Ruiz Sanchez enters 'india' then hits ARROW_DOWN and ENTER into where you write the Country, Tania Ruiz Sanchez select 1966 on where you select the year, Tania Ruiz Sanchez select April on where you select the month, Tania Ruiz Sanchez select 30 on where you select the day, Tania Ruiz Sanchez enters 'Tania1234*' into write password to create, Tania Ruiz Sanchez enters 'Tania1234*' into write password to confirm, Tania Ruiz Sanchez clicks on Select button submit]], Then she loads the information in the Submit button [Then answer]], Example: {firstname=Dino, lastname=Perez, address=Av Dosque, email=dino1@hotmail.com, phone=3103900121, gender=Male, hobbies=Hockey-Movies, selectcountry=Denmark, year=1966, month=April, day=21, password1=Tania1234*, password2=Tania1234*} [Given tania wants to register in demo automation testing [Tania ruiz sanchez open up [Tania Ruiz Sanchez opens the Demo automation page]]]
[Test worker] WARN net.thucydides.core.steps.BaseStepListener - stepStarted: net.thucydides.core.steps.ExecutedStepDescription@35f8fbc7
[Test worker] WARN net.thucydides.core.steps.BaseStepListener - stepStarted: net.thucydides.core.steps.ExecutedStepDescription@395b3c3
[Test worker] WARN net.thucydides.core.steps.BaseStepListener - stepStarted: net.thucydides.core.steps.ExecutedStepDescription@45e67a8f
[Test worker] WARN net.thucydides.core.steps.BaseStepListener - stepFinished: current outcome:Enter data to register:Example: {firstname=Tania, lastname=Ruiz, address=Av Japon, email=tania@hotmail.com, phone=3103900118, gender=Male, hobbies=Cricket-Movies, selectcountry=Japan, year=1995, month=April, day=10, password1=Tania123*, password2=Tania123*} [Given tania wants to register in demo automation testing [Tania ruiz sanchez open up [Tania Ruiz Sanchez opens the Demo automation page]], When she enters the data in the form
| firstname | lastname | address | email | phone | gender | hobbies | selectcountry | year | month | day | password1 | password2 |
| Tania | Ruiz | Av Japon | tania@hotmail.com | 3103900118 | Male | Cricket-Movies | Japan | 1995 | April | 10 | Tania123* | Tania123* | [Tania ruiz sanchez register [Tania Ruiz Sanchez clicks on where we write the first name, Tania Ruiz Sanchez enters 'Tania' into where we write the first name, Tania Ruiz Sanchez enters 'Ruiz' into Where we write the last name, Tania Ruiz Sanchez enters 'Av Japon' into Where we write the address, Tania Ruiz Sanchez enters 'tania@hotmail.com' into Where we write the email, Tania Ruiz Sanchez enters '3103900118' into Where we write the phone, Tania Ruiz Sanchez clicks on where you select the male, Tania Ruiz Sanchez clicks on where you select the hobbies Cricket, Tania Ruiz Sanchez clicks on where you select the hobbies Movies, Tania Ruiz Sanchez clicks on where do you click on language, Tania Ruiz Sanchez clicks on where you select on language, Tania Ruiz Sanchez clicks on where you select on language, Tania Ruiz Sanchez clicks on Click outside, Tania Ruiz Sanchez clicks on where do you click on skills, Tania Ruiz Sanchez clicks on where you select the skills, Tania Ruiz Sanchez clicks on where do you click on Country, Tania Ruiz Sanchez clicks on where do you click on Country, Tania Ruiz Sanchez enters 'Japan' then hits ARROW_DOWN and ENTER into where you write the Country, Tania Ruiz Sanchez select 1995 on where you select the year, Tania Ruiz Sanchez select April on where you select the month, Tania Ruiz Sanchez select 10 on where you select the day, Tania Ruiz Sanchez enters 'Tania123*' into write password to create, Tania Ruiz Sanchez enters 'Tania123*' into write password to confirm, Tania Ruiz Sanchez clicks on Select button submit]], Then she loads the information in the Submit button [Then answer]], Example: {firstname=Patricia, lastname=Sanchez, address=Av cuba, email=tania1@hotmail.com, phone=3103900120, gender=FeMale, hobbies=Movies-Hockey, selectcountry=india, year=1966, month=April, day=30, password1=Tania1234*, password2=Tania1234*} [Given tania wants to register in demo automation testing [Tania ruiz sanchez open up [Tania Ruiz Sanchez opens the Demo automation page]], When she enters the data in the form
| firstname | lastname | address | email | phone | gender | hobbies | selectcountry | year | month | day | password1 | password2 |
| Patricia | Sanchez | Av cuba | tania1@hotmail.com | 3103900120 | FeMale | Movies-Hockey | india | 1966 | April | 30 | Tania1234* | Tania1234* | [Tania ruiz sanchez register [Tania Ruiz Sanchez clicks on where we write the first name, Tania Ruiz Sanchez enters 'Patricia' into where we write the first name, Tania Ruiz Sanchez enters 'Sanchez' into Where we write the last name, Tania Ruiz Sanchez enters 'Av cuba' into Where we write the address, Tania Ruiz Sanchez enters 'tania1@hotmail.com' into Where we write the email, Tania Ruiz Sanchez enters '3103900120' into Where we write the phone, Tania Ruiz Sanchez clicks on where you select the gender female, Tania Ruiz Sanchez clicks on where you select the hobbies Movies, Tania Ruiz Sanchez clicks on where you select the hobbies Hockey, Tania Ruiz Sanchez clicks on where do you click on language, Tania Ruiz Sanchez clicks on where you select on language, Tania Ruiz Sanchez clicks on where you select on language, Tania Ruiz Sanchez clicks on Click outside, Tania Ruiz Sanchez clicks on where do you click on skills, Tania Ruiz Sanchez clicks on where you select the skills, Tania Ruiz Sanchez clicks on where do you click on Country, Tania Ruiz Sanchez clicks on where do you click on Country, Tania Ruiz Sanchez enters 'india' then hits ARROW_DOWN and ENTER into where you write the Country, Tania Ruiz Sanchez select 1966 on where you select the year, Tania Ruiz Sanchez select April on where you select the month, Tania Ruiz Sanchez select 30 on where you select the day, Tania Ruiz Sanchez enters 'Tania1234*' into write password to create, Tania Ruiz Sanchez enters 'Tania1234*' into write password to confirm, Tania Ruiz Sanchez clicks on Select button submit]], Then she loads the information in the Submit button [Then answer]], Example: {firstname=Dino, lastname=Perez, address=Av Dosque, email=dino1@hotmail.com, phone=3103900121, gender=Male, hobbies=Hockey-Movies, selectcountry=Denmark, year=1966, month=April, day=21, password1=Tania1234*, password2=Tania1234*} [Given tania wants to register in demo automation testing [Tania ruiz sanchez open up [Tania Ruiz Sanchez opens the Demo automation page]], When she enters the data in the form
| firstname | lastname | address | email | phone | gender | hobbies | selectcountry | year | month | day | password1 | password2 |
| Dino | Perez | Av Dosque | dino1@hotmail.com | 3103900121 | Male | Hockey-Movies | Denmark | 1966 | April | 21 | Tania1234* | Tania1234* | [Tania ruiz sanchez register [Tania Ruiz Sanchez clicks on where we write the first name]]]
[Test worker] WARN net.thucydides.core.steps.BaseStepListener - stepStarted: net.thucydides.core.steps.ExecutedStepDescription@64514415
[Test worker] WARN net.thucydides.core.steps.BaseStepListener - stepFinished: current outcome:Enter data to register:Example: {firstname=Tania, lastname=Ruiz, address=Av Japon, email=tania@hotmail.com, phone=3103900118, gender=Male, hobbies=Cricket-Movies, selectcountry=Japan, year=1995, month=April, day=10, password1=Tania123*, password2=Tania123*} [Given tania wants to register in demo automation testing [Tania ruiz sanchez open up [Tania Ruiz Sanchez opens the Demo automation page]], When she enters the data in the form
| firstname | lastname | address | email | phone | gender | hobbies | selectcountry | year | month | day | password1 | password2 |
| Tania | Ruiz | Av Japon | tania@hotmail.com | 3103900118 | Male | Cricket-Movies | Japan | 1995 | April | 10 | Tania123* | Tania123* | [Tania ruiz sanchez register [Tania Ruiz Sanchez clicks on where we write the first name, Tania Ruiz Sanchez enters 'Tania' into where we write the first name, Tania Ruiz Sanchez enters 'Ruiz' into Where we write the last name, Tania Ruiz Sanchez enters 'Av Japon' into Where we write the address, Tania Ruiz Sanchez enters 'tania@hotmail.com' into Where we write the email, Tania Ruiz Sanchez enters '3103900118' into Where we write the phone, Tania Ruiz Sanchez clicks on where you select the male, Tania Ruiz Sanchez clicks on where you select the hobbies Cricket, Tania Ruiz Sanchez clicks on where you select the hobbies Movies, Tania Ruiz Sanchez clicks on where do you click on language, Tania Ruiz Sanchez clicks on where you select on language, Tania Ruiz Sanchez clicks on where you select on language, Tania Ruiz Sanchez clicks on Click outside, Tania Ruiz Sanchez clicks on where do you click on skills, Tania Ruiz Sanchez clicks on where you select the skills, Tania Ruiz Sanchez clicks on where do you click on Country, Tania Ruiz Sanchez clicks on where do you click on Country, Tania Ruiz Sanchez enters 'Japan' then hits ARROW_DOWN and ENTER into where you write the Country, Tania Ruiz Sanchez select 1995 on where you select the year, Tania Ruiz Sanchez select April on where you select the month, Tania Ruiz Sanchez select 10 on where you select the day, Tania Ruiz Sanchez enters 'Tania123*' into write password to create, Tania Ruiz Sanchez enters 'Tania123*' into write password to confirm, Tania Ruiz Sanchez clicks on Select button submit]], Then she loads the information in the Submit button [Then answer]], Example: {firstname=Patricia, lastname=Sanchez, address=Av cuba, email=tania1@hotmail.com, phone=3103900120, gender=FeMale, hobbies=Movies-Hockey, selectcountry=india, year=1966, month=April, day=30, password1=Tania1234*, password2=Tania1234*} [Given tania wants to register in demo automation testing [Tania ruiz sanchez open up [Tania Ruiz Sanchez opens the Demo automation page]], When she enters the data in the form
| firstname | lastname | address | email | phone | gender | hobbies | selectcountry | year | month | day | password1 | password2 |
| Patricia | Sanchez | Av cuba | tania1@hotmail.com | 3103900120 | FeMale | Movies-Hockey | india | 1966 | April | 30 | Tania1234* | Tania1234* | [Tania ruiz sanchez register [Tania Ruiz Sanchez clicks on where we write the first name, Tania Ruiz Sanchez enters 'Patricia' into where we write the first name, Tania Ruiz Sanchez enters 'Sanchez' into Where we write the last name, Tania Ruiz Sanchez enters 'Av cuba' into Where we write the address, Tania Ruiz Sanchez enters 'tania1@hotmail.com' into Where we write the email, Tania Ruiz Sanchez enters '3103900120' into Where we write the phone, Tania Ruiz Sanchez clicks on where you select the gender female, Tania Ruiz Sanchez clicks on where you select the hobbies Movies, Tania Ruiz Sanchez clicks on where you select the hobbies Hockey, Tania Ruiz Sanchez clicks on where do you click on language, Tania Ruiz Sanchez clicks on where you select on language, Tania Ruiz Sanchez clicks on where you select on language, Tania Ruiz Sanchez clicks on Click outside, Tania Ruiz Sanchez clicks on where do you click on skills, Tania Ruiz Sanchez clicks on where you select the skills, Tania Ruiz Sanchez clicks on where do you click on Country, Tania Ruiz Sanchez clicks on where do you click on Country, Tania Ruiz Sanchez enters 'india' then hits ARROW_DOWN and ENTER into where you write the Country, Tania Ruiz Sanchez select 1966 on where you select the year, Tania Ruiz Sanchez select April on where you select the month, Tania Ruiz Sanchez select 30 on where you select the day, Tania Ruiz Sanchez enters 'Tania1234*' into write password to create, Tania Ruiz Sanchez enters 'Tania1234*' into write password to confirm, Tania Ruiz Sanchez clicks on Select button submit]], Then she loads the information in the Submit button [Then answer]], Example: {firstname=Dino, lastname=Perez, address=Av Dosque, email=dino1@hotmail.com, phone=3103900121, gender=Male, hobbies=Hockey-Movies, selectcountry=Denmark, year=1966, month=April, day=21, password1=Tania1234*, password2=Tania1234*} [Given tania wants to register in demo automation testing [Tania ruiz sanchez open up [Tania Ruiz Sanchez opens the Demo automation page]], When she enters the data in the form
| firstname | lastname | address | email | phone | gender | hobbies | selectcountry | year | month | day | password1 | password2 |
| Dino | Perez | Av Dosque | dino1@hotmail.com | 3103900121 | Male | Hockey-Movies | Denmark | 1966 | April | 21 | Tania1234* | Tania1234* | [Tania ruiz sanchez register [Tania Ruiz Sanchez clicks on where we write the first name, Tania Ruiz Sanchez enters 'Dino' into where we write the first name]]]
[Test worker] WARN net.thucydides.core.steps.BaseStepListener - stepStarted: net.thucydides.core.steps.ExecutedStepDescription@3cd49880
[Test worker] WARN net.thucydides.core.steps.BaseStepListener - stepFinished: current outcome:Enter data to register:Example: {firstname=Tania, lastname=Ruiz, address=Av Japon, email=tania@hotmail.com, phone=3103900118, gender=Male, hobbies=Cricket-Movies, selectcountry=Japan, year=1995, month=April, day=10, password1=Tania123*, password2=Tania123*} [Given tania wants to register in demo automation testing [Tania ruiz sanchez open up [Tania Ruiz Sanchez opens the Demo automation page]], When she enters the data in the form
| firstname | lastname | address | email | phone | gender | hobbies | selectcountry | year | month | day | password1 | password2 |
| Tania | Ruiz | Av Japon | tania@hotmail.com | 3103900118 | Male | Cricket-Movies | Japan | 1995 | April | 10 | Tania123* | Tania123* | [Tania ruiz sanchez register [Tania Ruiz Sanchez clicks on where we write the first name, Tania Ruiz Sanchez enters 'Tania' into where we write the first name, Tania Ruiz Sanchez enters 'Ruiz' into Where we write the last name, Tania Ruiz Sanchez enters 'Av Japon' into Where we write the address, Tania Ruiz Sanchez enters 'tania@hotmail.com' into Where we write the email, Tania Ruiz Sanchez enters '3103900118' into Where we write the phone, Tania Ruiz Sanchez clicks on where you select the male, Tania Ruiz Sanchez clicks on where you select the hobbies Cricket, Tania Ruiz Sanchez clicks on where you select the hobbies Movies, Tania Ruiz Sanchez clicks on where do you click on language, Tania Ruiz Sanchez clicks on where you select on language, Tania Ruiz Sanchez clicks on where you select on language, Tania Ruiz Sanchez clicks on Click outside, Tania Ruiz Sanchez clicks on where do you click on skills, Tania Ruiz Sanchez clicks on where you select the skills, Tania Ruiz Sanchez clicks on where do you click on Country, Tania Ruiz Sanchez clicks on where do you click on Country, Tania Ruiz Sanchez enters 'Japan' then hits ARROW_DOWN and ENTER into where you write the Country, Tania Ruiz Sanchez select 1995 on where you select the year, Tania Ruiz Sanchez select April on where you select the month, Tania Ruiz Sanchez select 10 on where you select the day, Tania Ruiz Sanchez enters 'Tania123*' into write password to create, Tania Ruiz Sanchez enters 'Tania123*' into write password to confirm, Tania Ruiz Sanchez clicks on Select button submit]], Then she loads the information in the Submit button [Then answer]], Example: {firstname=Patricia, lastname=Sanchez, address=Av cuba, email=tania1@hotmail.com, phone=3103900120, gender=FeMale, hobbies=Movies-Hockey, selectcountry=india, year=1966, month=April, day=30, password1=Tania1234*, password2=Tania1234*} [Given tania wants to register in demo automation testing [Tania ruiz sanchez open up [Tania Ruiz Sanchez opens the Demo automation page]], When she enters the data in the form
| firstname | lastname | address | email | phone | gender | hobbies | selectcountry | year | month | day | password1 | password2 |
| Patricia | Sanchez | Av cuba | tania1@hotmail.com | 3103900120 | FeMale | Movies-Hockey | india | 1966 | April | 30 | Tania1234* | Tania1234* | [Tania ruiz sanchez register [Tania Ruiz Sanchez clicks on where we write the first name, Tania Ruiz Sanchez enters 'Patricia' into where we write the first name, Tania Ruiz Sanchez enters 'Sanchez' into Where we write the last name, Tania Ruiz Sanchez enters 'Av cuba' into Where we write the address, Tania Ruiz Sanchez enters 'tania1@hotmail.com' into Where we write the email, Tania Ruiz Sanchez enters '3103900120' into Where we write the phone, Tania Ruiz Sanchez clicks on where you select the gender female, Tania Ruiz Sanchez clicks on where you select the hobbies Movies, Tania Ruiz Sanchez clicks on where you select the hobbies Hockey, Tania Ruiz Sanchez clicks on where do you click on language, Tania Ruiz Sanchez clicks on where you select on language, Tania Ruiz Sanchez clicks on where you select on language, Tania Ruiz Sanchez clicks on Click outside, Tania Ruiz Sanchez clicks on where do you click on skills, Tania Ruiz Sanchez clicks on where you select the skills, Tania Ruiz Sanchez clicks on where do you click on Country, Tania Ruiz Sanchez clicks on where do you click on Country, Tania Ruiz Sanchez enters 'india' then hits ARROW_DOWN and ENTER into where you write the Country, Tania Ruiz Sanchez select 1966 on where you select the year, Tania Ruiz Sanchez select April on where you select the month, Tania Ruiz Sanchez select 30 on where you select the day, Tania Ruiz Sanchez enters 'Tania1234*' into write password to create, Tania Ruiz Sanchez enters 'Tania1234*' into write password to confirm, Tania Ruiz Sanchez clicks on Select button submit]], Then she loads the information in the Submit button [Then answer]], Example: {firstname=Dino, lastname=Perez, address=Av Dosque, email=dino1@hotmail.com, phone=3103900121, gender=Male, hobbies=Hockey-Movies, selectcountry=Denmark, year=1966, month=April, day=21, password1=Tania1234*, password2=Tania1234*} [Given tania wants to register in demo automation testing [Tania ruiz sanchez open up [Tania Ruiz Sanchez opens the Demo automation page]], When she enters the data in the form
| firstname | lastname | address | email | phone | gender | hobbies | selectcountry | year | month | day | password1 | password2 |
| Dino | Perez | Av Dosque | dino1@hotmail.com | 3103900121 | Male | Hockey-Movies | Denmark | 1966 | April | 21 | Tania1234* | Tania1234* | [Tania ruiz sanchez register [Tania Ruiz Sanchez clicks on where we write the first name, Tania Ruiz Sanchez enters 'Dino' into where we write the first name, Tania Ruiz Sanchez enters 'Perez' into Where we write the last name]]]
[Test worker] WARN net.thucydides.core.steps.BaseStepListener - stepStarted: net.thucydides.core.steps.ExecutedStepDescription@77b702a9
[Test worker] WARN net.thucydides.core.steps.BaseStepListener - stepFinished: current outcome:Enter data to register:Example: {firstname=Tania, lastname=Ruiz, address=Av Japon, email=tania@hotmail.com, phone=3103900118, gender=Male, hobbies=Cricket-Movies, selectcountry=Japan, year=1995, month=April, day=10, password1=Tania123*, password2=Tania123*} [Given tania wants to register in demo automation testing [Tania ruiz sanchez open up [Tania Ruiz Sanchez opens the Demo automation page]], When she enters the data in the form
| firstname | lastname | address | email | phone | gender | hobbies | selectcountry | year | month | day | password1 | password2 |
| Tania | Ruiz | Av Japon | tania@hotmail.com | 3103900118 | Male | Cricket-Movies | Japan | 1995 | April | 10 | Tania123* | Tania123* | [Tania ruiz sanchez register [Tania Ruiz Sanchez clicks on where we write the first name, Tania Ruiz Sanchez enters 'Tania' into where we write the first name, Tania Ruiz Sanchez enters 'Ruiz' into Where we write the last name, Tania Ruiz Sanchez enters 'Av Japon' into Where we write the address, Tania Ruiz Sanchez enters 'tania@hotmail.com' into Where we write the email, Tania Ruiz Sanchez enters '3103900118' into Where we write the phone, Tania Ruiz Sanchez clicks on where you select the male, Tania Ruiz Sanchez clicks on where you select the hobbies Cricket, Tania Ruiz Sanchez clicks on where you select the hobbies Movies, Tania Ruiz Sanchez clicks on where do you click on language, Tania Ruiz Sanchez clicks on where you select on language, Tania Ruiz Sanchez clicks on where you select on language, Tania Ruiz Sanchez clicks on Click outside, Tania Ruiz Sanchez clicks on where do you click on skills, Tania Ruiz Sanchez clicks on where you select the skills, Tania Ruiz Sanchez clicks on where do you click on Country, Tania Ruiz Sanchez clicks on where do you click on Country, Tania Ruiz Sanchez enters 'Japan' then hits ARROW_DOWN and ENTER into where you write the Country, Tania Ruiz Sanchez select 1995 on where you select the year, Tania Ruiz Sanchez select April on where you select the month, Tania Ruiz Sanchez select 10 on where you select the day, Tania Ruiz Sanchez enters 'Tania123*' into write password to create, Tania Ruiz Sanchez enters 'Tania123*' into write password to confirm, Tania Ruiz Sanchez clicks on Select button submit]], Then she loads the information in the Submit button [Then answer]], Example: {firstname=Patricia, lastname=Sanchez, address=Av cuba, email=tania1@hotmail.com, phone=3103900120, gender=FeMale, hobbies=Movies-Hockey, selectcountry=india, year=1966, month=April, day=30, password1=Tania1234*, password2=Tania1234*} [Given tania wants to register in demo automation testing [Tania ruiz sanchez open up [Tania Ruiz Sanchez opens the Demo automation page]], When she enters the data in the form
| firstname | lastname | address | email | phone | gender | hobbies | selectcountry | year | month | day | password1 | password2 |
| Patricia | Sanchez | Av cuba | tania1@hotmail.com | 3103900120 | FeMale | Movies-Hockey | india | 1966 | April | 30 | Tania1234* | Tania1234* | [Tania ruiz sanchez register [Tania Ruiz Sanchez clicks on where we write the first name, Tania Ruiz Sanchez enters 'Patricia' into where we write the first name, Tania Ruiz Sanchez enters 'Sanchez' into Where we write the last name, Tania Ruiz Sanchez enters 'Av cuba' into Where we write the address, Tania Ruiz Sanchez enters 'tania1@hotmail.com' into Where we write the email, Tania Ruiz Sanchez enters '3103900120' into Where we write the phone, Tania Ruiz Sanchez clicks on where you select the gender female, Tania Ruiz Sanchez clicks on where you select the hobbies Movies, Tania Ruiz Sanchez clicks on where you select the hobbies Hockey, Tania Ruiz Sanchez clicks on where do you click on language, Tania Ruiz Sanchez clicks on where you select on language, Tania Ruiz Sanchez clicks on where you select on language, Tania Ruiz Sanchez clicks on Click outside, Tania Ruiz Sanchez clicks on where do you click on skills, Tania Ruiz Sanchez clicks on where you select the skills, Tania Ruiz Sanchez clicks on where do you click on Country, Tania Ruiz Sanchez clicks on where do you click on Country, Tania Ruiz Sanchez enters 'india' then hits ARROW_DOWN and ENTER into where you write the Country, Tania Ruiz Sanchez select 1966 on where you select the year, Tania Ruiz Sanchez select April on where you select the month, Tania Ruiz Sanchez select 30 on where you select the day, Tania Ruiz Sanchez enters 'Tania1234*' into write password to create, Tania Ruiz Sanchez enters 'Tania1234*' into write password to confirm, Tania Ruiz Sanchez clicks on Select button submit]], Then she loads the information in the Submit button [Then answer]], Example: {firstname=Dino, lastname=Perez, address=Av Dosque, email=dino1@hotmail.com, phone=3103900121, gender=Male, hobbies=Hockey-Movies, selectcountry=Denmark, year=1966, month=April, day=21, password1=Tania1234*, password2=Tania1234*} [Given tania wants to register in demo automation testing [Tania ruiz sanchez open up [Tania Ruiz Sanchez opens the Demo automation page]], When she enters the data in the form
| firstname | lastname | address | email | phone | gender | hobbies | selectcountry | year | month | day | password1 | password2 |
| Dino | Perez | Av Dosque | dino1@hotmail.com | 3103900121 | Male | Hockey-Movies | Denmark | 1966 | April | 21 | Tania1234* | Tania1234* | [Tania ruiz sanchez register [Tania Ruiz Sanchez clicks on where we write the first name, Tania Ruiz Sanchez enters 'Dino' into where we write the first name, Tania Ruiz Sanchez enters 'Perez' into Where we write the last name, Tania Ruiz Sanchez enters 'Av Dosque' into Where we write the address]]]
[Test worker] WARN net.thucydides.core.steps.BaseStepListener - stepStarted: net.thucydides.core.steps.ExecutedStepDescription@49a00d72
[Test worker] WARN net.thucydides.core.steps.BaseStepListener - stepFinished: current outcome:Enter data to register:Example: {firstname=Tania, lastname=Ruiz, address=Av Japon, email=tania@hotmail.com, phone=3103900118, gender=Male, hobbies=Cricket-Movies, selectcountry=Japan, year=1995, month=April, day=10, password1=Tania123*, password2=Tania123*} [Given tania wants to register in demo automation testing [Tania ruiz sanchez open up [Tania Ruiz Sanchez opens the Demo automation page]], When she enters the data in the form
| firstname | lastname | address | email | phone | gender | hobbies | selectcountry | year | month | day | password1 | password2 |
| Tania | Ruiz | Av Japon | tania@hotmail.com | 3103900118 | Male | Cricket-Movies | Japan | 1995 | April | 10 | Tania123* | Tania123* | [Tania ruiz sanchez register [Tania Ruiz Sanchez clicks on where we write the first name, Tania Ruiz Sanchez enters 'Tania' into where we write the first name, Tania Ruiz Sanchez enters 'Ruiz' into Where we write the last name, Tania Ruiz Sanchez enters 'Av Japon' into Where we write the address, Tania Ruiz Sanchez enters 'tania@hotmail.com' into Where we write the email, Tania Ruiz Sanchez enters '3103900118' into Where we write the phone, Tania Ruiz Sanchez clicks on where you select the male, Tania Ruiz Sanchez clicks on where you select the hobbies Cricket, Tania Ruiz Sanchez clicks on where you select the hobbies Movies, Tania Ruiz Sanchez clicks on where do you click on language, Tania Ruiz Sanchez clicks on where you select on language, Tania Ruiz Sanchez clicks on where you select on language, Tania Ruiz Sanchez clicks on Click outside, Tania Ruiz Sanchez clicks on where do you click on skills, Tania Ruiz Sanchez clicks on where you select the skills, Tania Ruiz Sanchez clicks on where do you click on Country, Tania Ruiz Sanchez clicks on where do you click on Country, Tania Ruiz Sanchez enters 'Japan' then hits ARROW_DOWN and ENTER into where you write the Country, Tania Ruiz Sanchez select 1995 on where you select the year, Tania Ruiz Sanchez select April on where you select the month, Tania Ruiz Sanchez select 10 on where you select the day, Tania Ruiz Sanchez enters 'Tania123*' into write password to create, Tania Ruiz Sanchez enters 'Tania123*' into write password to confirm, Tania Ruiz Sanchez clicks on Select button submit]], Then she loads the information in the Submit button [Then answer]], Example: {firstname=Patricia, lastname=Sanchez, address=Av cuba, email=tania1@hotmail.com, phone=3103900120, gender=FeMale, hobbies=Movies-Hockey, selectcountry=india, year=1966, month=April, day=30, password1=Tania1234*, password2=Tania1234*} [Given tania wants to register in demo automation testing [Tania ruiz sanchez open up [Tania Ruiz Sanchez opens the Demo automation page]], When she enters the data in the form
| firstname | lastname | address | email | phone | gender | hobbies | selectcountry | year | month | day | password1 | password2 |
| Patricia | Sanchez | Av cuba | tania1@hotmail.com | 3103900120 | FeMale | Movies-Hockey | india | 1966 | April | 30 | Tania1234* | Tania1234* | [Tania ruiz sanchez register [Tania Ruiz Sanchez clicks on where we write the first name, Tania Ruiz Sanchez enters 'Patricia' into where we write the first name, Tania Ruiz Sanchez enters 'Sanchez' into Where we write the last name, Tania Ruiz Sanchez enters 'Av cuba' into Where we write the address, Tania Ruiz Sanchez enters 'tania1@hotmail.com' into Where we write the email, Tania Ruiz Sanchez enters '3103900120' into Where we write the phone, Tania Ruiz Sanchez clicks on where you select the gender female, Tania Ruiz Sanchez clicks on where you select the hobbies Movies, Tania Ruiz Sanchez clicks on where you select the hobbies Hockey, Tania Ruiz Sanchez clicks on where do you click on language, Tania Ruiz Sanchez clicks on where you select on language, Tania Ruiz Sanchez clicks on where you select on language, Tania Ruiz Sanchez clicks on Click outside, Tania Ruiz Sanchez clicks on where do you click on skills, Tania Ruiz Sanchez clicks on where you select the skills, Tania Ruiz Sanchez clicks on where do you click on Country, Tania Ruiz Sanchez clicks on where do you click on Country, Tania Ruiz Sanchez enters 'india' then hits ARROW_DOWN and ENTER into where you write the Country, Tania Ruiz Sanchez select 1966 on where you select the year, Tania Ruiz Sanchez select April on where you select the month, Tania Ruiz Sanchez select 30 on where you select the day, Tania Ruiz Sanchez enters 'Tania1234*' into write password to create, Tania Ruiz Sanchez enters 'Tania1234*' into write password to confirm, Tania Ruiz Sanchez clicks on Select button submit]], Then she loads the information in the Submit button [Then answer]], Example: {firstname=Dino, lastname=Perez, address=Av Dosque, email=dino1@hotmail.com, phone=3103900121, gender=Male, hobbies=Hockey-Movies, selectcountry=Denmark, year=1966, month=April, day=21, password1=Tania1234*, password2=Tania1234*} [Given tania wants to register in demo automation testing [Tania ruiz sanchez open up [Tania Ruiz Sanchez opens the Demo automation page]], When she enters the data in the form
| firstname | lastname | address | email | phone | gender | hobbies | selectcountry | year | month | day | password1 | password2 |
| Dino | Perez | Av Dosque | dino1@hotmail.com | 3103900121 | Male | Hockey-Movies | Denmark | 1966 | April | 21 | Tania1234* | Tania1234* | [Tania ruiz sanchez register [Tania Ruiz Sanchez clicks on where we write the first name, Tania Ruiz Sanchez enters 'Dino' into where we write the first name, Tania Ruiz Sanchez enters 'Perez' into Where we write the last name, Tania Ruiz Sanchez enters 'Av Dosque' into Where we write the address, Tania Ruiz Sanchez enters 'dino1@hotmail.com' into Where we write the email]]]
[Test worker] WARN net.thucydides.core.steps.BaseStepListener - stepStarted: net.thucydides.core.steps.ExecutedStepDescription@60d9d5
[Test worker] WARN net.thucydides.core.steps.BaseStepListener - stepFinished: current outcome:Enter data to register:Example: {firstname=Tania, lastname=Ruiz, address=Av Japon, email=tania@hotmail.com, phone=3103900118, gender=Male, hobbies=Cricket-Movies, selectcountry=Japan, year=1995, month=April, day=10, password1=Tania123*, password2=Tania123*} [Given tania wants to register in demo automation testing [Tania ruiz sanchez open up [Tania Ruiz Sanchez opens the Demo automation page]], When she enters the data in the form
| firstname | lastname | address | email | phone | gender | hobbies | selectcountry | year | month | day | password1 | password2 |
| Tania | Ruiz | Av Japon | tania@hotmail.com | 3103900118 | Male | Cricket-Movies | Japan | 1995 | April | 10 | Tania123* | Tania123* | [Tania ruiz sanchez register [Tania Ruiz Sanchez clicks on where we write the first name, Tania Ruiz Sanchez enters 'Tania' into where we write the first name, Tania Ruiz Sanchez enters 'Ruiz' into Where we write the last name, Tania Ruiz Sanchez enters 'Av Japon' into Where we write the address, Tania Ruiz Sanchez enters 'tania@hotmail.com' into Where we write the email, Tania Ruiz Sanchez enters '3103900118' into Where we write the phone, Tania Ruiz Sanchez clicks on where you select the male, Tania Ruiz Sanchez clicks on where you select the hobbies Cricket, Tania Ruiz Sanchez clicks on where you select the hobbies Movies, Tania Ruiz Sanchez clicks on where do you click on language, Tania Ruiz Sanchez clicks on where you select on language, Tania Ruiz Sanchez clicks on where you select on language, Tania Ruiz Sanchez clicks on Click outside, Tania Ruiz Sanchez clicks on where do you click on skills, Tania Ruiz Sanchez clicks on where you select the skills, Tania Ruiz Sanchez clicks on where do you click on Country, Tania Ruiz Sanchez clicks on where do you click on Country, Tania Ruiz Sanchez enters 'Japan' then hits ARROW_DOWN and ENTER into where you write the Country, Tania Ruiz Sanchez select 1995 on where you select the year, Tania Ruiz Sanchez select April on where you select the month, Tania Ruiz Sanchez select 10 on where you select the day, Tania Ruiz Sanchez enters 'Tania123*' into write password to create, Tania Ruiz Sanchez enters 'Tania123*' into write password to confirm, Tania Ruiz Sanchez clicks on Select button submit]], Then she loads the information in the Submit button [Then answer]], Example: {firstname=Patricia, lastname=Sanchez, address=Av cuba, email=tania1@hotmail.com, phone=3103900120, gender=FeMale, hobbies=Movies-Hockey, selectcountry=india, year=1966, month=April, day=30, password1=Tania1234*, password2=Tania1234*} [Given tania wants to register in demo automation testing [Tania ruiz sanchez open up [Tania Ruiz Sanchez opens the Demo automation page]], When she enters the data in the form
| firstname | lastname | address | email | phone | gender | hobbies | selectcountry | year | month | day | password1 | password2 |
| Patricia | Sanchez | Av cuba | tania1@hotmail.com | 3103900120 | FeMale | Movies-Hockey | india | 1966 | April | 30 | Tania1234* | Tania1234* | [Tania ruiz sanchez register [Tania Ruiz Sanchez clicks on where we write the first name, Tania Ruiz Sanchez enters 'Patricia' into where we write the first name, Tania Ruiz Sanchez enters 'Sanchez' into Where we write the last name, Tania Ruiz Sanchez enters 'Av cuba' into Where we write the address, Tania Ruiz Sanchez enters 'tania1@hotmail.com' into Where we write the email, Tania Ruiz Sanchez enters '3103900120' into Where we write the phone, Tania Ruiz Sanchez clicks on where you select the gender female, Tania Ruiz Sanchez clicks on where you select the hobbies Movies, Tania Ruiz Sanchez clicks on where you select the hobbies Hockey, Tania Ruiz Sanchez clicks on where do you click on language, Tania Ruiz Sanchez clicks on where you select on language, Tania Ruiz Sanchez clicks on where you select on language, Tania Ruiz Sanchez clicks on Click outside, Tania Ruiz Sanchez clicks on where do you click on skills, Tania Ruiz Sanchez clicks on where you select the skills, Tania Ruiz Sanchez clicks on where do you click on Country, Tania Ruiz Sanchez clicks on where do you click on Country, Tania Ruiz Sanchez enters 'india' then hits ARROW_DOWN and ENTER into where you write the Country, Tania Ruiz Sanchez select 1966 on where you select the year, Tania Ruiz Sanchez select April on where you select the month, Tania Ruiz Sanchez select 30 on where you select the day, Tania Ruiz Sanchez enters 'Tania1234*' into write password to create, Tania Ruiz Sanchez enters 'Tania1234*' into write password to confirm, Tania Ruiz Sanchez clicks on Select button submit]], Then she loads the information in the Submit button [Then answer]], Example: {firstname=Dino, lastname=Perez, address=Av Dosque, email=dino1@hotmail.com, phone=3103900121, gender=Male, hobbies=Hockey-Movies, selectcountry=Denmark, year=1966, month=April, day=21, password1=Tania1234*, password2=Tania1234*} [Given tania wants to register in demo automation testing [Tania ruiz sanchez open up [Tania Ruiz Sanchez opens the Demo automation page]], When she enters the data in the form
| firstname | lastname | address | email | phone | gender | hobbies | selectcountry | year | month | day | password1 | password2 |
| Dino | Perez | Av Dosque | dino1@hotmail.com | 3103900121 | Male | Hockey-Movies | Denmark | 1966 | April | 21 | Tania1234* | Tania1234* | [Tania ruiz sanchez register [Tania Ruiz Sanchez clicks on where we write the first name, Tania Ruiz Sanchez enters 'Dino' into where we write the first name, Tania Ruiz Sanchez enters 'Perez' into Where we write the last name, Tania Ruiz Sanchez enters 'Av Dosque' into Where we write the address, Tania Ruiz Sanchez enters 'dino1@hotmail.com' into Where we write the email, Tania Ruiz Sanchez enters '3103900121' into Where we write the phone]]]
[Test worker] WARN net.thucydides.core.steps.BaseStepListener - stepStarted: net.thucydides.core.steps.ExecutedStepDescription@1ddc2ca6
[Test worker] WARN net.thucydides.core.steps.BaseStepListener - stepFinished: current outcome:Enter data to register:Example: {firstname=Tania, lastname=Ruiz, address=Av Japon, email=tania@hotmail.com, phone=3103900118, gender=Male, hobbies=Cricket-Movies, selectcountry=Japan, year=1995, month=April, day=10, password1=Tania123*, password2=Tania123*} [Given tania wants to register in demo automation testing [Tania ruiz sanchez open up [Tania Ruiz Sanchez opens the Demo automation page]], When she enters the data in the form
| firstname | lastname | address | email | phone | gender | hobbies | selectcountry | year | month | day | password1 | password2 |
| Tania | Ruiz | Av Japon | tania@hotmail.com | 3103900118 | Male | Cricket-Movies | Japan | 1995 | April | 10 | Tania123* | Tania123* | [Tania ruiz sanchez register [Tania Ruiz Sanchez clicks on where we write the first name, Tania Ruiz Sanchez enters 'Tania' into where we write the first name, Tania Ruiz Sanchez enters 'Ruiz' into Where we write the last name, Tania Ruiz Sanchez enters 'Av Japon' into Where we write the address, Tania Ruiz Sanchez enters 'tania@hotmail.com' into Where we write the email, Tania Ruiz Sanchez enters '3103900118' into Where we write the phone, Tania Ruiz Sanchez clicks on where you select the male, Tania Ruiz Sanchez clicks on where you select the hobbies Cricket, Tania Ruiz Sanchez clicks on where you select the hobbies Movies, Tania Ruiz Sanchez clicks on where do you click on language, Tania Ruiz Sanchez clicks on where you select on language, Tania Ruiz Sanchez clicks on where you select on language, Tania Ruiz Sanchez clicks on Click outside, Tania Ruiz Sanchez clicks on where do you click on skills, Tania Ruiz Sanchez clicks on where you select the skills, Tania Ruiz Sanchez clicks on where do you click on Country, Tania Ruiz Sanchez clicks on where do you click on Country, Tania Ruiz Sanchez enters 'Japan' then hits ARROW_DOWN and ENTER into where you write the Country, Tania Ruiz Sanchez select 1995 on where you select the year, Tania Ruiz Sanchez select April on where you select the month, Tania Ruiz Sanchez select 10 on where you select the day, Tania Ruiz Sanchez enters 'Tania123*' into write password to create, Tania Ruiz Sanchez enters 'Tania123*' into write password to confirm, Tania Ruiz Sanchez clicks on Select button submit]], Then she loads the information in the Submit button [Then answer]], Example: {firstname=Patricia, lastname=Sanchez, address=Av cuba, email=tania1@hotmail.com, phone=3103900120, gender=FeMale, hobbies=Movies-Hockey, selectcountry=india, year=1966, month=April, day=30, password1=Tania1234*, password2=Tania1234*} [Given tania wants to register in demo automation testing [Tania ruiz sanchez open up [Tania Ruiz Sanchez opens the Demo automation page]], When she enters the data in the form
| firstname | lastname | address | email | phone | gender | hobbies | selectcountry | year | month | day | password1 | password2 |
| Patricia | Sanchez | Av cuba | tania1@hotmail.com | 3103900120 | FeMale | Movies-Hockey | india | 1966 | April | 30 | Tania1234* | Tania1234* | [Tania ruiz sanchez register [Tania Ruiz Sanchez clicks on where we write the first name, Tania Ruiz Sanchez enters 'Patricia' into where we write the first name, Tania Ruiz Sanchez enters 'Sanchez' into Where we write the last name, Tania Ruiz Sanchez enters 'Av cuba' into Where we write the address, Tania Ruiz Sanchez enters 'tania1@hotmail.com' into Where we write the email, Tania Ruiz Sanchez enters '3103900120' into Where we write the phone, Tania Ruiz Sanchez clicks on where you select the gender female, Tania Ruiz Sanchez clicks on where you select the hobbies Movies, Tania Ruiz Sanchez clicks on where you select the hobbies Hockey, Tania Ruiz Sanchez clicks on where do you click on language, Tania Ruiz Sanchez clicks on where you select on language, Tania Ruiz Sanchez clicks on where you select on language, Tania Ruiz Sanchez clicks on Click outside, Tania Ruiz Sanchez clicks on where do you click on skills, Tania Ruiz Sanchez clicks on where you select the skills, Tania Ruiz Sanchez clicks on where do you click on Country, Tania Ruiz Sanchez clicks on where do you click on Country, Tania Ruiz Sanchez enters 'india' then hits ARROW_DOWN and ENTER into where you write the Country, Tania Ruiz Sanchez select 1966 on where you select the year, Tania Ruiz Sanchez select April on where you select the month, Tania Ruiz Sanchez select 30 on where you select the day, Tania Ruiz Sanchez enters 'Tania1234*' into write password to create, Tania Ruiz Sanchez enters 'Tania1234*' into write password to confirm, Tania Ruiz Sanchez clicks on Select button submit]], Then she loads the information in the Submit button [Then answer]], Example: {firstname=Dino, lastname=Perez, address=Av Dosque, email=dino1@hotmail.com, phone=3103900121, gender=Male, hobbies=Hockey-Movies, selectcountry=Denmark, year=1966, month=April, day=21, password1=Tania1234*, password2=Tania1234*} [Given tania wants to register in demo automation testing [Tania ruiz sanchez open up [Tania Ruiz Sanchez opens the Demo automation page]], When she enters the data in the form
| firstname | lastname | address | email | phone | gender | hobbies | selectcountry | year | month | day | password1 | password2 |
| Dino | Perez | Av Dosque | dino1@hotmail.com | 3103900121 | Male | Hockey-Movies | Denmark | 1966 | April | 21 | Tania1234* | Tania1234* | [Tania ruiz sanchez register [Tania Ruiz Sanchez clicks on where we write the first name, Tania Ruiz Sanchez enters 'Dino' into where we write the first name, Tania Ruiz Sanchez enters 'Perez' into Where we write the last name, Tania Ruiz Sanchez enters 'Av Dosque' into Where we write the address, Tania Ruiz Sanchez enters 'dino1@hotmail.com' into Where we write the email, Tania Ruiz Sanchez enters '3103900121' into Where we write the phone, Tania Ruiz Sanchez clicks on where you select the male]]]
[Test worker] WARN net.thucydides.core.steps.BaseStepListener - stepStarted: net.thucydides.core.steps.ExecutedStepDescription@343aff46
[Test worker] WARN net.thucydides.core.steps.BaseStepListener - stepFinished: current outcome:Enter data to register:Example: {firstname=Tania, lastname=Ruiz, address=Av Japon, email=tania@hotmail.com, phone=3103900118, gender=Male, hobbies=Cricket-Movies, selectcountry=Japan, year=1995, month=April, day=10, password1=Tania123*, password2=Tania123*} [Given tania wants to register in demo automation testing [Tania ruiz sanchez open up [Tania Ruiz Sanchez opens the Demo automation page]], When she enters the data in the form
| firstname | lastname | address | email | phone | gender | hobbies | selectcountry | year | month | day | password1 | password2 |
| Tania | Ruiz | Av Japon | tania@hotmail.com | 3103900118 | Male | Cricket-Movies | Japan | 1995 | April | 10 | Tania123* | Tania123* | [Tania ruiz sanchez register [Tania Ruiz Sanchez clicks on where we write the first name, Tania Ruiz Sanchez enters 'Tania' into where we write the first name, Tania Ruiz Sanchez enters 'Ruiz' into Where we write the last name, Tania Ruiz Sanchez enters 'Av Japon' into Where we write the address, Tania Ruiz Sanchez enters 'tania@hotmail.com' into Where we write the email, Tania Ruiz Sanchez enters '3103900118' into Where we write the phone, Tania Ruiz Sanchez clicks on where you select the male, Tania Ruiz Sanchez clicks on where you select the hobbies Cricket, Tania Ruiz Sanchez clicks on where you select the hobbies Movies, Tania Ruiz Sanchez clicks on where do you click on language, Tania Ruiz Sanchez clicks on where you select on language, Tania Ruiz Sanchez clicks on where you select on language, Tania Ruiz Sanchez clicks on Click outside, Tania Ruiz Sanchez clicks on where do you click on skills, Tania Ruiz Sanchez clicks on where you select the skills, Tania Ruiz Sanchez clicks on where do you click on Country, Tania Ruiz Sanchez clicks on where do you click on Country, Tania Ruiz Sanchez enters 'Japan' then hits ARROW_DOWN and ENTER into where you write the Country, Tania Ruiz Sanchez select 1995 on where you select the year, Tania Ruiz Sanchez select April on where you select the month, Tania Ruiz Sanchez select 10 on where you select the day, Tania Ruiz Sanchez enters 'Tania123*' into write password to create, Tania Ruiz Sanchez enters 'Tania123*' into write password to confirm, Tania Ruiz Sanchez clicks on Select button submit]], Then she loads the information in the Submit button [Then answer]], Example: {firstname=Patricia, lastname=Sanchez, address=Av cuba, email=tania1@hotmail.com, phone=3103900120, gender=FeMale, hobbies=Movies-Hockey, selectcountry=india, year=1966, month=April, day=30, password1=Tania1234*, password2=Tania1234*} [Given tania wants to register in demo automation testing [Tania ruiz sanchez open up [Tania Ruiz Sanchez opens the Demo automation page]], When she enters the data in the form
| firstname | lastname | address | email | phone | gender | hobbies | selectcountry | year | month | day | password1 | password2 |
| Patricia | Sanchez | Av cuba | tania1@hotmail.com | 3103900120 | FeMale | Movies-Hockey | india | 1966 | April | 30 | Tania1234* | Tania1234* | [Tania ruiz sanchez register [Tania Ruiz Sanchez clicks on where we write the first name, Tania Ruiz Sanchez enters 'Patricia' into where we write the first name, Tania Ruiz Sanchez enters 'Sanchez' into Where we write the last name, Tania Ruiz Sanchez enters 'Av cuba' into Where we write the address, Tania Ruiz Sanchez enters 'tania1@hotmail.com' into Where we write the email, Tania Ruiz Sanchez enters '3103900120' into Where we write the phone, Tania Ruiz Sanchez clicks on where you select the gender female, Tania Ruiz Sanchez clicks on where you select the hobbies Movies, Tania Ruiz Sanchez clicks on where you select the hobbies Hockey, Tania Ruiz Sanchez clicks on where do you click on language, Tania Ruiz Sanchez clicks on where you select on language, Tania Ruiz Sanchez clicks on where you select on language, Tania Ruiz Sanchez clicks on Click outside, Tania Ruiz Sanchez clicks on where do you click on skills, Tania Ruiz Sanchez clicks on where you select the skills, Tania Ruiz Sanchez clicks on where do you click on Country, Tania Ruiz Sanchez clicks on where do you click on Country, Tania Ruiz Sanchez enters 'india' then hits ARROW_DOWN and ENTER into where you write the Country, Tania Ruiz Sanchez select 1966 on where you select the year, Tania Ruiz Sanchez select April on where you select the month, Tania Ruiz Sanchez select 30 on where you select the day, Tania Ruiz Sanchez enters 'Tania1234*' into write password to create, Tania Ruiz Sanchez enters 'Tania1234*' into write password to confirm, Tania Ruiz Sanchez clicks on Select button submit]], Then she loads the information in the Submit button [Then answer]], Example: {firstname=Dino, lastname=Perez, address=Av Dosque, email=dino1@hotmail.com, phone=3103900121, gender=Male, hobbies=Hockey-Movies, selectcountry=Denmark, year=1966, month=April, day=21, password1=Tania1234*, password2=Tania1234*} [Given tania wants to register in demo automation testing [Tania ruiz sanchez open up [Tania Ruiz Sanchez opens the Demo automation page]], When she enters the data in the form
| firstname | lastname | address | email | phone | gender | hobbies | selectcountry | year | month | day | password1 | password2 |
| Dino | Perez | Av Dosque | dino1@hotmail.com | 3103900121 | Male | Hockey-Movies | Denmark | 1966 | April | 21 | Tania1234* | Tania1234* | [Tania ruiz sanchez register [Tania Ruiz Sanchez clicks on where we write the first name, Tania Ruiz Sanchez enters 'Dino' into where we write the first name, Tania Ruiz Sanchez enters 'Perez' into Where we write the last name, Tania Ruiz Sanchez enters 'Av Dosque' into Where we write the address, Tania Ruiz Sanchez enters 'dino1@hotmail.com' into Where we write the email, Tania Ruiz Sanchez enters '3103900121' into Where we write the phone, Tania Ruiz Sanchez clicks on where you select the male, Tania Ruiz Sanchez clicks on where you select the hobbies Movies]]]
[Test worker] WARN net.thucydides.core.steps.BaseStepListener - stepStarted: net.thucydides.core.steps.ExecutedStepDescription@42da0d5c
[Test worker] WARN net.thucydides.core.steps.BaseStepListener - stepFinished: current outcome:Enter data to register:Example: {firstname=Tania, lastname=Ruiz, address=Av Japon, email=tania@hotmail.com, phone=3103900118, gender=Male, hobbies=Cricket-Movies, selectcountry=Japan, year=1995, month=April, day=10, password1=Tania123*, password2=Tania123*} [Given tania wants to register in demo automation testing [Tania ruiz sanchez open up [Tania Ruiz Sanchez opens the Demo automation page]], When she enters the data in the form
| firstname | lastname | address | email | phone | gender | hobbies | selectcountry | year | month | day | password1 | password2 |
| Tania | Ruiz | Av Japon | tania@hotmail.com | 3103900118 | Male | Cricket-Movies | Japan | 1995 | April | 10 | Tania123* | Tania123* | [Tania ruiz sanchez register [Tania Ruiz Sanchez clicks on where we write the first name, Tania Ruiz Sanchez enters 'Tania' into where we write the first name, Tania Ruiz Sanchez enters 'Ruiz' into Where we write the last name, Tania Ruiz Sanchez enters 'Av Japon' into Where we write the address, Tania Ruiz Sanchez enters 'tania@hotmail.com' into Where we write the email, Tania Ruiz Sanchez enters '3103900118' into Where we write the phone, Tania Ruiz Sanchez clicks on where you select the male, Tania Ruiz Sanchez clicks on where you select the hobbies Cricket, Tania Ruiz Sanchez clicks on where you select the hobbies Movies, Tania Ruiz Sanchez clicks on where do you click on language, Tania Ruiz Sanchez clicks on where you select on language, Tania Ruiz Sanchez clicks on where you select on language, Tania Ruiz Sanchez clicks on Click outside, Tania Ruiz Sanchez clicks on where do you click on skills, Tania Ruiz Sanchez clicks on where you select the skills, Tania Ruiz Sanchez clicks on where do you click on Country, Tania Ruiz Sanchez clicks on where do you click on Country, Tania Ruiz Sanchez enters 'Japan' then hits ARROW_DOWN and ENTER into where you write the Country, Tania Ruiz Sanchez select 1995 on where you select the year, Tania Ruiz Sanchez select April on where you select the month, Tania Ruiz Sanchez select 10 on where you select the day, Tania Ruiz Sanchez enters 'Tania123*' into write password to create, Tania Ruiz Sanchez enters 'Tania123*' into write password to confirm, Tania Ruiz Sanchez clicks on Select button submit]], Then she loads the information in the Submit button [Then answer]], Example: {firstname=Patricia, lastname=Sanchez, address=Av cuba, email=tania1@hotmail.com, phone=3103900120, gender=FeMale, hobbies=Movies-Hockey, selectcountry=india, year=1966, month=April, day=30, password1=Tania1234*, password2=Tania1234*} [Given tania wants to register in demo automation testing [Tania ruiz sanchez open up [Tania Ruiz Sanchez opens the Demo automation page]], When she enters the data in the form
| firstname | lastname | address | email | phone | gender | hobbies | selectcountry | year | month | day | password1 | password2 |
| Patricia | Sanchez | Av cuba | tania1@hotmail.com | 3103900120 | FeMale | Movies-Hockey | india | 1966 | April | 30 | Tania1234* | Tania1234* | [Tania ruiz sanchez register [Tania Ruiz Sanchez clicks on where we write the first name, Tania Ruiz Sanchez enters 'Patricia' into where we write the first name, Tania Ruiz Sanchez enters 'Sanchez' into Where we write the last name, Tania Ruiz Sanchez enters 'Av cuba' into Where we write the address, Tania Ruiz Sanchez enters 'tania1@hotmail.com' into Where we write the email, Tania Ruiz Sanchez enters '3103900120' into Where we write the phone, Tania Ruiz Sanchez clicks on where you select the gender female, Tania Ruiz Sanchez clicks on where you select the hobbies Movies, Tania Ruiz Sanchez clicks on where you select the hobbies Hockey, Tania Ruiz Sanchez clicks on where do you click on language, Tania Ruiz Sanchez clicks on where you select on language, Tania Ruiz Sanchez clicks on where you select on language, Tania Ruiz Sanchez clicks on Click outside, Tania Ruiz Sanchez clicks on where do you click on skills, Tania Ruiz Sanchez clicks on where you select the skills, Tania Ruiz Sanchez clicks on where do you click on Country, Tania Ruiz Sanchez clicks on where do you click on Country, Tania Ruiz Sanchez enters 'india' then hits ARROW_DOWN and ENTER into where you write the Country, Tania Ruiz Sanchez select 1966 on where you select the year, Tania Ruiz Sanchez select April on where you select the month, Tania Ruiz Sanchez select 30 on where you select the day, Tania Ruiz Sanchez enters 'Tania1234*' into write password to create, Tania Ruiz Sanchez enters 'Tania1234*' into write password to confirm, Tania Ruiz Sanchez clicks on Select button submit]], Then she loads the information in the Submit button [Then answer]], Example: {firstname=Dino, lastname=Perez, address=Av Dosque, email=dino1@hotmail.com, phone=3103900121, gender=Male, hobbies=Hockey-Movies, selectcountry=Denmark, year=1966, month=April, day=21, password1=Tania1234*, password2=Tania1234*} [Given tania wants to register in demo automation testing [Tania ruiz sanchez open up [Tania Ruiz Sanchez opens the Demo automation page]], When she enters the data in the form
| firstname | lastname | address | email | phone | gender | hobbies | selectcountry | year | month | day | password1 | password2 |
| Dino | Perez | Av Dosque | dino1@hotmail.com | 3103900121 | Male | Hockey-Movies | Denmark | 1966 | April | 21 | Tania1234* | Tania1234* | [Tania ruiz sanchez register [Tania Ruiz Sanchez clicks on where we write the first name, Tania Ruiz Sanchez enters 'Dino' into where we write the first name, Tania Ruiz Sanchez enters 'Perez' into Where we write the last name, Tania Ruiz Sanchez enters 'Av Dosque' into Where we write the address, Tania Ruiz Sanchez enters 'dino1@hotmail.com' into Where we write the email, Tania Ruiz Sanchez enters '3103900121' into Where we write the phone, Tania Ruiz Sanchez clicks on where you select the male, Tania Ruiz Sanchez clicks on where you select the hobbies Movies, Tania Ruiz Sanchez clicks on where you select the hobbies Hockey]]]
[Test worker] WARN net.thucydides.core.steps.BaseStepListener - stepStarted: net.thucydides.core.steps.ExecutedStepDescription@294260c0
[Test worker] WARN net.thucydides.core.steps.BaseStepListener - stepFinished: current outcome:Enter data to register:Example: {firstname=Tania, lastname=Ruiz, address=Av Japon, email=tania@hotmail.com, phone=3103900118, gender=Male, hobbies=Cricket-Movies, selectcountry=Japan, year=1995, month=April, day=10, password1=Tania123*, password2=Tania123*} [Given tania wants to register in demo automation testing [Tania ruiz sanchez open up [Tania Ruiz Sanchez opens the Demo automation page]], When she enters the data in the form
| firstname | lastname | address | email | phone | gender | hobbies | selectcountry | year | month | day | password1 | password2 |
| Tania | Ruiz | Av Japon | tania@hotmail.com | 3103900118 | Male | Cricket-Movies | Japan | 1995 | April | 10 | Tania123* | Tania123* | [Tania ruiz sanchez register [Tania Ruiz Sanchez clicks on where we write the first name, Tania Ruiz Sanchez enters 'Tania' into where we write the first name, Tania Ruiz Sanchez enters 'Ruiz' into Where we write the last name, Tania Ruiz Sanchez enters 'Av Japon' into Where we write the address, Tania Ruiz Sanchez enters 'tania@hotmail.com' into Where we write the email, Tania Ruiz Sanchez enters '3103900118' into Where we write the phone, Tania Ruiz Sanchez clicks on where you select the male, Tania Ruiz Sanchez clicks on where you select the hobbies Cricket, Tania Ruiz Sanchez clicks on where you select the hobbies Movies, Tania Ruiz Sanchez clicks on where do you click on language, Tania Ruiz Sanchez clicks on where you select on language, Tania Ruiz Sanchez clicks on where you select on language, Tania Ruiz Sanchez clicks on Click outside, Tania Ruiz Sanchez clicks on where do you click on skills, Tania Ruiz Sanchez clicks on where you select the skills, Tania Ruiz Sanchez clicks on where do you click on Country, Tania Ruiz Sanchez clicks on where do you click on Country, Tania Ruiz Sanchez enters 'Japan' then hits ARROW_DOWN and ENTER into where you write the Country, Tania Ruiz Sanchez select 1995 on where you select the year, Tania Ruiz Sanchez select April on where you select the month, Tania Ruiz Sanchez select 10 on where you select the day, Tania Ruiz Sanchez enters 'Tania123*' into write password to create, Tania Ruiz Sanchez enters 'Tania123*' into write password to confirm, Tania Ruiz Sanchez clicks on Select button submit]], Then she loads the information in the Submit button [Then answer]], Example: {firstname=Patricia, lastname=Sanchez, address=Av cuba, email=tania1@hotmail.com, phone=3103900120, gender=FeMale, hobbies=Movies-Hockey, selectcountry=india, year=1966, month=April, day=30, password1=Tania1234*, password2=Tania1234*} [Given tania wants to register in demo automation testing [Tania ruiz sanchez open up [Tania Ruiz Sanchez opens the Demo automation page]], When she enters the data in the form
| firstname | lastname | address | email | phone | gender | hobbies | selectcountry | year | month | day | password1 | password2 |
| Patricia | Sanchez | Av cuba | tania1@hotmail.com | 3103900120 | FeMale | Movies-Hockey | india | 1966 | April | 30 | Tania1234* | Tania1234* | [Tania ruiz sanchez register [Tania Ruiz Sanchez clicks on where we write the first name, Tania Ruiz Sanchez enters 'Patricia' into where we write the first name, Tania Ruiz Sanchez enters 'Sanchez' into Where we write the last name, Tania Ruiz Sanchez enters 'Av cuba' into Where we write the address, Tania Ruiz Sanchez enters 'tania1@hotmail.com' into Where we write the email, Tania Ruiz Sanchez enters '3103900120' into Where we write the phone, Tania Ruiz Sanchez clicks on where you select the gender female, Tania Ruiz Sanchez clicks on where you select the hobbies Movies, Tania Ruiz Sanchez clicks on where you select the hobbies Hockey, Tania Ruiz Sanchez clicks on where do you click on language, Tania Ruiz Sanchez clicks on where you select on language, Tania Ruiz Sanchez clicks on where you select on language, Tania Ruiz Sanchez clicks on Click outside, Tania Ruiz Sanchez clicks on where do you click on skills, Tania Ruiz Sanchez clicks on where you select the skills, Tania Ruiz Sanchez clicks on where do you click on Country, Tania Ruiz Sanchez clicks on where do you click on Country, Tania Ruiz Sanchez enters 'india' then hits ARROW_DOWN and ENTER into where you write the Country, Tania Ruiz Sanchez select 1966 on where you select the year, Tania Ruiz Sanchez select April on where you select the month, Tania Ruiz Sanchez select 30 on where you select the day, Tania Ruiz Sanchez enters 'Tania1234*' into write password to create, Tania Ruiz Sanchez enters 'Tania1234*' into write password to confirm, Tania Ruiz Sanchez clicks on Select button submit]], Then she loads the information in the Submit button [Then answer]], Example: {firstname=Dino, lastname=Perez, address=Av Dosque, email=dino1@hotmail.com, phone=3103900121, gender=Male, hobbies=Hockey-Movies, selectcountry=Denmark, year=1966, month=April, day=21, password1=Tania1234*, password2=Tania1234*} [Given tania wants to register in demo automation testing [Tania ruiz sanchez open up [Tania Ruiz Sanchez opens the Demo automation page]], When she enters the data in the form
| firstname | lastname | address | email | phone | gender | hobbies | selectcountry | year | month | day | password1 | password2 |
| Dino | Perez | Av Dosque | dino1@hotmail.com | 3103900121 | Male | Hockey-Movies | Denmark | 1966 | April | 21 | Tania1234* | Tania1234* | [Tania ruiz sanchez register [Tania Ruiz Sanchez clicks on where we write the first name, Tania Ruiz Sanchez enters 'Dino' into where we write the first name, Tania Ruiz Sanchez enters 'Perez' into Where we write the last name, Tania Ruiz Sanchez enters 'Av Dosque' into Where we write the address, Tania Ruiz Sanchez enters 'dino1@hotmail.com' into Where we write the email, Tania Ruiz Sanchez enters '3103900121' into Where we write the phone, Tania Ruiz Sanchez clicks on where you select the male, Tania Ruiz Sanchez clicks on where you select the hobbies Movies, Tania Ruiz Sanchez clicks on where you select the hobbies Hockey, Tania Ruiz Sanchez clicks on where do you click on language]]]
[Test worker] WARN net.thucydides.core.steps.BaseStepListener - stepStarted: net.thucydides.core.steps.ExecutedStepDescription@2203761e
[Test worker] WARN net.thucydides.core.steps.BaseStepListener - stepFinished: current outcome:Enter data to register:Example: {firstname=Tania, lastname=Ruiz, address=Av Japon, email=tania@hotmail.com, phone=3103900118, gender=Male, hobbies=Cricket-Movies, selectcountry=Japan, year=1995, month=April, day=10, password1=Tania123*, password2=Tania123*} [Given tania wants to register in demo automation testing [Tania ruiz sanchez open up [Tania Ruiz Sanchez opens the Demo automation page]], When she enters the data in the form
| firstname | lastname | address | email | phone | gender | hobbies | selectcountry | year | month | day | password1 | password2 |
| Tania | Ruiz | Av Japon | tania@hotmail.com | 3103900118 | Male | Cricket-Movies | Japan | 1995 | April | 10 | Tania123* | Tania123* | [Tania ruiz sanchez register [Tania Ruiz Sanchez clicks on where we write the first name, Tania Ruiz Sanchez enters 'Tania' into where we write the first name, Tania Ruiz Sanchez enters 'Ruiz' into Where we write the last name, Tania Ruiz Sanchez enters 'Av Japon' into Where we write the address, Tania Ruiz Sanchez enters 'tania@hotmail.com' into Where we write the email, Tania Ruiz Sanchez enters '3103900118' into Where we write the phone, Tania Ruiz Sanchez clicks on where you select the male, Tania Ruiz Sanchez clicks on where you select the hobbies Cricket, Tania Ruiz Sanchez clicks on where you select the hobbies Movies, Tania Ruiz Sanchez clicks on where do you click on language, Tania Ruiz Sanchez clicks on where you select on language, Tania Ruiz Sanchez clicks on where you select on language, Tania Ruiz Sanchez clicks on Click outside, Tania Ruiz Sanchez clicks on where do you click on skills, Tania Ruiz Sanchez clicks on where you select the skills, Tania Ruiz Sanchez clicks on where do you click on Country, Tania Ruiz Sanchez clicks on where do you click on Country, Tania Ruiz Sanchez enters 'Japan' then hits ARROW_DOWN and ENTER into where you write the Country, Tania Ruiz Sanchez select 1995 on where you select the year, Tania Ruiz Sanchez select April on where you select the month, Tania Ruiz Sanchez select 10 on where you select the day, Tania Ruiz Sanchez enters 'Tania123*' into write password to create, Tania Ruiz Sanchez enters 'Tania123*' into write password to confirm, Tania Ruiz Sanchez clicks on Select button submit]], Then she loads the information in the Submit button [Then answer]], Example: {firstname=Patricia, lastname=Sanchez, address=Av cuba, email=tania1@hotmail.com, phone=3103900120, gender=FeMale, hobbies=Movies-Hockey, selectcountry=india, year=1966, month=April, day=30, password1=Tania1234*, password2=Tania1234*} [Given tania wants to register in demo automation testing [Tania ruiz sanchez open up [Tania Ruiz Sanchez opens the Demo automation page]], When she enters the data in the form
| firstname | lastname | address | email | phone | gender | hobbies | selectcountry | year | month | day | password1 | password2 |
| Patricia | Sanchez | Av cuba | tania1@hotmail.com | 3103900120 | FeMale | Movies-Hockey | india | 1966 | April | 30 | Tania1234* | Tania1234* | [Tania ruiz sanchez register [Tania Ruiz Sanchez clicks on where we write the first name, Tania Ruiz Sanchez enters 'Patricia' into where we write the first name, Tania Ruiz Sanchez enters 'Sanchez' into Where we write the last name, Tania Ruiz Sanchez enters 'Av cuba' into Where we write the address, Tania Ruiz Sanchez enters 'tania1@hotmail.com' into Where we write the email, Tania Ruiz Sanchez enters '3103900120' into Where we write the phone, Tania Ruiz Sanchez clicks on where you select the gender female, Tania Ruiz Sanchez clicks on where you select the hobbies Movies, Tania Ruiz Sanchez clicks on where you select the hobbies Hockey, Tania Ruiz Sanchez clicks on where do you click on language, Tania Ruiz Sanchez clicks on where you select on language, Tania Ruiz Sanchez clicks on where you select on language, Tania Ruiz Sanchez clicks on Click outside, Tania Ruiz Sanchez clicks on where do you click on skills, Tania Ruiz Sanchez clicks on where you select the skills, Tania Ruiz Sanchez clicks on where do you click on Country, Tania Ruiz Sanchez clicks on where do you click on Country, Tania Ruiz Sanchez enters 'india' then hits ARROW_DOWN and ENTER into where you write the Country, Tania Ruiz Sanchez select 1966 on where you select the year, Tania Ruiz Sanchez select April on where you select the month, Tania Ruiz Sanchez select 30 on where you select the day, Tania Ruiz Sanchez enters 'Tania1234*' into write password to create, Tania Ruiz Sanchez enters 'Tania1234*' into write password to confirm, Tania Ruiz Sanchez clicks on Select button submit]], Then she loads the information in the Submit button [Then answer]], Example: {firstname=Dino, lastname=Perez, address=Av Dosque, email=dino1@hotmail.com, phone=3103900121, gender=Male, hobbies=Hockey-Movies, selectcountry=Denmark, year=1966, month=April, day=21, password1=Tania1234*, password2=Tania1234*} [Given tania wants to register in demo automation testing [Tania ruiz sanchez open up [Tania Ruiz Sanchez opens the Demo automation page]], When she enters the data in the form
| firstname | lastname | address | email | phone | gender | hobbies | selectcountry | year | month | day | password1 | password2 |
| Dino | Perez | Av Dosque | dino1@hotmail.com | 3103900121 | Male | Hockey-Movies | Denmark | 1966 | April | 21 | Tania1234* | Tania1234* | [Tania ruiz sanchez register [Tania Ruiz Sanchez clicks on where we write the first name, Tania Ruiz Sanchez enters 'Dino' into where we write the first name, Tania Ruiz Sanchez enters 'Perez' into Where we write the last name, Tania Ruiz Sanchez enters 'Av Dosque' into Where we write the address, Tania Ruiz Sanchez enters 'dino1@hotmail.com' into Where we write the email, Tania Ruiz Sanchez enters '3103900121' into Where we write the phone, Tania Ruiz Sanchez clicks on where you select the male, Tania Ruiz Sanchez clicks on where you select the hobbies Movies, Tania Ruiz Sanchez clicks on where you select the hobbies Hockey, Tania Ruiz Sanchez clicks on where do you click on language, Tania Ruiz Sanchez clicks on where you select on language]]]
[Test worker] WARN net.thucydides.core.steps.BaseStepListener - stepStarted: net.thucydides.core.steps.ExecutedStepDescription@60adde17
[Test worker] WARN net.thucydides.core.steps.BaseStepListener - stepFinished: current outcome:Enter data to register:Example: {firstname=Tania, lastname=Ruiz, address=Av Japon, email=tania@hotmail.com, phone=3103900118, gender=Male, hobbies=Cricket-Movies, selectcountry=Japan, year=1995, month=April, day=10, password1=Tania123*, password2=Tania123*} [Given tania wants to register in demo automation testing [Tania ruiz sanchez open up [Tania Ruiz Sanchez opens the Demo automation page]], When she enters the data in the form
| firstname | lastname | address | email | phone | gender | hobbies | selectcountry | year | month | day | password1 | password2 |
| Tania | Ruiz | Av Japon | tania@hotmail.com | 3103900118 | Male | Cricket-Movies | Japan | 1995 | April | 10 | Tania123* | Tania123* | [Tania ruiz sanchez register [Tania Ruiz Sanchez clicks on where we write the first name, Tania Ruiz Sanchez enters 'Tania' into where we write the first name, Tania Ruiz Sanchez enters 'Ruiz' into Where we write the last name, Tania Ruiz Sanchez enters 'Av Japon' into Where we write the address, Tania Ruiz Sanchez enters 'tania@hotmail.com' into Where we write the email, Tania Ruiz Sanchez enters '3103900118' into Where we write the phone, Tania Ruiz Sanchez clicks on where you select the male, Tania Ruiz Sanchez clicks on where you select the hobbies Cricket, Tania Ruiz Sanchez clicks on where you select the hobbies Movies, Tania Ruiz Sanchez clicks on where do you click on language, Tania Ruiz Sanchez clicks on where you select on language, Tania Ruiz Sanchez clicks on where you select on language, Tania Ruiz Sanchez clicks on Click outside, Tania Ruiz Sanchez clicks on where do you click on skills, Tania Ruiz Sanchez clicks on where you select the skills, Tania Ruiz Sanchez clicks on where do you click on Country, Tania Ruiz Sanchez clicks on where do you click on Country, Tania Ruiz Sanchez enters 'Japan' then hits ARROW_DOWN and ENTER into where you write the Country, Tania Ruiz Sanchez select 1995 on where you select the year, Tania Ruiz Sanchez select April on where you select the month, Tania Ruiz Sanchez select 10 on where you select the day, Tania Ruiz Sanchez enters 'Tania123*' into write password to create, Tania Ruiz Sanchez enters 'Tania123*' into write password to confirm, Tania Ruiz Sanchez clicks on Select button submit]], Then she loads the information in the Submit button [Then answer]], Example: {firstname=Patricia, lastname=Sanchez, address=Av cuba, email=tania1@hotmail.com, phone=3103900120, gender=FeMale, hobbies=Movies-Hockey, selectcountry=india, year=1966, month=April, day=30, password1=Tania1234*, password2=Tania1234*} [Given tania wants to register in demo automation testing [Tania ruiz sanchez open up [Tania Ruiz Sanchez opens the Demo automation page]], When she enters the data in the form
| firstname | lastname | address | email | phone | gender | hobbies | selectcountry | year | month | day | password1 | password2 |
| Patricia | Sanchez | Av cuba | tania1@hotmail.com | 3103900120 | FeMale | Movies-Hockey | india | 1966 | April | 30 | Tania1234* | Tania1234* | [Tania ruiz sanchez register [Tania Ruiz Sanchez clicks on where we write the first name, Tania Ruiz Sanchez enters 'Patricia' into where we write the first name, Tania Ruiz Sanchez enters 'Sanchez' into Where we write the last name, Tania Ruiz Sanchez enters 'Av cuba' into Where we write the address, Tania Ruiz Sanchez enters 'tania1@hotmail.com' into Where we write the email, Tania Ruiz Sanchez enters '3103900120' into Where we write the phone, Tania Ruiz Sanchez clicks on where you select the gender female, Tania Ruiz Sanchez clicks on where you select the hobbies Movies, Tania Ruiz Sanchez clicks on where you select the hobbies Hockey, Tania Ruiz Sanchez clicks on where do you click on language, Tania Ruiz Sanchez clicks on where you select on language, Tania Ruiz Sanchez clicks on where you select on language, Tania Ruiz Sanchez clicks on Click outside, Tania Ruiz Sanchez clicks on where do you click on skills, Tania Ruiz Sanchez clicks on where you select the skills, Tania Ruiz Sanchez clicks on where do you click on Country, Tania Ruiz Sanchez clicks on where do you click on Country, Tania Ruiz Sanchez enters 'india' then hits ARROW_DOWN and ENTER into where you write the Country, Tania Ruiz Sanchez select 1966 on where you select the year, Tania Ruiz Sanchez select April on where you select the month, Tania Ruiz Sanchez select 30 on where you select the day, Tania Ruiz Sanchez enters 'Tania1234*' into write password to create, Tania Ruiz Sanchez enters 'Tania1234*' into write password to confirm, Tania Ruiz Sanchez clicks on Select button submit]], Then she loads the information in the Submit button [Then answer]], Example: {firstname=Dino, lastname=Perez, address=Av Dosque, email=dino1@hotmail.com, phone=3103900121, gender=Male, hobbies=Hockey-Movies, selectcountry=Denmark, year=1966, month=April, day=21, password1=Tania1234*, password2=Tania1234*} [Given tania wants to register in demo automation testing [Tania ruiz sanchez open up [Tania Ruiz Sanchez opens the Demo automation page]], When she enters the data in the form
| firstname | lastname | address | email | phone | gender | hobbies | selectcountry | year | month | day | password1 | password2 |
| Dino | Perez | Av Dosque | dino1@hotmail.com | 3103900121 | Male | Hockey-Movies | Denmark | 1966 | April | 21 | Tania1234* | Tania1234* | [Tania ruiz sanchez register [Tania Ruiz Sanchez clicks on where we write the first name, Tania Ruiz Sanchez enters 'Dino' into where we write the first name, Tania Ruiz Sanchez enters 'Perez' into Where we write the last name, Tania Ruiz Sanchez enters 'Av Dosque' into Where we write the address, Tania Ruiz Sanchez enters 'dino1@hotmail.com' into Where we write the email, Tania Ruiz Sanchez enters '3103900121' into Where we write the phone, Tania Ruiz Sanchez clicks on where you select the male, Tania Ruiz Sanchez clicks on where you select the hobbies Movies, Tania Ruiz Sanchez clicks on where you select the hobbies Hockey, Tania Ruiz Sanchez clicks on where do you click on language, Tania Ruiz Sanchez clicks on where you select on language, Tania Ruiz Sanchez clicks on where you select on language]]]
[Test worker] WARN net.thucydides.core.steps.BaseStepListener - stepStarted: net.thucydides.core.steps.ExecutedStepDescription@7d88b513
[Test worker] WARN net.thucydides.core.steps.BaseStepListener - stepFinished: current outcome:Enter data to register:Example: {firstname=Tania, lastname=Ruiz, address=Av Japon, email=tania@hotmail.com, phone=3103900118, gender=Male, hobbies=Cricket-Movies, selectcountry=Japan, year=1995, month=April, day=10, password1=Tania123*, password2=Tania123*} [Given tania wants to register in demo automation testing [Tania ruiz sanchez open up [Tania Ruiz Sanchez opens the Demo automation page]], When she enters the data in the form
| firstname | lastname | address | email | phone | gender | hobbies | selectcountry | year | month | day | password1 | password2 |
| Tania | Ruiz | Av Japon | tania@hotmail.com | 3103900118 | Male | Cricket-Movies | Japan | 1995 | April | 10 | Tania123* | Tania123* | [Tania ruiz sanchez register [Tania Ruiz Sanchez clicks on where we write the first name, Tania Ruiz Sanchez enters 'Tania' into where we write the first name, Tania Ruiz Sanchez enters 'Ruiz' into Where we write the last name, Tania Ruiz Sanchez enters 'Av Japon' into Where we write the address, Tania Ruiz Sanchez enters 'tania@hotmail.com' into Where we write the email, Tania Ruiz Sanchez enters '3103900118' into Where we write the phone, Tania Ruiz Sanchez clicks on where you select the male, Tania Ruiz Sanchez clicks on where you select the hobbies Cricket, Tania Ruiz Sanchez clicks on where you select the hobbies Movies, Tania Ruiz Sanchez clicks on where do you click on language, Tania Ruiz Sanchez clicks on where you select on language, Tania Ruiz Sanchez clicks on where you select on language, Tania Ruiz Sanchez clicks on Click outside, Tania Ruiz Sanchez clicks on where do you click on skills, Tania Ruiz Sanchez clicks on where you select the skills, Tania Ruiz Sanchez clicks on where do you click on Country, Tania Ruiz Sanchez clicks on where do you click on Country, Tania Ruiz Sanchez enters 'Japan' then hits ARROW_DOWN and ENTER into where you write the Country, Tania Ruiz Sanchez select 1995 on where you select the year, Tania Ruiz Sanchez select April on where you select the month, Tania Ruiz Sanchez select 10 on where you select the day, Tania Ruiz Sanchez enters 'Tania123*' into write password to create, Tania Ruiz Sanchez enters 'Tania123*' into write password to confirm, Tania Ruiz Sanchez clicks on Select button submit]], Then she loads the information in the Submit button [Then answer]], Example: {firstname=Patricia, lastname=Sanchez, address=Av cuba, email=tania1@hotmail.com, phone=3103900120, gender=FeMale, hobbies=Movies-Hockey, selectcountry=india, year=1966, month=April, day=30, password1=Tania1234*, password2=Tania1234*} [Given tania wants to register in demo automation testing [Tania ruiz sanchez open up [Tania Ruiz Sanchez opens the Demo automation page]], When she enters the data in the form
| firstname | lastname | address | email | phone | gender | hobbies | selectcountry | year | month | day | password1 | password2 |
| Patricia | Sanchez | Av cuba | tania1@hotmail.com | 3103900120 | FeMale | Movies-Hockey | india | 1966 | April | 30 | Tania1234* | Tania1234* | [Tania ruiz sanchez register [Tania Ruiz Sanchez clicks on where we write the first name, Tania Ruiz Sanchez enters 'Patricia' into where we write the first name, Tania Ruiz Sanchez enters 'Sanchez' into Where we write the last name, Tania Ruiz Sanchez enters 'Av cuba' into Where we write the address, Tania Ruiz Sanchez enters 'tania1@hotmail.com' into Where we write the email, Tania Ruiz Sanchez enters '3103900120' into Where we write the phone, Tania Ruiz Sanchez clicks on where you select the gender female, Tania Ruiz Sanchez clicks on where you select the hobbies Movies, Tania Ruiz Sanchez clicks on where you select the hobbies Hockey, Tania Ruiz Sanchez clicks on where do you click on language, Tania Ruiz Sanchez clicks on where you select on language, Tania Ruiz Sanchez clicks on where you select on language, Tania Ruiz Sanchez clicks on Click outside, Tania Ruiz Sanchez clicks on where do you click on skills, Tania Ruiz Sanchez clicks on where you select the skills, Tania Ruiz Sanchez clicks on where do you click on Country, Tania Ruiz Sanchez clicks on where do you click on Country, Tania Ruiz Sanchez enters 'india' then hits ARROW_DOWN and ENTER into where you write the Country, Tania Ruiz Sanchez select 1966 on where you select the year, Tania Ruiz Sanchez select April on where you select the month, Tania Ruiz Sanchez select 30 on where you select the day, Tania Ruiz Sanchez enters 'Tania1234*' into write password to create, Tania Ruiz Sanchez enters 'Tania1234*' into write password to confirm, Tania Ruiz Sanchez clicks on Select button submit]], Then she loads the information in the Submit button [Then answer]], Example: {firstname=Dino, lastname=Perez, address=Av Dosque, email=dino1@hotmail.com, phone=3103900121, gender=Male, hobbies=Hockey-Movies, selectcountry=Denmark, year=1966, month=April, day=21, password1=Tania1234*, password2=Tania1234*} [Given tania wants to register in demo automation testing [Tania ruiz sanchez open up [Tania Ruiz Sanchez opens the Demo automation page]], When she enters the data in the form
| firstname | lastname | address | email | phone | gender | hobbies | selectcountry | year | month | day | password1 | password2 |
| Dino | Perez | Av Dosque | dino1@hotmail.com | 3103900121 | Male | Hockey-Movies | Denmark | 1966 | April | 21 | Tania1234* | Tania1234* | [Tania ruiz sanchez register [Tania Ruiz Sanchez clicks on where we write the first name, Tania Ruiz Sanchez enters 'Dino' into where we write the first name, Tania Ruiz Sanchez enters 'Perez' into Where we write the last name, Tania Ruiz Sanchez enters 'Av Dosque' into Where we write the address, Tania Ruiz Sanchez enters 'dino1@hotmail.com' into Where we write the email, Tania Ruiz Sanchez enters '3103900121' into Where we write the phone, Tania Ruiz Sanchez clicks on where you select the male, Tania Ruiz Sanchez clicks on where you select the hobbies Movies, Tania Ruiz Sanchez clicks on where you select the hobbies Hockey, Tania Ruiz Sanchez clicks on where do you click on language, Tania Ruiz Sanchez clicks on where you select on language, Tania Ruiz Sanchez clicks on where you select on language, Tania Ruiz Sanchez clicks on Click outside]]]
[Test worker] WARN net.thucydides.core.steps.BaseStepListener - stepStarted: net.thucydides.core.steps.ExecutedStepDescription@69699ae4
[Test worker] WARN net.thucydides.core.steps.BaseStepListener - stepFinished: current outcome:Enter data to register:Example: {firstname=Tania, lastname=Ruiz, address=Av Japon, email=tania@hotmail.com, phone=3103900118, gender=Male, hobbies=Cricket-Movies, selectcountry=Japan, year=1995, month=April, day=10, password1=Tania123*, password2=Tania123*} [Given tania wants to register in demo automation testing [Tania ruiz sanchez open up [Tania Ruiz Sanchez opens the Demo automation page]], When she enters the data in the form
| firstname | lastname | address | email | phone | gender | hobbies | selectcountry | year | month | day | password1 | password2 |
| Tania | Ruiz | Av Japon | tania@hotmail.com | 3103900118 | Male | Cricket-Movies | Japan | 1995 | April | 10 | Tania123* | Tania123* | [Tania ruiz sanchez register [Tania Ruiz Sanchez clicks on where we write the first name, Tania Ruiz Sanchez enters 'Tania' into where we write the first name, Tania Ruiz Sanchez enters 'Ruiz' into Where we write the last name, Tania Ruiz Sanchez enters 'Av Japon' into Where we write the address, Tania Ruiz Sanchez enters 'tania@hotmail.com' into Where we write the email, Tania Ruiz Sanchez enters '3103900118' into Where we write the phone, Tania Ruiz Sanchez clicks on where you select the male, Tania Ruiz Sanchez clicks on where you select the hobbies Cricket, Tania Ruiz Sanchez clicks on where you select the hobbies Movies, Tania Ruiz Sanchez clicks on where do you click on language, Tania Ruiz Sanchez clicks on where you select on language, Tania Ruiz Sanchez clicks on where you select on language, Tania Ruiz Sanchez clicks on Click outside, Tania Ruiz Sanchez clicks on where do you click on skills, Tania Ruiz Sanchez clicks on where you select the skills, Tania Ruiz Sanchez clicks on where do you click on Country, Tania Ruiz Sanchez clicks on where do you click on Country, Tania Ruiz Sanchez enters 'Japan' then hits ARROW_DOWN and ENTER into where you write the Country, Tania Ruiz Sanchez select 1995 on where you select the year, Tania Ruiz Sanchez select April on where you select the month, Tania Ruiz Sanchez select 10 on where you select the day, Tania Ruiz Sanchez enters 'Tania123*' into write password to create, Tania Ruiz Sanchez enters 'Tania123*' into write password to confirm, Tania Ruiz Sanchez clicks on Select button submit]], Then she loads the information in the Submit button [Then answer]], Example: {firstname=Patricia, lastname=Sanchez, address=Av cuba, email=tania1@hotmail.com, phone=3103900120, gender=FeMale, hobbies=Movies-Hockey, selectcountry=india, year=1966, month=April, day=30, password1=Tania1234*, password2=Tania1234*} [Given tania wants to register in demo automation testing [Tania ruiz sanchez open up [Tania Ruiz Sanchez opens the Demo automation page]], When she enters the data in the form
| firstname | lastname | address | email | phone | gender | hobbies | selectcountry | year | month | day | password1 | password2 |
| Patricia | Sanchez | Av cuba | tania1@hotmail.com | 3103900120 | FeMale | Movies-Hockey | india | 1966 | April | 30 | Tania1234* | Tania1234* | [Tania ruiz sanchez register [Tania Ruiz Sanchez clicks on where we write the first name, Tania Ruiz Sanchez enters 'Patricia' into where we write the first name, Tania Ruiz Sanchez enters 'Sanchez' into Where we write the last name, Tania Ruiz Sanchez enters 'Av cuba' into Where we write the address, Tania Ruiz Sanchez enters 'tania1@hotmail.com' into Where we write the email, Tania Ruiz Sanchez enters '3103900120' into Where we write the phone, Tania Ruiz Sanchez clicks on where you select the gender female, Tania Ruiz Sanchez clicks on where you select the hobbies Movies, Tania Ruiz Sanchez clicks on where you select the hobbies Hockey, Tania Ruiz Sanchez clicks on where do you click on language, Tania Ruiz Sanchez clicks on where you select on language, Tania Ruiz Sanchez clicks on where you select on language, Tania Ruiz Sanchez clicks on Click outside, Tania Ruiz Sanchez clicks on where do you click on skills, Tania Ruiz Sanchez clicks on where you select the skills, Tania Ruiz Sanchez clicks on where do you click on Country, Tania Ruiz Sanchez clicks on where do you click on Country, Tania Ruiz Sanchez enters 'india' then hits ARROW_DOWN and ENTER into where you write the Country, Tania Ruiz Sanchez select 1966 on where you select the year, Tania Ruiz Sanchez select April on where you select the month, Tania Ruiz Sanchez select 30 on where you select the day, Tania Ruiz Sanchez enters 'Tania1234*' into write password to create, Tania Ruiz Sanchez enters 'Tania1234*' into write password to confirm, Tania Ruiz Sanchez clicks on Select button submit]], Then she loads the information in the Submit button [Then answer]], Example: {firstname=Dino, lastname=Perez, address=Av Dosque, email=dino1@hotmail.com, phone=3103900121, gender=Male, hobbies=Hockey-Movies, selectcountry=Denmark, year=1966, month=April, day=21, password1=Tania1234*, password2=Tania1234*} [Given tania wants to register in demo automation testing [Tania ruiz sanchez open up [Tania Ruiz Sanchez opens the Demo automation page]], When she enters the data in the form
| firstname | lastname | address | email | phone | gender | hobbies | selectcountry | year | month | day | password1 | password2 |
| Dino | Perez | Av Dosque | dino1@hotmail.com | 3103900121 | Male | Hockey-Movies | Denmark | 1966 | April | 21 | Tania1234* | Tania1234* | [Tania ruiz sanchez register [Tania Ruiz Sanchez clicks on where we write the first name, Tania Ruiz Sanchez enters 'Dino' into where we write the first name, Tania Ruiz Sanchez enters 'Perez' into Where we write the last name, Tania Ruiz Sanchez enters 'Av Dosque' into Where we write the address, Tania Ruiz Sanchez enters 'dino1@hotmail.com' into Where we write the email, Tania Ruiz Sanchez enters '3103900121' into Where we write the phone, Tania Ruiz Sanchez clicks on where you select the male, Tania Ruiz Sanchez clicks on where you select the hobbies Movies, Tania Ruiz Sanchez clicks on where you select the hobbies Hockey, Tania Ruiz Sanchez clicks on where do you click on language, Tania Ruiz Sanchez clicks on where you select on language, Tania Ruiz Sanchez clicks on where you select on language, Tania Ruiz Sanchez clicks on Click outside, Tania Ruiz Sanchez clicks on where do you click on skills]]]
[Test worker] WARN net.thucydides.core.steps.BaseStepListener - stepStarted: net.thucydides.core.steps.ExecutedStepDescription@6fe9769b
[Test worker] WARN net.thucydides.core.steps.BaseStepListener - stepFinished: current outcome:Enter data to register:Example: {firstname=Tania, lastname=Ruiz, address=Av Japon, email=tania@hotmail.com, phone=3103900118, gender=Male, hobbies=Cricket-Movies, selectcountry=Japan, year=1995, month=April, day=10, password1=Tania123*, password2=Tania123*} [Given tania wants to register in demo automation testing [Tania ruiz sanchez open up [Tania Ruiz Sanchez opens the Demo automation page]], When she enters the data in the form
| firstname | lastname | address | email | phone | gender | hobbies | selectcountry | year | month | day | password1 | password2 |
| Tania | Ruiz | Av Japon | tania@hotmail.com | 3103900118 | Male | Cricket-Movies | Japan | 1995 | April | 10 | Tania123* | Tania123* | [Tania ruiz sanchez register [Tania Ruiz Sanchez clicks on where we write the first name, Tania Ruiz Sanchez enters 'Tania' into where we write the first name, Tania Ruiz Sanchez enters 'Ruiz' into Where we write the last name, Tania Ruiz Sanchez enters 'Av Japon' into Where we write the address, Tania Ruiz Sanchez enters 'tania@hotmail.com' into Where we write the email, Tania Ruiz Sanchez enters '3103900118' into Where we write the phone, Tania Ruiz Sanchez clicks on where you select the male, Tania Ruiz Sanchez clicks on where you select the hobbies Cricket, Tania Ruiz Sanchez clicks on where you select the hobbies Movies, Tania Ruiz Sanchez clicks on where do you click on language, Tania Ruiz Sanchez clicks on where you select on language, Tania Ruiz Sanchez clicks on where you select on language, Tania Ruiz Sanchez clicks on Click outside, Tania Ruiz Sanchez clicks on where do you click on skills, Tania Ruiz Sanchez clicks on where you select the skills, Tania Ruiz Sanchez clicks on where do you click on Country, Tania Ruiz Sanchez clicks on where do you click on Country, Tania Ruiz Sanchez enters 'Japan' then hits ARROW_DOWN and ENTER into where you write the Country, Tania Ruiz Sanchez select 1995 on where you select the year, Tania Ruiz Sanchez select April on where you select the month, Tania Ruiz Sanchez select 10 on where you select the day, Tania Ruiz Sanchez enters 'Tania123*' into write password to create, Tania Ruiz Sanchez enters 'Tania123*' into write password to confirm, Tania Ruiz Sanchez clicks on Select button submit]], Then she loads the information in the Submit button [Then answer]], Example: {firstname=Patricia, lastname=Sanchez, address=Av cuba, email=tania1@hotmail.com, phone=3103900120, gender=FeMale, hobbies=Movies-Hockey, selectcountry=india, year=1966, month=April, day=30, password1=Tania1234*, password2=Tania1234*} [Given tania wants to register in demo automation testing [Tania ruiz sanchez open up [Tania Ruiz Sanchez opens the Demo automation page]], When she enters the data in the form
| firstname | lastname | address | email | phone | gender | hobbies | selectcountry | year | month | day | password1 | password2 |
| Patricia | Sanchez | Av cuba | tania1@hotmail.com | 3103900120 | FeMale | Movies-Hockey | india | 1966 | April | 30 | Tania1234* | Tania1234* | [Tania ruiz sanchez register [Tania Ruiz Sanchez clicks on where we write the first name, Tania Ruiz Sanchez enters 'Patricia' into where we write the first name, Tania Ruiz Sanchez enters 'Sanchez' into Where we write the last name, Tania Ruiz Sanchez enters 'Av cuba' into Where we write the address, Tania Ruiz Sanchez enters 'tania1@hotmail.com' into Where we write the email, Tania Ruiz Sanchez enters '3103900120' into Where we write the phone, Tania Ruiz Sanchez clicks on where you select the gender female, Tania Ruiz Sanchez clicks on where you select the hobbies Movies, Tania Ruiz Sanchez clicks on where you select the hobbies Hockey, Tania Ruiz Sanchez clicks on where do you click on language, Tania Ruiz Sanchez clicks on where you select on language, Tania Ruiz Sanchez clicks on where you select on language, Tania Ruiz Sanchez clicks on Click outside, Tania Ruiz Sanchez clicks on where do you click on skills, Tania Ruiz Sanchez clicks on where you select the skills, Tania Ruiz Sanchez clicks on where do you click on Country, Tania Ruiz Sanchez clicks on where do you click on Country, Tania Ruiz Sanchez enters 'india' then hits ARROW_DOWN and ENTER into where you write the Country, Tania Ruiz Sanchez select 1966 on where you select the year, Tania Ruiz Sanchez select April on where you select the month, Tania Ruiz Sanchez select 30 on where you select the day, Tania Ruiz Sanchez enters 'Tania1234*' into write password to create, Tania Ruiz Sanchez enters 'Tania1234*' into write password to confirm, Tania Ruiz Sanchez clicks on Select button submit]], Then she loads the information in the Submit button [Then answer]], Example: {firstname=Dino, lastname=Perez, address=Av Dosque, email=dino1@hotmail.com, phone=3103900121, gender=Male, hobbies=Hockey-Movies, selectcountry=Denmark, year=1966, month=April, day=21, password1=Tania1234*, password2=Tania1234*} [Given tania wants to register in demo automation testing [Tania ruiz sanchez open up [Tania Ruiz Sanchez opens the Demo automation page]], When she enters the data in the form
| firstname | lastname | address | email | phone | gender | hobbies | selectcountry | year | month | day | password1 | password2 |
| Dino | Perez | Av Dosque | dino1@hotmail.com | 3103900121 | Male | Hockey-Movies | Denmark | 1966 | April | 21 | Tania1234* | Tania1234* | [Tania ruiz sanchez register [Tania Ruiz Sanchez clicks on where we write the first name, Tania Ruiz Sanchez enters 'Dino' into where we write the first name, Tania Ruiz Sanchez enters 'Perez' into Where we write the last name, Tania Ruiz Sanchez enters 'Av Dosque' into Where we write the address, Tania Ruiz Sanchez enters 'dino1@hotmail.com' into Where we write the email, Tania Ruiz Sanchez enters '3103900121' into Where we write the phone, Tania Ruiz Sanchez clicks on where you select the male, Tania Ruiz Sanchez clicks on where you select the hobbies Movies, Tania Ruiz Sanchez clicks on where you select the hobbies Hockey, Tania Ruiz Sanchez clicks on where do you click on language, Tania Ruiz Sanchez clicks on where you select on language, Tania Ruiz Sanchez clicks on where you select on language, Tania Ruiz Sanchez clicks on Click outside, Tania Ruiz Sanchez clicks on where do you click on skills, Tania Ruiz Sanchez clicks on where you select the skills]]]
[Test worker] WARN net.thucydides.core.steps.BaseStepListener - stepStarted: net.thucydides.core.steps.ExecutedStepDescription@73ff8c20
[Test worker] WARN net.thucydides.core.steps.BaseStepListener - stepFinished: current outcome:Enter data to register:Example: {firstname=Tania, lastname=Ruiz, address=Av Japon, email=tania@hotmail.com, phone=3103900118, gender=Male, hobbies=Cricket-Movies, selectcountry=Japan, year=1995, month=April, day=10, password1=Tania123*, password2=Tania123*} [Given tania wants to register in demo automation testing [Tania ruiz sanchez open up [Tania Ruiz Sanchez opens the Demo automation page]], When she enters the data in the form
| firstname | lastname | address | email | phone | gender | hobbies | selectcountry | year | month | day | password1 | password2 |
| Tania | Ruiz | Av Japon | tania@hotmail.com | 3103900118 | Male | Cricket-Movies | Japan | 1995 | April | 10 | Tania123* | Tania123* | [Tania ruiz sanchez register [Tania Ruiz Sanchez clicks on where we write the first name, Tania Ruiz Sanchez enters 'Tania' into where we write the first name, Tania Ruiz Sanchez enters 'Ruiz' into Where we write the last name, Tania Ruiz Sanchez enters 'Av Japon' into Where we write the address, Tania Ruiz Sanchez enters 'tania@hotmail.com' into Where we write the email, Tania Ruiz Sanchez enters '3103900118' into Where we write the phone, Tania Ruiz Sanchez clicks on where you select the male, Tania Ruiz Sanchez clicks on where you select the hobbies Cricket, Tania Ruiz Sanchez clicks on where you select the hobbies Movies, Tania Ruiz Sanchez clicks on where do you click on language, Tania Ruiz Sanchez clicks on where you select on language, Tania Ruiz Sanchez clicks on where you select on language, Tania Ruiz Sanchez clicks on Click outside, Tania Ruiz Sanchez clicks on where do you click on skills, Tania Ruiz Sanchez clicks on where you select the skills, Tania Ruiz Sanchez clicks on where do you click on Country, Tania Ruiz Sanchez clicks on where do you click on Country, Tania Ruiz Sanchez enters 'Japan' then hits ARROW_DOWN and ENTER into where you write the Country, Tania Ruiz Sanchez select 1995 on where you select the year, Tania Ruiz Sanchez select April on where you select the month, Tania Ruiz Sanchez select 10 on where you select the day, Tania Ruiz Sanchez enters 'Tania123*' into write password to create, Tania Ruiz Sanchez enters 'Tania123*' into write password to confirm, Tania Ruiz Sanchez clicks on Select button submit]], Then she loads the information in the Submit button [Then answer]], Example: {firstname=Patricia, lastname=Sanchez, address=Av cuba, email=tania1@hotmail.com, phone=3103900120, gender=FeMale, hobbies=Movies-Hockey, selectcountry=india, year=1966, month=April, day=30, password1=Tania1234*, password2=Tania1234*} [Given tania wants to register in demo automation testing [Tania ruiz sanchez open up [Tania Ruiz Sanchez opens the Demo automation page]], When she enters the data in the form
| firstname | lastname | address | email | phone | gender | hobbies | selectcountry | year | month | day | password1 | password2 |
| Patricia | Sanchez | Av cuba | tania1@hotmail.com | 3103900120 | FeMale | Movies-Hockey | india | 1966 | April | 30 | Tania1234* | Tania1234* | [Tania ruiz sanchez register [Tania Ruiz Sanchez clicks on where we write the first name, Tania Ruiz Sanchez enters 'Patricia' into where we write the first name, Tania Ruiz Sanchez enters 'Sanchez' into Where we write the last name, Tania Ruiz Sanchez enters 'Av cuba' into Where we write the address, Tania Ruiz Sanchez enters 'tania1@hotmail.com' into Where we write the email, Tania Ruiz Sanchez enters '3103900120' into Where we write the phone, Tania Ruiz Sanchez clicks on where you select the gender female, Tania Ruiz Sanchez clicks on where you select the hobbies Movies, Tania Ruiz Sanchez clicks on where you select the hobbies Hockey, Tania Ruiz Sanchez clicks on where do you click on language, Tania Ruiz Sanchez clicks on where you select on language, Tania Ruiz Sanchez clicks on where you select on language, Tania Ruiz Sanchez clicks on Click outside, Tania Ruiz Sanchez clicks on where do you click on skills, Tania Ruiz Sanchez clicks on where you select the skills, Tania Ruiz Sanchez clicks on where do you click on Country, Tania Ruiz Sanchez clicks on where do you click on Country, Tania Ruiz Sanchez enters 'india' then hits ARROW_DOWN and ENTER into where you write the Country, Tania Ruiz Sanchez select 1966 on where you select the year, Tania Ruiz Sanchez select April on where you select the month, Tania Ruiz Sanchez select 30 on where you select the day, Tania Ruiz Sanchez enters 'Tania1234*' into write password to create, Tania Ruiz Sanchez enters 'Tania1234*' into write password to confirm, Tania Ruiz Sanchez clicks on Select button submit]], Then she loads the information in the Submit button [Then answer]], Example: {firstname=Dino, lastname=Perez, address=Av Dosque, email=dino1@hotmail.com, phone=3103900121, gender=Male, hobbies=Hockey-Movies, selectcountry=Denmark, year=1966, month=April, day=21, password1=Tania1234*, password2=Tania1234*} [Given tania wants to register in demo automation testing [Tania ruiz sanchez open up [Tania Ruiz Sanchez opens the Demo automation page]], When she enters the data in the form
| firstname | lastname | address | email | phone | gender | hobbies | selectcountry | year | month | day | password1 | password2 |
| Dino | Perez | Av Dosque | dino1@hotmail.com | 3103900121 | Male | Hockey-Movies | Denmark | 1966 | April | 21 | Tania1234* | Tania1234* | [Tania ruiz sanchez register [Tania Ruiz Sanchez clicks on where we write the first name, Tania Ruiz Sanchez enters 'Dino' into where we write the first name, Tania Ruiz Sanchez enters 'Perez' into Where we write the last name, Tania Ruiz Sanchez enters 'Av Dosque' into Where we write the address, Tania Ruiz Sanchez enters 'dino1@hotmail.com' into Where we write the email, Tania Ruiz Sanchez enters '3103900121' into Where we write the phone, Tania Ruiz Sanchez clicks on where you select the male, Tania Ruiz Sanchez clicks on where you select the hobbies Movies, Tania Ruiz Sanchez clicks on where you select the hobbies Hockey, Tania Ruiz Sanchez clicks on where do you click on language, Tania Ruiz Sanchez clicks on where you select on language, Tania Ruiz Sanchez clicks on where you select on language, Tania Ruiz Sanchez clicks on Click outside, Tania Ruiz Sanchez clicks on where do you click on skills, Tania Ruiz Sanchez clicks on where you select the skills, Tania Ruiz Sanchez clicks on where do you click on Country]]]
[Test worker] WARN net.thucydides.core.steps.BaseStepListener - stepStarted: net.thucydides.core.steps.ExecutedStepDescription@754a777a
[Test worker] WARN net.thucydides.core.steps.BaseStepListener - stepFinished: current outcome:Enter data to register:Example: {firstname=Tania, lastname=Ruiz, address=Av Japon, email=tania@hotmail.com, phone=3103900118, gender=Male, hobbies=Cricket-Movies, selectcountry=Japan, year=1995, month=April, day=10, password1=Tania123*, password2=Tania123*} [Given tania wants to register in demo automation testing [Tania ruiz sanchez open up [Tania Ruiz Sanchez opens the Demo automation page]], When she enters the data in the form
| firstname | lastname | address | email | phone | gender | hobbies | selectcountry | year | month | day | password1 | password2 |
| Tania | Ruiz | Av Japon | tania@hotmail.com | 3103900118 | Male | Cricket-Movies | Japan | 1995 | April | 10 | Tania123* | Tania123* | [Tania ruiz sanchez register [Tania Ruiz Sanchez clicks on where we write the first name, Tania Ruiz Sanchez enters 'Tania' into where we write the first name, Tania Ruiz Sanchez enters 'Ruiz' into Where we write the last name, Tania Ruiz Sanchez enters 'Av Japon' into Where we write the address, Tania Ruiz Sanchez enters 'tania@hotmail.com' into Where we write the email, Tania Ruiz Sanchez enters '3103900118' into Where we write the phone, Tania Ruiz Sanchez clicks on where you select the male, Tania Ruiz Sanchez clicks on where you select the hobbies Cricket, Tania Ruiz Sanchez clicks on where you select the hobbies Movies, Tania Ruiz Sanchez clicks on where do you click on language, Tania Ruiz Sanchez clicks on where you select on language, Tania Ruiz Sanchez clicks on where you select on language, Tania Ruiz Sanchez clicks on Click outside, Tania Ruiz Sanchez clicks on where do you click on skills, Tania Ruiz Sanchez clicks on where you select the skills, Tania Ruiz Sanchez clicks on where do you click on Country, Tania Ruiz Sanchez clicks on where do you click on Country, Tania Ruiz Sanchez enters 'Japan' then hits ARROW_DOWN and ENTER into where you write the Country, Tania Ruiz Sanchez select 1995 on where you select the year, Tania Ruiz Sanchez select April on where you select the month, Tania Ruiz Sanchez select 10 on where you select the day, Tania Ruiz Sanchez enters 'Tania123*' into write password to create, Tania Ruiz Sanchez enters 'Tania123*' into write password to confirm, Tania Ruiz Sanchez clicks on Select button submit]], Then she loads the information in the Submit button [Then answer]], Example: {firstname=Patricia, lastname=Sanchez, address=Av cuba, email=tania1@hotmail.com, phone=3103900120, gender=FeMale, hobbies=Movies-Hockey, selectcountry=india, year=1966, month=April, day=30, password1=Tania1234*, password2=Tania1234*} [Given tania wants to register in demo automation testing [Tania ruiz sanchez open up [Tania Ruiz Sanchez opens the Demo automation page]], When she enters the data in the form
| firstname | lastname | address | email | phone | gender | hobbies | selectcountry | year | month | day | password1 | password2 |
| Patricia | Sanchez | Av cuba | tania1@hotmail.com | 3103900120 | FeMale | Movies-Hockey | india | 1966 | April | 30 | Tania1234* | Tania1234* | [Tania ruiz sanchez register [Tania Ruiz Sanchez clicks on where we write the first name, Tania Ruiz Sanchez enters 'Patricia' into where we write the first name, Tania Ruiz Sanchez enters 'Sanchez' into Where we write the last name, Tania Ruiz Sanchez enters 'Av cuba' into Where we write the address, Tania Ruiz Sanchez enters 'tania1@hotmail.com' into Where we write the email, Tania Ruiz Sanchez enters '3103900120' into Where we write the phone, Tania Ruiz Sanchez clicks on where you select the gender female, Tania Ruiz Sanchez clicks on where you select the hobbies Movies, Tania Ruiz Sanchez clicks on where you select the hobbies Hockey, Tania Ruiz Sanchez clicks on where do you click on language, Tania Ruiz Sanchez clicks on where you select on language, Tania Ruiz Sanchez clicks on where you select on language, Tania Ruiz Sanchez clicks on Click outside, Tania Ruiz Sanchez clicks on where do you click on skills, Tania Ruiz Sanchez clicks on where you select the skills, Tania Ruiz Sanchez clicks on where do you click on Country, Tania Ruiz Sanchez clicks on where do you click on Country, Tania Ruiz Sanchez enters 'india' then hits ARROW_DOWN and ENTER into where you write the Country, Tania Ruiz Sanchez select 1966 on where you select the year, Tania Ruiz Sanchez select April on where you select the month, Tania Ruiz Sanchez select 30 on where you select the day, Tania Ruiz Sanchez enters 'Tania1234*' into write password to create, Tania Ruiz Sanchez enters 'Tania1234*' into write password to confirm, Tania Ruiz Sanchez clicks on Select button submit]], Then she loads the information in the Submit button [Then answer]], Example: {firstname=Dino, lastname=Perez, address=Av Dosque, email=dino1@hotmail.com, phone=3103900121, gender=Male, hobbies=Hockey-Movies, selectcountry=Denmark, year=1966, month=April, day=21, password1=Tania1234*, password2=Tania1234*} [Given tania wants to register in demo automation testing [Tania ruiz sanchez open up [Tania Ruiz Sanchez opens the Demo automation page]], When she enters the data in the form
| firstname | lastname | address | email | phone | gender | hobbies | selectcountry | year | month | day | password1 | password2 |
| Dino | Perez | Av Dosque | dino1@hotmail.com | 3103900121 | Male | Hockey-Movies | Denmark | 1966 | April | 21 | Tania1234* | Tania1234* | [Tania ruiz sanchez register [Tania Ruiz Sanchez clicks on where we write the first name, Tania Ruiz Sanchez enters 'Dino' into where we write the first name, Tania Ruiz Sanchez enters 'Perez' into Where we write the last name, Tania Ruiz Sanchez enters 'Av Dosque' into Where we write the address, Tania Ruiz Sanchez enters 'dino1@hotmail.com' into Where we write the email, Tania Ruiz Sanchez enters '3103900121' into Where we write the phone, Tania Ruiz Sanchez clicks on where you select the male, Tania Ruiz Sanchez clicks on where you select the hobbies Movies, Tania Ruiz Sanchez clicks on where you select the hobbies Hockey, Tania Ruiz Sanchez clicks on where do you click on language, Tania Ruiz Sanchez clicks on where you select on language, Tania Ruiz Sanchez clicks on where you select on language, Tania Ruiz Sanchez clicks on Click outside, Tania Ruiz Sanchez clicks on where do you click on skills, Tania Ruiz Sanchez clicks on where you select the skills, Tania Ruiz Sanchez clicks on where do you click on Country, Tania Ruiz Sanchez clicks on where do you click on Country]]]
[Test worker] WARN net.thucydides.core.steps.BaseStepListener - stepStarted: net.thucydides.core.steps.ExecutedStepDescription@71e84d5e
[Test worker] WARN net.thucydides.core.steps.BaseStepListener - stepFinished: current outcome:Enter data to register:Example: {firstname=Tania, lastname=Ruiz, address=Av Japon, email=tania@hotmail.com, phone=3103900118, gender=Male, hobbies=Cricket-Movies, selectcountry=Japan, year=1995, month=April, day=10, password1=Tania123*, password2=Tania123*} [Given tania wants to register in demo automation testing [Tania ruiz sanchez open up [Tania Ruiz Sanchez opens the Demo automation page]], When she enters the data in the form
| firstname | lastname | address | email | phone | gender | hobbies | selectcountry | year | month | day | password1 | password2 |
| Tania | Ruiz | Av Japon | tania@hotmail.com | 3103900118 | Male | Cricket-Movies | Japan | 1995 | April | 10 | Tania123* | Tania123* | [Tania ruiz sanchez register [Tania Ruiz Sanchez clicks on where we write the first name, Tania Ruiz Sanchez enters 'Tania' into where we write the first name, Tania Ruiz Sanchez enters 'Ruiz' into Where we write the last name, Tania Ruiz Sanchez enters 'Av Japon' into Where we write the address, Tania Ruiz Sanchez enters 'tania@hotmail.com' into Where we write the email, Tania Ruiz Sanchez enters '3103900118' into Where we write the phone, Tania Ruiz Sanchez clicks on where you select the male, Tania Ruiz Sanchez clicks on where you select the hobbies Cricket, Tania Ruiz Sanchez clicks on where you select the hobbies Movies, Tania Ruiz Sanchez clicks on where do you click on language, Tania Ruiz Sanchez clicks on where you select on language, Tania Ruiz Sanchez clicks on where you select on language, Tania Ruiz Sanchez clicks on Click outside, Tania Ruiz Sanchez clicks on where do you click on skills, Tania Ruiz Sanchez clicks on where you select the skills, Tania Ruiz Sanchez clicks on where do you click on Country, Tania Ruiz Sanchez clicks on where do you click on Country, Tania Ruiz Sanchez enters 'Japan' then hits ARROW_DOWN and ENTER into where you write the Country, Tania Ruiz Sanchez select 1995 on where you select the year, Tania Ruiz Sanchez select April on where you select the month, Tania Ruiz Sanchez select 10 on where you select the day, Tania Ruiz Sanchez enters 'Tania123*' into write password to create, Tania Ruiz Sanchez enters 'Tania123*' into write password to confirm, Tania Ruiz Sanchez clicks on Select button submit]], Then she loads the information in the Submit button [Then answer]], Example: {firstname=Patricia, lastname=Sanchez, address=Av cuba, email=tania1@hotmail.com, phone=3103900120, gender=FeMale, hobbies=Movies-Hockey, selectcountry=india, year=1966, month=April, day=30, password1=Tania1234*, password2=Tania1234*} [Given tania wants to register in demo automation testing [Tania ruiz sanchez open up [Tania Ruiz Sanchez opens the Demo automation page]], When she enters the data in the form
| firstname | lastname | address | email | phone | gender | hobbies | selectcountry | year | month | day | password1 | password2 |
| Patricia | Sanchez | Av cuba | tania1@hotmail.com | 3103900120 | FeMale | Movies-Hockey | india | 1966 | April | 30 | Tania1234* | Tania1234* | [Tania ruiz sanchez register [Tania Ruiz Sanchez clicks on where we write the first name, Tania Ruiz Sanchez enters 'Patricia' into where we write the first name, Tania Ruiz Sanchez enters 'Sanchez' into Where we write the last name, Tania Ruiz Sanchez enters 'Av cuba' into Where we write the address, Tania Ruiz Sanchez enters 'tania1@hotmail.com' into Where we write the email, Tania Ruiz Sanchez enters '3103900120' into Where we write the phone, Tania Ruiz Sanchez clicks on where you select the gender female, Tania Ruiz Sanchez clicks on where you select the hobbies Movies, Tania Ruiz Sanchez clicks on where you select the hobbies Hockey, Tania Ruiz Sanchez clicks on where do you click on language, Tania Ruiz Sanchez clicks on where you select on language, Tania Ruiz Sanchez clicks on where you select on language, Tania Ruiz Sanchez clicks on Click outside, Tania Ruiz Sanchez clicks on where do you click on skills, Tania Ruiz Sanchez clicks on where you select the skills, Tania Ruiz Sanchez clicks on where do you click on Country, Tania Ruiz Sanchez clicks on where do you click on Country, Tania Ruiz Sanchez enters 'india' then hits ARROW_DOWN and ENTER into where you write the Country, Tania Ruiz Sanchez select 1966 on where you select the year, Tania Ruiz Sanchez select April on where you select the month, Tania Ruiz Sanchez select 30 on where you select the day, Tania Ruiz Sanchez enters 'Tania1234*' into write password to create, Tania Ruiz Sanchez enters 'Tania1234*' into write password to confirm, Tania Ruiz Sanchez clicks on Select button submit]], Then she loads the information in the Submit button [Then answer]], Example: {firstname=Dino, lastname=Perez, address=Av Dosque, email=dino1@hotmail.com, phone=3103900121, gender=Male, hobbies=Hockey-Movies, selectcountry=Denmark, year=1966, month=April, day=21, password1=Tania1234*, password2=Tania1234*} [Given tania wants to register in demo automation testing [Tania ruiz sanchez open up [Tania Ruiz Sanchez opens the Demo automation page]], When she enters the data in the form
| firstname | lastname | address | email | phone | gender | hobbies | selectcountry | year | month | day | password1 | password2 |
| Dino | Perez | Av Dosque | dino1@hotmail.com | 3103900121 | Male | Hockey-Movies | Denmark | 1966 | April | 21 | Tania1234* | Tania1234* | [Tania ruiz sanchez register [Tania Ruiz Sanchez clicks on where we write the first name, Tania Ruiz Sanchez enters 'Dino' into where we write the first name, Tania Ruiz Sanchez enters 'Perez' into Where we write the last name, Tania Ruiz Sanchez enters 'Av Dosque' into Where we write the address, Tania Ruiz Sanchez enters 'dino1@hotmail.com' into Where we write the email, Tania Ruiz Sanchez enters '3103900121' into Where we write the phone, Tania Ruiz Sanchez clicks on where you select the male, Tania Ruiz Sanchez clicks on where you select the hobbies Movies, Tania Ruiz Sanchez clicks on where you select the hobbies Hockey, Tania Ruiz Sanchez clicks on where do you click on language, Tania Ruiz Sanchez clicks on where you select on language, Tania Ruiz Sanchez clicks on where you select on language, Tania Ruiz Sanchez clicks on Click outside, Tania Ruiz Sanchez clicks on where do you click on skills, Tania Ruiz Sanchez clicks on where you select the skills, Tania Ruiz Sanchez clicks on where do you click on Country, Tania Ruiz Sanchez clicks on where do you click on Country, Tania Ruiz Sanchez enters 'Denmark' then hits ARROW_DOWN and ENTER into where you write the Country]]]
[Test worker] WARN net.thucydides.core.steps.BaseStepListener - stepStarted: net.thucydides.core.steps.ExecutedStepDescription@26e1c7db
[Test worker] WARN net.thucydides.core.steps.BaseStepListener - stepFinished: current outcome:Enter data to register:Example: {firstname=Tania, lastname=Ruiz, address=Av Japon, email=tania@hotmail.com, phone=3103900118, gender=Male, hobbies=Cricket-Movies, selectcountry=Japan, year=1995, month=April, day=10, password1=Tania123*, password2=Tania123*} [Given tania wants to register in demo automation testing [Tania ruiz sanchez open up [Tania Ruiz Sanchez opens the Demo automation page]], When she enters the data in the form
| firstname | lastname | address | email | phone | gender | hobbies | selectcountry | year | month | day | password1 | password2 |
| Tania | Ruiz | Av Japon | tania@hotmail.com | 3103900118 | Male | Cricket-Movies | Japan | 1995 | April | 10 | Tania123* | Tania123* | [Tania ruiz sanchez register [Tania Ruiz Sanchez clicks on where we write the first name, Tania Ruiz Sanchez enters 'Tania' into where we write the first name, Tania Ruiz Sanchez enters 'Ruiz' into Where we write the last name, Tania Ruiz Sanchez enters 'Av Japon' into Where we write the address, Tania Ruiz Sanchez enters 'tania@hotmail.com' into Where we write the email, Tania Ruiz Sanchez enters '3103900118' into Where we write the phone, Tania Ruiz Sanchez clicks on where you select the male, Tania Ruiz Sanchez clicks on where you select the hobbies Cricket, Tania Ruiz Sanchez clicks on where you select the hobbies Movies, Tania Ruiz Sanchez clicks on where do you click on language, Tania Ruiz Sanchez clicks on where you select on language, Tania Ruiz Sanchez clicks on where you select on language, Tania Ruiz Sanchez clicks on Click outside, Tania Ruiz Sanchez clicks on where do you click on skills, Tania Ruiz Sanchez clicks on where you select the skills, Tania Ruiz Sanchez clicks on where do you click on Country, Tania Ruiz Sanchez clicks on where do you click on Country, Tania Ruiz Sanchez enters 'Japan' then hits ARROW_DOWN and ENTER into where you write the Country, Tania Ruiz Sanchez select 1995 on where you select the year, Tania Ruiz Sanchez select April on where you select the month, Tania Ruiz Sanchez select 10 on where you select the day, Tania Ruiz Sanchez enters 'Tania123*' into write password to create, Tania Ruiz Sanchez enters 'Tania123*' into write password to confirm, Tania Ruiz Sanchez clicks on Select button submit]], Then she loads the information in the Submit button [Then answer]], Example: {firstname=Patricia, lastname=Sanchez, address=Av cuba, email=tania1@hotmail.com, phone=3103900120, gender=FeMale, hobbies=Movies-Hockey, selectcountry=india, year=1966, month=April, day=30, password1=Tania1234*, password2=Tania1234*} [Given tania wants to register in demo automation testing [Tania ruiz sanchez open up [Tania Ruiz Sanchez opens the Demo automation page]], When she enters the data in the form
| firstname | lastname | address | email | phone | gender | hobbies | selectcountry | year | month | day | password1 | password2 |
| Patricia | Sanchez | Av cuba | tania1@hotmail.com | 3103900120 | FeMale | Movies-Hockey | india | 1966 | April | 30 | Tania1234* | Tania1234* | [Tania ruiz sanchez register [Tania Ruiz Sanchez clicks on where we write the first name, Tania Ruiz Sanchez enters 'Patricia' into where we write the first name, Tania Ruiz Sanchez enters 'Sanchez' into Where we write the last name, Tania Ruiz Sanchez enters 'Av cuba' into Where we write the address, Tania Ruiz Sanchez enters 'tania1@hotmail.com' into Where we write the email, Tania Ruiz Sanchez enters '3103900120' into Where we write the phone, Tania Ruiz Sanchez clicks on where you select the gender female, Tania Ruiz Sanchez clicks on where you select the hobbies Movies, Tania Ruiz Sanchez clicks on where you select the hobbies Hockey, Tania Ruiz Sanchez clicks on where do you click on language, Tania Ruiz Sanchez clicks on where you select on language, Tania Ruiz Sanchez clicks on where you select on language, Tania Ruiz Sanchez clicks on Click outside, Tania Ruiz Sanchez clicks on where do you click on skills, Tania Ruiz Sanchez clicks on where you select the skills, Tania Ruiz Sanchez clicks on where do you click on Country, Tania Ruiz Sanchez clicks on where do you click on Country, Tania Ruiz Sanchez enters 'india' then hits ARROW_DOWN and ENTER into where you write the Country, Tania Ruiz Sanchez select 1966 on where you select the year, Tania Ruiz Sanchez select April on where you select the month, Tania Ruiz Sanchez select 30 on where you select the day, Tania Ruiz Sanchez enters 'Tania1234*' into write password to create, Tania Ruiz Sanchez enters 'Tania1234*' into write password to confirm, Tania Ruiz Sanchez clicks on Select button submit]], Then she loads the information in the Submit button [Then answer]], Example: {firstname=Dino, lastname=Perez, address=Av Dosque, email=dino1@hotmail.com, phone=3103900121, gender=Male, hobbies=Hockey-Movies, selectcountry=Denmark, year=1966, month=April, day=21, password1=Tania1234*, password2=Tania1234*} [Given tania wants to register in demo automation testing [Tania ruiz sanchez open up [Tania Ruiz Sanchez opens the Demo automation page]], When she enters the data in the form
| firstname | lastname | address | email | phone | gender | hobbies | selectcountry | year | month | day | password1 | password2 |
| Dino | Perez | Av Dosque | dino1@hotmail.com | 3103900121 | Male | Hockey-Movies | Denmark | 1966 | April | 21 | Tania1234* | Tania1234* | [Tania ruiz sanchez register [Tania Ruiz Sanchez clicks on where we write the first name, Tania Ruiz Sanchez enters 'Dino' into where we write the first name, Tania Ruiz Sanchez enters 'Perez' into Where we write the last name, Tania Ruiz Sanchez enters 'Av Dosque' into Where we write the address, Tania Ruiz Sanchez enters 'dino1@hotmail.com' into Where we write the email, Tania Ruiz Sanchez enters '3103900121' into Where we write the phone, Tania Ruiz Sanchez clicks on where you select the male, Tania Ruiz Sanchez clicks on where you select the hobbies Movies, Tania Ruiz Sanchez clicks on where you select the hobbies Hockey, Tania Ruiz Sanchez clicks on where do you click on language, Tania Ruiz Sanchez clicks on where you select on language, Tania Ruiz Sanchez clicks on where you select on language, Tania Ruiz Sanchez clicks on Click outside, Tania Ruiz Sanchez clicks on where do you click on skills, Tania Ruiz Sanchez clicks on where you select the skills, Tania Ruiz Sanchez clicks on where do you click on Country, Tania Ruiz Sanchez clicks on where do you click on Country, Tania Ruiz Sanchez enters 'Denmark' then hits ARROW_DOWN and ENTER into where you write the Country, Tania Ruiz Sanchez select 1966 on where you select the year]]]
[Test worker] WARN net.thucydides.core.steps.BaseStepListener - stepStarted: net.thucydides.core.steps.ExecutedStepDescription@170ca2a
[Test worker] WARN net.thucydides.core.steps.BaseStepListener - stepFinished: current outcome:Enter data to register:Example: {firstname=Tania, lastname=Ruiz, address=Av Japon, email=tania@hotmail.com, phone=3103900118, gender=Male, hobbies=Cricket-Movies, selectcountry=Japan, year=1995, month=April, day=10, password1=Tania123*, password2=Tania123*} [Given tania wants to register in demo automation testing [Tania ruiz sanchez open up [Tania Ruiz Sanchez opens the Demo automation page]], When she enters the data in the form
| firstname | lastname | address | email | phone | gender | hobbies | selectcountry | year | month | day | password1 | password2 |
| Tania | Ruiz | Av Japon | tania@hotmail.com | 3103900118 | Male | Cricket-Movies | Japan | 1995 | April | 10 | Tania123* | Tania123* | [Tania ruiz sanchez register [Tania Ruiz Sanchez clicks on where we write the first name, Tania Ruiz Sanchez enters 'Tania' into where we write the first name, Tania Ruiz Sanchez enters 'Ruiz' into Where we write the last name, Tania Ruiz Sanchez enters 'Av Japon' into Where we write the address, Tania Ruiz Sanchez enters 'tania@hotmail.com' into Where we write the email, Tania Ruiz Sanchez enters '3103900118' into Where we write the phone, Tania Ruiz Sanchez clicks on where you select the male, Tania Ruiz Sanchez clicks on where you select the hobbies Cricket, Tania Ruiz Sanchez clicks on where you select the hobbies Movies, Tania Ruiz Sanchez clicks on where do you click on language, Tania Ruiz Sanchez clicks on where you select on language, Tania Ruiz Sanchez clicks on where you select on language, Tania Ruiz Sanchez clicks on Click outside, Tania Ruiz Sanchez clicks on where do you click on skills, Tania Ruiz Sanchez clicks on where you select the skills, Tania Ruiz Sanchez clicks on where do you click on Country, Tania Ruiz Sanchez clicks on where do you click on Country, Tania Ruiz Sanchez enters 'Japan' then hits ARROW_DOWN and ENTER into where you write the Country, Tania Ruiz Sanchez select 1995 on where you select the year, Tania Ruiz Sanchez select April on where you select the month, Tania Ruiz Sanchez select 10 on where you select the day, Tania Ruiz Sanchez enters 'Tania123*' into write password to create, Tania Ruiz Sanchez enters 'Tania123*' into write password to confirm, Tania Ruiz Sanchez clicks on Select button submit]], Then she loads the information in the Submit button [Then answer]], Example: {firstname=Patricia, lastname=Sanchez, address=Av cuba, email=tania1@hotmail.com, phone=3103900120, gender=FeMale, hobbies=Movies-Hockey, selectcountry=india, year=1966, month=April, day=30, password1=Tania1234*, password2=Tania1234*} [Given tania wants to register in demo automation testing [Tania ruiz sanchez open up [Tania Ruiz Sanchez opens the Demo automation page]], When she enters the data in the form
| firstname | lastname | address | email | phone | gender | hobbies | selectcountry | year | month | day | password1 | password2 |
| Patricia | Sanchez | Av cuba | tania1@hotmail.com | 3103900120 | FeMale | Movies-Hockey | india | 1966 | April | 30 | Tania1234* | Tania1234* | [Tania ruiz sanchez register [Tania Ruiz Sanchez clicks on where we write the first name, Tania Ruiz Sanchez enters 'Patricia' into where we write the first name, Tania Ruiz Sanchez enters 'Sanchez' into Where we write the last name, Tania Ruiz Sanchez enters 'Av cuba' into Where we write the address, Tania Ruiz Sanchez enters 'tania1@hotmail.com' into Where we write the email, Tania Ruiz Sanchez enters '3103900120' into Where we write the phone, Tania Ruiz Sanchez clicks on where you select the gender female, Tania Ruiz Sanchez clicks on where you select the hobbies Movies, Tania Ruiz Sanchez clicks on where you select the hobbies Hockey, Tania Ruiz Sanchez clicks on where do you click on language, Tania Ruiz Sanchez clicks on where you select on language, Tania Ruiz Sanchez clicks on where you select on language, Tania Ruiz Sanchez clicks on Click outside, Tania Ruiz Sanchez clicks on where do you click on skills, Tania Ruiz Sanchez clicks on where you select the skills, Tania Ruiz Sanchez clicks on where do you click on Country, Tania Ruiz Sanchez clicks on where do you click on Country, Tania Ruiz Sanchez enters 'india' then hits ARROW_DOWN and ENTER into where you write the Country, Tania Ruiz Sanchez select 1966 on where you select the year, Tania Ruiz Sanchez select April on where you select the month, Tania Ruiz Sanchez select 30 on where you select the day, Tania Ruiz Sanchez enters 'Tania1234*' into write password to create, Tania Ruiz Sanchez enters 'Tania1234*' into write password to confirm, Tania Ruiz Sanchez clicks on Select button submit]], Then she loads the information in the Submit button [Then answer]], Example: {firstname=Dino, lastname=Perez, address=Av Dosque, email=dino1@hotmail.com, phone=3103900121, gender=Male, hobbies=Hockey-Movies, selectcountry=Denmark, year=1966, month=April, day=21, password1=Tania1234*, password2=Tania1234*} [Given tania wants to register in demo automation testing [Tania ruiz sanchez open up [Tania Ruiz Sanchez opens the Demo automation page]], When she enters the data in the form
| firstname | lastname | address | email | phone | gender | hobbies | selectcountry | year | month | day | password1 | password2 |
| Dino | Perez | Av Dosque | dino1@hotmail.com | 3103900121 | Male | Hockey-Movies | Denmark | 1966 | April | 21 | Tania1234* | Tania1234* | [Tania ruiz sanchez register [Tania Ruiz Sanchez clicks on where we write the first name, Tania Ruiz Sanchez enters 'Dino' into where we write the first name, Tania Ruiz Sanchez enters 'Perez' into Where we write the last name, Tania Ruiz Sanchez enters 'Av Dosque' into Where we write the address, Tania Ruiz Sanchez enters 'dino1@hotmail.com' into Where we write the email, Tania Ruiz Sanchez enters '3103900121' into Where we write the phone, Tania Ruiz Sanchez clicks on where you select the male, Tania Ruiz Sanchez clicks on where you select the hobbies Movies, Tania Ruiz Sanchez clicks on where you select the hobbies Hockey, Tania Ruiz Sanchez clicks on where do you click on language, Tania Ruiz Sanchez clicks on where you select on language, Tania Ruiz Sanchez clicks on where you select on language, Tania Ruiz Sanchez clicks on Click outside, Tania Ruiz Sanchez clicks on where do you click on skills, Tania Ruiz Sanchez clicks on where you select the skills, Tania Ruiz Sanchez clicks on where do you click on Country, Tania Ruiz Sanchez clicks on where do you click on Country, Tania Ruiz Sanchez enters 'Denmark' then hits ARROW_DOWN and ENTER into where you write the Country, Tania Ruiz Sanchez select 1966 on where you select the year, Tania Ruiz Sanchez select April on where you select the month]]]
[Test worker] WARN net.thucydides.core.steps.BaseStepListener - stepStarted: net.thucydides.core.steps.ExecutedStepDescription@3d41ed3f
[Test worker] WARN net.thucydides.core.steps.BaseStepListener - stepFinished: current outcome:Enter data to register:Example: {firstname=Tania, lastname=Ruiz, address=Av Japon, email=tania@hotmail.com, phone=3103900118, gender=Male, hobbies=Cricket-Movies, selectcountry=Japan, year=1995, month=April, day=10, password1=Tania123*, password2=Tania123*} [Given tania wants to register in demo automation testing [Tania ruiz sanchez open up [Tania Ruiz Sanchez opens the Demo automation page]], When she enters the data in the form
| firstname | lastname | address | email | phone | gender | hobbies | selectcountry | year | month | day | password1 | password2 |
| Tania | Ruiz | Av Japon | tania@hotmail.com | 3103900118 | Male | Cricket-Movies | Japan | 1995 | April | 10 | Tania123* | Tania123* | [Tania ruiz sanchez register [Tania Ruiz Sanchez clicks on where we write the first name, Tania Ruiz Sanchez enters 'Tania' into where we write the first name, Tania Ruiz Sanchez enters 'Ruiz' into Where we write the last name, Tania Ruiz Sanchez enters 'Av Japon' into Where we write the address, Tania Ruiz Sanchez enters 'tania@hotmail.com' into Where we write the email, Tania Ruiz Sanchez enters '3103900118' into Where we write the phone, Tania Ruiz Sanchez clicks on where you select the male, Tania Ruiz Sanchez clicks on where you select the hobbies Cricket, Tania Ruiz Sanchez clicks on where you select the hobbies Movies, Tania Ruiz Sanchez clicks on where do you click on language, Tania Ruiz Sanchez clicks on where you select on language, Tania Ruiz Sanchez clicks on where you select on language, Tania Ruiz Sanchez clicks on Click outside, Tania Ruiz Sanchez clicks on where do you click on skills, Tania Ruiz Sanchez clicks on where you select the skills, Tania Ruiz Sanchez clicks on where do you click on Country, Tania Ruiz Sanchez clicks on where do you click on Country, Tania Ruiz Sanchez enters 'Japan' then hits ARROW_DOWN and ENTER into where you write the Country, Tania Ruiz Sanchez select 1995 on where you select the year, Tania Ruiz Sanchez select April on where you select the month, Tania Ruiz Sanchez select 10 on where you select the day, Tania Ruiz Sanchez enters 'Tania123*' into write password to create, Tania Ruiz Sanchez enters 'Tania123*' into write password to confirm, Tania Ruiz Sanchez clicks on Select button submit]], Then she loads the information in the Submit button [Then answer]], Example: {firstname=Patricia, lastname=Sanchez, address=Av cuba, email=tania1@hotmail.com, phone=3103900120, gender=FeMale, hobbies=Movies-Hockey, selectcountry=india, year=1966, month=April, day=30, password1=Tania1234*, password2=Tania1234*} [Given tania wants to register in demo automation testing [Tania ruiz sanchez open up [Tania Ruiz Sanchez opens the Demo automation page]], When she enters the data in the form
| firstname | lastname | address | email | phone | gender | hobbies | selectcountry | year | month | day | password1 | password2 |
| Patricia | Sanchez | Av cuba | tania1@hotmail.com | 3103900120 | FeMale | Movies-Hockey | india | 1966 | April | 30 | Tania1234* | Tania1234* | [Tania ruiz sanchez register [Tania Ruiz Sanchez clicks on where we write the first name, Tania Ruiz Sanchez enters 'Patricia' into where we write the first name, Tania Ruiz Sanchez enters 'Sanchez' into Where we write the last name, Tania Ruiz Sanchez enters 'Av cuba' into Where we write the address, Tania Ruiz Sanchez enters 'tania1@hotmail.com' into Where we write the email, Tania Ruiz Sanchez enters '3103900120' into Where we write the phone, Tania Ruiz Sanchez clicks on where you select the gender female, Tania Ruiz Sanchez clicks on where you select the hobbies Movies, Tania Ruiz Sanchez clicks on where you select the hobbies Hockey, Tania Ruiz Sanchez clicks on where do you click on language, Tania Ruiz Sanchez clicks on where you select on language, Tania Ruiz Sanchez clicks on where you select on language, Tania Ruiz Sanchez clicks on Click outside, Tania Ruiz Sanchez clicks on where do you click on skills, Tania Ruiz Sanchez clicks on where you select the skills, Tania Ruiz Sanchez clicks on where do you click on Country, Tania Ruiz Sanchez clicks on where do you click on Country, Tania Ruiz Sanchez enters 'india' then hits ARROW_DOWN and ENTER into where you write the Country, Tania Ruiz Sanchez select 1966 on where you select the year, Tania Ruiz Sanchez select April on where you select the month, Tania Ruiz Sanchez select 30 on where you select the day, Tania Ruiz Sanchez enters 'Tania1234*' into write password to create, Tania Ruiz Sanchez enters 'Tania1234*' into write password to confirm, Tania Ruiz Sanchez clicks on Select button submit]], Then she loads the information in the Submit button [Then answer]], Example: {firstname=Dino, lastname=Perez, address=Av Dosque, email=dino1@hotmail.com, phone=3103900121, gender=Male, hobbies=Hockey-Movies, selectcountry=Denmark, year=1966, month=April, day=21, password1=Tania1234*, password2=Tania1234*} [Given tania wants to register in demo automation testing [Tania ruiz sanchez open up [Tania Ruiz Sanchez opens the Demo automation page]], When she enters the data in the form
| firstname | lastname | address | email | phone | gender | hobbies | selectcountry | year | month | day | password1 | password2 |
| Dino | Perez | Av Dosque | dino1@hotmail.com | 3103900121 | Male | Hockey-Movies | Denmark | 1966 | April | 21 | Tania1234* | Tania1234* | [Tania ruiz sanchez register [Tania Ruiz Sanchez clicks on where we write the first name, Tania Ruiz Sanchez enters 'Dino' into where we write the first name, Tania Ruiz Sanchez enters 'Perez' into Where we write the last name, Tania Ruiz Sanchez enters 'Av Dosque' into Where we write the address, Tania Ruiz Sanchez enters 'dino1@hotmail.com' into Where we write the email, Tania Ruiz Sanchez enters '3103900121' into Where we write the phone, Tania Ruiz Sanchez clicks on where you select the male, Tania Ruiz Sanchez clicks on where you select the hobbies Movies, Tania Ruiz Sanchez clicks on where you select the hobbies Hockey, Tania Ruiz Sanchez clicks on where do you click on language, Tania Ruiz Sanchez clicks on where you select on language, Tania Ruiz Sanchez clicks on where you select on language, Tania Ruiz Sanchez clicks on Click outside, Tania Ruiz Sanchez clicks on where do you click on skills, Tania Ruiz Sanchez clicks on where you select the skills, Tania Ruiz Sanchez clicks on where do you click on Country, Tania Ruiz Sanchez clicks on where do you click on Country, Tania Ruiz Sanchez enters 'Denmark' then hits ARROW_DOWN and ENTER into where you write the Country, Tania Ruiz Sanchez select 1966 on where you select the year, Tania Ruiz Sanchez select April on where you select the month, Tania Ruiz Sanchez select 21 on where you select the day]]]
[Test worker] WARN net.thucydides.core.steps.BaseStepListener - stepStarted: net.thucydides.core.steps.ExecutedStepDescription@1a047761
[Test worker] WARN net.thucydides.core.steps.BaseStepListener - stepFinished: current outcome:Enter data to register:Example: {firstname=Tania, lastname=Ruiz, address=Av Japon, email=tania@hotmail.com, phone=3103900118, gender=Male, hobbies=Cricket-Movies, selectcountry=Japan, year=1995, month=April, day=10, password1=Tania123*, password2=Tania123*} [Given tania wants to register in demo automation testing [Tania ruiz sanchez open up [Tania Ruiz Sanchez opens the Demo automation page]], When she enters the data in the form
| firstname | lastname | address | email | phone | gender | hobbies | selectcountry | year | month | day | password1 | password2 |
| Tania | Ruiz | Av Japon | tania@hotmail.com | 3103900118 | Male | Cricket-Movies | Japan | 1995 | April | 10 | Tania123* | Tania123* | [Tania ruiz sanchez register [Tania Ruiz Sanchez clicks on where we write the first name, Tania Ruiz Sanchez enters 'Tania' into where we write the first name, Tania Ruiz Sanchez enters 'Ruiz' into Where we write the last name, Tania Ruiz Sanchez enters 'Av Japon' into Where we write the address, Tania Ruiz Sanchez enters 'tania@hotmail.com' into Where we write the email, Tania Ruiz Sanchez enters '3103900118' into Where we write the phone, Tania Ruiz Sanchez clicks on where you select the male, Tania Ruiz Sanchez clicks on where you select the hobbies Cricket, Tania Ruiz Sanchez clicks on where you select the hobbies Movies, Tania Ruiz Sanchez clicks on where do you click on language, Tania Ruiz Sanchez clicks on where you select on language, Tania Ruiz Sanchez clicks on where you select on language, Tania Ruiz Sanchez clicks on Click outside, Tania Ruiz Sanchez clicks on where do you click on skills, Tania Ruiz Sanchez clicks on where you select the skills, Tania Ruiz Sanchez clicks on where do you click on Country, Tania Ruiz Sanchez clicks on where do you click on Country, Tania Ruiz Sanchez enters 'Japan' then hits ARROW_DOWN and ENTER into where you write the Country, Tania Ruiz Sanchez select 1995 on where you select the year, Tania Ruiz Sanchez select April on where you select the month, Tania Ruiz Sanchez select 10 on where you select the day, Tania Ruiz Sanchez enters 'Tania123*' into write password to create, Tania Ruiz Sanchez enters 'Tania123*' into write password to confirm, Tania Ruiz Sanchez clicks on Select button submit]], Then she loads the information in the Submit button [Then answer]], Example: {firstname=Patricia, lastname=Sanchez, address=Av cuba, email=tania1@hotmail.com, phone=3103900120, gender=FeMale, hobbies=Movies-Hockey, selectcountry=india, year=1966, month=April, day=30, password1=Tania1234*, password2=Tania1234*} [Given tania wants to register in demo automation testing [Tania ruiz sanchez open up [Tania Ruiz Sanchez opens the Demo automation page]], When she enters the data in the form
| firstname | lastname | address | email | phone | gender | hobbies | selectcountry | year | month | day | password1 | password2 |
| Patricia | Sanchez | Av cuba | tania1@hotmail.com | 3103900120 | FeMale | Movies-Hockey | india | 1966 | April | 30 | Tania1234* | Tania1234* | [Tania ruiz sanchez register [Tania Ruiz Sanchez clicks on where we write the first name, Tania Ruiz Sanchez enters 'Patricia' into where we write the first name, Tania Ruiz Sanchez enters 'Sanchez' into Where we write the last name, Tania Ruiz Sanchez enters 'Av cuba' into Where we write the address, Tania Ruiz Sanchez enters 'tania1@hotmail.com' into Where we write the email, Tania Ruiz Sanchez enters '3103900120' into Where we write the phone, Tania Ruiz Sanchez clicks on where you select the gender female, Tania Ruiz Sanchez clicks on where you select the hobbies Movies, Tania Ruiz Sanchez clicks on where you select the hobbies Hockey, Tania Ruiz Sanchez clicks on where do you click on language, Tania Ruiz Sanchez clicks on where you select on language, Tania Ruiz Sanchez clicks on where you select on language, Tania Ruiz Sanchez clicks on Click outside, Tania Ruiz Sanchez clicks on where do you click on skills, Tania Ruiz Sanchez clicks on where you select the skills, Tania Ruiz Sanchez clicks on where do you click on Country, Tania Ruiz Sanchez clicks on where do you click on Country, Tania Ruiz Sanchez enters 'india' then hits ARROW_DOWN and ENTER into where you write the Country, Tania Ruiz Sanchez select 1966 on where you select the year, Tania Ruiz Sanchez select April on where you select the month, Tania Ruiz Sanchez select 30 on where you select the day, Tania Ruiz Sanchez enters 'Tania1234*' into write password to create, Tania Ruiz Sanchez enters 'Tania1234*' into write password to confirm, Tania Ruiz Sanchez clicks on Select button submit]], Then she loads the information in the Submit button [Then answer]], Example: {firstname=Dino, lastname=Perez, address=Av Dosque, email=dino1@hotmail.com, phone=3103900121, gender=Male, hobbies=Hockey-Movies, selectcountry=Denmark, year=1966, month=April, day=21, password1=Tania1234*, password2=Tania1234*} [Given tania wants to register in demo automation testing [Tania ruiz sanchez open up [Tania Ruiz Sanchez opens the Demo automation page]], When she enters the data in the form
| firstname | lastname | address | email | phone | gender | hobbies | selectcountry | year | month | day | password1 | password2 |
| Dino | Perez | Av Dosque | dino1@hotmail.com | 3103900121 | Male | Hockey-Movies | Denmark | 1966 | April | 21 | Tania1234* | Tania1234* | [Tania ruiz sanchez register [Tania Ruiz Sanchez clicks on where we write the first name, Tania Ruiz Sanchez enters 'Dino' into where we write the first name, Tania Ruiz Sanchez enters 'Perez' into Where we write the last name, Tania Ruiz Sanchez enters 'Av Dosque' into Where we write the address, Tania Ruiz Sanchez enters 'dino1@hotmail.com' into Where we write the email, Tania Ruiz Sanchez enters '3103900121' into Where we write the phone, Tania Ruiz Sanchez clicks on where you select the male, Tania Ruiz Sanchez clicks on where you select the hobbies Movies, Tania Ruiz Sanchez clicks on where you select the hobbies Hockey, Tania Ruiz Sanchez clicks on where do you click on language, Tania Ruiz Sanchez clicks on where you select on language, Tania Ruiz Sanchez clicks on where you select on language, Tania Ruiz Sanchez clicks on Click outside, Tania Ruiz Sanchez clicks on where do you click on skills, Tania Ruiz Sanchez clicks on where you select the skills, Tania Ruiz Sanchez clicks on where do you click on Country, Tania Ruiz Sanchez clicks on where do you click on Country, Tania Ruiz Sanchez enters 'Denmark' then hits ARROW_DOWN and ENTER into where you write the Country, Tania Ruiz Sanchez select 1966 on where you select the year, Tania Ruiz Sanchez select April on where you select the month, Tania Ruiz Sanchez select 21 on where you select the day, Tania Ruiz Sanchez enters 'Tania1234*' into write password to create]]]
[Test worker] WARN net.thucydides.core.steps.BaseStepListener - stepStarted: net.thucydides.core.steps.ExecutedStepDescription@313f7096
[Test worker] WARN net.thucydides.core.steps.BaseStepListener - stepFinished: current outcome:Enter data to register:Example: {firstname=Tania, lastname=Ruiz, address=Av Japon, email=tania@hotmail.com, phone=3103900118, gender=Male, hobbies=Cricket-Movies, selectcountry=Japan, year=1995, month=April, day=10, password1=Tania123*, password2=Tania123*} [Given tania wants to register in demo automation testing [Tania ruiz sanchez open up [Tania Ruiz Sanchez opens the Demo automation page]], When she enters the data in the form
| firstname | lastname | address | email | phone | gender | hobbies | selectcountry | year | month | day | password1 | password2 |
| Tania | Ruiz | Av Japon | tania@hotmail.com | 3103900118 | Male | Cricket-Movies | Japan | 1995 | April | 10 | Tania123* | Tania123* | [Tania ruiz sanchez register [Tania Ruiz Sanchez clicks on where we write the first name, Tania Ruiz Sanchez enters 'Tania' into where we write the first name, Tania Ruiz Sanchez enters 'Ruiz' into Where we write the last name, Tania Ruiz Sanchez enters 'Av Japon' into Where we write the address, Tania Ruiz Sanchez enters 'tania@hotmail.com' into Where we write the email, Tania Ruiz Sanchez enters '3103900118' into Where we write the phone, Tania Ruiz Sanchez clicks on where you select the male, Tania Ruiz Sanchez clicks on where you select the hobbies Cricket, Tania Ruiz Sanchez clicks on where you select the hobbies Movies, Tania Ruiz Sanchez clicks on where do you click on language, Tania Ruiz Sanchez clicks on where you select on language, Tania Ruiz Sanchez clicks on where you select on language, Tania Ruiz Sanchez clicks on Click outside, Tania Ruiz Sanchez clicks on where do you click on skills, Tania Ruiz Sanchez clicks on where you select the skills, Tania Ruiz Sanchez clicks on where do you click on Country, Tania Ruiz Sanchez clicks on where do you click on Country, Tania Ruiz Sanchez enters 'Japan' then hits ARROW_DOWN and ENTER into where you write the Country, Tania Ruiz Sanchez select 1995 on where you select the year, Tania Ruiz Sanchez select April on where you select the month, Tania Ruiz Sanchez select 10 on where you select the day, Tania Ruiz Sanchez enters 'Tania123*' into write password to create, Tania Ruiz Sanchez enters 'Tania123*' into write password to confirm, Tania Ruiz Sanchez clicks on Select button submit]], Then she loads the information in the Submit button [Then answer]], Example: {firstname=Patricia, lastname=Sanchez, address=Av cuba, email=tania1@hotmail.com, phone=3103900120, gender=FeMale, hobbies=Movies-Hockey, selectcountry=india, year=1966, month=April, day=30, password1=Tania1234*, password2=Tania1234*} [Given tania wants to register in demo automation testing [Tania ruiz sanchez open up [Tania Ruiz Sanchez opens the Demo automation page]], When she enters the data in the form
| firstname | lastname | address | email | phone | gender | hobbies | selectcountry | year | month | day | password1 | password2 |
| Patricia | Sanchez | Av cuba | tania1@hotmail.com | 3103900120 | FeMale | Movies-Hockey | india | 1966 | April | 30 | Tania1234* | Tania1234* | [Tania ruiz sanchez register [Tania Ruiz Sanchez clicks on where we write the first name, Tania Ruiz Sanchez enters 'Patricia' into where we write the first name, Tania Ruiz Sanchez enters 'Sanchez' into Where we write the last name, Tania Ruiz Sanchez enters 'Av cuba' into Where we write the address, Tania Ruiz Sanchez enters 'tania1@hotmail.com' into Where we write the email, Tania Ruiz Sanchez enters '3103900120' into Where we write the phone, Tania Ruiz Sanchez clicks on where you select the gender female, Tania Ruiz Sanchez clicks on where you select the hobbies Movies, Tania Ruiz Sanchez clicks on where you select the hobbies Hockey, Tania Ruiz Sanchez clicks on where do you click on language, Tania Ruiz Sanchez clicks on where you select on language, Tania Ruiz Sanchez clicks on where you select on language, Tania Ruiz Sanchez clicks on Click outside, Tania Ruiz Sanchez clicks on where do you click on skills, Tania Ruiz Sanchez clicks on where you select the skills, Tania Ruiz Sanchez clicks on where do you click on Country, Tania Ruiz Sanchez clicks on where do you click on Country, Tania Ruiz Sanchez enters 'india' then hits ARROW_DOWN and ENTER into where you write the Country, Tania Ruiz Sanchez select 1966 on where you select the year, Tania Ruiz Sanchez select April on where you select the month, Tania Ruiz Sanchez select 30 on where you select the day, Tania Ruiz Sanchez enters 'Tania1234*' into write password to create, Tania Ruiz Sanchez enters 'Tania1234*' into write password to confirm, Tania Ruiz Sanchez clicks on Select button submit]], Then she loads the information in the Submit button [Then answer]], Example: {firstname=Dino, lastname=Perez, address=Av Dosque, email=dino1@hotmail.com, phone=3103900121, gender=Male, hobbies=Hockey-Movies, selectcountry=Denmark, year=1966, month=April, day=21, password1=Tania1234*, password2=Tania1234*} [Given tania wants to register in demo automation testing [Tania ruiz sanchez open up [Tania Ruiz Sanchez opens the Demo automation page]], When she enters the data in the form
| firstname | lastname | address | email | phone | gender | hobbies | selectcountry | year | month | day | password1 | password2 |
| Dino | Perez | Av Dosque | dino1@hotmail.com | 3103900121 | Male | Hockey-Movies | Denmark | 1966 | April | 21 | Tania1234* | Tania1234* | [Tania ruiz sanchez register [Tania Ruiz Sanchez clicks on where we write the first name, Tania Ruiz Sanchez enters 'Dino' into where we write the first name, Tania Ruiz Sanchez enters 'Perez' into Where we write the last name, Tania Ruiz Sanchez enters 'Av Dosque' into Where we write the address, Tania Ruiz Sanchez enters 'dino1@hotmail.com' into Where we write the email, Tania Ruiz Sanchez enters '3103900121' into Where we write the phone, Tania Ruiz Sanchez clicks on where you select the male, Tania Ruiz Sanchez clicks on where you select the hobbies Movies, Tania Ruiz Sanchez clicks on where you select the hobbies Hockey, Tania Ruiz Sanchez clicks on where do you click on language, Tania Ruiz Sanchez clicks on where you select on language, Tania Ruiz Sanchez clicks on where you select on language, Tania Ruiz Sanchez clicks on Click outside, Tania Ruiz Sanchez clicks on where do you click on skills, Tania Ruiz Sanchez clicks on where you select the skills, Tania Ruiz Sanchez clicks on where do you click on Country, Tania Ruiz Sanchez clicks on where do you click on Country, Tania Ruiz Sanchez enters 'Denmark' then hits ARROW_DOWN and ENTER into where you write the Country, Tania Ruiz Sanchez select 1966 on where you select the year, Tania Ruiz Sanchez select April on where you select the month, Tania Ruiz Sanchez select 21 on where you select the day, Tania Ruiz Sanchez enters 'Tania1234*' into write password to create, Tania Ruiz Sanchez enters 'Tania1234*' into write password to confirm]]]
[Test worker] WARN net.thucydides.core.steps.BaseStepListener - stepStarted: net.thucydides.core.steps.ExecutedStepDescription@5c492439
[Test worker] WARN net.thucydides.core.steps.BaseStepListener - stepFinished: current outcome:Enter data to register:Example: {firstname=Tania, lastname=Ruiz, address=Av Japon, email=tania@hotmail.com, phone=3103900118, gender=Male, hobbies=Cricket-Movies, selectcountry=Japan, year=1995, month=April, day=10, password1=Tania123*, password2=Tania123*} [Given tania wants to register in demo automation testing [Tania ruiz sanchez open up [Tania Ruiz Sanchez opens the Demo automation page]], When she enters the data in the form
| firstname | lastname | address | email | phone | gender | hobbies | selectcountry | year | month | day | password1 | password2 |
| Tania | Ruiz | Av Japon | tania@hotmail.com | 3103900118 | Male | Cricket-Movies | Japan | 1995 | April | 10 | Tania123* | Tania123* | [Tania ruiz sanchez register [Tania Ruiz Sanchez clicks on where we write the first name, Tania Ruiz Sanchez enters 'Tania' into where we write the first name, Tania Ruiz Sanchez enters 'Ruiz' into Where we write the last name, Tania Ruiz Sanchez enters 'Av Japon' into Where we write the address, Tania Ruiz Sanchez enters 'tania@hotmail.com' into Where we write the email, Tania Ruiz Sanchez enters '3103900118' into Where we write the phone, Tania Ruiz Sanchez clicks on where you select the male, Tania Ruiz Sanchez clicks on where you select the hobbies Cricket, Tania Ruiz Sanchez clicks on where you select the hobbies Movies, Tania Ruiz Sanchez clicks on where do you click on language, Tania Ruiz Sanchez clicks on where you select on language, Tania Ruiz Sanchez clicks on where you select on language, Tania Ruiz Sanchez clicks on Click outside, Tania Ruiz Sanchez clicks on where do you click on skills, Tania Ruiz Sanchez clicks on where you select the skills, Tania Ruiz Sanchez clicks on where do you click on Country, Tania Ruiz Sanchez clicks on where do you click on Country, Tania Ruiz Sanchez enters 'Japan' then hits ARROW_DOWN and ENTER into where you write the Country, Tania Ruiz Sanchez select 1995 on where you select the year, Tania Ruiz Sanchez select April on where you select the month, Tania Ruiz Sanchez select 10 on where you select the day, Tania Ruiz Sanchez enters 'Tania123*' into write password to create, Tania Ruiz Sanchez enters 'Tania123*' into write password to confirm, Tania Ruiz Sanchez clicks on Select button submit]], Then she loads the information in the Submit button [Then answer]], Example: {firstname=Patricia, lastname=Sanchez, address=Av cuba, email=tania1@hotmail.com, phone=3103900120, gender=FeMale, hobbies=Movies-Hockey, selectcountry=india, year=1966, month=April, day=30, password1=Tania1234*, password2=Tania1234*} [Given tania wants to register in demo automation testing [Tania ruiz sanchez open up [Tania Ruiz Sanchez opens the Demo automation page]], When she enters the data in the form
| firstname | lastname | address | email | phone | gender | hobbies | selectcountry | year | month | day | password1 | password2 |
| Patricia | Sanchez | Av cuba | tania1@hotmail.com | 3103900120 | FeMale | Movies-Hockey | india | 1966 | April | 30 | Tania1234* | Tania1234* | [Tania ruiz sanchez register [Tania Ruiz Sanchez clicks on where we write the first name, Tania Ruiz Sanchez enters 'Patricia' into where we write the first name, Tania Ruiz Sanchez enters 'Sanchez' into Where we write the last name, Tania Ruiz Sanchez enters 'Av cuba' into Where we write the address, Tania Ruiz Sanchez enters 'tania1@hotmail.com' into Where we write the email, Tania Ruiz Sanchez enters '3103900120' into Where we write the phone, Tania Ruiz Sanchez clicks on where you select the gender female, Tania Ruiz Sanchez clicks on where you select the hobbies Movies, Tania Ruiz Sanchez clicks on where you select the hobbies Hockey, Tania Ruiz Sanchez clicks on where do you click on language, Tania Ruiz Sanchez clicks on where you select on language, Tania Ruiz Sanchez clicks on where you select on language, Tania Ruiz Sanchez clicks on Click outside, Tania Ruiz Sanchez clicks on where do you click on skills, Tania Ruiz Sanchez clicks on where you select the skills, Tania Ruiz Sanchez clicks on where do you click on Country, Tania Ruiz Sanchez clicks on where do you click on Country, Tania Ruiz Sanchez enters 'india' then hits ARROW_DOWN and ENTER into where you write the Country, Tania Ruiz Sanchez select 1966 on where you select the year, Tania Ruiz Sanchez select April on where you select the month, Tania Ruiz Sanchez select 30 on where you select the day, Tania Ruiz Sanchez enters 'Tania1234*' into write password to create, Tania Ruiz Sanchez enters 'Tania1234*' into write password to confirm, Tania Ruiz Sanchez clicks on Select button submit]], Then she loads the information in the Submit button [Then answer]], Example: {firstname=Dino, lastname=Perez, address=Av Dosque, email=dino1@hotmail.com, phone=3103900121, gender=Male, hobbies=Hockey-Movies, selectcountry=Denmark, year=1966, month=April, day=21, password1=Tania1234*, password2=Tania1234*} [Given tania wants to register in demo automation testing [Tania ruiz sanchez open up [Tania Ruiz Sanchez opens the Demo automation page]], When she enters the data in the form
| firstname | lastname | address | email | phone | gender | hobbies | selectcountry | year | month | day | password1 | password2 |
| Dino | Perez | Av Dosque | dino1@hotmail.com | 3103900121 | Male | Hockey-Movies | Denmark | 1966 | April | 21 | Tania1234* | Tania1234* | [Tania ruiz sanchez register [Tania Ruiz Sanchez clicks on where we write the first name, Tania Ruiz Sanchez enters 'Dino' into where we write the first name, Tania Ruiz Sanchez enters 'Perez' into Where we write the last name, Tania Ruiz Sanchez enters 'Av Dosque' into Where we write the address, Tania Ruiz Sanchez enters 'dino1@hotmail.com' into Where we write the email, Tania Ruiz Sanchez enters '3103900121' into Where we write the phone, Tania Ruiz Sanchez clicks on where you select the male, Tania Ruiz Sanchez clicks on where you select the hobbies Movies, Tania Ruiz Sanchez clicks on where you select the hobbies Hockey, Tania Ruiz Sanchez clicks on where do you click on language, Tania Ruiz Sanchez clicks on where you select on language, Tania Ruiz Sanchez clicks on where you select on language, Tania Ruiz Sanchez clicks on Click outside, Tania Ruiz Sanchez clicks on where do you click on skills, Tania Ruiz Sanchez clicks on where you select the skills, Tania Ruiz Sanchez clicks on where do you click on Country, Tania Ruiz Sanchez clicks on where do you click on Country, Tania Ruiz Sanchez enters 'Denmark' then hits ARROW_DOWN and ENTER into where you write the Country, Tania Ruiz Sanchez select 1966 on where you select the year, Tania Ruiz Sanchez select April on where you select the month, Tania Ruiz Sanchez select 21 on where you select the day, Tania Ruiz Sanchez enters 'Tania1234*' into write password to create, Tania Ruiz Sanchez enters 'Tania1234*' into write password to confirm, Tania Ruiz Sanchez clicks on Select button submit]]]
[Test worker] WARN net.thucydides.core.steps.BaseStepListener - stepFinished: current outcome:Enter data to register:Example: {firstname=Tania, lastname=Ruiz, address=Av Japon, email=tania@hotmail.com, phone=3103900118, gender=Male, hobbies=Cricket-Movies, selectcountry=Japan, year=1995, month=April, day=10, password1=Tania123*, password2=Tania123*} [Given tania wants to register in demo automation testing [Tania ruiz sanchez open up [Tania Ruiz Sanchez opens the Demo automation page]], When she enters the data in the form
| firstname | lastname | address | email | phone | gender | hobbies | selectcountry | year | month | day | password1 | password2 |
| Tania | Ruiz | Av Japon | tania@hotmail.com | 3103900118 | Male | Cricket-Movies | Japan | 1995 | April | 10 | Tania123* | Tania123* | [Tania ruiz sanchez register [Tania Ruiz Sanchez clicks on where we write the first name, Tania Ruiz Sanchez enters 'Tania' into where we write the first name, Tania Ruiz Sanchez enters 'Ruiz' into Where we write the last name, Tania Ruiz Sanchez enters 'Av Japon' into Where we write the address, Tania Ruiz Sanchez enters 'tania@hotmail.com' into Where we write the email, Tania Ruiz Sanchez enters '3103900118' into Where we write the phone, Tania Ruiz Sanchez clicks on where you select the male, Tania Ruiz Sanchez clicks on where you select the hobbies Cricket, Tania Ruiz Sanchez clicks on where you select the hobbies Movies, Tania Ruiz Sanchez clicks on where do you click on language, Tania Ruiz Sanchez clicks on where you select on language, Tania Ruiz Sanchez clicks on where you select on language, Tania Ruiz Sanchez clicks on Click outside, Tania Ruiz Sanchez clicks on where do you click on skills, Tania Ruiz Sanchez clicks on where you select the skills, Tania Ruiz Sanchez clicks on where do you click on Country, Tania Ruiz Sanchez clicks on where do you click on Country, Tania Ruiz Sanchez enters 'Japan' then hits ARROW_DOWN and ENTER into where you write the Country, Tania Ruiz Sanchez select 1995 on where you select the year, Tania Ruiz Sanchez select April on where you select the month, Tania Ruiz Sanchez select 10 on where you select the day, Tania Ruiz Sanchez enters 'Tania123*' into write password to create, Tania Ruiz Sanchez enters 'Tania123*' into write password to confirm, Tania Ruiz Sanchez clicks on Select button submit]], Then she loads the information in the Submit button [Then answer]], Example: {firstname=Patricia, lastname=Sanchez, address=Av cuba, email=tania1@hotmail.com, phone=3103900120, gender=FeMale, hobbies=Movies-Hockey, selectcountry=india, year=1966, month=April, day=30, password1=Tania1234*, password2=Tania1234*} [Given tania wants to register in demo automation testing [Tania ruiz sanchez open up [Tania Ruiz Sanchez opens the Demo automation page]], When she enters the data in the form
| firstname | lastname | address | email | phone | gender | hobbies | selectcountry | year | month | day | password1 | password2 |
| Patricia | Sanchez | Av cuba | tania1@hotmail.com | 3103900120 | FeMale | Movies-Hockey | india | 1966 | April | 30 | Tania1234* | Tania1234* | [Tania ruiz sanchez register [Tania Ruiz Sanchez clicks on where we write the first name, Tania Ruiz Sanchez enters 'Patricia' into where we write the first name, Tania Ruiz Sanchez enters 'Sanchez' into Where we write the last name, Tania Ruiz Sanchez enters 'Av cuba' into Where we write the address, Tania Ruiz Sanchez enters 'tania1@hotmail.com' into Where we write the email, Tania Ruiz Sanchez enters '3103900120' into Where we write the phone, Tania Ruiz Sanchez clicks on where you select the gender female, Tania Ruiz Sanchez clicks on where you select the hobbies Movies, Tania Ruiz Sanchez clicks on where you select the hobbies Hockey, Tania Ruiz Sanchez clicks on where do you click on language, Tania Ruiz Sanchez clicks on where you select on language, Tania Ruiz Sanchez clicks on where you select on language, Tania Ruiz Sanchez clicks on Click outside, Tania Ruiz Sanchez clicks on where do you click on skills, Tania Ruiz Sanchez clicks on where you select the skills, Tania Ruiz Sanchez clicks on where do you click on Country, Tania Ruiz Sanchez clicks on where do you click on Country, Tania Ruiz Sanchez enters 'india' then hits ARROW_DOWN and ENTER into where you write the Country, Tania Ruiz Sanchez select 1966 on where you select the year, Tania Ruiz Sanchez select April on where you select the month, Tania Ruiz Sanchez select 30 on where you select the day, Tania Ruiz Sanchez enters 'Tania1234*' into write password to create, Tania Ruiz Sanchez enters 'Tania1234*' into write password to confirm, Tania Ruiz Sanchez clicks on Select button submit]], Then she loads the information in the Submit button [Then answer]], Example: {firstname=Dino, lastname=Perez, address=Av Dosque, email=dino1@hotmail.com, phone=3103900121, gender=Male, hobbies=Hockey-Movies, selectcountry=Denmark, year=1966, month=April, day=21, password1=Tania1234*, password2=Tania1234*} [Given tania wants to register in demo automation testing [Tania ruiz sanchez open up [Tania Ruiz Sanchez opens the Demo automation page]], When she enters the data in the form
| firstname | lastname | address | email | phone | gender | hobbies | selectcountry | year | month | day | password1 | password2 |
| Dino | Perez | Av Dosque | dino1@hotmail.com | 3103900121 | Male | Hockey-Movies | Denmark | 1966 | April | 21 | Tania1234* | Tania1234* | [Tania ruiz sanchez register [Tania Ruiz Sanchez clicks on where we write the first name, Tania Ruiz Sanchez enters 'Dino' into where we write the first name, Tania Ruiz Sanchez enters 'Perez' into Where we write the last name, Tania Ruiz Sanchez enters 'Av Dosque' into Where we write the address, Tania Ruiz Sanchez enters 'dino1@hotmail.com' into Where we write the email, Tania Ruiz Sanchez enters '3103900121' into Where we write the phone, Tania Ruiz Sanchez clicks on where you select the male, Tania Ruiz Sanchez clicks on where you select the hobbies Movies, Tania Ruiz Sanchez clicks on where you select the hobbies Hockey, Tania Ruiz Sanchez clicks on where do you click on language, Tania Ruiz Sanchez clicks on where you select on language, Tania Ruiz Sanchez clicks on where you select on language, Tania Ruiz Sanchez clicks on Click outside, Tania Ruiz Sanchez clicks on where do you click on skills, Tania Ruiz Sanchez clicks on where you select the skills, Tania Ruiz Sanchez clicks on where do you click on Country, Tania Ruiz Sanchez clicks on where do you click on Country, Tania Ruiz Sanchez enters 'Denmark' then hits ARROW_DOWN and ENTER into where you write the Country, Tania Ruiz Sanchez select 1966 on where you select the year, Tania Ruiz Sanchez select April on where you select the month, Tania Ruiz Sanchez select 21 on where you select the day, Tania Ruiz Sanchez enters 'Tania1234*' into write password to create, Tania Ruiz Sanchez enters 'Tania1234*' into write password to confirm, Tania Ruiz Sanchez clicks on Select button submit]]]
[Test worker] WARN net.thucydides.core.steps.BaseStepListener - stepFinished: current outcome:Enter data to register:Example: {firstname=Tania, lastname=Ruiz, address=Av Japon, email=tania@hotmail.com, phone=3103900118, gender=Male, hobbies=Cricket-Movies, selectcountry=Japan, year=1995, month=April, day=10, password1=Tania123*, password2=Tania123*} [Given tania wants to register in demo automation testing [Tania ruiz sanchez open up [Tania Ruiz Sanchez opens the Demo automation page]], When she enters the data in the form
| firstname | lastname | address | email | phone | gender | hobbies | selectcountry | year | month | day | password1 | password2 |
| Tania | Ruiz | Av Japon | tania@hotmail.com | 3103900118 | Male | Cricket-Movies | Japan | 1995 | April | 10 | Tania123* | Tania123* | [Tania ruiz sanchez register [Tania Ruiz Sanchez clicks on where we write the first name, Tania Ruiz Sanchez enters 'Tania' into where we write the first name, Tania Ruiz Sanchez enters 'Ruiz' into Where we write the last name, Tania Ruiz Sanchez enters 'Av Japon' into Where we write the address, Tania Ruiz Sanchez enters 'tania@hotmail.com' into Where we write the email, Tania Ruiz Sanchez enters '3103900118' into Where we write the phone, Tania Ruiz Sanchez clicks on where you select the male, Tania Ruiz Sanchez clicks on where you select the hobbies Cricket, Tania Ruiz Sanchez clicks on where you select the hobbies Movies, Tania Ruiz Sanchez clicks on where do you click on language, Tania Ruiz Sanchez clicks on where you select on language, Tania Ruiz Sanchez clicks on where you select on language, Tania Ruiz Sanchez clicks on Click outside, Tania Ruiz Sanchez clicks on where do you click on skills, Tania Ruiz Sanchez clicks on where you select the skills, Tania Ruiz Sanchez clicks on where do you click on Country, Tania Ruiz Sanchez clicks on where do you click on Country, Tania Ruiz Sanchez enters 'Japan' then hits ARROW_DOWN and ENTER into where you write the Country, Tania Ruiz Sanchez select 1995 on where you select the year, Tania Ruiz Sanchez select April on where you select the month, Tania Ruiz Sanchez select 10 on where you select the day, Tania Ruiz Sanchez enters 'Tania123*' into write password to create, Tania Ruiz Sanchez enters 'Tania123*' into write password to confirm, Tania Ruiz Sanchez clicks on Select button submit]], Then she loads the information in the Submit button [Then answer]], Example: {firstname=Patricia, lastname=Sanchez, address=Av cuba, email=tania1@hotmail.com, phone=3103900120, gender=FeMale, hobbies=Movies-Hockey, selectcountry=india, year=1966, month=April, day=30, password1=Tania1234*, password2=Tania1234*} [Given tania wants to register in demo automation testing [Tania ruiz sanchez open up [Tania Ruiz Sanchez opens the Demo automation page]], When she enters the data in the form
| firstname | lastname | address | email | phone | gender | hobbies | selectcountry | year | month | day | password1 | password2 |
| Patricia | Sanchez | Av cuba | tania1@hotmail.com | 3103900120 | FeMale | Movies-Hockey | india | 1966 | April | 30 | Tania1234* | Tania1234* | [Tania ruiz sanchez register [Tania Ruiz Sanchez clicks on where we write the first name, Tania Ruiz Sanchez enters 'Patricia' into where we write the first name, Tania Ruiz Sanchez enters 'Sanchez' into Where we write the last name, Tania Ruiz Sanchez enters 'Av cuba' into Where we write the address, Tania Ruiz Sanchez enters 'tania1@hotmail.com' into Where we write the email, Tania Ruiz Sanchez enters '3103900120' into Where we write the phone, Tania Ruiz Sanchez clicks on where you select the gender female, Tania Ruiz Sanchez clicks on where you select the hobbies Movies, Tania Ruiz Sanchez clicks on where you select the hobbies Hockey, Tania Ruiz Sanchez clicks on where do you click on language, Tania Ruiz Sanchez clicks on where you select on language, Tania Ruiz Sanchez clicks on where you select on language, Tania Ruiz Sanchez clicks on Click outside, Tania Ruiz Sanchez clicks on where do you click on skills, Tania Ruiz Sanchez clicks on where you select the skills, Tania Ruiz Sanchez clicks on where do you click on Country, Tania Ruiz Sanchez clicks on where do you click on Country, Tania Ruiz Sanchez enters 'india' then hits ARROW_DOWN and ENTER into where you write the Country, Tania Ruiz Sanchez select 1966 on where you select the year, Tania Ruiz Sanchez select April on where you select the month, Tania Ruiz Sanchez select 30 on where you select the day, Tania Ruiz Sanchez enters 'Tania1234*' into write password to create, Tania Ruiz Sanchez enters 'Tania1234*' into write password to confirm, Tania Ruiz Sanchez clicks on Select button submit]], Then she loads the information in the Submit button [Then answer]], Example: {firstname=Dino, lastname=Perez, address=Av Dosque, email=dino1@hotmail.com, phone=3103900121, gender=Male, hobbies=Hockey-Movies, selectcountry=Denmark, year=1966, month=April, day=21, password1=Tania1234*, password2=Tania1234*} [Given tania wants to register in demo automation testing [Tania ruiz sanchez open up [Tania Ruiz Sanchez opens the Demo automation page]], When she enters the data in the form
| firstname | lastname | address | email | phone | gender | hobbies | selectcountry | year | month | day | password1 | password2 |
| Dino | Perez | Av Dosque | dino1@hotmail.com | 3103900121 | Male | Hockey-Movies | Denmark | 1966 | April | 21 | Tania1234* | Tania1234* | [Tania ruiz sanchez register [Tania Ruiz Sanchez clicks on where we write the first name, Tania Ruiz Sanchez enters 'Dino' into where we write the first name, Tania Ruiz Sanchez enters 'Perez' into Where we write the last name, Tania Ruiz Sanchez enters 'Av Dosque' into Where we write the address, Tania Ruiz Sanchez enters 'dino1@hotmail.com' into Where we write the email, Tania Ruiz Sanchez enters '3103900121' into Where we write the phone, Tania Ruiz Sanchez clicks on where you select the male, Tania Ruiz Sanchez clicks on where you select the hobbies Movies, Tania Ruiz Sanchez clicks on where you select the hobbies Hockey, Tania Ruiz Sanchez clicks on where do you click on language, Tania Ruiz Sanchez clicks on where you select on language, Tania Ruiz Sanchez clicks on where you select on language, Tania Ruiz Sanchez clicks on Click outside, Tania Ruiz Sanchez clicks on where do you click on skills, Tania Ruiz Sanchez clicks on where you select the skills, Tania Ruiz Sanchez clicks on where do you click on Country, Tania Ruiz Sanchez clicks on where do you click on Country, Tania Ruiz Sanchez enters 'Denmark' then hits ARROW_DOWN and ENTER into where you write the Country, Tania Ruiz Sanchez select 1966 on where you select the year, Tania Ruiz Sanchez select April on where you select the month, Tania Ruiz Sanchez select 21 on where you select the day, Tania Ruiz Sanchez enters 'Tania1234*' into write password to create, Tania Ruiz Sanchez enters 'Tania1234*' into write password to confirm, Tania Ruiz Sanchez clicks on Select button submit]]]
[Test worker] WARN net.thucydides.core.steps.BaseStepListener - stepStarted: net.thucydides.core.steps.ExecutedStepDescription@33d29107
[Test worker] WARN net.thucydides.core.steps.BaseStepListener - stepStarted: net.thucydides.core.steps.ExecutedStepDescription@18fc6c26
[Test worker] WARN net.thucydides.core.steps.BaseStepListener - stepFinished: current outcome:Enter data to register:Example: {firstname=Tania, lastname=Ruiz, address=Av Japon, email=tania@hotmail.com, phone=3103900118, gender=Male, hobbies=Cricket-Movies, selectcountry=Japan, year=1995, month=April, day=10, password1=Tania123*, password2=Tania123*} [Given tania wants to register in demo automation testing [Tania ruiz sanchez open up [Tania Ruiz Sanchez opens the Demo automation page]], When she enters the data in the form
| firstname | lastname | address | email | phone | gender | hobbies | selectcountry | year | month | day | password1 | password2 |
| Tania | Ruiz | Av Japon | tania@hotmail.com | 3103900118 | Male | Cricket-Movies | Japan | 1995 | April | 10 | Tania123* | Tania123* | [Tania ruiz sanchez register [Tania Ruiz Sanchez clicks on where we write the first name, Tania Ruiz Sanchez enters 'Tania' into where we write the first name, Tania Ruiz Sanchez enters 'Ruiz' into Where we write the last name, Tania Ruiz Sanchez enters 'Av Japon' into Where we write the address, Tania Ruiz Sanchez enters 'tania@hotmail.com' into Where we write the email, Tania Ruiz Sanchez enters '3103900118' into Where we write the phone, Tania Ruiz Sanchez clicks on where you select the male, Tania Ruiz Sanchez clicks on where you select the hobbies Cricket, Tania Ruiz Sanchez clicks on where you select the hobbies Movies, Tania Ruiz Sanchez clicks on where do you click on language, Tania Ruiz Sanchez clicks on where you select on language, Tania Ruiz Sanchez clicks on where you select on language, Tania Ruiz Sanchez clicks on Click outside, Tania Ruiz Sanchez clicks on where do you click on skills, Tania Ruiz Sanchez clicks on where you select the skills, Tania Ruiz Sanchez clicks on where do you click on Country, Tania Ruiz Sanchez clicks on where do you click on Country, Tania Ruiz Sanchez enters 'Japan' then hits ARROW_DOWN and ENTER into where you write the Country, Tania Ruiz Sanchez select 1995 on where you select the year, Tania Ruiz Sanchez select April on where you select the month, Tania Ruiz Sanchez select 10 on where you select the day, Tania Ruiz Sanchez enters 'Tania123*' into write password to create, Tania Ruiz Sanchez enters 'Tania123*' into write password to confirm, Tania Ruiz Sanchez clicks on Select button submit]], Then she loads the information in the Submit button [Then answer]], Example: {firstname=Patricia, lastname=Sanchez, address=Av cuba, email=tania1@hotmail.com, phone=3103900120, gender=FeMale, hobbies=Movies-Hockey, selectcountry=india, year=1966, month=April, day=30, password1=Tania1234*, password2=Tania1234*} [Given tania wants to register in demo automation testing [Tania ruiz sanchez open up [Tania Ruiz Sanchez opens the Demo automation page]], When she enters the data in the form
| firstname | lastname | address | email | phone | gender | hobbies | selectcountry | year | month | day | password1 | password2 |
| Patricia | Sanchez | Av cuba | tania1@hotmail.com | 3103900120 | FeMale | Movies-Hockey | india | 1966 | April | 30 | Tania1234* | Tania1234* | [Tania ruiz sanchez register [Tania Ruiz Sanchez clicks on where we write the first name, Tania Ruiz Sanchez enters 'Patricia' into where we write the first name, Tania Ruiz Sanchez enters 'Sanchez' into Where we write the last name, Tania Ruiz Sanchez enters 'Av cuba' into Where we write the address, Tania Ruiz Sanchez enters 'tania1@hotmail.com' into Where we write the email, Tania Ruiz Sanchez enters '3103900120' into Where we write the phone, Tania Ruiz Sanchez clicks on where you select the gender female, Tania Ruiz Sanchez clicks on where you select the hobbies Movies, Tania Ruiz Sanchez clicks on where you select the hobbies Hockey, Tania Ruiz Sanchez clicks on where do you click on language, Tania Ruiz Sanchez clicks on where you select on language, Tania Ruiz Sanchez clicks on where you select on language, Tania Ruiz Sanchez clicks on Click outside, Tania Ruiz Sanchez clicks on where do you click on skills, Tania Ruiz Sanchez clicks on where you select the skills, Tania Ruiz Sanchez clicks on where do you click on Country, Tania Ruiz Sanchez clicks on where do you click on Country, Tania Ruiz Sanchez enters 'india' then hits ARROW_DOWN and ENTER into where you write the Country, Tania Ruiz Sanchez select 1966 on where you select the year, Tania Ruiz Sanchez select April on where you select the month, Tania Ruiz Sanchez select 30 on where you select the day, Tania Ruiz Sanchez enters 'Tania1234*' into write password to create, Tania Ruiz Sanchez enters 'Tania1234*' into write password to confirm, Tania Ruiz Sanchez clicks on Select button submit]], Then she loads the information in the Submit button [Then answer]], Example: {firstname=Dino, lastname=Perez, address=Av Dosque, email=dino1@hotmail.com, phone=3103900121, gender=Male, hobbies=Hockey-Movies, selectcountry=Denmark, year=1966, month=April, day=21, password1=Tania1234*, password2=Tania1234*} [Given tania wants to register in demo automation testing [Tania ruiz sanchez open up [Tania Ruiz Sanchez opens the Demo automation page]], When she enters the data in the form
| firstname | lastname | address | email | phone | gender | hobbies | selectcountry | year | month | day | password1 | password2 |
| Dino | Perez | Av Dosque | dino1@hotmail.com | 3103900121 | Male | Hockey-Movies | Denmark | 1966 | April | 21 | Tania1234* | Tania1234* | [Tania ruiz sanchez register [Tania Ruiz Sanchez clicks on where we write the first name, Tania Ruiz Sanchez enters 'Dino' into where we write the first name, Tania Ruiz Sanchez enters 'Perez' into Where we write the last name, Tania Ruiz Sanchez enters 'Av Dosque' into Where we write the address, Tania Ruiz Sanchez enters 'dino1@hotmail.com' into Where we write the email, Tania Ruiz Sanchez enters '3103900121' into Where we write the phone, Tania Ruiz Sanchez clicks on where you select the male, Tania Ruiz Sanchez clicks on where you select the hobbies Movies, Tania Ruiz Sanchez clicks on where you select the hobbies Hockey, Tania Ruiz Sanchez clicks on where do you click on language, Tania Ruiz Sanchez clicks on where you select on language, Tania Ruiz Sanchez clicks on where you select on language, Tania Ruiz Sanchez clicks on Click outside, Tania Ruiz Sanchez clicks on where do you click on skills, Tania Ruiz Sanchez clicks on where you select the skills, Tania Ruiz Sanchez clicks on where do you click on Country, Tania Ruiz Sanchez clicks on where do you click on Country, Tania Ruiz Sanchez enters 'Denmark' then hits ARROW_DOWN and ENTER into where you write the Country, Tania Ruiz Sanchez select 1966 on where you select the year, Tania Ruiz Sanchez select April on where you select the month, Tania Ruiz Sanchez select 21 on where you select the day, Tania Ruiz Sanchez enters 'Tania1234*' into write password to create, Tania Ruiz Sanchez enters 'Tania1234*' into write password to confirm, Tania Ruiz Sanchez clicks on Select button submit]], Then she loads the information in the Submit button [Then answer]]
[Test worker] WARN net.thucydides.core.steps.BaseStepListener - stepFinished: current outcome:Enter data to register:Example: {firstname=Tania, lastname=Ruiz, address=Av Japon, email=tania@hotmail.com, phone=3103900118, gender=Male, hobbies=Cricket-Movies, selectcountry=Japan, year=1995, month=April, day=10, password1=Tania123*, password2=Tania123*} [Given tania wants to register in demo automation testing [Tania ruiz sanchez open up [Tania Ruiz Sanchez opens the Demo automation page]], When she enters the data in the form
| firstname | lastname | address | email | phone | gender | hobbies | selectcountry | year | month | day | password1 | password2 |
| Tania | Ruiz | Av Japon | tania@hotmail.com | 3103900118 | Male | Cricket-Movies | Japan | 1995 | April | 10 | Tania123* | Tania123* | [Tania ruiz sanchez register [Tania Ruiz Sanchez clicks on where we write the first name, Tania Ruiz Sanchez enters 'Tania' into where we write the first name, Tania Ruiz Sanchez enters 'Ruiz' into Where we write the last name, Tania Ruiz Sanchez enters 'Av Japon' into Where we write the address, Tania Ruiz Sanchez enters 'tania@hotmail.com' into Where we write the email, Tania Ruiz Sanchez enters '3103900118' into Where we write the phone, Tania Ruiz Sanchez clicks on where you select the male, Tania Ruiz Sanchez clicks on where you select the hobbies Cricket, Tania Ruiz Sanchez clicks on where you select the hobbies Movies, Tania Ruiz Sanchez clicks on where do you click on language, Tania Ruiz Sanchez clicks on where you select on language, Tania Ruiz Sanchez clicks on where you select on language, Tania Ruiz Sanchez clicks on Click outside, Tania Ruiz Sanchez clicks on where do you click on skills, Tania Ruiz Sanchez clicks on where you select the skills, Tania Ruiz Sanchez clicks on where do you click on Country, Tania Ruiz Sanchez clicks on where do you click on Country, Tania Ruiz Sanchez enters 'Japan' then hits ARROW_DOWN and ENTER into where you write the Country, Tania Ruiz Sanchez select 1995 on where you select the year, Tania Ruiz Sanchez select April on where you select the month, Tania Ruiz Sanchez select 10 on where you select the day, Tania Ruiz Sanchez enters 'Tania123*' into write password to create, Tania Ruiz Sanchez enters 'Tania123*' into write password to confirm, Tania Ruiz Sanchez clicks on Select button submit]], Then she loads the information in the Submit button [Then answer]], Example: {firstname=Patricia, lastname=Sanchez, address=Av cuba, email=tania1@hotmail.com, phone=3103900120, gender=FeMale, hobbies=Movies-Hockey, selectcountry=india, year=1966, month=April, day=30, password1=Tania1234*, password2=Tania1234*} [Given tania wants to register in demo automation testing [Tania ruiz sanchez open up [Tania Ruiz Sanchez opens the Demo automation page]], When she enters the data in the form
| firstname | lastname | address | email | phone | gender | hobbies | selectcountry | year | month | day | password1 | password2 |
| Patricia | Sanchez | Av cuba | tania1@hotmail.com | 3103900120 | FeMale | Movies-Hockey | india | 1966 | April | 30 | Tania1234* | Tania1234* | [Tania ruiz sanchez register [Tania Ruiz Sanchez clicks on where we write the first name, Tania Ruiz Sanchez enters 'Patricia' into where we write the first name, Tania Ruiz Sanchez enters 'Sanchez' into Where we write the last name, Tania Ruiz Sanchez enters 'Av cuba' into Where we write the address, Tania Ruiz Sanchez enters 'tania1@hotmail.com' into Where we write the email, Tania Ruiz Sanchez enters '3103900120' into Where we write the phone, Tania Ruiz Sanchez clicks on where you select the gender female, Tania Ruiz Sanchez clicks on where you select the hobbies Movies, Tania Ruiz Sanchez clicks on where you select the hobbies Hockey, Tania Ruiz Sanchez clicks on where do you click on language, Tania Ruiz Sanchez clicks on where you select on language, Tania Ruiz Sanchez clicks on where you select on language, Tania Ruiz Sanchez clicks on Click outside, Tania Ruiz Sanchez clicks on where do you click on skills, Tania Ruiz Sanchez clicks on where you select the skills, Tania Ruiz Sanchez clicks on where do you click on Country, Tania Ruiz Sanchez clicks on where do you click on Country, Tania Ruiz Sanchez enters 'india' then hits ARROW_DOWN and ENTER into where you write the Country, Tania Ruiz Sanchez select 1966 on where you select the year, Tania Ruiz Sanchez select April on where you select the month, Tania Ruiz Sanchez select 30 on where you select the day, Tania Ruiz Sanchez enters 'Tania1234*' into write password to create, Tania Ruiz Sanchez enters 'Tania1234*' into write password to confirm, Tania Ruiz Sanchez clicks on Select button submit]], Then she loads the information in the Submit button [Then answer]], Example: {firstname=Dino, lastname=Perez, address=Av Dosque, email=dino1@hotmail.com, phone=3103900121, gender=Male, hobbies=Hockey-Movies, selectcountry=Denmark, year=1966, month=April, day=21, password1=Tania1234*, password2=Tania1234*} [Given tania wants to register in demo automation testing [Tania ruiz sanchez open up [Tania Ruiz Sanchez opens the Demo automation page]], When she enters the data in the form
| firstname | lastname | address | email | phone | gender | hobbies | selectcountry | year | month | day | password1 | password2 |
| Dino | Perez | Av Dosque | dino1@hotmail.com | 3103900121 | Male | Hockey-Movies | Denmark | 1966 | April | 21 | Tania1234* | Tania1234* | [Tania ruiz sanchez register [Tania Ruiz Sanchez clicks on where we write the first name, Tania Ruiz Sanchez enters 'Dino' into where we write the first name, Tania Ruiz Sanchez enters 'Perez' into Where we write the last name, Tania Ruiz Sanchez enters 'Av Dosque' into Where we write the address, Tania Ruiz Sanchez enters 'dino1@hotmail.com' into Where we write the email, Tania Ruiz Sanchez enters '3103900121' into Where we write the phone, Tania Ruiz Sanchez clicks on where you select the male, Tania Ruiz Sanchez clicks on where you select the hobbies Movies, Tania Ruiz Sanchez clicks on where you select the hobbies Hockey, Tania Ruiz Sanchez clicks on where do you click on language, Tania Ruiz Sanchez clicks on where you select on language, Tania Ruiz Sanchez clicks on where you select on language, Tania Ruiz Sanchez clicks on Click outside, Tania Ruiz Sanchez clicks on where do you click on skills, Tania Ruiz Sanchez clicks on where you select the skills, Tania Ruiz Sanchez clicks on where do you click on Country, Tania Ruiz Sanchez clicks on where do you click on Country, Tania Ruiz Sanchez enters 'Denmark' then hits ARROW_DOWN and ENTER into where you write the Country, Tania Ruiz Sanchez select 1966 on where you select the year, Tania Ruiz Sanchez select April on where you select the month, Tania Ruiz Sanchez select 21 on where you select the day, Tania Ruiz Sanchez enters 'Tania1234*' into write password to create, Tania Ruiz Sanchez enters 'Tania1234*' into write password to confirm, Tania Ruiz Sanchez clicks on Select button submit]], Then she loads the information in the Submit button [Then answer]]
[Test worker] WARN net.thucydides.core.steps.BaseStepListener - stepFinished: current outcome:Enter data to register:Example: {firstname=Tania, lastname=Ruiz, address=Av Japon, email=tania@hotmail.com, phone=3103900118, gender=Male, hobbies=Cricket-Movies, selectcountry=Japan, year=1995, month=April, day=10, password1=Tania123*, password2=Tania123*} [Given tania wants to register in demo automation testing [Tania ruiz sanchez open up [Tania Ruiz Sanchez opens the Demo automation page]], When she enters the data in the form
| firstname | lastname | address | email | phone | gender | hobbies | selectcountry | year | month | day | password1 | password2 |
| Tania | Ruiz | Av Japon | tania@hotmail.com | 3103900118 | Male | Cricket-Movies | Japan | 1995 | April | 10 | Tania123* | Tania123* | [Tania ruiz sanchez register [Tania Ruiz Sanchez clicks on where we write the first name, Tania Ruiz Sanchez enters 'Tania' into where we write the first name, Tania Ruiz Sanchez enters 'Ruiz' into Where we write the last name, Tania Ruiz Sanchez enters 'Av Japon' into Where we write the address, Tania Ruiz Sanchez enters 'tania@hotmail.com' into Where we write the email, Tania Ruiz Sanchez enters '3103900118' into Where we write the phone, Tania Ruiz Sanchez clicks on where you select the male, Tania Ruiz Sanchez clicks on where you select the hobbies Cricket, Tania Ruiz Sanchez clicks on where you select the hobbies Movies, Tania Ruiz Sanchez clicks on where do you click on language, Tania Ruiz Sanchez clicks on where you select on language, Tania Ruiz Sanchez clicks on where you select on language, Tania Ruiz Sanchez clicks on Click outside, Tania Ruiz Sanchez clicks on where do you click on skills, Tania Ruiz Sanchez clicks on where you select the skills, Tania Ruiz Sanchez clicks on where do you click on Country, Tania Ruiz Sanchez clicks on where do you click on Country, Tania Ruiz Sanchez enters 'Japan' then hits ARROW_DOWN and ENTER into where you write the Country, Tania Ruiz Sanchez select 1995 on where you select the year, Tania Ruiz Sanchez select April on where you select the month, Tania Ruiz Sanchez select 10 on where you select the day, Tania Ruiz Sanchez enters 'Tania123*' into write password to create, Tania Ruiz Sanchez enters 'Tania123*' into write password to confirm, Tania Ruiz Sanchez clicks on Select button submit]], Then she loads the information in the Submit button [Then answer]], Example: {firstname=Patricia, lastname=Sanchez, address=Av cuba, email=tania1@hotmail.com, phone=3103900120, gender=FeMale, hobbies=Movies-Hockey, selectcountry=india, year=1966, month=April, day=30, password1=Tania1234*, password2=Tania1234*} [Given tania wants to register in demo automation testing [Tania ruiz sanchez open up [Tania Ruiz Sanchez opens the Demo automation page]], When she enters the data in the form
| firstname | lastname | address | email | phone | gender | hobbies | selectcountry | year | month | day | password1 | password2 |
| Patricia | Sanchez | Av cuba | tania1@hotmail.com | 3103900120 | FeMale | Movies-Hockey | india | 1966 | April | 30 | Tania1234* | Tania1234* | [Tania ruiz sanchez register [Tania Ruiz Sanchez clicks on where we write the first name, Tania Ruiz Sanchez enters 'Patricia' into where we write the first name, Tania Ruiz Sanchez enters 'Sanchez' into Where we write the last name, Tania Ruiz Sanchez enters 'Av cuba' into Where we write the address, Tania Ruiz Sanchez enters 'tania1@hotmail.com' into Where we write the email, Tania Ruiz Sanchez enters '3103900120' into Where we write the phone, Tania Ruiz Sanchez clicks on where you select the gender female, Tania Ruiz Sanchez clicks on where you select the hobbies Movies, Tania Ruiz Sanchez clicks on where you select the hobbies Hockey, Tania Ruiz Sanchez clicks on where do you click on language, Tania Ruiz Sanchez clicks on where you select on language, Tania Ruiz Sanchez clicks on where you select on language, Tania Ruiz Sanchez clicks on Click outside, Tania Ruiz Sanchez clicks on where do you click on skills, Tania Ruiz Sanchez clicks on where you select the skills, Tania Ruiz Sanchez clicks on where do you click on Country, Tania Ruiz Sanchez clicks on where do you click on Country, Tania Ruiz Sanchez enters 'india' then hits ARROW_DOWN and ENTER into where you write the Country, Tania Ruiz Sanchez select 1966 on where you select the year, Tania Ruiz Sanchez select April on where you select the month, Tania Ruiz Sanchez select 30 on where you select the day, Tania Ruiz Sanchez enters 'Tania1234*' into write password to create, Tania Ruiz Sanchez enters 'Tania1234*' into write password to confirm, Tania Ruiz Sanchez clicks on Select button submit]], Then she loads the information in the Submit button [Then answer]], Example: {firstname=Dino, lastname=Perez, address=Av Dosque, email=dino1@hotmail.com, phone=3103900121, gender=Male, hobbies=Hockey-Movies, selectcountry=Denmark, year=1966, month=April, day=21, password1=Tania1234*, password2=Tania1234*} [Given tania wants to register in demo automation testing [Tania ruiz sanchez open up [Tania Ruiz Sanchez opens the Demo automation page]], When she enters the data in the form
| firstname | lastname | address | email | phone | gender | hobbies | selectcountry | year | month | day | password1 | password2 |
| Dino | Perez | Av Dosque | dino1@hotmail.com | 3103900121 | Male | Hockey-Movies | Denmark | 1966 | April | 21 | Tania1234* | Tania1234* | [Tania ruiz sanchez register [Tania Ruiz Sanchez clicks on where we write the first name, Tania Ruiz Sanchez enters 'Dino' into where we write the first name, Tania Ruiz Sanchez enters 'Perez' into Where we write the last name, Tania Ruiz Sanchez enters 'Av Dosque' into Where we write the address, Tania Ruiz Sanchez enters 'dino1@hotmail.com' into Where we write the email, Tania Ruiz Sanchez enters '3103900121' into Where we write the phone, Tania Ruiz Sanchez clicks on where you select the male, Tania Ruiz Sanchez clicks on where you select the hobbies Movies, Tania Ruiz Sanchez clicks on where you select the hobbies Hockey, Tania Ruiz Sanchez clicks on where do you click on language, Tania Ruiz Sanchez clicks on where you select on language, Tania Ruiz Sanchez clicks on where you select on language, Tania Ruiz Sanchez clicks on Click outside, Tania Ruiz Sanchez clicks on where do you click on skills, Tania Ruiz Sanchez clicks on where you select the skills, Tania Ruiz Sanchez clicks on where do you click on Country, Tania Ruiz Sanchez clicks on where do you click on Country, Tania Ruiz Sanchez enters 'Denmark' then hits ARROW_DOWN and ENTER into where you write the Country, Tania Ruiz Sanchez select 1966 on where you select the year, Tania Ruiz Sanchez select April on where you select the month, Tania Ruiz Sanchez select 21 on where you select the day, Tania Ruiz Sanchez enters 'Tania1234*' into write password to create, Tania Ruiz Sanchez enters 'Tania1234*' into write password to confirm, Tania Ruiz Sanchez clicks on Select button submit]], Then she loads the information in the Submit button [Then answer]]
[Test worker] WARN net.thucydides.core.steps.BaseStepListener - testFinished: Enter data to register:Example: {firstname=Tania, lastname=Ruiz, address=Av Japon, email=tania@hotmail.com, phone=3103900118, gender=Male, hobbies=Cricket-Movies, selectcountry=Japan, year=1995, month=April, day=10, password1=Tania123*, password2=Tania123*} [Given tania wants to register in demo automation testing [Tania ruiz sanchez open up [Tania Ruiz Sanchez opens the Demo automation page]], When she enters the data in the form
| firstname | lastname | address | email | phone | gender | hobbies | selectcountry | year | month | day | password1 | password2 |
| Tania | Ruiz | Av Japon | tania@hotmail.com | 3103900118 | Male | Cricket-Movies | Japan | 1995 | April | 10 | Tania123* | Tania123* | [Tania ruiz sanchez register [Tania Ruiz Sanchez clicks on where we write the first name, Tania Ruiz Sanchez enters 'Tania' into where we write the first name, Tania Ruiz Sanchez enters 'Ruiz' into Where we write the last name, Tania Ruiz Sanchez enters 'Av Japon' into Where we write the address, Tania Ruiz Sanchez enters 'tania@hotmail.com' into Where we write the email, Tania Ruiz Sanchez enters '3103900118' into Where we write the phone, Tania Ruiz Sanchez clicks on where you select the male, Tania Ruiz Sanchez clicks on where you select the hobbies Cricket, Tania Ruiz Sanchez clicks on where you select the hobbies Movies, Tania Ruiz Sanchez clicks on where do you click on language, Tania Ruiz Sanchez clicks on where you select on language, Tania Ruiz Sanchez clicks on where you select on language, Tania Ruiz Sanchez clicks on Click outside, Tania Ruiz Sanchez clicks on where do you click on skills, Tania Ruiz Sanchez clicks on where you select the skills, Tania Ruiz Sanchez clicks on where do you click on Country, Tania Ruiz Sanchez clicks on where do you click on Country, Tania Ruiz Sanchez enters 'Japan' then hits ARROW_DOWN and ENTER into where you write the Country, Tania Ruiz Sanchez select 1995 on where you select the year, Tania Ruiz Sanchez select April on where you select the month, Tania Ruiz Sanchez select 10 on where you select the day, Tania Ruiz Sanchez enters 'Tania123*' into write password to create, Tania Ruiz Sanchez enters 'Tania123*' into write password to confirm, Tania Ruiz Sanchez clicks on Select button submit]], Then she loads the information in the Submit button [Then answer]], Example: {firstname=Patricia, lastname=Sanchez, address=Av cuba, email=tania1@hotmail.com, phone=3103900120, gender=FeMale, hobbies=Movies-Hockey, selectcountry=india, year=1966, month=April, day=30, password1=Tania1234*, password2=Tania1234*} [Given tania wants to register in demo automation testing [Tania ruiz sanchez open up [Tania Ruiz Sanchez opens the Demo automation page]], When she enters the data in the form
| firstname | lastname | address | email | phone | gender | hobbies | selectcountry | year | month | day | password1 | password2 |
| Patricia | Sanchez | Av cuba | tania1@hotmail.com | 3103900120 | FeMale | Movies-Hockey | india | 1966 | April | 30 | Tania1234* | Tania1234* | [Tania ruiz sanchez register [Tania Ruiz Sanchez clicks on where we write the first name, Tania Ruiz Sanchez enters 'Patricia' into where we write the first name, Tania Ruiz Sanchez enters 'Sanchez' into Where we write the last name, Tania Ruiz Sanchez enters 'Av cuba' into Where we write the address, Tania Ruiz Sanchez enters 'tania1@hotmail.com' into Where we write the email, Tania Ruiz Sanchez enters '3103900120' into Where we write the phone, Tania Ruiz Sanchez clicks on where you select the gender female, Tania Ruiz Sanchez clicks on where you select the hobbies Movies, Tania Ruiz Sanchez clicks on where you select the hobbies Hockey, Tania Ruiz Sanchez clicks on where do you click on language, Tania Ruiz Sanchez clicks on where you select on language, Tania Ruiz Sanchez clicks on where you select on language, Tania Ruiz Sanchez clicks on Click outside, Tania Ruiz Sanchez clicks on where do you click on skills, Tania Ruiz Sanchez clicks on where you select the skills, Tania Ruiz Sanchez clicks on where do you click on Country, Tania Ruiz Sanchez clicks on where do you click on Country, Tania Ruiz Sanchez enters 'india' then hits ARROW_DOWN and ENTER into where you write the Country, Tania Ruiz Sanchez select 1966 on where you select the year, Tania Ruiz Sanchez select April on where you select the month, Tania Ruiz Sanchez select 30 on where you select the day, Tania Ruiz Sanchez enters 'Tania1234*' into write password to create, Tania Ruiz Sanchez enters 'Tania1234*' into write password to confirm, Tania Ruiz Sanchez clicks on Select button submit]], Then she loads the information in the Submit button [Then answer]], Example: {firstname=Dino, lastname=Perez, address=Av Dosque, email=dino1@hotmail.com, phone=3103900121, gender=Male, hobbies=Hockey-Movies, selectcountry=Denmark, year=1966, month=April, day=21, password1=Tania1234*, password2=Tania1234*} [Given tania wants to register in demo automation testing [Tania ruiz sanchez open up [Tania Ruiz Sanchez opens the Demo automation page]], When she enters the data in the form
| firstname | lastname | address | email | phone | gender | hobbies | selectcountry | year | month | day | password1 | password2 |
| Dino | Perez | Av Dosque | dino1@hotmail.com | 3103900121 | Male | Hockey-Movies | Denmark | 1966 | April | 21 | Tania1234* | Tania1234* | [Tania ruiz sanchez register [Tania Ruiz Sanchez clicks on where we write the first name, Tania Ruiz Sanchez enters 'Dino' into where we write the first name, Tania Ruiz Sanchez enters 'Perez' into Where we write the last name, Tania Ruiz Sanchez enters 'Av Dosque' into Where we write the address, Tania Ruiz Sanchez enters 'dino1@hotmail.com' into Where we write the email, Tania Ruiz Sanchez enters '3103900121' into Where we write the phone, Tania Ruiz Sanchez clicks on where you select the male, Tania Ruiz Sanchez clicks on where you select the hobbies Movies, Tania Ruiz Sanchez clicks on where you select the hobbies Hockey, Tania Ruiz Sanchez clicks on where do you click on language, Tania Ruiz Sanchez clicks on where you select on language, Tania Ruiz Sanchez clicks on where you select on language, Tania Ruiz Sanchez clicks on Click outside, Tania Ruiz Sanchez clicks on where do you click on skills, Tania Ruiz Sanchez clicks on where you select the skills, Tania Ruiz Sanchez clicks on where do you click on Country, Tania Ruiz Sanchez clicks on where do you click on Country, Tania Ruiz Sanchez enters 'Denmark' then hits ARROW_DOWN and ENTER into where you write the Country, Tania Ruiz Sanchez select 1966 on where you select the year, Tania Ruiz Sanchez select April on where you select the month, Tania Ruiz Sanchez select 21 on where you select the day, Tania Ruiz Sanchez enters 'Tania1234*' into write password to create, Tania Ruiz Sanchez enters 'Tania1234*' into write password to confirm, Tania Ruiz Sanchez clicks on Select button submit]], Then she loads the information in the Submit button [Then answer]]
[Test worker] WARN net.thucydides.core.steps.BaseStepListener - TestOutcomes: [Enter data to register:Example: {firstname=Tania, lastname=Ruiz, address=Av Japon, email=tania@hotmail.com, phone=3103900118, gender=Male, hobbies=Cricket-Movies, selectcountry=Japan, year=1995, month=April, day=10, password1=Tania123*, password2=Tania123*} [Given tania wants to register in demo automation testing [Tania ruiz sanchez open up [Tania Ruiz Sanchez opens the Demo automation page]], When she enters the data in the form
| firstname | lastname | address | email | phone | gender | hobbies | selectcountry | year | month | day | password1 | password2 |
| Tania | Ruiz | Av Japon | tania@hotmail.com | 3103900118 | Male | Cricket-Movies | Japan | 1995 | April | 10 | Tania123* | Tania123* | [Tania ruiz sanchez register [Tania Ruiz Sanchez clicks on where we write the first name, Tania Ruiz Sanchez enters 'Tania' into where we write the first name, Tania Ruiz Sanchez enters 'Ruiz' into Where we write the last name, Tania Ruiz Sanchez enters 'Av Japon' into Where we write the address, Tania Ruiz Sanchez enters 'tania@hotmail.com' into Where we write the email, Tania Ruiz Sanchez enters '3103900118' into Where we write the phone, Tania Ruiz Sanchez clicks on where you select the male, Tania Ruiz Sanchez clicks on where you select the hobbies Cricket, Tania Ruiz Sanchez clicks on where you select the hobbies Movies, Tania Ruiz Sanchez clicks on where do you click on language, Tania Ruiz Sanchez clicks on where you select on language, Tania Ruiz Sanchez clicks on where you select on language, Tania Ruiz Sanchez clicks on Click outside, Tania Ruiz Sanchez clicks on where do you click on skills, Tania Ruiz Sanchez clicks on where you select the skills, Tania Ruiz Sanchez clicks on where do you click on Country, Tania Ruiz Sanchez clicks on where do you click on Country, Tania Ruiz Sanchez enters 'Japan' then hits ARROW_DOWN and ENTER into where you write the Country, Tania Ruiz Sanchez select 1995 on where you select the year, Tania Ruiz Sanchez select April on where you select the month, Tania Ruiz Sanchez select 10 on where you select the day, Tania Ruiz Sanchez enters 'Tania123*' into write password to create, Tania Ruiz Sanchez enters 'Tania123*' into write password to confirm, Tania Ruiz Sanchez clicks on Select button submit]], Then she loads the information in the Submit button [Then answer]], Example: {firstname=Patricia, lastname=Sanchez, address=Av cuba, email=tania1@hotmail.com, phone=3103900120, gender=FeMale, hobbies=Movies-Hockey, selectcountry=india, year=1966, month=April, day=30, password1=Tania1234*, password2=Tania1234*} [Given tania wants to register in demo automation testing [Tania ruiz sanchez open up [Tania Ruiz Sanchez opens the Demo automation page]], When she enters the data in the form
| firstname | lastname | address | email | phone | gender | hobbies | selectcountry | year | month | day | password1 | password2 |
| Patricia | Sanchez | Av cuba | tania1@hotmail.com | 3103900120 | FeMale | Movies-Hockey | india | 1966 | April | 30 | Tania1234* | Tania1234* | [Tania ruiz sanchez register [Tania Ruiz Sanchez clicks on where we write the first name, Tania Ruiz Sanchez enters 'Patricia' into where we write the first name, Tania Ruiz Sanchez enters 'Sanchez' into Where we write the last name, Tania Ruiz Sanchez enters 'Av cuba' into Where we write the address, Tania Ruiz Sanchez enters 'tania1@hotmail.com' into Where we write the email, Tania Ruiz Sanchez enters '3103900120' into Where we write the phone, Tania Ruiz Sanchez clicks on where you select the gender female, Tania Ruiz Sanchez clicks on where you select the hobbies Movies, Tania Ruiz Sanchez clicks on where you select the hobbies Hockey, Tania Ruiz Sanchez clicks on where do you click on language, Tania Ruiz Sanchez clicks on where you select on language, Tania Ruiz Sanchez clicks on where you select on language, Tania Ruiz Sanchez clicks on Click outside, Tania Ruiz Sanchez clicks on where do you click on skills, Tania Ruiz Sanchez clicks on where you select the skills, Tania Ruiz Sanchez clicks on where do you click on Country, Tania Ruiz Sanchez clicks on where do you click on Country, Tania Ruiz Sanchez enters 'india' then hits ARROW_DOWN and ENTER into where you write the Country, Tania Ruiz Sanchez select 1966 on where you select the year, Tania Ruiz Sanchez select April on where you select the month, Tania Ruiz Sanchez select 30 on where you select the day, Tania Ruiz Sanchez enters 'Tania1234*' into write password to create, Tania Ruiz Sanchez enters 'Tania1234*' into write password to confirm, Tania Ruiz Sanchez clicks on Select button submit]], Then she loads the information in the Submit button [Then answer]], Example: {firstname=Dino, lastname=Perez, address=Av Dosque, email=dino1@hotmail.com, phone=3103900121, gender=Male, hobbies=Hockey-Movies, selectcountry=Denmark, year=1966, month=April, day=21, password1=Tania1234*, password2=Tania1234*} [Given tania wants to register in demo automation testing [Tania ruiz sanchez open up [Tania Ruiz Sanchez opens the Demo automation page]], When she enters the data in the form
| firstname | lastname | address | email | phone | gender | hobbies | selectcountry | year | month | day | password1 | password2 |
| Dino | Perez | Av Dosque | dino1@hotmail.com | 3103900121 | Male | Hockey-Movies | Denmark | 1966 | April | 21 | Tania1234* | Tania1234* | [Tania ruiz sanchez register [Tania Ruiz Sanchez clicks on where we write the first name, Tania Ruiz Sanchez enters 'Dino' into where we write the first name, Tania Ruiz Sanchez enters 'Perez' into Where we write the last name, Tania Ruiz Sanchez enters 'Av Dosque' into Where we write the address, Tania Ruiz Sanchez enters 'dino1@hotmail.com' into Where we write the email, Tania Ruiz Sanchez enters '3103900121' into Where we write the phone, Tania Ruiz Sanchez clicks on where you select the male, Tania Ruiz Sanchez clicks on where you select the hobbies Movies, Tania Ruiz Sanchez clicks on where you select the hobbies Hockey, Tania Ruiz Sanchez clicks on where do you click on language, Tania Ruiz Sanchez clicks on where you select on language, Tania Ruiz Sanchez clicks on where you select on language, Tania Ruiz Sanchez clicks on Click outside, Tania Ruiz Sanchez clicks on where do you click on skills, Tania Ruiz Sanchez clicks on where you select the skills, Tania Ruiz Sanchez clicks on where do you click on Country, Tania Ruiz Sanchez clicks on where do you click on Country, Tania Ruiz Sanchez enters 'Denmark' then hits ARROW_DOWN and ENTER into where you write the Country, Tania Ruiz Sanchez select 1966 on where you select the year, Tania Ruiz Sanchez select April on where you select the month, Tania Ruiz Sanchez select 21 on where you select the day, Tania Ruiz Sanchez enters 'Tania1234*' into write password to create, Tania Ruiz Sanchez enters 'Tania1234*' into write password to confirm, Tania Ruiz Sanchez clicks on Select button submit]], Then she loads the information in the Submit button [Then answer]]]
[Test worker] WARN net.thucydides.core.steps.BaseStepListener - Final testOutcomes: [Enter data to register:Example: {firstname=Tania, lastname=Ruiz, address=Av Japon, email=tania@hotmail.com, phone=3103900118, gender=Male, hobbies=Cricket-Movies, selectcountry=Japan, year=1995, month=April, day=10, password1=Tania123*, password2=Tania123*} [Given tania wants to register in demo automation testing [Tania ruiz sanchez open up [Tania Ruiz Sanchez opens the Demo automation page]], When she enters the data in the form
| firstname | lastname | address | email | phone | gender | hobbies | selectcountry | year | month | day | password1 | password2 |
| Tania | Ruiz | Av Japon | tania@hotmail.com | 3103900118 | Male | Cricket-Movies | Japan | 1995 | April | 10 | Tania123* | Tania123* | [Tania ruiz sanchez register [Tania Ruiz Sanchez clicks on where we write the first name, Tania Ruiz Sanchez enters 'Tania' into where we write the first name, Tania Ruiz Sanchez enters 'Ruiz' into Where we write the last name, Tania Ruiz Sanchez enters 'Av Japon' into Where we write the address, Tania Ruiz Sanchez enters 'tania@hotmail.com' into Where we write the email, Tania Ruiz Sanchez enters '3103900118' into Where we write the phone, Tania Ruiz Sanchez clicks on where you select the male, Tania Ruiz Sanchez clicks on where you select the hobbies Cricket, Tania Ruiz Sanchez clicks on where you select the hobbies Movies, Tania Ruiz Sanchez clicks on where do you click on language, Tania Ruiz Sanchez clicks on where you select on language, Tania Ruiz Sanchez clicks on where you select on language, Tania Ruiz Sanchez clicks on Click outside, Tania Ruiz Sanchez clicks on where do you click on skills, Tania Ruiz Sanchez clicks on where you select the skills, Tania Ruiz Sanchez clicks on where do you click on Country, Tania Ruiz Sanchez clicks on where do you click on Country, Tania Ruiz Sanchez enters 'Japan' then hits ARROW_DOWN and ENTER into where you write the Country, Tania Ruiz Sanchez select 1995 on where you select the year, Tania Ruiz Sanchez select April on where you select the month, Tania Ruiz Sanchez select 10 on where you select the day, Tania Ruiz Sanchez enters 'Tania123*' into write password to create, Tania Ruiz Sanchez enters 'Tania123*' into write password to confirm, Tania Ruiz Sanchez clicks on Select button submit]], Then she loads the information in the Submit button [Then answer]], Example: {firstname=Patricia, lastname=Sanchez, address=Av cuba, email=tania1@hotmail.com, phone=3103900120, gender=FeMale, hobbies=Movies-Hockey, selectcountry=india, year=1966, month=April, day=30, password1=Tania1234*, password2=Tania1234*} [Given tania wants to register in demo automation testing [Tania ruiz sanchez open up [Tania Ruiz Sanchez opens the Demo automation page]], When she enters the data in the form
| firstname | lastname | address | email | phone | gender | hobbies | selectcountry | year | month | day | password1 | password2 |
| Patricia | Sanchez | Av cuba | tania1@hotmail.com | 3103900120 | FeMale | Movies-Hockey | india | 1966 | April | 30 | Tania1234* | Tania1234* | [Tania ruiz sanchez register [Tania Ruiz Sanchez clicks on where we write the first name, Tania Ruiz Sanchez enters 'Patricia' into where we write the first name, Tania Ruiz Sanchez enters 'Sanchez' into Where we write the last name, Tania Ruiz Sanchez enters 'Av cuba' into Where we write the address, Tania Ruiz Sanchez enters 'tania1@hotmail.com' into Where we write the email, Tania Ruiz Sanchez enters '3103900120' into Where we write the phone, Tania Ruiz Sanchez clicks on where you select the gender female, Tania Ruiz Sanchez clicks on where you select the hobbies Movies, Tania Ruiz Sanchez clicks on where you select the hobbies Hockey, Tania Ruiz Sanchez clicks on where do you click on language, Tania Ruiz Sanchez clicks on where you select on language, Tania Ruiz Sanchez clicks on where you select on language, Tania Ruiz Sanchez clicks on Click outside, Tania Ruiz Sanchez clicks on where do you click on skills, Tania Ruiz Sanchez clicks on where you select the skills, Tania Ruiz Sanchez clicks on where do you click on Country, Tania Ruiz Sanchez clicks on where do you click on Country, Tania Ruiz Sanchez enters 'india' then hits ARROW_DOWN and ENTER into where you write the Country, Tania Ruiz Sanchez select 1966 on where you select the year, Tania Ruiz Sanchez select April on where you select the month, Tania Ruiz Sanchez select 30 on where you select the day, Tania Ruiz Sanchez enters 'Tania1234*' into write password to create, Tania Ruiz Sanchez enters 'Tania1234*' into write password to confirm, Tania Ruiz Sanchez clicks on Select button submit]], Then she loads the information in the Submit button [Then answer]], Example: {firstname=Dino, lastname=Perez, address=Av Dosque, email=dino1@hotmail.com, phone=3103900121, gender=Male, hobbies=Hockey-Movies, selectcountry=Denmark, year=1966, month=April, day=21, password1=Tania1234*, password2=Tania1234*} [Given tania wants to register in demo automation testing [Tania ruiz sanchez open up [Tania Ruiz Sanchez opens the Demo automation page]], When she enters the data in the form
| firstname | lastname | address | email | phone | gender | hobbies | selectcountry | year | month | day | password1 | password2 |
| Dino | Perez | Av Dosque | dino1@hotmail.com | 3103900121 | Male | Hockey-Movies | Denmark | 1966 | April | 21 | Tania1234* | Tania1234* | [Tania ruiz sanchez register [Tania Ruiz Sanchez clicks on where we write the first name, Tania Ruiz Sanchez enters 'Dino' into where we write the first name, Tania Ruiz Sanchez enters 'Perez' into Where we write the last name, Tania Ruiz Sanchez enters 'Av Dosque' into Where we write the address, Tania Ruiz Sanchez enters 'dino1@hotmail.com' into Where we write the email, Tania Ruiz Sanchez enters '3103900121' into Where we write the phone, Tania Ruiz Sanchez clicks on where you select the male, Tania Ruiz Sanchez clicks on where you select the hobbies Movies, Tania Ruiz Sanchez clicks on where you select the hobbies Hockey, Tania Ruiz Sanchez clicks on where do you click on language, Tania Ruiz Sanchez clicks on where you select on language, Tania Ruiz Sanchez clicks on where you select on language, Tania Ruiz Sanchez clicks on Click outside, Tania Ruiz Sanchez clicks on where do you click on skills, Tania Ruiz Sanchez clicks on where you select the skills, Tania Ruiz Sanchez clicks on where do you click on Country, Tania Ruiz Sanchez clicks on where do you click on Country, Tania Ruiz Sanchez enters 'Denmark' then hits ARROW_DOWN and ENTER into where you write the Country, Tania Ruiz Sanchez select 1966 on where you select the year, Tania Ruiz Sanchez select April on where you select the month, Tania Ruiz Sanchez select 21 on where you select the day, Tania Ruiz Sanchez enters 'Tania1234*' into write password to create, Tania Ruiz Sanchez enters 'Tania1234*' into write password to confirm, Tania Ruiz Sanchez clicks on Select button submit]], Then she loads the information in the Submit button [Then answer]]]
[Test worker] INFO net.thucydides.core.steps.ConsoleLoggingListener - 
        __    _____ _____ ____ _____   ____   _    ____  ____  _____ ____  
  _     \ \  |_   _| ____/ ___|_   _| |  _ \ / \  / ___|/ ___|| ____|  _ \ 
 (_)_____| |   | | |  _| \___ \ | |   | |_) / _ \ \___ \\___ \|  _| | | | |
  _|_____| |   | | | |___ ___) || |   |  __/ ___ \ ___) |___) | |___| |_| |
 (_)     | |   |_| |_____|____/ |_|   |_| /_/   \_\____/|____/|_____|____/ 
        /_/                                                                

TEST PASSED: Enter data to register
----------------------------------------------------------------------------
]]></system-err>
</testsuite>
