<?xml version="1.0" encoding="UTF-8"?>
<testsuite name="co.com.choucair.certification.automatizaciondemo.runners.RunnerTags" tests="0" skipped="0" failures="0" errors="0" timestamp="1970-01-01T00:00:00" hostname="DESKTOP-4PA18HQ" time="0.0">
  <properties/>
  <system-out><![CDATA[No features found at [src/test/resources/features]
]]></system-out>
  <system-err><![CDATA[]]></system-err>
</testsuite>
