<?xml version="1.0" encoding="UTF-8"?>
<testsuite name="pageDemo" tests="1" skipped="0" failures="1" errors="0" timestamp="2022-04-27T03:56:22" hostname="DESKTOP-4PA18HQ" time="22.964">
  <properties/>
  <testcase name="Enter data to register" classname="pageDemo" time="22.964">
    <failure message="java.lang.AssertionError: Expected answer&#10;Expected: is &lt;true&gt;&#10;     but: was &lt;false&gt;" type="java.lang.AssertionError">java.lang.AssertionError: Expected answer
Expected: is &lt;true&gt;
     but: was &lt;false&gt;
	at net.serenitybdd.screenplay.ErrorTally.throwSummaryExceptionFrom(ErrorTally.java:36)
	at net.serenitybdd.screenplay.ErrorTally.reportAnyErrors(ErrorTally.java:30)
	at net.serenitybdd.screenplay.Actor.should(Actor.java:301)
	at co.com.choucair.certification.automatizaciondemo.stepdefinitions.DemoAutomationStepDefinitions.sheLoadsTheInformationInTheSubmitButton(DemoAutomationStepDefinitions.java:32)
	at ✽.she loads the information in the submit button(src/test/resources/features/pageDemo.feature:9)
</failure>
  </testcase>
  <system-out><![CDATA[]]></system-out>
  <system-err><![CDATA[[Test worker] WARN net.thucydides.core.steps.BaseStepListener - stepStarted: net.thucydides.core.steps.ExecutedStepDescription@5ad2f072
[Test worker] WARN net.thucydides.core.steps.BaseStepListener - stepStarted: net.thucydides.core.steps.ExecutedStepDescription@53cd051
[Test worker] WARN net.thucydides.core.steps.BaseStepListener - stepStarted: net.thucydides.core.steps.ExecutedStepDescription@4e434423
abr 26, 2022 10:56:23 PM org.openqa.selenium.remote.DesiredCapabilities chrome
INFORMACIÓN: Using `new ChromeOptions()` is preferred to `DesiredCapabilities.chrome()`
[Test worker] INFO net.serenitybdd.core.webdriver.driverproviders.ProvideNewDriver - Instantiating driver
[Test worker] INFO net.serenitybdd.core.webdriver.driverproviders.ProvideNewDriver - Driver capabilities: Capabilities {acceptInsecureCerts: false, browserName: chrome, chrome.switches: --start-maximized, goog:chromeOptions: {args: [--start-maximized], extensions: []}, loggingPrefs: org.openqa.selenium.logging..., platform: ANY, version: }
Starting ChromeDriver 100.0.4896.60 (6a5d10861ce8de5fce22564658033b43cb7de047-refs/branch-heads/4896@{#875}) on port 1981
Only local connections are allowed.
Please see https://chromedriver.chromium.org/security-considerations for suggestions on keeping ChromeDriver safe.
ChromeDriver was started successfully.
abr 26, 2022 10:56:25 PM org.openqa.selenium.remote.ProtocolHandshake createSession
INFORMACIÓN: Detected dialect: W3C
[Test worker] WARN net.thucydides.core.steps.BaseStepListener - stepFinished: current outcome:Enter data to register:Given tania wants to register in demo automation testing [Tania ruiz sanchez open up [Tania Ruiz Sanchez opens the Demo automation page]]
[Test worker] WARN net.thucydides.core.steps.BaseStepListener - stepFinished: current outcome:Enter data to register:Given tania wants to register in demo automation testing [Tania ruiz sanchez open up [Tania Ruiz Sanchez opens the Demo automation page]]
[Test worker] WARN net.thucydides.core.steps.BaseStepListener - stepFinished: current outcome:Enter data to register:Given tania wants to register in demo automation testing [Tania ruiz sanchez open up [Tania Ruiz Sanchez opens the Demo automation page]]
[Test worker] WARN net.thucydides.core.steps.BaseStepListener - stepStarted: net.thucydides.core.steps.ExecutedStepDescription@74827993
[Test worker] WARN net.thucydides.core.steps.BaseStepListener - stepStarted: net.thucydides.core.steps.ExecutedStepDescription@38a2ba33
[Test worker] WARN net.thucydides.core.steps.BaseStepListener - stepStarted: net.thucydides.core.steps.ExecutedStepDescription@91d5c42
[Test worker] WARN net.thucydides.core.steps.BaseStepListener - stepFinished: current outcome:Enter data to register:Given tania wants to register in demo automation testing [Tania ruiz sanchez open up [Tania Ruiz Sanchez opens the Demo automation page]], When she enters the data in the form [Tania ruiz sanchez register [Tania Ruiz Sanchez clicks on where we write the first name]]
[Test worker] WARN net.thucydides.core.steps.BaseStepListener - stepStarted: net.thucydides.core.steps.ExecutedStepDescription@64bfefad
[Test worker] WARN net.thucydides.core.steps.BaseStepListener - stepFinished: current outcome:Enter data to register:Given tania wants to register in demo automation testing [Tania ruiz sanchez open up [Tania Ruiz Sanchez opens the Demo automation page]], When she enters the data in the form [Tania ruiz sanchez register [Tania Ruiz Sanchez clicks on where we write the first name, Tania Ruiz Sanchez enters 'Tania' into where we write the first name]]
[Test worker] WARN net.thucydides.core.steps.BaseStepListener - stepStarted: net.thucydides.core.steps.ExecutedStepDescription@20a29c57
[Test worker] WARN net.thucydides.core.steps.BaseStepListener - stepFinished: current outcome:Enter data to register:Given tania wants to register in demo automation testing [Tania ruiz sanchez open up [Tania Ruiz Sanchez opens the Demo automation page]], When she enters the data in the form [Tania ruiz sanchez register [Tania Ruiz Sanchez clicks on where we write the first name, Tania Ruiz Sanchez enters 'Tania' into where we write the first name, Tania Ruiz Sanchez enters 'Ruiz' into Where we write the last name]]
[Test worker] WARN net.thucydides.core.steps.BaseStepListener - stepStarted: net.thucydides.core.steps.ExecutedStepDescription@64948bab
[Test worker] WARN net.thucydides.core.steps.BaseStepListener - stepFinished: current outcome:Enter data to register:Given tania wants to register in demo automation testing [Tania ruiz sanchez open up [Tania Ruiz Sanchez opens the Demo automation page]], When she enters the data in the form [Tania ruiz sanchez register [Tania Ruiz Sanchez clicks on where we write the first name, Tania Ruiz Sanchez enters 'Tania' into where we write the first name, Tania Ruiz Sanchez enters 'Ruiz' into Where we write the last name, Tania Ruiz Sanchez enters 'Av Japon No 3-55' into Where we write the address]]
[Test worker] WARN net.thucydides.core.steps.BaseStepListener - stepStarted: net.thucydides.core.steps.ExecutedStepDescription@3bf0b86d
[Test worker] WARN net.thucydides.core.steps.BaseStepListener - stepFinished: current outcome:Enter data to register:Given tania wants to register in demo automation testing [Tania ruiz sanchez open up [Tania Ruiz Sanchez opens the Demo automation page]], When she enters the data in the form [Tania ruiz sanchez register [Tania Ruiz Sanchez clicks on where we write the first name, Tania Ruiz Sanchez enters 'Tania' into where we write the first name, Tania Ruiz Sanchez enters 'Ruiz' into Where we write the last name, Tania Ruiz Sanchez enters 'Av Japon No 3-55' into Where we write the address, Tania Ruiz Sanchez enters 'tania123@hotmail.com' into Where we write the email]]
[Test worker] WARN net.thucydides.core.steps.BaseStepListener - stepStarted: net.thucydides.core.steps.ExecutedStepDescription@63c37752
[Test worker] WARN net.thucydides.core.steps.BaseStepListener - stepFinished: current outcome:Enter data to register:Given tania wants to register in demo automation testing [Tania ruiz sanchez open up [Tania Ruiz Sanchez opens the Demo automation page]], When she enters the data in the form [Tania ruiz sanchez register [Tania Ruiz Sanchez clicks on where we write the first name, Tania Ruiz Sanchez enters 'Tania' into where we write the first name, Tania Ruiz Sanchez enters 'Ruiz' into Where we write the last name, Tania Ruiz Sanchez enters 'Av Japon No 3-55' into Where we write the address, Tania Ruiz Sanchez enters 'tania123@hotmail.com' into Where we write the email, Tania Ruiz Sanchez enters '3103900115' into Where we write the phone]]
[Test worker] WARN net.thucydides.core.steps.BaseStepListener - stepStarted: net.thucydides.core.steps.ExecutedStepDescription@4cd1c69
[Test worker] WARN net.thucydides.core.steps.BaseStepListener - stepFinished: current outcome:Enter data to register:Given tania wants to register in demo automation testing [Tania ruiz sanchez open up [Tania Ruiz Sanchez opens the Demo automation page]], When she enters the data in the form [Tania ruiz sanchez register [Tania Ruiz Sanchez clicks on where we write the first name, Tania Ruiz Sanchez enters 'Tania' into where we write the first name, Tania Ruiz Sanchez enters 'Ruiz' into Where we write the last name, Tania Ruiz Sanchez enters 'Av Japon No 3-55' into Where we write the address, Tania Ruiz Sanchez enters 'tania123@hotmail.com' into Where we write the email, Tania Ruiz Sanchez enters '3103900115' into Where we write the phone, Tania Ruiz Sanchez clicks on where you select the gender]]
[Test worker] WARN net.thucydides.core.steps.BaseStepListener - stepStarted: net.thucydides.core.steps.ExecutedStepDescription@2060fffd
[Test worker] WARN net.thucydides.core.steps.BaseStepListener - stepFinished: current outcome:Enter data to register:Given tania wants to register in demo automation testing [Tania ruiz sanchez open up [Tania Ruiz Sanchez opens the Demo automation page]], When she enters the data in the form [Tania ruiz sanchez register [Tania Ruiz Sanchez clicks on where we write the first name, Tania Ruiz Sanchez enters 'Tania' into where we write the first name, Tania Ruiz Sanchez enters 'Ruiz' into Where we write the last name, Tania Ruiz Sanchez enters 'Av Japon No 3-55' into Where we write the address, Tania Ruiz Sanchez enters 'tania123@hotmail.com' into Where we write the email, Tania Ruiz Sanchez enters '3103900115' into Where we write the phone, Tania Ruiz Sanchez clicks on where you select the gender, Tania Ruiz Sanchez clicks on where you select the hobbies]]
[Test worker] WARN net.thucydides.core.steps.BaseStepListener - stepStarted: net.thucydides.core.steps.ExecutedStepDescription@6f1f31d6
[Test worker] WARN net.thucydides.core.steps.BaseStepListener - stepFinished: current outcome:Enter data to register:Given tania wants to register in demo automation testing [Tania ruiz sanchez open up [Tania Ruiz Sanchez opens the Demo automation page]], When she enters the data in the form [Tania ruiz sanchez register [Tania Ruiz Sanchez clicks on where we write the first name, Tania Ruiz Sanchez enters 'Tania' into where we write the first name, Tania Ruiz Sanchez enters 'Ruiz' into Where we write the last name, Tania Ruiz Sanchez enters 'Av Japon No 3-55' into Where we write the address, Tania Ruiz Sanchez enters 'tania123@hotmail.com' into Where we write the email, Tania Ruiz Sanchez enters '3103900115' into Where we write the phone, Tania Ruiz Sanchez clicks on where you select the gender, Tania Ruiz Sanchez clicks on where you select the hobbies, Tania Ruiz Sanchez clicks on where do you click on language]]
[Test worker] WARN net.thucydides.core.steps.BaseStepListener - stepStarted: net.thucydides.core.steps.ExecutedStepDescription@49b14968
[Test worker] WARN net.thucydides.core.steps.BaseStepListener - stepFinished: current outcome:Enter data to register:Given tania wants to register in demo automation testing [Tania ruiz sanchez open up [Tania Ruiz Sanchez opens the Demo automation page]], When she enters the data in the form [Tania ruiz sanchez register [Tania Ruiz Sanchez clicks on where we write the first name, Tania Ruiz Sanchez enters 'Tania' into where we write the first name, Tania Ruiz Sanchez enters 'Ruiz' into Where we write the last name, Tania Ruiz Sanchez enters 'Av Japon No 3-55' into Where we write the address, Tania Ruiz Sanchez enters 'tania123@hotmail.com' into Where we write the email, Tania Ruiz Sanchez enters '3103900115' into Where we write the phone, Tania Ruiz Sanchez clicks on where you select the gender, Tania Ruiz Sanchez clicks on where you select the hobbies, Tania Ruiz Sanchez clicks on where do you click on language, Tania Ruiz Sanchez clicks on where you select on language]]
[Test worker] WARN net.thucydides.core.steps.BaseStepListener - stepStarted: net.thucydides.core.steps.ExecutedStepDescription@754bfc62
[Test worker] WARN net.thucydides.core.steps.BaseStepListener - stepFinished: current outcome:Enter data to register:Given tania wants to register in demo automation testing [Tania ruiz sanchez open up [Tania Ruiz Sanchez opens the Demo automation page]], When she enters the data in the form [Tania ruiz sanchez register [Tania Ruiz Sanchez clicks on where we write the first name, Tania Ruiz Sanchez enters 'Tania' into where we write the first name, Tania Ruiz Sanchez enters 'Ruiz' into Where we write the last name, Tania Ruiz Sanchez enters 'Av Japon No 3-55' into Where we write the address, Tania Ruiz Sanchez enters 'tania123@hotmail.com' into Where we write the email, Tania Ruiz Sanchez enters '3103900115' into Where we write the phone, Tania Ruiz Sanchez clicks on where you select the gender, Tania Ruiz Sanchez clicks on where you select the hobbies, Tania Ruiz Sanchez clicks on where do you click on language, Tania Ruiz Sanchez clicks on where you select on language, Tania Ruiz Sanchez clicks on where you select on language]]
[Test worker] WARN net.thucydides.core.steps.BaseStepListener - stepStarted: net.thucydides.core.steps.ExecutedStepDescription@1567300f
[Test worker] WARN net.thucydides.core.steps.BaseStepListener - stepFinished: current outcome:Enter data to register:Given tania wants to register in demo automation testing [Tania ruiz sanchez open up [Tania Ruiz Sanchez opens the Demo automation page]], When she enters the data in the form [Tania ruiz sanchez register [Tania Ruiz Sanchez clicks on where we write the first name, Tania Ruiz Sanchez enters 'Tania' into where we write the first name, Tania Ruiz Sanchez enters 'Ruiz' into Where we write the last name, Tania Ruiz Sanchez enters 'Av Japon No 3-55' into Where we write the address, Tania Ruiz Sanchez enters 'tania123@hotmail.com' into Where we write the email, Tania Ruiz Sanchez enters '3103900115' into Where we write the phone, Tania Ruiz Sanchez clicks on where you select the gender, Tania Ruiz Sanchez clicks on where you select the hobbies, Tania Ruiz Sanchez clicks on where do you click on language, Tania Ruiz Sanchez clicks on where you select on language, Tania Ruiz Sanchez clicks on where you select on language, Tania Ruiz Sanchez clicks on Click outside]]
[Test worker] WARN net.thucydides.core.steps.BaseStepListener - stepStarted: net.thucydides.core.steps.ExecutedStepDescription@272c8fa0
[Test worker] WARN net.thucydides.core.steps.BaseStepListener - stepFinished: current outcome:Enter data to register:Given tania wants to register in demo automation testing [Tania ruiz sanchez open up [Tania Ruiz Sanchez opens the Demo automation page]], When she enters the data in the form [Tania ruiz sanchez register [Tania Ruiz Sanchez clicks on where we write the first name, Tania Ruiz Sanchez enters 'Tania' into where we write the first name, Tania Ruiz Sanchez enters 'Ruiz' into Where we write the last name, Tania Ruiz Sanchez enters 'Av Japon No 3-55' into Where we write the address, Tania Ruiz Sanchez enters 'tania123@hotmail.com' into Where we write the email, Tania Ruiz Sanchez enters '3103900115' into Where we write the phone, Tania Ruiz Sanchez clicks on where you select the gender, Tania Ruiz Sanchez clicks on where you select the hobbies, Tania Ruiz Sanchez clicks on where do you click on language, Tania Ruiz Sanchez clicks on where you select on language, Tania Ruiz Sanchez clicks on where you select on language, Tania Ruiz Sanchez clicks on Click outside, Tania Ruiz Sanchez clicks on where you select the skills]]
[Test worker] WARN net.thucydides.core.steps.BaseStepListener - stepStarted: net.thucydides.core.steps.ExecutedStepDescription@356baf18
[Test worker] WARN net.thucydides.core.steps.BaseStepListener - stepFinished: current outcome:Enter data to register:Given tania wants to register in demo automation testing [Tania ruiz sanchez open up [Tania Ruiz Sanchez opens the Demo automation page]], When she enters the data in the form [Tania ruiz sanchez register [Tania Ruiz Sanchez clicks on where we write the first name, Tania Ruiz Sanchez enters 'Tania' into where we write the first name, Tania Ruiz Sanchez enters 'Ruiz' into Where we write the last name, Tania Ruiz Sanchez enters 'Av Japon No 3-55' into Where we write the address, Tania Ruiz Sanchez enters 'tania123@hotmail.com' into Where we write the email, Tania Ruiz Sanchez enters '3103900115' into Where we write the phone, Tania Ruiz Sanchez clicks on where you select the gender, Tania Ruiz Sanchez clicks on where you select the hobbies, Tania Ruiz Sanchez clicks on where do you click on language, Tania Ruiz Sanchez clicks on where you select on language, Tania Ruiz Sanchez clicks on where you select on language, Tania Ruiz Sanchez clicks on Click outside, Tania Ruiz Sanchez clicks on where you select the skills, Tania Ruiz Sanchez clicks on where you select the skills]]
[Test worker] WARN net.thucydides.core.steps.BaseStepListener - stepStarted: net.thucydides.core.steps.ExecutedStepDescription@27a2a9b8
[Test worker] WARN net.thucydides.core.steps.BaseStepListener - stepFinished: current outcome:Enter data to register:Given tania wants to register in demo automation testing [Tania ruiz sanchez open up [Tania Ruiz Sanchez opens the Demo automation page]], When she enters the data in the form [Tania ruiz sanchez register [Tania Ruiz Sanchez clicks on where we write the first name, Tania Ruiz Sanchez enters 'Tania' into where we write the first name, Tania Ruiz Sanchez enters 'Ruiz' into Where we write the last name, Tania Ruiz Sanchez enters 'Av Japon No 3-55' into Where we write the address, Tania Ruiz Sanchez enters 'tania123@hotmail.com' into Where we write the email, Tania Ruiz Sanchez enters '3103900115' into Where we write the phone, Tania Ruiz Sanchez clicks on where you select the gender, Tania Ruiz Sanchez clicks on where you select the hobbies, Tania Ruiz Sanchez clicks on where do you click on language, Tania Ruiz Sanchez clicks on where you select on language, Tania Ruiz Sanchez clicks on where you select on language, Tania Ruiz Sanchez clicks on Click outside, Tania Ruiz Sanchez clicks on where you select the skills, Tania Ruiz Sanchez clicks on where you select the skills, Tania Ruiz Sanchez clicks on where you select the skills]]
[Test worker] WARN net.thucydides.core.steps.BaseStepListener - stepStarted: net.thucydides.core.steps.ExecutedStepDescription@167b2a7a
[Test worker] WARN net.thucydides.core.steps.BaseStepListener - stepFinished: current outcome:Enter data to register:Given tania wants to register in demo automation testing [Tania ruiz sanchez open up [Tania Ruiz Sanchez opens the Demo automation page]], When she enters the data in the form [Tania ruiz sanchez register [Tania Ruiz Sanchez clicks on where we write the first name, Tania Ruiz Sanchez enters 'Tania' into where we write the first name, Tania Ruiz Sanchez enters 'Ruiz' into Where we write the last name, Tania Ruiz Sanchez enters 'Av Japon No 3-55' into Where we write the address, Tania Ruiz Sanchez enters 'tania123@hotmail.com' into Where we write the email, Tania Ruiz Sanchez enters '3103900115' into Where we write the phone, Tania Ruiz Sanchez clicks on where you select the gender, Tania Ruiz Sanchez clicks on where you select the hobbies, Tania Ruiz Sanchez clicks on where do you click on language, Tania Ruiz Sanchez clicks on where you select on language, Tania Ruiz Sanchez clicks on where you select on language, Tania Ruiz Sanchez clicks on Click outside, Tania Ruiz Sanchez clicks on where you select the skills, Tania Ruiz Sanchez clicks on where you select the skills, Tania Ruiz Sanchez clicks on where you select the skills, Tania Ruiz Sanchez clicks on where you select the skills]]
[Test worker] WARN net.thucydides.core.steps.BaseStepListener - stepStarted: net.thucydides.core.steps.ExecutedStepDescription@5d26ba36
[Test worker] WARN net.thucydides.core.steps.BaseStepListener - stepFinished: current outcome:Enter data to register:Given tania wants to register in demo automation testing [Tania ruiz sanchez open up [Tania Ruiz Sanchez opens the Demo automation page]], When she enters the data in the form [Tania ruiz sanchez register [Tania Ruiz Sanchez clicks on where we write the first name, Tania Ruiz Sanchez enters 'Tania' into where we write the first name, Tania Ruiz Sanchez enters 'Ruiz' into Where we write the last name, Tania Ruiz Sanchez enters 'Av Japon No 3-55' into Where we write the address, Tania Ruiz Sanchez enters 'tania123@hotmail.com' into Where we write the email, Tania Ruiz Sanchez enters '3103900115' into Where we write the phone, Tania Ruiz Sanchez clicks on where you select the gender, Tania Ruiz Sanchez clicks on where you select the hobbies, Tania Ruiz Sanchez clicks on where do you click on language, Tania Ruiz Sanchez clicks on where you select on language, Tania Ruiz Sanchez clicks on where you select on language, Tania Ruiz Sanchez clicks on Click outside, Tania Ruiz Sanchez clicks on where you select the skills, Tania Ruiz Sanchez clicks on where you select the skills, Tania Ruiz Sanchez clicks on where you select the skills, Tania Ruiz Sanchez clicks on where you select the skills, Tania Ruiz Sanchez clicks on where you select the skills]]
[Test worker] WARN net.thucydides.core.steps.BaseStepListener - stepStarted: net.thucydides.core.steps.ExecutedStepDescription@64ad517
[Test worker] WARN net.thucydides.core.steps.BaseStepListener - stepFinished: current outcome:Enter data to register:Given tania wants to register in demo automation testing [Tania ruiz sanchez open up [Tania Ruiz Sanchez opens the Demo automation page]], When she enters the data in the form [Tania ruiz sanchez register [Tania Ruiz Sanchez clicks on where we write the first name, Tania Ruiz Sanchez enters 'Tania' into where we write the first name, Tania Ruiz Sanchez enters 'Ruiz' into Where we write the last name, Tania Ruiz Sanchez enters 'Av Japon No 3-55' into Where we write the address, Tania Ruiz Sanchez enters 'tania123@hotmail.com' into Where we write the email, Tania Ruiz Sanchez enters '3103900115' into Where we write the phone, Tania Ruiz Sanchez clicks on where you select the gender, Tania Ruiz Sanchez clicks on where you select the hobbies, Tania Ruiz Sanchez clicks on where do you click on language, Tania Ruiz Sanchez clicks on where you select on language, Tania Ruiz Sanchez clicks on where you select on language, Tania Ruiz Sanchez clicks on Click outside, Tania Ruiz Sanchez clicks on where you select the skills, Tania Ruiz Sanchez clicks on where you select the skills, Tania Ruiz Sanchez clicks on where you select the skills, Tania Ruiz Sanchez clicks on where you select the skills, Tania Ruiz Sanchez clicks on where you select the skills, Tania Ruiz Sanchez select 1996 on where you select the year]]
[Test worker] WARN net.thucydides.core.steps.BaseStepListener - stepStarted: net.thucydides.core.steps.ExecutedStepDescription@5e034281
[Test worker] WARN net.thucydides.core.steps.BaseStepListener - stepFinished: current outcome:Enter data to register:Given tania wants to register in demo automation testing [Tania ruiz sanchez open up [Tania Ruiz Sanchez opens the Demo automation page]], When she enters the data in the form [Tania ruiz sanchez register [Tania Ruiz Sanchez clicks on where we write the first name, Tania Ruiz Sanchez enters 'Tania' into where we write the first name, Tania Ruiz Sanchez enters 'Ruiz' into Where we write the last name, Tania Ruiz Sanchez enters 'Av Japon No 3-55' into Where we write the address, Tania Ruiz Sanchez enters 'tania123@hotmail.com' into Where we write the email, Tania Ruiz Sanchez enters '3103900115' into Where we write the phone, Tania Ruiz Sanchez clicks on where you select the gender, Tania Ruiz Sanchez clicks on where you select the hobbies, Tania Ruiz Sanchez clicks on where do you click on language, Tania Ruiz Sanchez clicks on where you select on language, Tania Ruiz Sanchez clicks on where you select on language, Tania Ruiz Sanchez clicks on Click outside, Tania Ruiz Sanchez clicks on where you select the skills, Tania Ruiz Sanchez clicks on where you select the skills, Tania Ruiz Sanchez clicks on where you select the skills, Tania Ruiz Sanchez clicks on where you select the skills, Tania Ruiz Sanchez clicks on where you select the skills, Tania Ruiz Sanchez select 1996 on where you select the year, Tania Ruiz Sanchez select April on where you select the month]]
[Test worker] WARN net.thucydides.core.steps.BaseStepListener - stepStarted: net.thucydides.core.steps.ExecutedStepDescription@2d967a24
[Test worker] WARN net.thucydides.core.steps.BaseStepListener - stepFinished: current outcome:Enter data to register:Given tania wants to register in demo automation testing [Tania ruiz sanchez open up [Tania Ruiz Sanchez opens the Demo automation page]], When she enters the data in the form [Tania ruiz sanchez register [Tania Ruiz Sanchez clicks on where we write the first name, Tania Ruiz Sanchez enters 'Tania' into where we write the first name, Tania Ruiz Sanchez enters 'Ruiz' into Where we write the last name, Tania Ruiz Sanchez enters 'Av Japon No 3-55' into Where we write the address, Tania Ruiz Sanchez enters 'tania123@hotmail.com' into Where we write the email, Tania Ruiz Sanchez enters '3103900115' into Where we write the phone, Tania Ruiz Sanchez clicks on where you select the gender, Tania Ruiz Sanchez clicks on where you select the hobbies, Tania Ruiz Sanchez clicks on where do you click on language, Tania Ruiz Sanchez clicks on where you select on language, Tania Ruiz Sanchez clicks on where you select on language, Tania Ruiz Sanchez clicks on Click outside, Tania Ruiz Sanchez clicks on where you select the skills, Tania Ruiz Sanchez clicks on where you select the skills, Tania Ruiz Sanchez clicks on where you select the skills, Tania Ruiz Sanchez clicks on where you select the skills, Tania Ruiz Sanchez clicks on where you select the skills, Tania Ruiz Sanchez select 1996 on where you select the year, Tania Ruiz Sanchez select April on where you select the month, Tania Ruiz Sanchez select 19 on where you select the day]]
[Test worker] WARN net.thucydides.core.steps.BaseStepListener - stepStarted: net.thucydides.core.steps.ExecutedStepDescription@6f4325a1
[Test worker] WARN net.thucydides.core.steps.BaseStepListener - stepFinished: current outcome:Enter data to register:Given tania wants to register in demo automation testing [Tania ruiz sanchez open up [Tania Ruiz Sanchez opens the Demo automation page]], When she enters the data in the form [Tania ruiz sanchez register [Tania Ruiz Sanchez clicks on where we write the first name, Tania Ruiz Sanchez enters 'Tania' into where we write the first name, Tania Ruiz Sanchez enters 'Ruiz' into Where we write the last name, Tania Ruiz Sanchez enters 'Av Japon No 3-55' into Where we write the address, Tania Ruiz Sanchez enters 'tania123@hotmail.com' into Where we write the email, Tania Ruiz Sanchez enters '3103900115' into Where we write the phone, Tania Ruiz Sanchez clicks on where you select the gender, Tania Ruiz Sanchez clicks on where you select the hobbies, Tania Ruiz Sanchez clicks on where do you click on language, Tania Ruiz Sanchez clicks on where you select on language, Tania Ruiz Sanchez clicks on where you select on language, Tania Ruiz Sanchez clicks on Click outside, Tania Ruiz Sanchez clicks on where you select the skills, Tania Ruiz Sanchez clicks on where you select the skills, Tania Ruiz Sanchez clicks on where you select the skills, Tania Ruiz Sanchez clicks on where you select the skills, Tania Ruiz Sanchez clicks on where you select the skills, Tania Ruiz Sanchez select 1996 on where you select the year, Tania Ruiz Sanchez select April on where you select the month, Tania Ruiz Sanchez select 19 on where you select the day, Tania Ruiz Sanchez enters 'Dino123*' into write password to create]]
[Test worker] WARN net.thucydides.core.steps.BaseStepListener - stepStarted: net.thucydides.core.steps.ExecutedStepDescription@6e1b6b70
[Test worker] WARN net.thucydides.core.steps.BaseStepListener - stepFinished: current outcome:Enter data to register:Given tania wants to register in demo automation testing [Tania ruiz sanchez open up [Tania Ruiz Sanchez opens the Demo automation page]], When she enters the data in the form [Tania ruiz sanchez register [Tania Ruiz Sanchez clicks on where we write the first name, Tania Ruiz Sanchez enters 'Tania' into where we write the first name, Tania Ruiz Sanchez enters 'Ruiz' into Where we write the last name, Tania Ruiz Sanchez enters 'Av Japon No 3-55' into Where we write the address, Tania Ruiz Sanchez enters 'tania123@hotmail.com' into Where we write the email, Tania Ruiz Sanchez enters '3103900115' into Where we write the phone, Tania Ruiz Sanchez clicks on where you select the gender, Tania Ruiz Sanchez clicks on where you select the hobbies, Tania Ruiz Sanchez clicks on where do you click on language, Tania Ruiz Sanchez clicks on where you select on language, Tania Ruiz Sanchez clicks on where you select on language, Tania Ruiz Sanchez clicks on Click outside, Tania Ruiz Sanchez clicks on where you select the skills, Tania Ruiz Sanchez clicks on where you select the skills, Tania Ruiz Sanchez clicks on where you select the skills, Tania Ruiz Sanchez clicks on where you select the skills, Tania Ruiz Sanchez clicks on where you select the skills, Tania Ruiz Sanchez select 1996 on where you select the year, Tania Ruiz Sanchez select April on where you select the month, Tania Ruiz Sanchez select 19 on where you select the day, Tania Ruiz Sanchez enters 'Dino123*' into write password to create, Tania Ruiz Sanchez enters 'Dino123*' into write password to confirm]]
[Test worker] WARN net.thucydides.core.steps.BaseStepListener - stepStarted: net.thucydides.core.steps.ExecutedStepDescription@3c290a2b
[Test worker] WARN net.thucydides.core.steps.BaseStepListener - stepFinished: current outcome:Enter data to register:Given tania wants to register in demo automation testing [Tania ruiz sanchez open up [Tania Ruiz Sanchez opens the Demo automation page]], When she enters the data in the form [Tania ruiz sanchez register [Tania Ruiz Sanchez clicks on where we write the first name, Tania Ruiz Sanchez enters 'Tania' into where we write the first name, Tania Ruiz Sanchez enters 'Ruiz' into Where we write the last name, Tania Ruiz Sanchez enters 'Av Japon No 3-55' into Where we write the address, Tania Ruiz Sanchez enters 'tania123@hotmail.com' into Where we write the email, Tania Ruiz Sanchez enters '3103900115' into Where we write the phone, Tania Ruiz Sanchez clicks on where you select the gender, Tania Ruiz Sanchez clicks on where you select the hobbies, Tania Ruiz Sanchez clicks on where do you click on language, Tania Ruiz Sanchez clicks on where you select on language, Tania Ruiz Sanchez clicks on where you select on language, Tania Ruiz Sanchez clicks on Click outside, Tania Ruiz Sanchez clicks on where you select the skills, Tania Ruiz Sanchez clicks on where you select the skills, Tania Ruiz Sanchez clicks on where you select the skills, Tania Ruiz Sanchez clicks on where you select the skills, Tania Ruiz Sanchez clicks on where you select the skills, Tania Ruiz Sanchez select 1996 on where you select the year, Tania Ruiz Sanchez select April on where you select the month, Tania Ruiz Sanchez select 19 on where you select the day, Tania Ruiz Sanchez enters 'Dino123*' into write password to create, Tania Ruiz Sanchez enters 'Dino123*' into write password to confirm, Tania Ruiz Sanchez clicks on Select button submit]]
[Test worker] WARN net.thucydides.core.steps.BaseStepListener - stepFinished: current outcome:Enter data to register:Given tania wants to register in demo automation testing [Tania ruiz sanchez open up [Tania Ruiz Sanchez opens the Demo automation page]], When she enters the data in the form [Tania ruiz sanchez register [Tania Ruiz Sanchez clicks on where we write the first name, Tania Ruiz Sanchez enters 'Tania' into where we write the first name, Tania Ruiz Sanchez enters 'Ruiz' into Where we write the last name, Tania Ruiz Sanchez enters 'Av Japon No 3-55' into Where we write the address, Tania Ruiz Sanchez enters 'tania123@hotmail.com' into Where we write the email, Tania Ruiz Sanchez enters '3103900115' into Where we write the phone, Tania Ruiz Sanchez clicks on where you select the gender, Tania Ruiz Sanchez clicks on where you select the hobbies, Tania Ruiz Sanchez clicks on where do you click on language, Tania Ruiz Sanchez clicks on where you select on language, Tania Ruiz Sanchez clicks on where you select on language, Tania Ruiz Sanchez clicks on Click outside, Tania Ruiz Sanchez clicks on where you select the skills, Tania Ruiz Sanchez clicks on where you select the skills, Tania Ruiz Sanchez clicks on where you select the skills, Tania Ruiz Sanchez clicks on where you select the skills, Tania Ruiz Sanchez clicks on where you select the skills, Tania Ruiz Sanchez select 1996 on where you select the year, Tania Ruiz Sanchez select April on where you select the month, Tania Ruiz Sanchez select 19 on where you select the day, Tania Ruiz Sanchez enters 'Dino123*' into write password to create, Tania Ruiz Sanchez enters 'Dino123*' into write password to confirm, Tania Ruiz Sanchez clicks on Select button submit]]
[Test worker] WARN net.thucydides.core.steps.BaseStepListener - stepFinished: current outcome:Enter data to register:Given tania wants to register in demo automation testing [Tania ruiz sanchez open up [Tania Ruiz Sanchez opens the Demo automation page]], When she enters the data in the form [Tania ruiz sanchez register [Tania Ruiz Sanchez clicks on where we write the first name, Tania Ruiz Sanchez enters 'Tania' into where we write the first name, Tania Ruiz Sanchez enters 'Ruiz' into Where we write the last name, Tania Ruiz Sanchez enters 'Av Japon No 3-55' into Where we write the address, Tania Ruiz Sanchez enters 'tania123@hotmail.com' into Where we write the email, Tania Ruiz Sanchez enters '3103900115' into Where we write the phone, Tania Ruiz Sanchez clicks on where you select the gender, Tania Ruiz Sanchez clicks on where you select the hobbies, Tania Ruiz Sanchez clicks on where do you click on language, Tania Ruiz Sanchez clicks on where you select on language, Tania Ruiz Sanchez clicks on where you select on language, Tania Ruiz Sanchez clicks on Click outside, Tania Ruiz Sanchez clicks on where you select the skills, Tania Ruiz Sanchez clicks on where you select the skills, Tania Ruiz Sanchez clicks on where you select the skills, Tania Ruiz Sanchez clicks on where you select the skills, Tania Ruiz Sanchez clicks on where you select the skills, Tania Ruiz Sanchez select 1996 on where you select the year, Tania Ruiz Sanchez select April on where you select the month, Tania Ruiz Sanchez select 19 on where you select the day, Tania Ruiz Sanchez enters 'Dino123*' into write password to create, Tania Ruiz Sanchez enters 'Dino123*' into write password to confirm, Tania Ruiz Sanchez clicks on Select button submit]]
[Test worker] WARN net.thucydides.core.steps.BaseStepListener - stepStarted: net.thucydides.core.steps.ExecutedStepDescription@5e7e101c
[Test worker] WARN net.thucydides.core.steps.BaseStepListener - stepStarted: net.thucydides.core.steps.ExecutedStepDescription@333483d4
[Test worker] WARN net.thucydides.core.steps.BaseStepListener - testFinished: Enter data to register:Given tania wants to register in demo automation testing [Tania ruiz sanchez open up [Tania Ruiz Sanchez opens the Demo automation page]], When she enters the data in the form [Tania ruiz sanchez register [Tania Ruiz Sanchez clicks on where we write the first name, Tania Ruiz Sanchez enters 'Tania' into where we write the first name, Tania Ruiz Sanchez enters 'Ruiz' into Where we write the last name, Tania Ruiz Sanchez enters 'Av Japon No 3-55' into Where we write the address, Tania Ruiz Sanchez enters 'tania123@hotmail.com' into Where we write the email, Tania Ruiz Sanchez enters '3103900115' into Where we write the phone, Tania Ruiz Sanchez clicks on where you select the gender, Tania Ruiz Sanchez clicks on where you select the hobbies, Tania Ruiz Sanchez clicks on where do you click on language, Tania Ruiz Sanchez clicks on where you select on language, Tania Ruiz Sanchez clicks on where you select on language, Tania Ruiz Sanchez clicks on Click outside, Tania Ruiz Sanchez clicks on where you select the skills, Tania Ruiz Sanchez clicks on where you select the skills, Tania Ruiz Sanchez clicks on where you select the skills, Tania Ruiz Sanchez clicks on where you select the skills, Tania Ruiz Sanchez clicks on where you select the skills, Tania Ruiz Sanchez select 1996 on where you select the year, Tania Ruiz Sanchez select April on where you select the month, Tania Ruiz Sanchez select 19 on where you select the day, Tania Ruiz Sanchez enters 'Dino123*' into write password to create, Tania Ruiz Sanchez enters 'Dino123*' into write password to confirm, Tania Ruiz Sanchez clicks on Select button submit]], Then she loads the information in the submit button [Then answer]
[Test worker] WARN net.thucydides.core.steps.BaseStepListener - TestOutcomes: [Enter data to register:Given tania wants to register in demo automation testing [Tania ruiz sanchez open up [Tania Ruiz Sanchez opens the Demo automation page]], When she enters the data in the form [Tania ruiz sanchez register [Tania Ruiz Sanchez clicks on where we write the first name, Tania Ruiz Sanchez enters 'Tania' into where we write the first name, Tania Ruiz Sanchez enters 'Ruiz' into Where we write the last name, Tania Ruiz Sanchez enters 'Av Japon No 3-55' into Where we write the address, Tania Ruiz Sanchez enters 'tania123@hotmail.com' into Where we write the email, Tania Ruiz Sanchez enters '3103900115' into Where we write the phone, Tania Ruiz Sanchez clicks on where you select the gender, Tania Ruiz Sanchez clicks on where you select the hobbies, Tania Ruiz Sanchez clicks on where do you click on language, Tania Ruiz Sanchez clicks on where you select on language, Tania Ruiz Sanchez clicks on where you select on language, Tania Ruiz Sanchez clicks on Click outside, Tania Ruiz Sanchez clicks on where you select the skills, Tania Ruiz Sanchez clicks on where you select the skills, Tania Ruiz Sanchez clicks on where you select the skills, Tania Ruiz Sanchez clicks on where you select the skills, Tania Ruiz Sanchez clicks on where you select the skills, Tania Ruiz Sanchez select 1996 on where you select the year, Tania Ruiz Sanchez select April on where you select the month, Tania Ruiz Sanchez select 19 on where you select the day, Tania Ruiz Sanchez enters 'Dino123*' into write password to create, Tania Ruiz Sanchez enters 'Dino123*' into write password to confirm, Tania Ruiz Sanchez clicks on Select button submit]], Then she loads the information in the submit button [Then answer]]
[Test worker] WARN net.thucydides.core.steps.BaseStepListener - Final testOutcomes: [Enter data to register:Given tania wants to register in demo automation testing [Tania ruiz sanchez open up [Tania Ruiz Sanchez opens the Demo automation page]], When she enters the data in the form [Tania ruiz sanchez register [Tania Ruiz Sanchez clicks on where we write the first name, Tania Ruiz Sanchez enters 'Tania' into where we write the first name, Tania Ruiz Sanchez enters 'Ruiz' into Where we write the last name, Tania Ruiz Sanchez enters 'Av Japon No 3-55' into Where we write the address, Tania Ruiz Sanchez enters 'tania123@hotmail.com' into Where we write the email, Tania Ruiz Sanchez enters '3103900115' into Where we write the phone, Tania Ruiz Sanchez clicks on where you select the gender, Tania Ruiz Sanchez clicks on where you select the hobbies, Tania Ruiz Sanchez clicks on where do you click on language, Tania Ruiz Sanchez clicks on where you select on language, Tania Ruiz Sanchez clicks on where you select on language, Tania Ruiz Sanchez clicks on Click outside, Tania Ruiz Sanchez clicks on where you select the skills, Tania Ruiz Sanchez clicks on where you select the skills, Tania Ruiz Sanchez clicks on where you select the skills, Tania Ruiz Sanchez clicks on where you select the skills, Tania Ruiz Sanchez clicks on where you select the skills, Tania Ruiz Sanchez select 1996 on where you select the year, Tania Ruiz Sanchez select April on where you select the month, Tania Ruiz Sanchez select 19 on where you select the day, Tania Ruiz Sanchez enters 'Dino123*' into write password to create, Tania Ruiz Sanchez enters 'Dino123*' into write password to confirm, Tania Ruiz Sanchez clicks on Select button submit]], Then she loads the information in the submit button [Then answer]]
[Test worker] ERROR net.thucydides.core.steps.ConsoleLoggingListener - 
           __  _____ _____ ____ _____   _____ _    ___ _     _____ ____  
  _       / / |_   _| ____/ ___|_   _| |  ___/ \  |_ _| |   | ____|  _ \ 
 (_)_____| |    | | |  _| \___ \ | |   | |_ / _ \  | || |   |  _| | | | |
  _|_____| |    | | | |___ ___) || |   |  _/ ___ \ | || |___| |___| |_| |
 (_)     | |    |_| |_____|____/ |_|   |_|/_/   \_\___|_____|_____|____/ 
          \_\                                                            

TEST FAILED: Enter data to register
--------------------------------------------------------------------------
[Test worker] ERROR net.thucydides.core.steps.ConsoleLoggingListener - TEST FAILED AT STEP Then answer
[Test worker] ERROR net.thucydides.core.steps.ConsoleLoggingListener - Expected answerExpected: is <true> but: was <false>
]]></system-err>
</testsuite>
